<?xml version="1.0" encoding="UTF-8"?>
  <testsuite name="Tests Suite" tests="192" failures="1" errors="0" time="7494.854">
      <testcase name="[sig-compute]VMI with external kernel boot with external alpine-based kernel &amp; initrd images ensure successful boot" classname="Tests Suite" time="0">
          <skipped></skipped>
      </testcase>
      <testcase name="[sig-compute]VMI with external kernel boot with illegal definition ensure rejection of VMI defined without an image" classname="Tests Suite" time="0">
          <skipped></skipped>
      </testcase>
      <testcase name="[sig-compute]VMI with external kernel boot with illegal definition ensure rejection of VMI defined with image but without initrd &amp; kernel paths" classname="Tests Suite" time="0">
          <skipped></skipped>
      </testcase>
      <testcase name="[sig-network] Infosource VMI with 3 interfaces should have the expected entries in vmi status" classname="Tests Suite" time="0">
          <skipped></skipped>
      </testcase>
      <testcase name="[Serial][sig-compute]Templates Creating VM from Template with Fedora Template [test_id:3292]should succeed to create VirtualMachine via oc command" classname="Tests Suite" time="6.497612114"></testcase>
      <testcase name="[Serial][sig-compute]Templates Creating VM from Template with Fedora Template [test_id:3293]should fail to delete VirtualMachine via oc command" classname="Tests Suite" time="5.967956476"></testcase>
      <testcase name="[Serial][sig-compute]Templates Creating VM from Template with Fedora Template when the VirtualMachine was created [test_id:3294]should succeed to start the VirtualMachine via oc command" classname="Tests Suite" time="18.628455897"></testcase>
      <testcase name="[Serial][sig-compute]Templates Creating VM from Template with Fedora Template when the VirtualMachine was created [test_id:3295]should succeed to delete VirtualMachine via oc command" classname="Tests Suite" time="4.948853673"></testcase>
      <testcase name="[Serial][sig-compute]Templates Creating VM from Template with Fedora Template when the VirtualMachine was created [test_id:3308]should fail to create the same VirtualMachine via oc command" classname="Tests Suite" time="6.353626855"></testcase>
      <testcase name="[Serial][sig-compute]Templates Creating VM from Template [rfe_id:273][crit:medium][vendor:cnv-qe@redhat.com][level:component]with RHEL Template [test_id:3292]should succeed to create VirtualMachine via oc command" classname="Tests Suite" time="5.723429651">
          <skipped></skipped>
      </testcase>
      <testcase name="[Serial][sig-compute]Templates Creating VM from Template [rfe_id:273][crit:medium][vendor:cnv-qe@redhat.com][level:component]with RHEL Template [test_id:3293]should fail to delete VirtualMachine via oc command" classname="Tests Suite" time="6.396424451">
          <skipped></skipped>
      </testcase>
      <testcase name="[Serial][sig-compute]Templates Creating VM from Template [rfe_id:273][crit:medium][vendor:cnv-qe@redhat.com][level:component]with RHEL Template when the VirtualMachine was created [test_id:3294]should succeed to start the VirtualMachine via oc command" classname="Tests Suite" time="6.388935276">
          <skipped></skipped>
      </testcase>
      <testcase name="[Serial][sig-compute]Templates Creating VM from Template [rfe_id:273][crit:medium][vendor:cnv-qe@redhat.com][level:component]with RHEL Template when the VirtualMachine was created [test_id:3295]should succeed to delete VirtualMachine via oc command" classname="Tests Suite" time="6.411652787">
          <skipped></skipped>
      </testcase>
      <testcase name="[Serial][sig-compute]Templates Creating VM from Template [rfe_id:273][crit:medium][vendor:cnv-qe@redhat.com][level:component]with RHEL Template when the VirtualMachine was created [test_id:3308]should fail to create the same VirtualMachine via oc command" classname="Tests Suite" time="6.402607618">
          <skipped></skipped>
      </testcase>
      <testcase name="[sig-network] [rfe_id:253][crit:medium][vendor:cnv-qe@redhat.com][level:component]Expose Expose service on a VM Expose ClusterIP service [label:masquerade_binding_connectivity]Should expose a Cluster IP service on a VMI and connect to it [test_id:1531] over default IPv4 IP family" classname="Tests Suite" time="0">
          <skipped></skipped>
      </testcase>
      <testcase name="[sig-network] [rfe_id:253][crit:medium][vendor:cnv-qe@redhat.com][level:component]Expose Expose service on a VM Expose ClusterIP service [label:masquerade_binding_connectivity]Should expose a Cluster IP service on a VMI and connect to it over IPv6 IP family" classname="Tests Suite" time="0">
          <skipped></skipped>
      </testcase>
      <testcase name="[sig-network] [rfe_id:253][crit:medium][vendor:cnv-qe@redhat.com][level:component]Expose Expose service on a VM Expose ClusterIP service [label:masquerade_binding_connectivity]Should expose a Cluster IP service on a VMI and connect to it over dual stack, primary ipv4" classname="Tests Suite" time="0">
          <skipped></skipped>
      </testcase>
      <testcase name="[sig-network] [rfe_id:253][crit:medium][vendor:cnv-qe@redhat.com][level:component]Expose Expose service on a VM Expose ClusterIP service [label:masquerade_binding_connectivity]Should expose a Cluster IP service on a VMI and connect to it over dual stack, primary ipv6" classname="Tests Suite" time="0">
          <skipped></skipped>
      </testcase>
      <testcase name="[sig-network] [rfe_id:253][crit:medium][vendor:cnv-qe@redhat.com][level:component]Expose Expose service on a VM Expose ClusterIP service with string target-port Should expose a ClusterIP service and connect to the vm on port 80 [test_id:1532] over default IPv4 IP family" classname="Tests Suite" time="0">
          <skipped></skipped>
      </testcase>
      <testcase name="[sig-network] [rfe_id:253][crit:medium][vendor:cnv-qe@redhat.com][level:component]Expose Expose service on a VM Expose ClusterIP service with string target-port Should expose a ClusterIP service and connect to the vm on port 80 over IPv6 IP family" classname="Tests Suite" time="0">
          <skipped></skipped>
      </testcase>
      <testcase name="[sig-network] [rfe_id:253][crit:medium][vendor:cnv-qe@redhat.com][level:component]Expose Expose service on a VM Expose ClusterIP service with string target-port Should expose a ClusterIP service and connect to the vm on port 80 over dual stack, primary ipv4" classname="Tests Suite" time="0">
          <skipped></skipped>
      </testcase>
      <testcase name="[sig-network] [rfe_id:253][crit:medium][vendor:cnv-qe@redhat.com][level:component]Expose Expose service on a VM Expose ClusterIP service with string target-port Should expose a ClusterIP service and connect to the vm on port 80 over dual stack, primary ipv6" classname="Tests Suite" time="0">
          <skipped></skipped>
      </testcase>
      <testcase name="[sig-network] [rfe_id:253][crit:medium][vendor:cnv-qe@redhat.com][level:component]Expose Expose service on a VM Expose ClusterIP service with ports on the vmi defined Should expose a ClusterIP service and connect to all ports defined on the vmi [test_id:1533] over default IPv4 IP family" classname="Tests Suite" time="0">
          <skipped></skipped>
      </testcase>
      <testcase name="[sig-network] [rfe_id:253][crit:medium][vendor:cnv-qe@redhat.com][level:component]Expose Expose service on a VM Expose ClusterIP service with ports on the vmi defined Should expose a ClusterIP service and connect to all ports defined on the vmi over IPv6 IP family" classname="Tests Suite" time="0">
          <skipped></skipped>
      </testcase>
      <testcase name="[sig-network] [rfe_id:253][crit:medium][vendor:cnv-qe@redhat.com][level:component]Expose Expose service on a VM Expose ClusterIP service with ports on the vmi defined Should expose a ClusterIP service and connect to all ports defined on the vmi over dual stack, primary ipv4" classname="Tests Suite" time="0">
          <skipped></skipped>
      </testcase>
      <testcase name="[sig-network] [rfe_id:253][crit:medium][vendor:cnv-qe@redhat.com][level:component]Expose Expose service on a VM Expose ClusterIP service with ports on the vmi defined Should expose a ClusterIP service and connect to all ports defined on the vmi over dual stack, primary ipv6" classname="Tests Suite" time="0">
          <skipped></skipped>
      </testcase>
      <testcase name="[sig-network] [rfe_id:253][crit:medium][vendor:cnv-qe@redhat.com][level:component]Expose Expose service on a VM Expose ClusterIP service with IPFamilyPolicy Should expose a ClusterIP service with the correct IPFamilyPolicy over SingleStack IPv4 IP family policy" classname="Tests Suite" time="0">
          <skipped></skipped>
      </testcase>
      <testcase name="[sig-network] [rfe_id:253][crit:medium][vendor:cnv-qe@redhat.com][level:component]Expose Expose service on a VM Expose ClusterIP service with IPFamilyPolicy Should expose a ClusterIP service with the correct IPFamilyPolicy over PreferDualStack IP family policy" classname="Tests Suite" time="0">
          <skipped></skipped>
      </testcase>
      <testcase name="[sig-network] [rfe_id:253][crit:medium][vendor:cnv-qe@redhat.com][level:component]Expose Expose service on a VM Expose ClusterIP service with IPFamilyPolicy Should expose a ClusterIP service with the correct IPFamilyPolicy over RequireDualStack IP family policy" classname="Tests Suite" time="0">
          <skipped></skipped>
      </testcase>
      <testcase name="[sig-network] [rfe_id:253][crit:medium][vendor:cnv-qe@redhat.com][level:component]Expose Expose service on a VM Expose NodePort service [label:masquerade_binding_connectivity]Should expose a NodePort service on a VMI and connect to it [test_id:1534] over default IPv4 IP family" classname="Tests Suite" time="0">
          <skipped></skipped>
      </testcase>
      <testcase name="[sig-network] [rfe_id:253][crit:medium][vendor:cnv-qe@redhat.com][level:component]Expose Expose service on a VM Expose NodePort service [label:masquerade_binding_connectivity]Should expose a NodePort service on a VMI and connect to it over IPv6 IP family" classname="Tests Suite" time="0">
          <skipped></skipped>
      </testcase>
      <testcase name="[sig-network] [rfe_id:253][crit:medium][vendor:cnv-qe@redhat.com][level:component]Expose Expose service on a VM Expose NodePort service [label:masquerade_binding_connectivity]Should expose a NodePort service on a VMI and connect to it over dual stack, primary ipv4" classname="Tests Suite" time="0">
          <skipped></skipped>
      </testcase>
      <testcase name="[sig-network] [rfe_id:253][crit:medium][vendor:cnv-qe@redhat.com][level:component]Expose Expose service on a VM Expose NodePort service [label:masquerade_binding_connectivity]Should expose a NodePort service on a VMI and connect to it over dual stack, primary ipv6" classname="Tests Suite" time="0">
          <skipped></skipped>
      </testcase>
      <testcase name="[sig-network] [rfe_id:253][crit:medium][vendor:cnv-qe@redhat.com][level:component]Expose Expose UDP service on a VMI Expose ClusterIP UDP service [label:masquerade_binding_connectivity]Should expose a ClusterIP service on a VMI and connect to it [test_id:1535] over default IPv4 IP family" classname="Tests Suite" time="0">
          <skipped></skipped>
      </testcase>
      <testcase name="[sig-network] [rfe_id:253][crit:medium][vendor:cnv-qe@redhat.com][level:component]Expose Expose UDP service on a VMI Expose ClusterIP UDP service [label:masquerade_binding_connectivity]Should expose a ClusterIP service on a VMI and connect to it over IPv6 IP family" classname="Tests Suite" time="0">
          <skipped></skipped>
      </testcase>
      <testcase name="[sig-network] [rfe_id:253][crit:medium][vendor:cnv-qe@redhat.com][level:component]Expose Expose UDP service on a VMI Expose ClusterIP UDP service [label:masquerade_binding_connectivity]Should expose a ClusterIP service on a VMI and connect to it over dual stack, primary ipv4" classname="Tests Suite" time="0">
          <skipped></skipped>
      </testcase>
      <testcase name="[sig-network] [rfe_id:253][crit:medium][vendor:cnv-qe@redhat.com][level:component]Expose Expose UDP service on a VMI Expose ClusterIP UDP service [label:masquerade_binding_connectivity]Should expose a ClusterIP service on a VMI and connect to it over dual stack, primary ipv6" classname="Tests Suite" time="0">
          <skipped></skipped>
      </testcase>
      <testcase name="[sig-network] [rfe_id:253][crit:medium][vendor:cnv-qe@redhat.com][level:component]Expose Expose UDP service on a VMI Expose NodePort UDP service [label:masquerade_binding_connectivity]Should expose a NodePort service on a VMI and connect to it [test_id:1536] over default IPv4 IP family" classname="Tests Suite" time="0">
          <skipped></skipped>
      </testcase>
      <testcase name="[sig-network] [rfe_id:253][crit:medium][vendor:cnv-qe@redhat.com][level:component]Expose Expose UDP service on a VMI Expose NodePort UDP service [label:masquerade_binding_connectivity]Should expose a NodePort service on a VMI and connect to it over IPv6 IP family" classname="Tests Suite" time="0">
          <skipped></skipped>
      </testcase>
      <testcase name="[sig-network] [rfe_id:253][crit:medium][vendor:cnv-qe@redhat.com][level:component]Expose Expose UDP service on a VMI Expose NodePort UDP service [label:masquerade_binding_connectivity]Should expose a NodePort service on a VMI and connect to it over dual stack, primary ipv4" classname="Tests Suite" time="0">
          <skipped></skipped>
      </testcase>
      <testcase name="[sig-network] [rfe_id:253][crit:medium][vendor:cnv-qe@redhat.com][level:component]Expose Expose UDP service on a VMI Expose NodePort UDP service [label:masquerade_binding_connectivity]Should expose a NodePort service on a VMI and connect to it over dual stack, primary ipv6" classname="Tests Suite" time="0">
          <skipped></skipped>
      </testcase>
      <testcase name="[sig-network] [rfe_id:253][crit:medium][vendor:cnv-qe@redhat.com][level:component]Expose Expose service on a VMI replica set Expose ClusterIP service [label:masquerade_binding_connectivity]Should create a ClusterIP service on VMRS and connect to it [test_id:1537] over default IPv4 IP family" classname="Tests Suite" time="0">
          <skipped></skipped>
      </testcase>
      <testcase name="[sig-network] [rfe_id:253][crit:medium][vendor:cnv-qe@redhat.com][level:component]Expose Expose service on a VMI replica set Expose ClusterIP service [label:masquerade_binding_connectivity]Should create a ClusterIP service on VMRS and connect to it over IPv6 IP family" classname="Tests Suite" time="0">
          <skipped></skipped>
      </testcase>
      <testcase name="[sig-network] [rfe_id:253][crit:medium][vendor:cnv-qe@redhat.com][level:component]Expose Expose service on a VMI replica set Expose ClusterIP service [label:masquerade_binding_connectivity]Should create a ClusterIP service on VMRS and connect to it over dual stack, primary ipv4" classname="Tests Suite" time="0">
          <skipped></skipped>
      </testcase>
      <testcase name="[sig-network] [rfe_id:253][crit:medium][vendor:cnv-qe@redhat.com][level:component]Expose Expose service on a VMI replica set Expose ClusterIP service [label:masquerade_binding_connectivity]Should create a ClusterIP service on VMRS and connect to it over dual stack, primary ipv6" classname="Tests Suite" time="0">
          <skipped></skipped>
      </testcase>
      <testcase name="[sig-network] [rfe_id:253][crit:medium][vendor:cnv-qe@redhat.com][level:component]Expose Expose a VM as a service. Expose a VM as a ClusterIP service. [label:masquerade_binding_connectivity]Connect to ClusterIP service that was set when VM was offline. [test_id:1538] over default IPv4 IP family" classname="Tests Suite" time="0">
          <skipped></skipped>
      </testcase>
      <testcase name="[sig-network] [rfe_id:253][crit:medium][vendor:cnv-qe@redhat.com][level:component]Expose Expose a VM as a service. Expose a VM as a ClusterIP service. [label:masquerade_binding_connectivity]Connect to ClusterIP service that was set when VM was offline. over IPv6 IP family" classname="Tests Suite" time="0">
          <skipped></skipped>
      </testcase>
      <testcase name="[sig-network] [rfe_id:253][crit:medium][vendor:cnv-qe@redhat.com][level:component]Expose Expose a VM as a service. Expose a VM as a ClusterIP service. [label:masquerade_binding_connectivity]Connect to ClusterIP service that was set when VM was offline. over dual stack, primary ipv4" classname="Tests Suite" time="0">
          <skipped></skipped>
      </testcase>
      <testcase name="[sig-network] [rfe_id:253][crit:medium][vendor:cnv-qe@redhat.com][level:component]Expose Expose a VM as a service. Expose a VM as a ClusterIP service. [label:masquerade_binding_connectivity]Connect to ClusterIP service that was set when VM was offline. over dual stack, primary ipv6" classname="Tests Suite" time="0">
          <skipped></skipped>
      </testcase>
      <testcase name="[sig-network] [rfe_id:253][crit:medium][vendor:cnv-qe@redhat.com][level:component]Expose Expose a VM as a service. Expose a VM as a ClusterIP service. [label:masquerade_binding_connectivity]Should verify the exposed service is functional before and after VM restart. [test_id:345] over default IPv4 IP family" classname="Tests Suite" time="0">
          <skipped></skipped>
      </testcase>
      <testcase name="[sig-network] [rfe_id:253][crit:medium][vendor:cnv-qe@redhat.com][level:component]Expose Expose a VM as a service. Expose a VM as a ClusterIP service. [label:masquerade_binding_connectivity]Should verify the exposed service is functional before and after VM restart. over IPv6 IP family" classname="Tests Suite" time="0">
          <skipped></skipped>
      </testcase>
      <testcase name="[sig-network] [rfe_id:253][crit:medium][vendor:cnv-qe@redhat.com][level:component]Expose Expose a VM as a service. Expose a VM as a ClusterIP service. [label:masquerade_binding_connectivity]Should verify the exposed service is functional before and after VM restart. over dual stack, primary ipv4" classname="Tests Suite" time="0">
          <skipped></skipped>
      </testcase>
      <testcase name="[sig-network] [rfe_id:253][crit:medium][vendor:cnv-qe@redhat.com][level:component]Expose Expose a VM as a service. Expose a VM as a ClusterIP service. [label:masquerade_binding_connectivity]Should verify the exposed service is functional before and after VM restart. over dual stack, primary ipv6" classname="Tests Suite" time="0">
          <skipped></skipped>
      </testcase>
      <testcase name="[sig-network] [rfe_id:253][crit:medium][vendor:cnv-qe@redhat.com][level:component]Expose Expose a VM as a service. Expose a VM as a ClusterIP service. [label:masquerade_binding_connectivity]Should Verify an exposed service of a VM is not functional after VM deletion. [test_id:343] over default IPv4 IP family" classname="Tests Suite" time="0">
          <skipped></skipped>
      </testcase>
      <testcase name="[sig-network] [rfe_id:253][crit:medium][vendor:cnv-qe@redhat.com][level:component]Expose Expose a VM as a service. Expose a VM as a ClusterIP service. [label:masquerade_binding_connectivity]Should Verify an exposed service of a VM is not functional after VM deletion. over IPv6 IP family" classname="Tests Suite" time="0">
          <skipped></skipped>
      </testcase>
      <testcase name="[sig-network] [rfe_id:253][crit:medium][vendor:cnv-qe@redhat.com][level:component]Expose Expose a VM as a service. Expose a VM as a ClusterIP service. [label:masquerade_binding_connectivity]Should Verify an exposed service of a VM is not functional after VM deletion. over dual stack, primary ipv4" classname="Tests Suite" time="0">
          <skipped></skipped>
      </testcase>
      <testcase name="[sig-network] [rfe_id:253][crit:medium][vendor:cnv-qe@redhat.com][level:component]Expose Expose a VM as a service. Expose a VM as a ClusterIP service. [label:masquerade_binding_connectivity]Should Verify an exposed service of a VM is not functional after VM deletion. over dual stack, primary ipv6" classname="Tests Suite" time="0">
          <skipped></skipped>
      </testcase>
      <testcase name="[rfe_id:588][crit:medium][vendor:cnv-qe@redhat.com][level:component][sig-compute]VirtualMachineInstanceReplicaSet [rfe_id:588][crit:medium][vendor:cnv-qe@redhat.com][level:component]should scale [test_id:1405]to three, to two and then to zero replicas" classname="Tests Suite" time="0">
          <skipped></skipped>
      </testcase>
      <testcase name="[rfe_id:588][crit:medium][vendor:cnv-qe@redhat.com][level:component][sig-compute]VirtualMachineInstanceReplicaSet [rfe_id:588][crit:medium][vendor:cnv-qe@redhat.com][level:component]should scale [test_id:1406]to five, to six and then to zero replicas" classname="Tests Suite" time="0">
          <skipped></skipped>
      </testcase>
      <testcase name="[rfe_id:588][crit:medium][vendor:cnv-qe@redhat.com][level:component][sig-compute]VirtualMachineInstanceReplicaSet [rfe_id:588][crit:medium][vendor:cnv-qe@redhat.com][level:component]should scale with scale subresource [test_id:1407]to three, to two and then to zero replicas" classname="Tests Suite" time="0">
          <skipped></skipped>
      </testcase>
      <testcase name="[rfe_id:588][crit:medium][vendor:cnv-qe@redhat.com][level:component][sig-compute]VirtualMachineInstanceReplicaSet [rfe_id:588][crit:medium][vendor:cnv-qe@redhat.com][level:component]should scale with scale subresource [test_id:1408]to five, to six and then to zero replicas" classname="Tests Suite" time="0">
          <skipped></skipped>
      </testcase>
      <testcase name="[rfe_id:588][crit:medium][vendor:cnv-qe@redhat.com][level:component][sig-compute]VirtualMachineInstanceReplicaSet [rfe_id:588][crit:medium][vendor:cnv-qe@redhat.com][level:component]should scale with the horizontal pod autoscaler [test_id:1409]to three, to two and then to one replicas" classname="Tests Suite" time="0">
          <skipped></skipped>
      </testcase>
      <testcase name="[rfe_id:588][crit:medium][vendor:cnv-qe@redhat.com][level:component][sig-compute]VirtualMachineInstanceReplicaSet [rfe_id:588][crit:medium][vendor:cnv-qe@redhat.com][level:component]should scale with the horizontal pod autoscaler [test_id:1410]to five, to six and then to one replicas" classname="Tests Suite" time="0">
          <skipped></skipped>
      </testcase>
      <testcase name="[rfe_id:588][crit:medium][vendor:cnv-qe@redhat.com][level:component][sig-compute]VirtualMachineInstanceReplicaSet [test_id:1411]should be rejected on POST if spec is invalid" classname="Tests Suite" time="0">
          <skipped></skipped>
      </testcase>
      <testcase name="[rfe_id:588][crit:medium][vendor:cnv-qe@redhat.com][level:component][sig-compute]VirtualMachineInstanceReplicaSet [test_id:1412]should reject POST if validation webhoook deems the spec is invalid" classname="Tests Suite" time="0">
          <skipped></skipped>
      </testcase>
      <testcase name="[rfe_id:588][crit:medium][vendor:cnv-qe@redhat.com][level:component][sig-compute]VirtualMachineInstanceReplicaSet [test_id:1413]should update readyReplicas once VMIs are up" classname="Tests Suite" time="0">
          <skipped></skipped>
      </testcase>
      <testcase name="[rfe_id:588][crit:medium][vendor:cnv-qe@redhat.com][level:component][sig-compute]VirtualMachineInstanceReplicaSet [test_id:1414]should return the correct data when using server-side printing" classname="Tests Suite" time="0">
          <skipped></skipped>
      </testcase>
      <testcase name="[rfe_id:588][crit:medium][vendor:cnv-qe@redhat.com][level:component][sig-compute]VirtualMachineInstanceReplicaSet [test_id:1415]should remove VMIs once they are marked for deletion" classname="Tests Suite" time="0">
          <skipped></skipped>
      </testcase>
      <testcase name="[rfe_id:588][crit:medium][vendor:cnv-qe@redhat.com][level:component][sig-compute]VirtualMachineInstanceReplicaSet [test_id:1416]should remove owner references on the VirtualMachineInstance if it is orphan deleted" classname="Tests Suite" time="0">
          <skipped></skipped>
      </testcase>
      <testcase name="[rfe_id:588][crit:medium][vendor:cnv-qe@redhat.com][level:component][sig-compute]VirtualMachineInstanceReplicaSet [test_id:1417]should not scale when paused and scale when resume" classname="Tests Suite" time="0">
          <skipped></skipped>
      </testcase>
      <testcase name="[rfe_id:588][crit:medium][vendor:cnv-qe@redhat.com][level:component][sig-compute]VirtualMachineInstanceReplicaSet [test_id:1418]should replace finished VMIs" classname="Tests Suite" time="0">
          <skipped></skipped>
      </testcase>
      <testcase name="[rfe_id:588][crit:medium][vendor:cnv-qe@redhat.com][level:component][sig-compute]VirtualMachineInstanceReplicaSet should replace a VMI immediately when a virt-launcher pod gets deleted" classname="Tests Suite" time="0">
          <skipped></skipped>
      </testcase>
      <testcase name="[rfe_id:588][crit:medium][vendor:cnv-qe@redhat.com][level:component][sig-compute]VirtualMachineInstanceReplicaSet [test_id:4121]should create and verify kubectl/oc output for vm replicaset" classname="Tests Suite" time="0">
          <skipped></skipped>
      </testcase>
      <testcase name="[crit:medium][vendor:cnv-qe@redhat.com][level:component][sig-compute] USB Redirection [crit:medium][vendor:cnv-qe@redhat.com][level:component] A VirtualMachineInstance without usbredir support should fail to connect to VMI&#39;s usbredir socket" classname="Tests Suite" time="0">
          <skipped></skipped>
      </testcase>
      <testcase name="[crit:medium][vendor:cnv-qe@redhat.com][level:component][sig-compute] USB Redirection [crit:medium][vendor:cnv-qe@redhat.com][level:component] A VirtualMachineInstance with usbredir support with an usbredir connection Should work several times" classname="Tests Suite" time="0">
          <skipped></skipped>
      </testcase>
      <testcase name="[crit:medium][vendor:cnv-qe@redhat.com][level:component][sig-compute] USB Redirection [crit:medium][vendor:cnv-qe@redhat.com][level:component] A VirtualMachineInstance with usbredir support with an usbredir connection Should work in parallel" classname="Tests Suite" time="0">
          <skipped></skipped>
      </testcase>
      <testcase name="[sig-compute][Serial]NUMA [test_id:7299] topology should be mapped to the guest and hugepages should be allocated" classname="Tests Suite" time="0">
          <skipped></skipped>
      </testcase>
      <testcase name="[sig-storage] [Serial]VirtualMachineRestore Tests With simple VM and no snapshot [test_id:5255]should reject restore" classname="Tests Suite" time="0">
          <skipped></skipped>
      </testcase>
      <testcase name="[sig-storage] [Serial]VirtualMachineRestore Tests With simple VM with run strategy and snapshot should successfully restore" classname="Tests Suite" time="0">
          <skipped></skipped>
      </testcase>
      <testcase name="[sig-storage] [Serial]VirtualMachineRestore Tests With simple VM and good snapshot exists [test_id:5256]should successfully restore" classname="Tests Suite" time="0">
          <skipped></skipped>
      </testcase>
      <testcase name="[sig-storage] [Serial]VirtualMachineRestore Tests With simple VM and good snapshot exists [test_id:5257]should reject restore if VM running" classname="Tests Suite" time="0">
          <skipped></skipped>
      </testcase>
      <testcase name="[sig-storage] [Serial]VirtualMachineRestore Tests With simple VM and good snapshot exists [test_id:5258]should reject restore if another in progress" classname="Tests Suite" time="0">
          <skipped></skipped>
      </testcase>
      <testcase name="[sig-storage] [Serial]VirtualMachineRestore Tests [storage-req] With a more complicated VM [test_id:5259]should restore a vm multiple from the same snapshot" classname="Tests Suite" time="0">
          <skipped></skipped>
      </testcase>
      <testcase name="[sig-storage] [Serial]VirtualMachineRestore Tests [storage-req] With a more complicated VM [test_id:5260]should restore a vm that boots from a datavolumetemplate" classname="Tests Suite" time="0">
          <skipped></skipped>
      </testcase>
      <testcase name="[sig-storage] [Serial]VirtualMachineRestore Tests [storage-req] With a more complicated VM [test_id:5261]should restore a vm that boots from a datavolume (not template)" classname="Tests Suite" time="0">
          <skipped></skipped>
      </testcase>
      <testcase name="[sig-storage] [Serial]VirtualMachineRestore Tests [storage-req] With a more complicated VM [test_id:5262]should restore a vm that boots from a PVC" classname="Tests Suite" time="0">
          <skipped></skipped>
      </testcase>
      <testcase name="[sig-storage] [Serial]VirtualMachineRestore Tests [storage-req] With a more complicated VM [test_id:5263]should restore a vm with containerdisk and blank datavolume" classname="Tests Suite" time="0">
          <skipped></skipped>
      </testcase>
      <testcase name="[sig-storage] [Serial]VirtualMachineRestore Tests [storage-req] With a more complicated VM should reject vm start if restore in progress" classname="Tests Suite" time="0">
          <skipped></skipped>
      </testcase>
      <testcase name="[sig-storage] [Serial]VirtualMachineRestore Tests [storage-req] With a more complicated VM [test_id:6053]should restore a vm from an online snapshot" classname="Tests Suite" time="0">
          <skipped></skipped>
      </testcase>
      <testcase name="[sig-storage] [Serial]VirtualMachineRestore Tests [storage-req] With a more complicated VM [test_id:6766]should restore a vm from an online snapshot with guest agent" classname="Tests Suite" time="0">
          <skipped></skipped>
      </testcase>
      <testcase name="[sig-storage] [Serial]VirtualMachineRestore Tests [storage-req] With a more complicated VM [test_id:6836]should restore an online vm snapshot that boots from a datavolumetemplate with guest agent" classname="Tests Suite" time="0">
          <skipped></skipped>
      </testcase>
      <testcase name="[sig-storage] [Serial]VirtualMachineRestore Tests [storage-req] With a more complicated VM should restore vm spec at startup without new changes" classname="Tests Suite" time="0">
          <skipped></skipped>
      </testcase>
      <testcase name="[sig-storage] [Serial]VirtualMachineRestore Tests [storage-req] With a more complicated VM [test_id:7425]should restore vm with hot plug disks" classname="Tests Suite" time="0">
          <skipped></skipped>
      </testcase>
      <testcase name="[sig-network] [ref_id:1182]Probes for readiness should succeed [test_id:1202][posneg:positive]with working TCP probe and tcp server on ipv4" classname="Tests Suite" time="0">
          <skipped></skipped>
      </testcase>
      <testcase name="[sig-network] [ref_id:1182]Probes for readiness should succeed [test_id:1202][posneg:positive]with working TCP probe and tcp server on ipv6" classname="Tests Suite" time="0">
          <skipped></skipped>
      </testcase>
      <testcase name="[sig-network] [ref_id:1182]Probes for readiness should succeed [test_id:1200][posneg:positive]with working HTTP probe and http server on ipv4" classname="Tests Suite" time="0">
          <skipped></skipped>
      </testcase>
      <testcase name="[sig-network] [ref_id:1182]Probes for readiness should succeed [test_id:1200][posneg:positive]with working HTTP probe and http server on ipv6" classname="Tests Suite" time="0">
          <skipped></skipped>
      </testcase>
      <testcase name="[sig-network] [ref_id:1182]Probes for readiness should succeed [test_id:TODO]with working Exec probe" classname="Tests Suite" time="0">
          <skipped></skipped>
      </testcase>
      <testcase name="[sig-network] [ref_id:1182]Probes for readiness should succeed [test_id:6739]with GuestAgentPing" classname="Tests Suite" time="0">
          <skipped></skipped>
      </testcase>
      <testcase name="[sig-network] [ref_id:1182]Probes for readiness should succeed [test_id:6741]status change with guest-agent availability" classname="Tests Suite" time="0">
          <skipped></skipped>
      </testcase>
      <testcase name="[sig-network] [ref_id:1182]Probes for readiness should fail [test_id:1220][posneg:negative]with working TCP probe and no running server" classname="Tests Suite" time="0">
          <skipped></skipped>
      </testcase>
      <testcase name="[sig-network] [ref_id:1182]Probes for readiness should fail [test_id:1219][posneg:negative]with working HTTP probe and no running server" classname="Tests Suite" time="0">
          <skipped></skipped>
      </testcase>
      <testcase name="[sig-network] [ref_id:1182]Probes for readiness should fail [test_id:TODO]with working Exec probe and invalid command" classname="Tests Suite" time="0">
          <skipped></skipped>
      </testcase>
      <testcase name="[sig-network] [ref_id:1182]Probes for readiness should fail [test_id:TODO]with working Exec probe and infinitely running command" classname="Tests Suite" time="0">
          <skipped></skipped>
      </testcase>
      <testcase name="[sig-network] [ref_id:1182]Probes for liveness should not fail the VMI [test_id:1199][posneg:positive]with working TCP probe and tcp server on ipv4" classname="Tests Suite" time="0">
          <skipped></skipped>
      </testcase>
      <testcase name="[sig-network] [ref_id:1182]Probes for liveness should not fail the VMI [test_id:1199][posneg:positive]with working TCP probe and tcp server on ipv6" classname="Tests Suite" time="0">
          <skipped></skipped>
      </testcase>
      <testcase name="[sig-network] [ref_id:1182]Probes for liveness should not fail the VMI [test_id:1201][posneg:positive]with working HTTP probe and http server on ipv4" classname="Tests Suite" time="0">
          <skipped></skipped>
      </testcase>
      <testcase name="[sig-network] [ref_id:1182]Probes for liveness should not fail the VMI [test_id:1201][posneg:positive]with working HTTP probe and http server on ipv6" classname="Tests Suite" time="0">
          <skipped></skipped>
      </testcase>
      <testcase name="[sig-network] [ref_id:1182]Probes for liveness should not fail the VMI [test_id:TODO]with working Exec probe" classname="Tests Suite" time="0">
          <skipped></skipped>
      </testcase>
      <testcase name="[sig-network] [ref_id:1182]Probes for liveness should fail the VMI [test_id:1217][posneg:negative]with working TCP probe and no running server" classname="Tests Suite" time="0">
          <skipped></skipped>
      </testcase>
      <testcase name="[sig-network] [ref_id:1182]Probes for liveness should fail the VMI [test_id:1218][posneg:negative]with working HTTP probe and no running server" classname="Tests Suite" time="0">
          <skipped></skipped>
      </testcase>
      <testcase name="[sig-network] [ref_id:1182]Probes for liveness should fail the VMI [test_id:TODO]with working Exec probe and invalid command" classname="Tests Suite" time="0">
          <skipped></skipped>
      </testcase>
      <testcase name="[sig-compute]CloudInitHookSidecars VMI definition with CloudInit hook sidecar [test_id:3167]should successfully start with hook sidecar annotation" classname="Tests Suite" time="0">
          <skipped></skipped>
      </testcase>
      <testcase name="[sig-compute]CloudInitHookSidecars VMI definition with CloudInit hook sidecar [test_id:3168]should call Collect and PreCloudInitIso on the hook sidecar" classname="Tests Suite" time="0">
          <skipped></skipped>
      </testcase>
      <testcase name="[sig-compute]CloudInitHookSidecars VMI definition with CloudInit hook sidecar [test_id:3169]should have cloud-init user-data from sidecar" classname="Tests Suite" time="0">
          <skipped></skipped>
      </testcase>
      <testcase name="[sig-storage] Hotplug Offline VM Should add volumes on an offline VM with DataVolume" classname="Tests Suite" time="0">
          <skipped></skipped>
      </testcase>
      <testcase name="[sig-storage] Hotplug Offline VM Should add volumes on an offline VM with PersistentVolume" classname="Tests Suite" time="0">
          <skipped></skipped>
      </testcase>
      <testcase name="[sig-storage] Hotplug WFFC storage Should be able to add and use WFFC local storage calling endpoints directly" classname="Tests Suite" time="0">
          <skipped></skipped>
      </testcase>
      <testcase name="[sig-storage] Hotplug WFFC storage Should be able to add and use WFFC local storage using virtctl" classname="Tests Suite" time="0">
          <skipped></skipped>
      </testcase>
      <testcase name="[sig-storage] Hotplug [storage-req] Online VM should add/remove volume with DataVolume immediate attach" classname="Tests Suite" time="0">
          <skipped></skipped>
      </testcase>
      <testcase name="[sig-storage] Hotplug [storage-req] Online VM should add/remove volume with PersistentVolume immediate attach" classname="Tests Suite" time="0">
          <skipped></skipped>
      </testcase>
      <testcase name="[sig-storage] Hotplug [storage-req] Online VM should add/remove volume with DataVolume wait for VM to finish starting" classname="Tests Suite" time="0">
          <skipped></skipped>
      </testcase>
      <testcase name="[sig-storage] Hotplug [storage-req] Online VM should add/remove volume with PersistentVolume wait for VM to finish starting" classname="Tests Suite" time="0">
          <skipped></skipped>
      </testcase>
      <testcase name="[sig-storage] Hotplug [storage-req] Online VM should add/remove volume with DataVolume immediate attach, VMI directly" classname="Tests Suite" time="0">
          <skipped></skipped>
      </testcase>
      <testcase name="[sig-storage] Hotplug [storage-req] Online VM should add/remove volume with PersistentVolume immediate attach, VMI directly" classname="Tests Suite" time="0">
          <skipped></skipped>
      </testcase>
      <testcase name="[sig-storage] Hotplug [storage-req] Online VM should add/remove volume with Block DataVolume immediate attach" classname="Tests Suite" time="0">
          <skipped></skipped>
      </testcase>
      <testcase name="[sig-storage] Hotplug [storage-req] Online VM Should be able to add and remove multiple volumes with VMs" classname="Tests Suite" time="0">
          <skipped></skipped>
      </testcase>
      <testcase name="[sig-storage] Hotplug [storage-req] Online VM Should be able to add and remove multiple volumes with VMIs" classname="Tests Suite" time="0">
          <skipped></skipped>
      </testcase>
      <testcase name="[sig-storage] Hotplug [storage-req] Online VM Should be able to add and remove multiple volumes with VMs and block" classname="Tests Suite" time="0">
          <skipped></skipped>
      </testcase>
      <testcase name="[sig-storage] Hotplug [storage-req] Online VM Should be able to add and remove and re-add multiple volumes with VMs" classname="Tests Suite" time="0">
          <skipped></skipped>
      </testcase>
      <testcase name="[sig-storage] Hotplug [storage-req] Online VM Should be able to add and remove and re-add multiple volumes with VMIs" classname="Tests Suite" time="0">
          <skipped></skipped>
      </testcase>
      <testcase name="[sig-storage] Hotplug [storage-req] Online VM Should be able to add and remove and re-add multiple volumes [Serial] with VMs and block" classname="Tests Suite" time="0">
          <skipped></skipped>
      </testcase>
      <testcase name="[sig-storage] Hotplug [storage-req] Online VM should permanently add hotplug volume when added to VM, but still unpluggable after restart" classname="Tests Suite" time="0">
          <skipped></skipped>
      </testcase>
      <testcase name="[sig-storage] Hotplug [storage-req] Online VM should reject hotplugging a volume with the same name as an existing volume" classname="Tests Suite" time="0">
          <skipped></skipped>
      </testcase>
      <testcase name="[sig-storage] Hotplug [storage-req] Online VM should allow hotplugging both a filesystem and block volume" classname="Tests Suite" time="0">
          <skipped></skipped>
      </testcase>
      <testcase name="[sig-storage] Hotplug [storage-req] VMI migration should allow live migration with attached hotplug volumes" classname="Tests Suite" time="0">
          <skipped></skipped>
      </testcase>
      <testcase name="[sig-storage] Hotplug hostpath should attach a hostpath based volume to running VM" classname="Tests Suite" time="0">
          <skipped></skipped>
      </testcase>
      <testcase name="[sig-storage] Hotplug iothreads should allow adding and removing hotplugged volumes" classname="Tests Suite" time="0">
          <skipped></skipped>
      </testcase>
      <testcase name="[sig-storage] Hotplug hostpath-separate-device should attach a hostpath based volume to running VM" classname="Tests Suite" time="0">
          <skipped></skipped>
      </testcase>
      <testcase name="[sig-storage] Hotplug virtctl should add volume according to options with default" classname="Tests Suite" time="0">
          <skipped></skipped>
      </testcase>
      <testcase name="[sig-storage] Hotplug virtctl should add volume according to options [test_id:7803]with dry-run" classname="Tests Suite" time="0">
          <skipped></skipped>
      </testcase>
      <testcase name="[sig-storage] Hotplug virtctl should remove volume according to options with default" classname="Tests Suite" time="0">
          <skipped></skipped>
      </testcase>
      <testcase name="[sig-storage] Hotplug virtctl should remove volume according to options [test_id:7829]with dry-run" classname="Tests Suite" time="0">
          <skipped></skipped>
      </testcase>
      <testcase name="[rfe_id:3423][crit:high][arm64][vendor:cnv-qe@redhat.com][level:component][sig-compute]VmWatch [test_id:6870]Should update vm status with the proper columns using &#39;kubectl get vm -w&#39;" classname="Tests Suite" time="0">
          <skipped></skipped>
      </testcase>
      <testcase name="[rfe_id:3423][crit:high][arm64][vendor:cnv-qe@redhat.com][level:component][sig-compute]VmWatch [test_id:6871]Should update vmi status with the proper columns using &#39;kubectl get vmi -w&#39;" classname="Tests Suite" time="0">
          <skipped></skipped>
      </testcase>
      <testcase name="[crit:medium][vendor:cnv-qe@redhat.com][level:component][sig-compute] Sound [crit:medium][vendor:cnv-qe@redhat.com][level:component] A VirtualMachineInstance with default sound support should create an ich9 sound device on empty model" classname="Tests Suite" time="0">
          <skipped></skipped>
      </testcase>
      <testcase name="[crit:medium][vendor:cnv-qe@redhat.com][level:component][sig-compute] Sound [crit:medium][vendor:cnv-qe@redhat.com][level:component] A VirtualMachineInstance with ich9 sound support should create ich9 sound device on ich9 model " classname="Tests Suite" time="0">
          <skipped></skipped>
      </testcase>
      <testcase name="[crit:medium][vendor:cnv-qe@redhat.com][level:component][sig-compute] Sound [crit:medium][vendor:cnv-qe@redhat.com][level:component] A VirtualMachineInstance with ac97 sound support should create ac97 sound device on ac97 model" classname="Tests Suite" time="0">
          <skipped></skipped>
      </testcase>
      <testcase name="[crit:medium][vendor:cnv-qe@redhat.com][level:component][sig-compute] Sound [crit:medium][vendor:cnv-qe@redhat.com][level:component] A VirtualMachineInstance with unsupported sound support should fail to create VMI with unsupported sound device" classname="Tests Suite" time="0">
          <skipped></skipped>
      </testcase>
      <testcase name="[rfe_id:500][crit:high][arm64][vendor:cnv-qe@redhat.com][level:component][sig-compute]User Access With default kubevirt service accounts should verify permissions on resources are correct for view, edit, and admin [test_id:526]given a vmi" classname="Tests Suite" time="0">
          <skipped></skipped>
      </testcase>
      <testcase name="[rfe_id:500][crit:high][arm64][vendor:cnv-qe@redhat.com][level:component][sig-compute]User Access With default kubevirt service accounts should verify permissions on resources are correct for view, edit, and admin [test_id:527]given a vm" classname="Tests Suite" time="0">
          <skipped></skipped>
      </testcase>
      <testcase name="[rfe_id:500][crit:high][arm64][vendor:cnv-qe@redhat.com][level:component][sig-compute]User Access With default kubevirt service accounts should verify permissions on resources are correct for view, edit, and admin given a vmpool" classname="Tests Suite" time="0">
          <skipped></skipped>
      </testcase>
      <testcase name="[rfe_id:500][crit:high][arm64][vendor:cnv-qe@redhat.com][level:component][sig-compute]User Access With default kubevirt service accounts should verify permissions on resources are correct for view, edit, and admin [test_id:528]given a vmi preset" classname="Tests Suite" time="0">
          <skipped></skipped>
      </testcase>
      <testcase name="[rfe_id:500][crit:high][arm64][vendor:cnv-qe@redhat.com][level:component][sig-compute]User Access With default kubevirt service accounts should verify permissions on resources are correct for view, edit, and admin [test_id:529][crit:low]given a vmi replica set" classname="Tests Suite" time="0">
          <skipped></skipped>
      </testcase>
      <testcase name="[rfe_id:500][crit:high][arm64][vendor:cnv-qe@redhat.com][level:component][sig-compute]User Access With default kubevirt service accounts should verify permissions on resources are correct for view, edit, and admin [test_id:3230]given a vmi migration" classname="Tests Suite" time="0">
          <skipped></skipped>
      </testcase>
      <testcase name="[rfe_id:500][crit:high][arm64][vendor:cnv-qe@redhat.com][level:component][sig-compute]User Access With default kubevirt service accounts should verify permissions on resources are correct for view, edit, and admin [test_id:5243]given a vmsnapshot" classname="Tests Suite" time="0">
          <skipped></skipped>
      </testcase>
      <testcase name="[rfe_id:500][crit:high][arm64][vendor:cnv-qe@redhat.com][level:component][sig-compute]User Access With default kubevirt service accounts should verify permissions on resources are correct for view, edit, and admin [test_id:5244]given a vmsnapshotcontent" classname="Tests Suite" time="0">
          <skipped></skipped>
      </testcase>
      <testcase name="[rfe_id:500][crit:high][arm64][vendor:cnv-qe@redhat.com][level:component][sig-compute]User Access With default kubevirt service accounts should verify permissions on resources are correct for view, edit, and admin [test_id:5245]given a vmsrestore" classname="Tests Suite" time="0">
          <skipped></skipped>
      </testcase>
      <testcase name="[rfe_id:500][crit:high][arm64][vendor:cnv-qe@redhat.com][level:component][sig-compute]User Access With default kubevirt service accounts should verify permissions on subresources are correct for view, edit, admin and default [test_id:3232]on vm start" classname="Tests Suite" time="0">
          <skipped></skipped>
      </testcase>
      <testcase name="[rfe_id:500][crit:high][arm64][vendor:cnv-qe@redhat.com][level:component][sig-compute]User Access With default kubevirt service accounts should verify permissions on subresources are correct for view, edit, admin and default [test_id:3233]on vm stop" classname="Tests Suite" time="0">
          <skipped></skipped>
      </testcase>
      <testcase name="[rfe_id:500][crit:high][arm64][vendor:cnv-qe@redhat.com][level:component][sig-compute]User Access With default kubevirt service accounts should verify permissions on subresources are correct for view, edit, admin and default [test_id:3234]on vm restart" classname="Tests Suite" time="0">
          <skipped></skipped>
      </testcase>
      <testcase name="[rfe_id:500][crit:high][arm64][vendor:cnv-qe@redhat.com][level:component][sig-compute]User Access With default kubevirt service accounts should verify permissions on subresources are correct for view, edit, admin and default on vmi guestosinfo" classname="Tests Suite" time="0">
          <skipped></skipped>
      </testcase>
      <testcase name="[rfe_id:500][crit:high][arm64][vendor:cnv-qe@redhat.com][level:component][sig-compute]User Access With default kubevirt service accounts should verify permissions on subresources are correct for view, edit, admin and default on vmi userlist" classname="Tests Suite" time="0">
          <skipped></skipped>
      </testcase>
      <testcase name="[rfe_id:500][crit:high][arm64][vendor:cnv-qe@redhat.com][level:component][sig-compute]User Access With default kubevirt service accounts should verify permissions on subresources are correct for view, edit, admin and default on vmi filesystemlist" classname="Tests Suite" time="0">
          <skipped></skipped>
      </testcase>
      <testcase name="[rfe_id:500][crit:high][arm64][vendor:cnv-qe@redhat.com][level:component][sig-compute]User Access With default kubevirt service accounts should verify permissions on subresources are correct for view, edit, admin and default on vmi addvolume" classname="Tests Suite" time="0">
          <skipped></skipped>
      </testcase>
      <testcase name="[rfe_id:500][crit:high][arm64][vendor:cnv-qe@redhat.com][level:component][sig-compute]User Access With default kubevirt service accounts should verify permissions on subresources are correct for view, edit, admin and default on vmi removevolume" classname="Tests Suite" time="0">
          <skipped></skipped>
      </testcase>
      <testcase name="[rfe_id:500][crit:high][arm64][vendor:cnv-qe@redhat.com][level:component][sig-compute]User Access With default kubevirt service accounts should verify permissions on subresources are correct for view, edit, admin and default on vmi freeze" classname="Tests Suite" time="0">
          <skipped></skipped>
      </testcase>
      <testcase name="[rfe_id:500][crit:high][arm64][vendor:cnv-qe@redhat.com][level:component][sig-compute]User Access With default kubevirt service accounts should verify permissions on subresources are correct for view, edit, admin and default on vmi unfreeze" classname="Tests Suite" time="0">
          <skipped></skipped>
      </testcase>
      <testcase name="[rfe_id:500][crit:high][arm64][vendor:cnv-qe@redhat.com][level:component][sig-compute]User Access With default kubevirt service accounts should verify permissions on subresources are correct for view, edit, admin and default on vmi softreboot" classname="Tests Suite" time="0">
          <skipped></skipped>
      </testcase>
      <testcase name="[rfe_id:500][crit:high][arm64][vendor:cnv-qe@redhat.com][level:component][sig-compute]User Access [rfe_id:2919][crit:high][vendor:cnv-qe@redhat.com][level:component] With regular OpenShift user should fail without admin rights for the project should verify permissions on resources are correct for view, edit, and admin [test_id:2921]given a vmi" classname="Tests Suite" time="0">
          <skipped></skipped>
      </testcase>
      <testcase name="[rfe_id:500][crit:high][arm64][vendor:cnv-qe@redhat.com][level:component][sig-compute]User Access [rfe_id:2919][crit:high][vendor:cnv-qe@redhat.com][level:component] With regular OpenShift user should fail without admin rights for the project should verify permissions on resources are correct for view, edit, and admin [test_id:2915]given a vm" classname="Tests Suite" time="0">
          <skipped></skipped>
      </testcase>
      <testcase name="[rfe_id:500][crit:high][arm64][vendor:cnv-qe@redhat.com][level:component][sig-compute]User Access [rfe_id:2919][crit:high][vendor:cnv-qe@redhat.com][level:component] With regular OpenShift user should fail without admin rights for the project should verify permissions on resources are correct for view, edit, and admin given a vmpool" classname="Tests Suite" time="0">
          <skipped></skipped>
      </testcase>
      <testcase name="[rfe_id:500][crit:high][arm64][vendor:cnv-qe@redhat.com][level:component][sig-compute]User Access [rfe_id:2919][crit:high][vendor:cnv-qe@redhat.com][level:component] With regular OpenShift user should fail without admin rights for the project should verify permissions on resources are correct for view, edit, and admin [test_id:2917]given a vmi preset" classname="Tests Suite" time="0">
          <skipped></skipped>
      </testcase>
      <testcase name="[rfe_id:500][crit:high][arm64][vendor:cnv-qe@redhat.com][level:component][sig-compute]User Access [rfe_id:2919][crit:high][vendor:cnv-qe@redhat.com][level:component] With regular OpenShift user should fail without admin rights for the project should verify permissions on resources are correct for view, edit, and admin [test_id:2919]given a vmi replica set" classname="Tests Suite" time="0">
          <skipped></skipped>
      </testcase>
      <testcase name="[rfe_id:500][crit:high][arm64][vendor:cnv-qe@redhat.com][level:component][sig-compute]User Access [rfe_id:2919][crit:high][vendor:cnv-qe@redhat.com][level:component] With regular OpenShift user should fail without admin rights for the project should verify permissions on resources are correct for view, edit, and admin [test_id:3235]given a vmi migration" classname="Tests Suite" time="0">
          <skipped></skipped>
      </testcase>
      <testcase name="[rfe_id:500][crit:high][arm64][vendor:cnv-qe@redhat.com][level:component][sig-compute]User Access [rfe_id:2919][crit:high][vendor:cnv-qe@redhat.com][level:component] With regular OpenShift user should fail without admin rights for the project should verify permissions on resources are correct for view, edit, and admin [test_id:5246]given a vmsnapshot" classname="Tests Suite" time="0">
          <skipped></skipped>
      </testcase>
      <testcase name="[rfe_id:500][crit:high][arm64][vendor:cnv-qe@redhat.com][level:component][sig-compute]User Access [rfe_id:2919][crit:high][vendor:cnv-qe@redhat.com][level:component] With regular OpenShift user should fail without admin rights for the project should verify permissions on resources are correct for view, edit, and admin [test_id:5247]given a vmsnapshotcontent" classname="Tests Suite" time="0">
          <skipped></skipped>
      </testcase>
      <testcase name="[rfe_id:500][crit:high][arm64][vendor:cnv-qe@redhat.com][level:component][sig-compute]User Access [rfe_id:2919][crit:high][vendor:cnv-qe@redhat.com][level:component] With regular OpenShift user should fail without admin rights for the project should verify permissions on resources are correct for view, edit, and admin [test_id:5248]given a vmsrestore" classname="Tests Suite" time="0">
          <skipped></skipped>
      </testcase>
      <testcase name="[rfe_id:500][crit:high][arm64][vendor:cnv-qe@redhat.com][level:component][sig-compute]User Access [rfe_id:2919][crit:high][vendor:cnv-qe@redhat.com][level:component] With regular OpenShift user should fail without admin rights for the project should verify permissions on resources are correct for subresources [test_id:2921]given a vmi" classname="Tests Suite" time="0">
          <skipped></skipped>
      </testcase>
      <testcase name="[rfe_id:500][crit:high][arm64][vendor:cnv-qe@redhat.com][level:component][sig-compute]User Access [rfe_id:2919][crit:high][vendor:cnv-qe@redhat.com][level:component] With regular OpenShift user should fail without admin rights for the project should verify permissions on resources are correct for subresources [test_id:2921]given a vmi" classname="Tests Suite" time="0">
          <skipped></skipped>
      </testcase>
      <testcase name="[rfe_id:500][crit:high][arm64][vendor:cnv-qe@redhat.com][level:component][sig-compute]User Access [rfe_id:2919][crit:high][vendor:cnv-qe@redhat.com][level:component] With regular OpenShift user should fail without admin rights for the project should verify permissions on resources are correct for subresources [test_id:2921]given a vmi" classname="Tests Suite" time="0">
          <skipped></skipped>
      </testcase>
      <testcase name="[rfe_id:500][crit:high][arm64][vendor:cnv-qe@redhat.com][level:component][sig-compute]User Access [rfe_id:2919][crit:high][vendor:cnv-qe@redhat.com][level:component] With regular OpenShift user should fail without admin rights for the project should verify permissions on resources are correct for subresources [test_id:2921]given a vmi" classname="Tests Suite" time="0">
          <skipped></skipped>
      </testcase>
      <testcase name="[rfe_id:500][crit:high][arm64][vendor:cnv-qe@redhat.com][level:component][sig-compute]User Access [rfe_id:2919][crit:high][vendor:cnv-qe@redhat.com][level:component] With regular OpenShift user should fail without admin rights for the project should verify permissions on resources are correct for subresources [test_id:2921]given a vmi" classname="Tests Suite" time="0">
          <skipped></skipped>
      </testcase>
      <testcase name="[rfe_id:500][crit:high][arm64][vendor:cnv-qe@redhat.com][level:component][sig-compute]User Access [rfe_id:2919][crit:high][vendor:cnv-qe@redhat.com][level:component] With regular OpenShift user should succeed with admin rights for the project should verify permissions on resources are correct the test user [test_id:2920]given a vmi" classname="Tests Suite" time="0">
          <skipped></skipped>
      </testcase>
      <testcase name="[rfe_id:500][crit:high][arm64][vendor:cnv-qe@redhat.com][level:component][sig-compute]User Access [rfe_id:2919][crit:high][vendor:cnv-qe@redhat.com][level:component] With regular OpenShift user should succeed with admin rights for the project should verify permissions on resources are correct the test user [test_id:2831]given a vm" classname="Tests Suite" time="0">
          <skipped></skipped>
      </testcase>
      <testcase name="[rfe_id:500][crit:high][arm64][vendor:cnv-qe@redhat.com][level:component][sig-compute]User Access [rfe_id:2919][crit:high][vendor:cnv-qe@redhat.com][level:component] With regular OpenShift user should succeed with admin rights for the project should verify permissions on resources are correct the test user given a vmpool" classname="Tests Suite" time="0">
          <skipped></skipped>
      </testcase>
      <testcase name="[rfe_id:500][crit:high][arm64][vendor:cnv-qe@redhat.com][level:component][sig-compute]User Access [rfe_id:2919][crit:high][vendor:cnv-qe@redhat.com][level:component] With regular OpenShift user should succeed with admin rights for the project should verify permissions on resources are correct the test user [test_id:2916]given a vmi preset" classname="Tests Suite" time="0">
          <skipped></skipped>
      </testcase>
      <testcase name="[rfe_id:500][crit:high][arm64][vendor:cnv-qe@redhat.com][level:component][sig-compute]User Access [rfe_id:2919][crit:high][vendor:cnv-qe@redhat.com][level:component] With regular OpenShift user should succeed with admin rights for the project should verify permissions on resources are correct the test user [test_id:2918][crit:low]given a vmi replica set" classname="Tests Suite" time="0">
          <skipped></skipped>
      </testcase>
      <testcase name="[rfe_id:500][crit:high][arm64][vendor:cnv-qe@redhat.com][level:component][sig-compute]User Access [rfe_id:2919][crit:high][vendor:cnv-qe@redhat.com][level:component] With regular OpenShift user should succeed with admin rights for the project should verify permissions on resources are correct the test user [test_id:2837]given a vmi migration" classname="Tests Suite" time="0">
          <skipped></skipped>
      </testcase>
      <testcase name="[rfe_id:500][crit:high][arm64][vendor:cnv-qe@redhat.com][level:component][sig-compute]User Access [rfe_id:2919][crit:high][vendor:cnv-qe@redhat.com][level:component] With regular OpenShift user should succeed with admin rights for the project should verify permissions on resources are correct the test user [test_id:5249]given a vmsnapshot" classname="Tests Suite" time="0">
          <skipped></skipped>
      </testcase>
      <testcase name="[rfe_id:500][crit:high][arm64][vendor:cnv-qe@redhat.com][level:component][sig-compute]User Access [rfe_id:2919][crit:high][vendor:cnv-qe@redhat.com][level:component] With regular OpenShift user should succeed with admin rights for the project should verify permissions on resources are correct the test user [test_id:5250]given a vmsnapshotcontent" classname="Tests Suite" time="0">
          <skipped></skipped>
      </testcase>
      <testcase name="[rfe_id:500][crit:high][arm64][vendor:cnv-qe@redhat.com][level:component][sig-compute]User Access [rfe_id:2919][crit:high][vendor:cnv-qe@redhat.com][level:component] With regular OpenShift user should succeed with admin rights for the project should verify permissions on resources are correct the test user [test_id:5251]given a vmsrestore" classname="Tests Suite" time="0">
          <skipped></skipped>
      </testcase>
      <testcase name="[rfe_id:500][crit:high][arm64][vendor:cnv-qe@redhat.com][level:component][sig-compute]User Access [rfe_id:2919][crit:high][vendor:cnv-qe@redhat.com][level:component] With regular OpenShift user should succeed with admin rights for the project should verify permissions on resources are correct for subresources [test_id:2921]given a vmi" classname="Tests Suite" time="0">
          <skipped></skipped>
      </testcase>
      <testcase name="[rfe_id:500][crit:high][arm64][vendor:cnv-qe@redhat.com][level:component][sig-compute]User Access [rfe_id:2919][crit:high][vendor:cnv-qe@redhat.com][level:component] With regular OpenShift user should succeed with admin rights for the project should verify permissions on resources are correct for subresources [test_id:2921]given a vmi" classname="Tests Suite" time="0">
          <skipped></skipped>
      </testcase>
      <testcase name="[rfe_id:500][crit:high][arm64][vendor:cnv-qe@redhat.com][level:component][sig-compute]User Access [rfe_id:2919][crit:high][vendor:cnv-qe@redhat.com][level:component] With regular OpenShift user should succeed with admin rights for the project should verify permissions on resources are correct for subresources [test_id:2921]given a vmi" classname="Tests Suite" time="0">
          <skipped></skipped>
      </testcase>
      <testcase name="[rfe_id:500][crit:high][arm64][vendor:cnv-qe@redhat.com][level:component][sig-compute]User Access [rfe_id:2919][crit:high][vendor:cnv-qe@redhat.com][level:component] With regular OpenShift user should succeed with admin rights for the project should verify permissions on resources are correct for subresources [test_id:2921]given a vmi" classname="Tests Suite" time="0">
          <skipped></skipped>
      </testcase>
      <testcase name="[rfe_id:500][crit:high][arm64][vendor:cnv-qe@redhat.com][level:component][sig-compute]User Access [rfe_id:2919][crit:high][vendor:cnv-qe@redhat.com][level:component] With regular OpenShift user should succeed with admin rights for the project should verify permissions on resources are correct for subresources [test_id:2921]given a vmi" classname="Tests Suite" time="0">
          <skipped></skipped>
      </testcase>
      <testcase name="[rfe_id:500][crit:high][arm64][vendor:cnv-qe@redhat.com][level:component][sig-compute]User Access [rfe_id:2919][crit:high][vendor:cnv-qe@redhat.com][level:component] With regular OpenShift user should succeed with admin rights for the project should verify permissions on resources are correct for subresources [test_id:2921]given a vmi" classname="Tests Suite" time="0">
          <skipped></skipped>
      </testcase>
      <testcase name="[sig-compute]VirtualMachinePool [Serial]pool should scale [QUARANTINE]to three, to two and then to zero replicas" classname="Tests Suite" time="0">
          <skipped></skipped>
      </testcase>
      <testcase name="[sig-compute]VirtualMachinePool [Serial]pool should scale [QUARANTINE]to five, to six and then to zero replicas" classname="Tests Suite" time="0">
          <skipped></skipped>
      </testcase>
      <testcase name="[sig-compute]VirtualMachinePool should be rejected on POST if spec is invalid" classname="Tests Suite" time="0">
          <skipped></skipped>
      </testcase>
      <testcase name="[sig-compute]VirtualMachinePool should reject POST if vmi spec is invalid" classname="Tests Suite" time="0">
          <skipped></skipped>
      </testcase>
      <testcase name="[sig-compute]VirtualMachinePool should remove VMs once they are marked for deletion" classname="Tests Suite" time="0">
          <skipped></skipped>
      </testcase>
      <testcase name="[sig-compute]VirtualMachinePool should handle pool with dataVolumeTemplates" classname="Tests Suite" time="0">
          <skipped></skipped>
      </testcase>
      <testcase name="[sig-compute]VirtualMachinePool should replace deleted VM and get replacement" classname="Tests Suite" time="0">
          <skipped></skipped>
      </testcase>
      <testcase name="[sig-compute]VirtualMachinePool should roll out VM template changes without impacting VMI" classname="Tests Suite" time="0">
          <skipped></skipped>
      </testcase>
      <testcase name="[sig-compute]VirtualMachinePool should roll out VMI template changes and proactively roll out new VMIs" classname="Tests Suite" time="0">
          <skipped></skipped>
      </testcase>
      <testcase name="[sig-compute]VirtualMachinePool should remove owner references on the VirtualMachine if it is orphan deleted" classname="Tests Suite" time="0">
          <skipped></skipped>
      </testcase>
      <testcase name="[sig-compute]VirtualMachinePool should not scale when paused and scale when resume" classname="Tests Suite" time="0">
          <skipped></skipped>
      </testcase>
      <testcase name="[rfe_id:609][crit:medium][vendor:cnv-qe@redhat.com][level:component][sig-compute]VMIPreset CRD Validation [test_id:1595]Should reject POST if schema is invalid" classname="Tests Suite" time="0">
          <skipped></skipped>
      </testcase>
      <testcase name="[rfe_id:609][crit:medium][vendor:cnv-qe@redhat.com][level:component][sig-compute]VMIPreset CRD Validation [test_id:1596]should reject POST if validation webhoook deems the spec is invalid" classname="Tests Suite" time="0">
          <skipped></skipped>
      </testcase>
      <testcase name="[rfe_id:609][crit:medium][vendor:cnv-qe@redhat.com][level:component][sig-compute]VMIPreset Preset Matching [test_id:1597]Should be accepted on POST" classname="Tests Suite" time="0">
          <skipped></skipped>
      </testcase>
      <testcase name="[rfe_id:609][crit:medium][vendor:cnv-qe@redhat.com][level:component][sig-compute]VMIPreset Preset Matching [test_id:1598]Should reject a second submission of a VMIPreset" classname="Tests Suite" time="0">
          <skipped></skipped>
      </testcase>
      <testcase name="[rfe_id:609][crit:medium][vendor:cnv-qe@redhat.com][level:component][sig-compute]VMIPreset Preset Matching [test_id:1599]Should return 404 if VMIPreset does not exist" classname="Tests Suite" time="0">
          <skipped></skipped>
      </testcase>
      <testcase name="[rfe_id:609][crit:medium][vendor:cnv-qe@redhat.com][level:component][sig-compute]VMIPreset Preset Matching [test_id:1600]Should reject presets that conflict with VirtualMachineInstance settings" classname="Tests Suite" time="0">
          <skipped></skipped>
      </testcase>
      <testcase name="[rfe_id:609][crit:medium][vendor:cnv-qe@redhat.com][level:component][sig-compute]VMIPreset Preset Matching [test_id:1601]Should accept presets that don&#39;t conflict with VirtualMachineInstance settings" classname="Tests Suite" time="0">
          <skipped></skipped>
      </testcase>
      <testcase name="[rfe_id:609][crit:medium][vendor:cnv-qe@redhat.com][level:component][sig-compute]VMIPreset Preset Matching [test_id:1602]Should ignore VMIs that don&#39;t match" classname="Tests Suite" time="0">
          <skipped></skipped>
      </testcase>
      <testcase name="[rfe_id:609][crit:medium][vendor:cnv-qe@redhat.com][level:component][sig-compute]VMIPreset Preset Matching [test_id:1603]Should not be applied to existing VMIs" classname="Tests Suite" time="0">
          <skipped></skipped>
      </testcase>
      <testcase name="[rfe_id:609][crit:medium][vendor:cnv-qe@redhat.com][level:component][sig-compute]VMIPreset Exclusions [test_id:1604]Should not apply presets to VirtualMachineInstance&#39;s with the exclusion marking" classname="Tests Suite" time="0">
          <skipped></skipped>
      </testcase>
      <testcase name="[rfe_id:609][crit:medium][vendor:cnv-qe@redhat.com][level:component][sig-compute]VMIPreset Conflict [test_id:1605]should denied to start the VMI" classname="Tests Suite" time="0">
          <skipped></skipped>
      </testcase>
      <testcase name="[rfe_id:609][crit:medium][vendor:cnv-qe@redhat.com][level:component][sig-compute]VMIPreset Override [test_id:644][rfe_id:609] should override presets" classname="Tests Suite" time="0">
          <skipped></skipped>
      </testcase>
      <testcase name="[rfe_id:609][crit:medium][vendor:cnv-qe@redhat.com][level:component][sig-compute]VMIPreset Preset Lifecycle [test_id:617][rfe_id:609] should create and delete preset" classname="Tests Suite" time="0">
          <skipped></skipped>
      </testcase>
      <testcase name="[rfe_id:609][crit:medium][vendor:cnv-qe@redhat.com][level:component][sig-compute]VMIPreset Match Expressions [test_id:726] Should match multiple VMs via MatchExpression" classname="Tests Suite" time="0">
          <skipped></skipped>
      </testcase>
      <testcase name="[rfe_id:609][crit:medium][vendor:cnv-qe@redhat.com][level:component][sig-compute]VMIPreset [rfe_id:613]MatchLabels [test_id:672] Should match multiple VMs via MatchLabel" classname="Tests Suite" time="0">
          <skipped></skipped>
      </testcase>
      <testcase name="[Serial][sig-monitoring]Prometheus Alerts Up metrics VirtOperatorDown should be triggered when virt-operator is down" classname="Tests Suite" time="0">
          <skipped></skipped>
      </testcase>
      <testcase name="[rfe_id:588][crit:medium][vendor:cnv-qe@redhat.com][level:component][sig-compute]ContainerDisk should [test_id:3246]generate and set Always pull policy" classname="Tests Suite" time="0">
          <skipped></skipped>
      </testcase>
      <testcase name="[rfe_id:588][crit:medium][vendor:cnv-qe@redhat.com][level:component][sig-compute]ContainerDisk should [test_id:3247]generate and set Always pull policy" classname="Tests Suite" time="0">
          <skipped></skipped>
      </testcase>
      <testcase name="[rfe_id:588][crit:medium][vendor:cnv-qe@redhat.com][level:component][sig-compute]ContainerDisk should [test_id:3248]generate and set IfNotPresent pull policy" classname="Tests Suite" time="0">
          <skipped></skipped>
      </testcase>
      <testcase name="[rfe_id:588][crit:medium][vendor:cnv-qe@redhat.com][level:component][sig-compute]ContainerDisk should [test_id:3249]pass through Never pull policy to the pod" classname="Tests Suite" time="0">
          <skipped></skipped>
      </testcase>
      <testcase name="[rfe_id:588][crit:medium][vendor:cnv-qe@redhat.com][level:component][sig-compute]ContainerDisk should [test_id:3250]pass through IfNotPresent pull policy to the pod" classname="Tests Suite" time="0">
          <skipped></skipped>
      </testcase>
      <testcase name="[rfe_id:588][crit:medium][vendor:cnv-qe@redhat.com][level:component][sig-compute]ContainerDisk [rfe_id:273][crit:medium][vendor:cnv-qe@redhat.com][level:component]Starting and stopping the same VirtualMachineInstance with ephemeral registry disk [test_id:1463][Conformance] should success multiple times" classname="Tests Suite" time="0">
          <skipped></skipped>
      </testcase>
      <testcase name="[rfe_id:588][crit:medium][vendor:cnv-qe@redhat.com][level:component][sig-compute]ContainerDisk [rfe_id:273][crit:medium][vendor:cnv-qe@redhat.com][level:component]Starting a VirtualMachineInstance with ephemeral registry disk [test_id:1464]should not modify the spec on status update" classname="Tests Suite" time="0">
          <skipped></skipped>
      </testcase>
      <testcase name="[rfe_id:588][crit:medium][vendor:cnv-qe@redhat.com][level:component][sig-compute]ContainerDisk [rfe_id:273][crit:medium][vendor:cnv-qe@redhat.com][level:component]Starting a VirtualMachineInstance [Serial]should obey the disk verification limits in the KubeVirt CR [test_id:7182]disk verification should fail when the memory limit is too low" classname="Tests Suite" time="14.597678985"></testcase>
      <testcase name="[rfe_id:588][crit:medium][vendor:cnv-qe@redhat.com][level:component][sig-compute]ContainerDisk [rfe_id:273][crit:medium][vendor:cnv-qe@redhat.com][level:component]Starting multiple VMIs with ephemeral registry disk [test_id:1465]should success" classname="Tests Suite" time="0">
          <skipped></skipped>
      </testcase>
      <testcase name="[rfe_id:588][crit:medium][vendor:cnv-qe@redhat.com][level:component][sig-compute]ContainerDisk [rfe_id:273][crit:medium][vendor:cnv-qe@redhat.com][level:component]Starting from custom image location with disk at /custom-disk/downloaded [test_id:1466]should boot normally" classname="Tests Suite" time="0">
          <skipped></skipped>
      </testcase>
      <testcase name="[rfe_id:588][crit:medium][vendor:cnv-qe@redhat.com][level:component][sig-compute]ContainerDisk [rfe_id:273][crit:medium][vendor:cnv-qe@redhat.com][level:component]Starting with virtio-win with virtio-win as secondary disk [test_id:1467]should boot and have the virtio as sata CDROM" classname="Tests Suite" time="0">
          <skipped></skipped>
      </testcase>
      <testcase name="[rfe_id:588][crit:medium][vendor:cnv-qe@redhat.com][level:component][sig-compute]ContainerDisk [rfe_id:4052][crit:high][arm64][vendor:cnv-qe@redhat.com][level:component]VMI disk permissions with ephemeral registry disk [test_id:4299]should not have world write permissions" classname="Tests Suite" time="0">
          <skipped></skipped>
      </testcase>
      <testcase name="[Serial][sig-compute]Windows VirtualMachineInstance [test_id:487]should succeed to start a vmi" classname="Tests Suite" time="5.764270542">
          <skipped></skipped>
      </testcase>
      <testcase name="[Serial][sig-compute]Windows VirtualMachineInstance [test_id:488]should succeed to stop a running vmi" classname="Tests Suite" time="6.374669594">
          <skipped></skipped>
      </testcase>
      <testcase name="[Serial][sig-compute]Windows VirtualMachineInstance with winrm connection [ref_id:139]VMI is created [test_id:240]should have correct UUID" classname="Tests Suite" time="6.413245804">
          <skipped></skipped>
      </testcase>
      <testcase name="[Serial][sig-compute]Windows VirtualMachineInstance with winrm connection [ref_id:139]VMI is created [test_id:3159]should have default masquerade IP" classname="Tests Suite" time="6.382994393">
          <skipped></skipped>
      </testcase>
      <testcase name="[Serial][sig-compute]Windows VirtualMachineInstance with winrm connection [ref_id:139]VMI is created [test_id:3160]should have the domain set properly" classname="Tests Suite" time="6.409017147">
          <skipped></skipped>
      </testcase>
      <testcase name="[Serial][sig-compute]Windows VirtualMachineInstance with winrm connection VMI with subdomain is created should have the domain set properly with subdomain" classname="Tests Suite" time="6.432857591">
          <skipped></skipped>
      </testcase>
      <testcase name="[Serial][sig-compute]Windows VirtualMachineInstance with winrm connection with bridge binding should be recognized by other pods in cluster" classname="Tests Suite" time="6.359233429">
          <skipped></skipped>
      </testcase>
      <testcase name="[Serial][sig-compute]Windows VirtualMachineInstance [ref_id:142]with kubectl command [test_id:223]should succeed to start a vmi" classname="Tests Suite" time="6.403096093">
          <skipped></skipped>
      </testcase>
      <testcase name="[Serial][sig-compute]Windows VirtualMachineInstance [ref_id:142]with kubectl command [test_id:239]should succeed to stop a vmi" classname="Tests Suite" time="6.407760684">
          <skipped></skipped>
      </testcase>
      <testcase name="[Serial][sig-compute]Infrastructure changes to the kubernetes client on the controller rate limiter should lead to delayed VMI starts" classname="Tests Suite" time="21.955557872"></testcase>
      <testcase name="[Serial][sig-compute]Infrastructure changes to the kubernetes client [QUARANTINE]on the virt handler rate limiter should lead to delayed VMI running states" classname="Tests Suite" time="0">
          <skipped></skipped>
      </testcase>
      <testcase name="[Serial][sig-compute]Infrastructure downwardMetrics [test_id:6535]should be published to a vmi and periodically updated" classname="Tests Suite" time="69.870065009"></testcase>
      <testcase name="[Serial][sig-compute]Infrastructure CRDs [test_id:5177]Should have structural schema" classname="Tests Suite" time="0.214537177"></testcase>
      <testcase name="[Serial][sig-compute]Infrastructure [rfe_id:4102][crit:medium][vendor:cnv-qe@redhat.com][level:component]certificates [test_id:4099] should be rotated when a new CA is created" classname="Tests Suite" time="0">
          <skipped></skipped>
      </testcase>
      <testcase name="[Serial][sig-compute]Infrastructure [rfe_id:4102][crit:medium][vendor:cnv-qe@redhat.com][level:component]certificates [sig-compute][test_id:4100] should be valid during the whole rotation process" classname="Tests Suite" time="69.650828178"></testcase>
      <testcase name="[Serial][sig-compute]Infrastructure [rfe_id:4102][crit:medium][vendor:cnv-qe@redhat.com][level:component]certificates should be rotated when deleted for  [test_id:4101] virt-operator" classname="Tests Suite" time="11.072534104"></testcase>
      <testcase name="[Serial][sig-compute]Infrastructure [rfe_id:4102][crit:medium][vendor:cnv-qe@redhat.com][level:component]certificates should be rotated when deleted for  [test_id:4103] virt-api" classname="Tests Suite" time="11.149831633"></testcase>
      <testcase name="[Serial][sig-compute]Infrastructure [rfe_id:4102][crit:medium][vendor:cnv-qe@redhat.com][level:component]certificates should be rotated when deleted for  [test_id:4104] virt-controller" classname="Tests Suite" time="10.100058027"></testcase>
      <testcase name="[Serial][sig-compute]Infrastructure [rfe_id:4102][crit:medium][vendor:cnv-qe@redhat.com][level:component]certificates should be rotated when deleted for  [test_id:4105] virt-handlers client side" classname="Tests Suite" time="5.9955031420000005"></testcase>
      <testcase name="[Serial][sig-compute]Infrastructure [rfe_id:4102][crit:medium][vendor:cnv-qe@redhat.com][level:component]certificates should be rotated when deleted for  [test_id:4106] virt-handlers server side" classname="Tests Suite" time="12.085946164"></testcase>
      <testcase name="[Serial][sig-compute]Infrastructure [rfe_id:4126][crit:medium][vendor:cnv-qe@redhat.com][level:component]Taints and toleration CriticalAddonsOnly taint set on a node [test_id:4134] kubevirt components on that node should not evict" classname="Tests Suite" time="5.265273644"></testcase>
      <testcase name="[Serial][sig-compute]Infrastructure [rfe_id:3187][crit:medium][vendor:cnv-qe@redhat.com][level:component]Prometheus scraped metrics [test_id:4135]should find VMI namespace on namespace label of the metric" classname="Tests Suite" time="11.997157873"></testcase>
      <testcase name="[Serial][sig-compute]Infrastructure [rfe_id:3187][crit:medium][vendor:cnv-qe@redhat.com][level:component]Prometheus Endpoints [test_id:4136][flaky] should find one leading virt-controller and two ready" classname="Tests Suite" time="0">
          <skipped></skipped>
      </testcase>
      <testcase name="[Serial][sig-compute]Infrastructure [rfe_id:3187][crit:medium][vendor:cnv-qe@redhat.com][level:component]Prometheus Endpoints [test_id:4137]should find one leading virt-operator and two ready" classname="Tests Suite" time="39.821383496"></testcase>
      <testcase name="[Serial][sig-compute]Infrastructure [rfe_id:3187][crit:medium][vendor:cnv-qe@redhat.com][level:component]Prometheus Endpoints [test_id:4138]should be exposed and registered on the metrics endpoint" classname="Tests Suite" time="0.02832152"></testcase>
      <testcase name="[Serial][sig-compute]Infrastructure [rfe_id:3187][crit:medium][vendor:cnv-qe@redhat.com][level:component]Prometheus Endpoints [test_id:4139]should return Prometheus metrics" classname="Tests Suite" time="2.905226843"></testcase>
      <testcase name="[Serial][sig-compute]Infrastructure [rfe_id:3187][crit:medium][vendor:cnv-qe@redhat.com][level:component]Prometheus Endpoints should throttle the Prometheus metrics access [test_id:4140] by using IPv4" classname="Tests Suite" time="1.012476536"></testcase>
      <testcase name="[Serial][sig-compute]Infrastructure [rfe_id:3187][crit:medium][vendor:cnv-qe@redhat.com][level:component]Prometheus Endpoints should throttle the Prometheus metrics access [test_id:6226] by using IPv6" classname="Tests Suite" time="0.026046135">
          <skipped></skipped>
      </testcase>
      <testcase name="[Serial][sig-compute]Infrastructure [rfe_id:3187][crit:medium][vendor:cnv-qe@redhat.com][level:component]Prometheus Endpoints should include the metrics for a running VM [test_id:4141] by using IPv4" classname="Tests Suite" time="0.301771913"></testcase>
      <testcase name="[Serial][sig-compute]Infrastructure [rfe_id:3187][crit:medium][vendor:cnv-qe@redhat.com][level:component]Prometheus Endpoints should include the metrics for a running VM [test_id:6227] by using IPv6" classname="Tests Suite" time="0.025177108">
          <skipped></skipped>
      </testcase>
      <testcase name="[Serial][sig-compute]Infrastructure [rfe_id:3187][crit:medium][vendor:cnv-qe@redhat.com][level:component]Prometheus Endpoints should include the storage metrics for a running VM [test_id:4142] storage flush requests metric by using IPv4" classname="Tests Suite" time="0.202974098"></testcase>
      <testcase name="[Serial][sig-compute]Infrastructure [rfe_id:3187][crit:medium][vendor:cnv-qe@redhat.com][level:component]Prometheus Endpoints should include the storage metrics for a running VM [test_id:6228] storage flush requests metric by using IPv6" classname="Tests Suite" time="0.032288094">
          <skipped></skipped>
      </testcase>
      <testcase name="[Serial][sig-compute]Infrastructure [rfe_id:3187][crit:medium][vendor:cnv-qe@redhat.com][level:component]Prometheus Endpoints should include the storage metrics for a running VM [test_id:4142] time (ms) spent on cache flushing metric by using IPv4" classname="Tests Suite" time="0.286044061"></testcase>
      <testcase name="[Serial][sig-compute]Infrastructure [rfe_id:3187][crit:medium][vendor:cnv-qe@redhat.com][level:component]Prometheus Endpoints should include the storage metrics for a running VM [test_id:6229] time (ms) spent on cache flushing metric by using IPv6" classname="Tests Suite" time="0.017160458">
          <skipped></skipped>
      </testcase>
      <testcase name="[Serial][sig-compute]Infrastructure [rfe_id:3187][crit:medium][vendor:cnv-qe@redhat.com][level:component]Prometheus Endpoints should include the storage metrics for a running VM [test_id:4142] I/O read operations metric by using IPv4" classname="Tests Suite" time="0.217819878"></testcase>
      <testcase name="[Serial][sig-compute]Infrastructure [rfe_id:3187][crit:medium][vendor:cnv-qe@redhat.com][level:component]Prometheus Endpoints should include the storage metrics for a running VM [test_id:6230] I/O read operations metric by using IPv6" classname="Tests Suite" time="0.013510407">
          <skipped></skipped>
      </testcase>
      <testcase name="[Serial][sig-compute]Infrastructure [rfe_id:3187][crit:medium][vendor:cnv-qe@redhat.com][level:component]Prometheus Endpoints should include the storage metrics for a running VM [test_id:4142] I/O write operations metric by using IPv4" classname="Tests Suite" time="0.206208099"></testcase>
      <testcase name="[Serial][sig-compute]Infrastructure [rfe_id:3187][crit:medium][vendor:cnv-qe@redhat.com][level:component]Prometheus Endpoints should include the storage metrics for a running VM [test_id:6231] I/O write operations metric by using IPv6" classname="Tests Suite" time="0.013299221">
          <skipped></skipped>
      </testcase>
      <testcase name="[Serial][sig-compute]Infrastructure [rfe_id:3187][crit:medium][vendor:cnv-qe@redhat.com][level:component]Prometheus Endpoints should include the storage metrics for a running VM [test_id:4142] storage read operation time metric by using IPv4" classname="Tests Suite" time="0.230043953"></testcase>
      <testcase name="[Serial][sig-compute]Infrastructure [rfe_id:3187][crit:medium][vendor:cnv-qe@redhat.com][level:component]Prometheus Endpoints should include the storage metrics for a running VM [test_id:6232] storage read operation time metric by using IPv6" classname="Tests Suite" time="0.022142942">
          <skipped></skipped>
      </testcase>
      <testcase name="[Serial][sig-compute]Infrastructure [rfe_id:3187][crit:medium][vendor:cnv-qe@redhat.com][level:component]Prometheus Endpoints should include the storage metrics for a running VM [test_id:4142] storage read traffic in bytes metric by using IPv4" classname="Tests Suite" time="0.216882911"></testcase>
      <testcase name="[Serial][sig-compute]Infrastructure [rfe_id:3187][crit:medium][vendor:cnv-qe@redhat.com][level:component]Prometheus Endpoints should include the storage metrics for a running VM [test_id:6233] storage read traffic in bytes metric by using IPv6" classname="Tests Suite" time="0.023463358">
          <skipped></skipped>
      </testcase>
      <testcase name="[Serial][sig-compute]Infrastructure [rfe_id:3187][crit:medium][vendor:cnv-qe@redhat.com][level:component]Prometheus Endpoints should include the storage metrics for a running VM [test_id:4142] storage write operation time metric by using IPv4" classname="Tests Suite" time="0.222478207"></testcase>
      <testcase name="[Serial][sig-compute]Infrastructure [rfe_id:3187][crit:medium][vendor:cnv-qe@redhat.com][level:component]Prometheus Endpoints should include the storage metrics for a running VM [test_id:6234] storage write operation time metric by using IPv6" classname="Tests Suite" time="0.012331798">
          <skipped></skipped>
      </testcase>
      <testcase name="[Serial][sig-compute]Infrastructure [rfe_id:3187][crit:medium][vendor:cnv-qe@redhat.com][level:component]Prometheus Endpoints should include the storage metrics for a running VM [test_id:4142] storage write traffic in bytes metric by using IPv4" classname="Tests Suite" time="0.237408724"></testcase>
      <testcase name="[Serial][sig-compute]Infrastructure [rfe_id:3187][crit:medium][vendor:cnv-qe@redhat.com][level:component]Prometheus Endpoints should include the storage metrics for a running VM [test_id:6235] storage write traffic in bytes metric by using IPv6" classname="Tests Suite" time="0.017542834">
          <skipped></skipped>
      </testcase>
      <testcase name="[Serial][sig-compute]Infrastructure [rfe_id:3187][crit:medium][vendor:cnv-qe@redhat.com][level:component]Prometheus Endpoints should include metrics for a running VM [test_id:4143] network metrics by IPv4" classname="Tests Suite" time="0.226915571"></testcase>
      <testcase name="[Serial][sig-compute]Infrastructure [rfe_id:3187][crit:medium][vendor:cnv-qe@redhat.com][level:component]Prometheus Endpoints should include metrics for a running VM [test_id:6236] network metrics by IPv6" classname="Tests Suite" time="0.016589777">
          <skipped></skipped>
      </testcase>
      <testcase name="[Serial][sig-compute]Infrastructure [rfe_id:3187][crit:medium][vendor:cnv-qe@redhat.com][level:component]Prometheus Endpoints should include metrics for a running VM [test_id:4144] memory metrics by IPv4" classname="Tests Suite" time="0.252365741"></testcase>
      <testcase name="[Serial][sig-compute]Infrastructure [rfe_id:3187][crit:medium][vendor:cnv-qe@redhat.com][level:component]Prometheus Endpoints should include metrics for a running VM [test_id:6237] memory metrics by IPv6" classname="Tests Suite" time="0.015681826">
          <skipped></skipped>
      </testcase>
      <testcase name="[Serial][sig-compute]Infrastructure [rfe_id:3187][crit:medium][vendor:cnv-qe@redhat.com][level:component]Prometheus Endpoints should include metrics for a running VM [test_id:4553] vcpu wait by IPv4" classname="Tests Suite" time="0.262361383"></testcase>
      <testcase name="[Serial][sig-compute]Infrastructure [rfe_id:3187][crit:medium][vendor:cnv-qe@redhat.com][level:component]Prometheus Endpoints should include metrics for a running VM [test_id:6238] vcpu wait by IPv6" classname="Tests Suite" time="0.01706549">
          <skipped></skipped>
      </testcase>
      <testcase name="[Serial][sig-compute]Infrastructure [rfe_id:3187][crit:medium][vendor:cnv-qe@redhat.com][level:component]Prometheus Endpoints should include metrics for a running VM [test_id:4554] vcpu seconds by IPv4" classname="Tests Suite" time="0.215680057"></testcase>
      <testcase name="[Serial][sig-compute]Infrastructure [rfe_id:3187][crit:medium][vendor:cnv-qe@redhat.com][level:component]Prometheus Endpoints should include metrics for a running VM [test_id:6239] vcpu seconds by IPv6" classname="Tests Suite" time="0.019367252">
          <skipped></skipped>
      </testcase>
      <testcase name="[Serial][sig-compute]Infrastructure [rfe_id:3187][crit:medium][vendor:cnv-qe@redhat.com][level:component]Prometheus Endpoints should include metrics for a running VM [test_id:4556] vmi unused memory by IPv4" classname="Tests Suite" time="0.270904453"></testcase>
      <testcase name="[Serial][sig-compute]Infrastructure [rfe_id:3187][crit:medium][vendor:cnv-qe@redhat.com][level:component]Prometheus Endpoints should include metrics for a running VM [test_id:6240] vmi unused memory by IPv6" classname="Tests Suite" time="0.016876203">
          <skipped></skipped>
      </testcase>
      <testcase name="[Serial][sig-compute]Infrastructure [rfe_id:3187][crit:medium][vendor:cnv-qe@redhat.com][level:component]Prometheus Endpoints should include VMI infos for a running VM [test_id:4145] by IPv4" classname="Tests Suite" time="0.280039699"></testcase>
      <testcase name="[Serial][sig-compute]Infrastructure [rfe_id:3187][crit:medium][vendor:cnv-qe@redhat.com][level:component]Prometheus Endpoints should include VMI infos for a running VM [test_id:6241] by IPv6" classname="Tests Suite" time="0.029139955">
          <skipped></skipped>
      </testcase>
      <testcase name="[Serial][sig-compute]Infrastructure [rfe_id:3187][crit:medium][vendor:cnv-qe@redhat.com][level:component]Prometheus Endpoints should include VMI phase metrics for all running VMs [test_id:4146] by IPv4" classname="Tests Suite" time="0.287920868"></testcase>
      <testcase name="[Serial][sig-compute]Infrastructure [rfe_id:3187][crit:medium][vendor:cnv-qe@redhat.com][level:component]Prometheus Endpoints should include VMI phase metrics for all running VMs [test_id:6242] by IPv6" classname="Tests Suite" time="0.025524589">
          <skipped></skipped>
      </testcase>
      <testcase name="[Serial][sig-compute]Infrastructure [rfe_id:3187][crit:medium][vendor:cnv-qe@redhat.com][level:component]Prometheus Endpoints should include VMI eviction blocker status for all running VMs [test_id:4148] by IPv4" classname="Tests Suite" time="0.408690355"></testcase>
      <testcase name="[Serial][sig-compute]Infrastructure [rfe_id:3187][crit:medium][vendor:cnv-qe@redhat.com][level:component]Prometheus Endpoints should include VMI eviction blocker status for all running VMs [test_id:6243] by IPv6" classname="Tests Suite" time="0.014448144">
          <skipped></skipped>
      </testcase>
      <testcase name="[Serial][sig-compute]Infrastructure [rfe_id:3187][crit:medium][vendor:cnv-qe@redhat.com][level:component]Prometheus Endpoints should include kubernetes labels to VMI metrics [test_id:4147] by IPv4" classname="Tests Suite" time="0.221500805"></testcase>
      <testcase name="[Serial][sig-compute]Infrastructure [rfe_id:3187][crit:medium][vendor:cnv-qe@redhat.com][level:component]Prometheus Endpoints should include kubernetes labels to VMI metrics [test_id:6244] by IPv6" classname="Tests Suite" time="0.035205491">
          <skipped></skipped>
      </testcase>
      <testcase name="[Serial][sig-compute]Infrastructure [rfe_id:3187][crit:medium][vendor:cnv-qe@redhat.com][level:component]Prometheus Endpoints should include swap metrics [test_id:4555] by IPv4" classname="Tests Suite" time="0.255782625"></testcase>
      <testcase name="[Serial][sig-compute]Infrastructure [rfe_id:3187][crit:medium][vendor:cnv-qe@redhat.com][level:component]Prometheus Endpoints should include swap metrics [test_id:6245] by IPv6" classname="Tests Suite" time="0.019945275">
          <skipped></skipped>
      </testcase>
      <testcase name="[Serial][sig-compute]Infrastructure Start a VirtualMachineInstance when the controller pod is not running and an election happens [test_id:4642]should succeed afterwards" classname="Tests Suite" time="33.059949251"></testcase>
      <testcase name="[Serial][sig-compute]Infrastructure Node-labeller basic labelling skip node reconciliation when node has skip annotation" classname="Tests Suite" time="8.62081461"></testcase>
      <testcase name="[Serial][sig-compute]Infrastructure Node-labeller basic labelling [test_id:6246] label nodes with cpu model, cpu features and host cpu model" classname="Tests Suite" time="9.029141243"></testcase>
      <testcase name="[Serial][sig-compute]Infrastructure Node-labeller basic labelling [test_id:6247] should set default obsolete cpu models filter when obsolete-cpus-models is not set in kubevirt config" classname="Tests Suite" time="8.38998354"></testcase>
      <testcase name="[Serial][sig-compute]Infrastructure Node-labeller basic labelling [test_id:6248] should set default min cpu model filter when min-cpu is not set in kubevirt config" classname="Tests Suite" time="8.383198796"></testcase>
      <testcase name="[Serial][sig-compute]Infrastructure Node-labeller basic labelling [test_id:6995]should expose tsc frequency and tsc scalability" classname="Tests Suite" time="0">
          <skipped></skipped>
      </testcase>
      <testcase name="[Serial][sig-compute]Infrastructure Node-labeller advanced labelling [test_id:6249] should update node with new cpu model label set" classname="Tests Suite" time="9.797531640999999"></testcase>
      <testcase name="[Serial][sig-compute]Infrastructure Node-labeller advanced labelling [test_id:6250] should update node with new cpu model vendor label" classname="Tests Suite" time="8.602530486"></testcase>
      <testcase name="[Serial][sig-compute]Infrastructure Node-labeller advanced labelling [test_id:6251] should update node with new cpu feature label set" classname="Tests Suite" time="9.800491625"></testcase>
      <testcase name="[Serial][sig-compute]Infrastructure Node-labeller advanced labelling [test_id:6252] should remove all cpu model labels (all cpu model are in obsolete list)" classname="Tests Suite" time="9.79554613"></testcase>
      <testcase name="[Serial][sig-compute]Infrastructure Node-labeller Clean up after old labeller [test_id:6253] should remove old labeller labels and annotations" classname="Tests Suite" time="25.19480134"></testcase>
      <testcase name="[Serial][sig-compute]Infrastructure cluster profiler for pprof data aggregation when ClusterProfiler feature gate is disabled it should prevent subresource access" classname="Tests Suite" time="6.643941756"></testcase>
      <testcase name="[Serial][sig-compute]Infrastructure cluster profiler for pprof data aggregation when ClusterProfiler feature gate [QUARANTINE] is enabled it should allow subresource access" classname="Tests Suite" time="0">
          <skipped></skipped>
      </testcase>
      <testcase name="[sig-storage] [Serial]ImageUpload [storage-req] Upload an image and start a VMI with PVC [test_id:4621] Should succeed DataVolume" classname="Tests Suite" time="0">
          <skipped></skipped>
      </testcase>
      <testcase name="[sig-storage] [Serial]ImageUpload [storage-req] Upload an image and start a VMI with PVC [test_id:4621] Should succeed PVC" classname="Tests Suite" time="0">
          <skipped></skipped>
      </testcase>
      <testcase name="[sig-storage] [Serial]ImageUpload Create upload volume with force-bind flag Should succeed DataVolume" classname="Tests Suite" time="0">
          <skipped></skipped>
      </testcase>
      <testcase name="[sig-storage] [Serial]ImageUpload Create upload volume with force-bind flag Should succeed PVC" classname="Tests Suite" time="0">
          <skipped></skipped>
      </testcase>
      <testcase name="[sig-storage] [Serial]ImageUpload Create upload archive volume Should succeed DataVolume" classname="Tests Suite" time="0">
          <skipped></skipped>
      </testcase>
      <testcase name="[sig-storage] [Serial]ImageUpload Create upload archive volume Should succeed PVC" classname="Tests Suite" time="0">
          <skipped></skipped>
      </testcase>
      <testcase name="[sig-network] Subdomain with a headless service given VMI should have the expected FQDN with Masquerade binding and subdomain" classname="Tests Suite" time="0">
          <skipped></skipped>
      </testcase>
      <testcase name="[sig-network] Subdomain with a headless service given VMI should have the expected FQDN with Bridge binding and subdomain" classname="Tests Suite" time="0">
          <skipped></skipped>
      </testcase>
      <testcase name="[sig-network] Subdomain with a headless service given VMI should have the expected FQDN with Masquerade binding without subdomain" classname="Tests Suite" time="0">
          <skipped></skipped>
      </testcase>
      <testcase name="[sig-network] Subdomain with a headless service given VMI should have the expected FQDN with Bridge binding without subdomain" classname="Tests Suite" time="0">
          <skipped></skipped>
      </testcase>
      <testcase name="[sig-network] Subdomain with a headless service given VMI with custom DNSPolicy should have the expected FQDN" classname="Tests Suite" time="0">
          <skipped></skipped>
      </testcase>
      <testcase name="[sig-network] Subdomain VMI with custom DNSPolicy, a subdomain and no service entry, should not include the subdomain in the searchlist" classname="Tests Suite" time="0">
          <skipped></skipped>
      </testcase>
      <testcase name="[rfe_id:1177][crit:medium][vendor:cnv-qe@redhat.com][level:component][sig-compute]VirtualMachine An invalid VirtualMachine given [test_id:1518]should be rejected on POST" classname="Tests Suite" time="0">
          <skipped></skipped>
      </testcase>
      <testcase name="[rfe_id:1177][crit:medium][vendor:cnv-qe@redhat.com][level:component][sig-compute]VirtualMachine An invalid VirtualMachine given [test_id:1519]should reject POST if validation webhoook deems the spec is invalid" classname="Tests Suite" time="0">
          <skipped></skipped>
      </testcase>
      <testcase name="[rfe_id:1177][crit:medium][vendor:cnv-qe@redhat.com][level:component][sig-compute]VirtualMachine [Serial]A mutated VirtualMachine given [test_id:3312]should set the default MachineType when created without explicit value" classname="Tests Suite" time="7.147787903"></testcase>
      <testcase name="[rfe_id:1177][crit:medium][vendor:cnv-qe@redhat.com][level:component][sig-compute]VirtualMachine [Serial]A mutated VirtualMachine given [test_id:3311]should keep the supplied MachineType when created" classname="Tests Suite" time="7.554949053"></testcase>
      <testcase name="[rfe_id:1177][crit:medium][vendor:cnv-qe@redhat.com][level:component][sig-compute]VirtualMachine A valid VirtualMachine given cpu/memory in requests/limits should allow int type" classname="Tests Suite" time="0">
          <skipped></skipped>
      </testcase>
      <testcase name="[rfe_id:1177][crit:medium][vendor:cnv-qe@redhat.com][level:component][sig-compute]VirtualMachine A valid VirtualMachine given cpu/memory in requests/limits should allow float type" classname="Tests Suite" time="0">
          <skipped></skipped>
      </testcase>
      <testcase name="[rfe_id:1177][crit:medium][vendor:cnv-qe@redhat.com][level:component][sig-compute]VirtualMachine A valid VirtualMachine given [test_id:3161]should carry annotations to VMI" classname="Tests Suite" time="0">
          <skipped></skipped>
      </testcase>
      <testcase name="[rfe_id:1177][crit:medium][vendor:cnv-qe@redhat.com][level:component][sig-compute]VirtualMachine A valid VirtualMachine given [test_id:3162]should ignore kubernetes and kubevirt annotations to VMI" classname="Tests Suite" time="0">
          <skipped></skipped>
      </testcase>
      <testcase name="[rfe_id:1177][crit:medium][vendor:cnv-qe@redhat.com][level:component][sig-compute]VirtualMachine A valid VirtualMachine given [test_id:1520]should update VirtualMachine once VMIs are up with ContainerDisk" classname="Tests Suite" time="0">
          <skipped></skipped>
      </testcase>
      <testcase name="[rfe_id:1177][crit:medium][vendor:cnv-qe@redhat.com][level:component][sig-compute]VirtualMachine A valid VirtualMachine given [test_id:1520]should update VirtualMachine once VMIs are up [Serial][storage-req]with Filesystem Disk" classname="Tests Suite" time="49.407268009"></testcase>
      <testcase name="[rfe_id:1177][crit:medium][vendor:cnv-qe@redhat.com][level:component][sig-compute]VirtualMachine A valid VirtualMachine given [test_id:1520]should update VirtualMachine once VMIs are up [Serial][storage-req]with Block Disk" classname="Tests Suite" time="39.988564381"></testcase>
      <testcase name="[rfe_id:1177][crit:medium][vendor:cnv-qe@redhat.com][level:component][sig-compute]VirtualMachine A valid VirtualMachine given [test_id:1521]should remove VirtualMachineInstance once the VM is marked for deletion with ContainerDisk" classname="Tests Suite" time="0">
          <skipped></skipped>
      </testcase>
      <testcase name="[rfe_id:1177][crit:medium][vendor:cnv-qe@redhat.com][level:component][sig-compute]VirtualMachine A valid VirtualMachine given [test_id:1521]should remove VirtualMachineInstance once the VM is marked for deletion [Serial][storage-req]with Filesystem Disk" classname="Tests Suite" time="22.851100064"></testcase>
      <testcase name="[rfe_id:1177][crit:medium][vendor:cnv-qe@redhat.com][level:component][sig-compute]VirtualMachine A valid VirtualMachine given [test_id:1521]should remove VirtualMachineInstance once the VM is marked for deletion [Serial][storage-req]with Block Disk" classname="Tests Suite" time="20.716917304"></testcase>
      <testcase name="[rfe_id:1177][crit:medium][vendor:cnv-qe@redhat.com][level:component][sig-compute]VirtualMachine A valid VirtualMachine given [test_id:1522]should remove owner references on the VirtualMachineInstance if it is orphan deleted" classname="Tests Suite" time="0">
          <skipped></skipped>
      </testcase>
      <testcase name="[rfe_id:1177][crit:medium][vendor:cnv-qe@redhat.com][level:component][sig-compute]VirtualMachine A valid VirtualMachine given [test_id:1523]should recreate VirtualMachineInstance if it gets deleted" classname="Tests Suite" time="0">
          <skipped></skipped>
      </testcase>
      <testcase name="[rfe_id:1177][crit:medium][vendor:cnv-qe@redhat.com][level:component][sig-compute]VirtualMachine A valid VirtualMachine given [test_id:1524]should recreate VirtualMachineInstance if the VirtualMachineInstance&#39;s pod gets deleted" classname="Tests Suite" time="0">
          <skipped></skipped>
      </testcase>
      <testcase name="[rfe_id:1177][crit:medium][vendor:cnv-qe@redhat.com][level:component][sig-compute]VirtualMachine A valid VirtualMachine given [test_id:1525]should stop VirtualMachineInstance if running set to false with ContainerDisk" classname="Tests Suite" time="0">
          <skipped></skipped>
      </testcase>
      <testcase name="[rfe_id:1177][crit:medium][vendor:cnv-qe@redhat.com][level:component][sig-compute]VirtualMachine A valid VirtualMachine given [test_id:1525]should stop VirtualMachineInstance if running set to false [Serial][storage-req]with Filesystem Disk" classname="Tests Suite" time="43.272329631"></testcase>
      <testcase name="[rfe_id:1177][crit:medium][vendor:cnv-qe@redhat.com][level:component][sig-compute]VirtualMachine A valid VirtualMachine given [test_id:1525]should stop VirtualMachineInstance if running set to false [Serial][storage-req]with Block Disk" classname="Tests Suite" time="42.254235146"></testcase>
      <testcase name="[rfe_id:1177][crit:medium][vendor:cnv-qe@redhat.com][level:component][sig-compute]VirtualMachine A valid VirtualMachine given [test_id:1526]should start and stop VirtualMachineInstance multiple times" classname="Tests Suite" time="0">
          <skipped></skipped>
      </testcase>
      <testcase name="[rfe_id:1177][crit:medium][vendor:cnv-qe@redhat.com][level:component][sig-compute]VirtualMachine A valid VirtualMachine given [test_id:1527]should not update the VirtualMachineInstance spec if Running" classname="Tests Suite" time="0">
          <skipped></skipped>
      </testcase>
      <testcase name="[rfe_id:1177][crit:medium][vendor:cnv-qe@redhat.com][level:component][sig-compute]VirtualMachine A valid VirtualMachine given [test_id:1528]should survive guest shutdown, multiple times" classname="Tests Suite" time="0">
          <skipped></skipped>
      </testcase>
      <testcase name="[rfe_id:1177][crit:medium][vendor:cnv-qe@redhat.com][level:component][sig-compute]VirtualMachine A valid VirtualMachine given should create vm revision when starting vm" classname="Tests Suite" time="0">
          <skipped></skipped>
      </testcase>
      <testcase name="[rfe_id:1177][crit:medium][vendor:cnv-qe@redhat.com][level:component][sig-compute]VirtualMachine A valid VirtualMachine given should delete old vm revision and create new one when restarting vm" classname="Tests Suite" time="0">
          <skipped></skipped>
      </testcase>
      <testcase name="[rfe_id:1177][crit:medium][vendor:cnv-qe@redhat.com][level:component][sig-compute]VirtualMachine A valid VirtualMachine given [test_id:4645]should set the Ready condition on VM" classname="Tests Suite" time="0">
          <skipped></skipped>
      </testcase>
      <testcase name="[rfe_id:1177][crit:medium][vendor:cnv-qe@redhat.com][level:component][sig-compute]VirtualMachine A valid VirtualMachine given should report an error status when VM scheduling error occurs [test_id:6867]with unsatisfiable resource requirements" classname="Tests Suite" time="0">
          <skipped></skipped>
      </testcase>
      <testcase name="[rfe_id:1177][crit:medium][vendor:cnv-qe@redhat.com][level:component][sig-compute]VirtualMachine A valid VirtualMachine given should report an error status when VM scheduling error occurs [test_id:6868]with unsatisfiable scheduling constraints" classname="Tests Suite" time="0">
          <skipped></skipped>
      </testcase>
      <testcase name="[rfe_id:1177][crit:medium][vendor:cnv-qe@redhat.com][level:component][sig-compute]VirtualMachine A valid VirtualMachine given [test_id:6869]should report an error status when image pull error occurs" classname="Tests Suite" time="0">
          <skipped></skipped>
      </testcase>
      <testcase name="[rfe_id:1177][crit:medium][vendor:cnv-qe@redhat.com][level:component][sig-compute]VirtualMachine A valid VirtualMachine given should report an error status when a VM with a missing PVC/DV is started [test_id:7596]missing PVC" classname="Tests Suite" time="0">
          <skipped></skipped>
      </testcase>
      <testcase name="[rfe_id:1177][crit:medium][vendor:cnv-qe@redhat.com][level:component][sig-compute]VirtualMachine A valid VirtualMachine given should report an error status when a VM with a missing PVC/DV is started [test_id:7597]missing DataVolume" classname="Tests Suite" time="0">
          <skipped></skipped>
      </testcase>
      <testcase name="[rfe_id:1177][crit:medium][vendor:cnv-qe@redhat.com][level:component][sig-compute]VirtualMachine A valid VirtualMachine given [test_id:7679]should report an error status when data volume error occurs" classname="Tests Suite" time="0">
          <skipped></skipped>
      </testcase>
      <testcase name="[rfe_id:1177][crit:medium][vendor:cnv-qe@redhat.com][level:component][sig-compute]VirtualMachine A valid VirtualMachine given Using virtctl interface [test_id:1529]should start a VirtualMachineInstance once" classname="Tests Suite" time="0">
          <skipped></skipped>
      </testcase>
      <testcase name="[rfe_id:1177][crit:medium][vendor:cnv-qe@redhat.com][level:component][sig-compute]VirtualMachine A valid VirtualMachine given Using virtctl interface [test_id:1530]should stop a VirtualMachineInstance once" classname="Tests Suite" time="0">
          <skipped></skipped>
      </testcase>
      <testcase name="[rfe_id:1177][crit:medium][vendor:cnv-qe@redhat.com][level:component][sig-compute]VirtualMachine A valid VirtualMachine given Using virtctl interface [test_id:6310]should start a VirtualMachineInstance in paused state" classname="Tests Suite" time="0">
          <skipped></skipped>
      </testcase>
      <testcase name="[rfe_id:1177][crit:medium][vendor:cnv-qe@redhat.com][level:component][sig-compute]VirtualMachine A valid VirtualMachine given Using virtctl interface [test_id:3007]Should force restart a VM with terminationGracePeriodSeconds&gt;0" classname="Tests Suite" time="0">
          <skipped></skipped>
      </testcase>
      <testcase name="[rfe_id:1177][crit:medium][vendor:cnv-qe@redhat.com][level:component][sig-compute]VirtualMachine A valid VirtualMachine given Using virtctl interface Should force stop a VMI" classname="Tests Suite" time="0">
          <skipped></skipped>
      </testcase>
      <testcase name="[rfe_id:1177][crit:medium][vendor:cnv-qe@redhat.com][level:component][sig-compute]VirtualMachine A valid VirtualMachine given Using virtctl interface Using RunStrategyAlways [test_id:3163]should stop a running VM" classname="Tests Suite" time="0">
          <skipped></skipped>
      </testcase>
      <testcase name="[rfe_id:1177][crit:medium][vendor:cnv-qe@redhat.com][level:component][sig-compute]VirtualMachine A valid VirtualMachine given Using virtctl interface Using RunStrategyAlways [test_id:3164]should restart a running VM" classname="Tests Suite" time="0">
          <skipped></skipped>
      </testcase>
      <testcase name="[rfe_id:1177][crit:medium][vendor:cnv-qe@redhat.com][level:component][sig-compute]VirtualMachine A valid VirtualMachine given Using virtctl interface Using RunStrategyAlways [test_id:3165]should restart a succeeded VMI" classname="Tests Suite" time="0">
          <skipped></skipped>
      </testcase>
      <testcase name="[rfe_id:1177][crit:medium][vendor:cnv-qe@redhat.com][level:component][sig-compute]VirtualMachine A valid VirtualMachine given Using virtctl interface Using RunStrategyAlways [test_id:4119]should migrate a running VM" classname="Tests Suite" time="0">
          <skipped></skipped>
      </testcase>
      <testcase name="[rfe_id:1177][crit:medium][vendor:cnv-qe@redhat.com][level:component][sig-compute]VirtualMachine A valid VirtualMachine given Using virtctl interface Using RunStrategyAlways [test_id:7743]should not migrate a running vm if dry-run option is passed" classname="Tests Suite" time="0">
          <skipped></skipped>
      </testcase>
      <testcase name="[rfe_id:1177][crit:medium][vendor:cnv-qe@redhat.com][level:component][sig-compute]VirtualMachine A valid VirtualMachine given Using virtctl interface Using RunStrategyRerunOnFailure [test_id:2186] should stop a running VM" classname="Tests Suite" time="0">
          <skipped></skipped>
      </testcase>
      <testcase name="[rfe_id:1177][crit:medium][vendor:cnv-qe@redhat.com][level:component][sig-compute]VirtualMachine A valid VirtualMachine given Using virtctl interface Using RunStrategyRerunOnFailure [test_id:2187] should restart a running VM" classname="Tests Suite" time="0">
          <skipped></skipped>
      </testcase>
      <testcase name="[rfe_id:1177][crit:medium][vendor:cnv-qe@redhat.com][level:component][sig-compute]VirtualMachine A valid VirtualMachine given Using virtctl interface Using RunStrategyRerunOnFailure [test_id:2188] should not remove a succeeded VMI" classname="Tests Suite" time="0">
          <skipped></skipped>
      </testcase>
      <testcase name="[rfe_id:1177][crit:medium][vendor:cnv-qe@redhat.com][level:component][sig-compute]VirtualMachine A valid VirtualMachine given Using virtctl interface Using RunStrategyHalted [test_id:2037] should start a stopped VM" classname="Tests Suite" time="0">
          <skipped></skipped>
      </testcase>
      <testcase name="[rfe_id:1177][crit:medium][vendor:cnv-qe@redhat.com][level:component][sig-compute]VirtualMachine A valid VirtualMachine given Using virtctl interface Using RunStrategyManual [test_id:2036] should start" classname="Tests Suite" time="0">
          <skipped></skipped>
      </testcase>
      <testcase name="[rfe_id:1177][crit:medium][vendor:cnv-qe@redhat.com][level:component][sig-compute]VirtualMachine A valid VirtualMachine given Using virtctl interface Using RunStrategyManual [test_id:2189] should stop" classname="Tests Suite" time="0">
          <skipped></skipped>
      </testcase>
      <testcase name="[rfe_id:1177][crit:medium][vendor:cnv-qe@redhat.com][level:component][sig-compute]VirtualMachine A valid VirtualMachine given Using virtctl interface Using RunStrategyManual [test_id:6311]should start in paused state" classname="Tests Suite" time="0">
          <skipped></skipped>
      </testcase>
      <testcase name="[rfe_id:1177][crit:medium][vendor:cnv-qe@redhat.com][level:component][sig-compute]VirtualMachine A valid VirtualMachine given Using virtctl interface Using RunStrategyManual [test_id:2035] should restart" classname="Tests Suite" time="0">
          <skipped></skipped>
      </testcase>
      <testcase name="[rfe_id:1177][crit:medium][vendor:cnv-qe@redhat.com][level:component][sig-compute]VirtualMachine A valid VirtualMachine given Using virtctl interface Using RunStrategyManual [test_id:2190] should not remove a succeeded VMI" classname="Tests Suite" time="0">
          <skipped></skipped>
      </testcase>
      <testcase name="[rfe_id:1177][crit:medium][vendor:cnv-qe@redhat.com][level:component][sig-compute]VirtualMachine A valid VirtualMachine given Using virtctl interface Using RunStrategyManual with a failing VMI and the kubevirt.io/keep-launcher-alive-after-failure annotation [test_id:7164]VMI launcher pod should fail" classname="Tests Suite" time="0">
          <skipped></skipped>
      </testcase>
      <testcase name="[rfe_id:1177][crit:medium][vendor:cnv-qe@redhat.com][level:component][sig-compute]VirtualMachine A valid VirtualMachine given Using virtctl interface Using RunStrategyManual with a failing VMI and the kubevirt.io/keep-launcher-alive-after-failure annotation [test_id:6993]VMI launcher pod compute container should keep running" classname="Tests Suite" time="0">
          <skipped></skipped>
      </testcase>
      <testcase name="[rfe_id:1177][crit:medium][vendor:cnv-qe@redhat.com][level:component][sig-compute]VirtualMachine [rfe_id:273]with oc/kubectl [test_id:243][posneg:negative]should create VM only once" classname="Tests Suite" time="0">
          <skipped></skipped>
      </testcase>
      <testcase name="[rfe_id:1177][crit:medium][vendor:cnv-qe@redhat.com][level:component][sig-compute]VirtualMachine [rfe_id:273]with oc/kubectl [release-blocker][test_id:299]should create VM via command line using all supported API versions with v1 api" classname="Tests Suite" time="0">
          <skipped></skipped>
      </testcase>
      <testcase name="[rfe_id:1177][crit:medium][vendor:cnv-qe@redhat.com][level:component][sig-compute]VirtualMachine [rfe_id:273]with oc/kubectl [release-blocker][test_id:299]should create VM via command line using all supported API versions with v1alpha3 api" classname="Tests Suite" time="0">
          <skipped></skipped>
      </testcase>
      <testcase name="[rfe_id:1177][crit:medium][vendor:cnv-qe@redhat.com][level:component][sig-compute]VirtualMachine [rfe_id:273]with oc/kubectl [test_id:264]should create and delete via command line" classname="Tests Suite" time="0">
          <skipped></skipped>
      </testcase>
      <testcase name="[rfe_id:1177][crit:medium][vendor:cnv-qe@redhat.com][level:component][sig-compute]VirtualMachine [rfe_id:273]with oc/kubectl should not change anything if dry-run option is passed [test_id:7530]in start command" classname="Tests Suite" time="0">
          <skipped></skipped>
      </testcase>
      <testcase name="[rfe_id:1177][crit:medium][vendor:cnv-qe@redhat.com][level:component][sig-compute]VirtualMachine [rfe_id:273]with oc/kubectl should not change anything if dry-run option is passed in stop command [test_id:7529]with no other flags" classname="Tests Suite" time="0">
          <skipped></skipped>
      </testcase>
      <testcase name="[rfe_id:1177][crit:medium][vendor:cnv-qe@redhat.com][level:component][sig-compute]VirtualMachine [rfe_id:273]with oc/kubectl should not change anything if dry-run option is passed in stop command [test_id:7604]with grace period" classname="Tests Suite" time="0">
          <skipped></skipped>
      </testcase>
      <testcase name="[rfe_id:1177][crit:medium][vendor:cnv-qe@redhat.com][level:component][sig-compute]VirtualMachine [rfe_id:273]with oc/kubectl should not change anything if dry-run option is passed [test_id:7528]in restart command" classname="Tests Suite" time="0">
          <skipped></skipped>
      </testcase>
      <testcase name="[rfe_id:1177][crit:medium][vendor:cnv-qe@redhat.com][level:component][sig-compute]VirtualMachine [rfe_id:273]with oc/kubectl [test_id:232]should create same manifest twice via command line" classname="Tests Suite" time="0">
          <skipped></skipped>
      </testcase>
      <testcase name="[rfe_id:1177][crit:medium][vendor:cnv-qe@redhat.com][level:component][sig-compute]VirtualMachine [rfe_id:273]with oc/kubectl [test_id:233][posneg:negative]should fail when deleting nonexistent VM" classname="Tests Suite" time="0">
          <skipped></skipped>
      </testcase>
      <testcase name="[rfe_id:1177][crit:medium][vendor:cnv-qe@redhat.com][level:component][sig-compute]VirtualMachine [rfe_id:273]with oc/kubectl as ordinary OCP user trough test service account should succeed with right rights [test_id:2839]should create VM via command line" classname="Tests Suite" time="0">
          <skipped></skipped>
      </testcase>
      <testcase name="[rfe_id:1177][crit:medium][vendor:cnv-qe@redhat.com][level:component][sig-compute]VirtualMachine [rfe_id:273]with oc/kubectl as ordinary OCP user trough test service account should fail without right rights [test_id:2914]should create VM via command line" classname="Tests Suite" time="0">
          <skipped></skipped>
      </testcase>
      <testcase name="[rfe_id:1177][crit:medium][vendor:cnv-qe@redhat.com][level:component][sig-compute]VirtualMachine crash loop backoff should backoff attempting to create a new VMI when &#39;runStrategy: Always&#39; during crash loop." classname="Tests Suite" time="0">
          <skipped></skipped>
      </testcase>
      <testcase name="[rfe_id:1177][crit:medium][vendor:cnv-qe@redhat.com][level:component][sig-compute]VirtualMachine crash loop backoff should be able to stop a VM during crashloop backoff when when &#39;runStrategy: Always&#39; is set" classname="Tests Suite" time="0">
          <skipped></skipped>
      </testcase>
      <testcase name="[Serial][sig-operator]virt-handler canary upgrade should successfully upgrade virt-handler" classname="Tests Suite" time="0">
          <skipped></skipped>
      </testcase>
      <testcase name="[rfe_id:127][crit:medium][arm64][vendor:cnv-qe@redhat.com][level:component][sig-compute]VNC [rfe_id:127][crit:medium][vendor:cnv-qe@redhat.com][level:component]A new VirtualMachineInstance with VNC connection [test_id:1611]should allow accessing the VNC device multiple times" classname="Tests Suite" time="0">
          <skipped></skipped>
      </testcase>
      <testcase name="[rfe_id:127][crit:medium][arm64][vendor:cnv-qe@redhat.com][level:component][sig-compute]VNC [rfe_id:127][crit:medium][vendor:cnv-qe@redhat.com][level:component]A new VirtualMachineInstance [rfe_id:127][crit:medium][vendor:cnv-qe@redhat.com][level:component]should upgrade websocket connection which look like coming from a browser [test_id:1612]for vnc" classname="Tests Suite" time="0">
          <skipped></skipped>
      </testcase>
      <testcase name="[rfe_id:127][crit:medium][arm64][vendor:cnv-qe@redhat.com][level:component][sig-compute]VNC [rfe_id:127][crit:medium][vendor:cnv-qe@redhat.com][level:component]A new VirtualMachineInstance [rfe_id:127][crit:medium][vendor:cnv-qe@redhat.com][level:component]should upgrade websocket connection which look like coming from a browser [test_id:1613]for serial console" classname="Tests Suite" time="0">
          <skipped></skipped>
      </testcase>
      <testcase name="[rfe_id:127][crit:medium][arm64][vendor:cnv-qe@redhat.com][level:component][sig-compute]VNC [rfe_id:127][crit:medium][vendor:cnv-qe@redhat.com][level:component]A new VirtualMachineInstance [test_id:1614]should upgrade websocket connections without a subprotocol given" classname="Tests Suite" time="0">
          <skipped></skipped>
      </testcase>
      <testcase name="[rfe_id:127][crit:medium][arm64][vendor:cnv-qe@redhat.com][level:component][sig-compute]VNC [rfe_id:127][crit:medium][vendor:cnv-qe@redhat.com][level:component]A new VirtualMachineInstance [test_id:4272]should connect to vnc with --proxy-only flag" classname="Tests Suite" time="0">
          <skipped></skipped>
      </testcase>
      <testcase name="[rfe_id:127][crit:medium][arm64][vendor:cnv-qe@redhat.com][level:component][sig-compute]VNC [rfe_id:127][crit:medium][vendor:cnv-qe@redhat.com][level:component]A new VirtualMachineInstance [test_id:5274]should connect to vnc with --proxy-only flag to the specified port" classname="Tests Suite" time="0">
          <skipped></skipped>
      </testcase>
      <testcase name="[sig-network] Services bridge interface binding with a service matching the vmi exposed [test_id:1547] should be able to reach the vmi based on labels specified on the vmi" classname="Tests Suite" time="0">
          <skipped></skipped>
      </testcase>
      <testcase name="[sig-network] Services bridge interface binding with a service matching the vmi exposed [test_id:1548] should fail to reach the vmi if an invalid servicename is used" classname="Tests Suite" time="0">
          <skipped></skipped>
      </testcase>
      <testcase name="[sig-network] Services bridge interface binding with a subdomain and a headless service given [test_id:1549]should be able to reach the vmi via its unique fully qualified domain name" classname="Tests Suite" time="0">
          <skipped></skipped>
      </testcase>
      <testcase name="[sig-network] Services Masquerade interface binding with a service matching the vmi exposed [Conformance] should be able to reach the vmi based on labels specified on the vmi when the service is exposed by an IPv4 address." classname="Tests Suite" time="0">
          <skipped></skipped>
      </testcase>
      <testcase name="[sig-network] Services Masquerade interface binding with a service matching the vmi exposed [Conformance] should be able to reach the vmi based on labels specified on the vmi when the service is exposed by an IPv6 address." classname="Tests Suite" time="0">
          <skipped></skipped>
      </testcase>
      <testcase name="[sig-network] Services Masquerade interface binding *without* a service matching the vmi exposed should fail to reach the vmi" classname="Tests Suite" time="0">
          <skipped></skipped>
      </testcase>
      <testcase name="[sig-compute]HookSidecars [rfe_id:2667][crit:medium][vendor:cnv-qe@redhat.com][level:component] VMI definition with SM BIOS hook sidecar [test_id:3155]should successfully start with hook sidecar annotation" classname="Tests Suite" time="0">
          <skipped></skipped>
      </testcase>
      <testcase name="[sig-compute]HookSidecars [rfe_id:2667][crit:medium][vendor:cnv-qe@redhat.com][level:component] VMI definition with SM BIOS hook sidecar [test_id:3156]should successfully start with hook sidecar annotation for v1alpha2" classname="Tests Suite" time="0">
          <skipped></skipped>
      </testcase>
      <testcase name="[sig-compute]HookSidecars [rfe_id:2667][crit:medium][vendor:cnv-qe@redhat.com][level:component] VMI definition with SM BIOS hook sidecar [test_id:3157]should call Collect and OnDefineDomain on the hook sidecar" classname="Tests Suite" time="0">
          <skipped></skipped>
      </testcase>
      <testcase name="[sig-compute]HookSidecars [rfe_id:2667][crit:medium][vendor:cnv-qe@redhat.com][level:component] VMI definition with SM BIOS hook sidecar [test_id:3158]should update domain XML with SM BIOS properties" classname="Tests Suite" time="0">
          <skipped></skipped>
      </testcase>
      <testcase name="[sig-compute]HookSidecars [rfe_id:2667][crit:medium][vendor:cnv-qe@redhat.com][level:component] VMI definition with SM BIOS hook sidecar should not start with hook sidecar annotation when the version is not provided" classname="Tests Suite" time="0">
          <skipped></skipped>
      </testcase>
      <testcase name="[sig-compute]HookSidecars [rfe_id:2667][crit:medium][vendor:cnv-qe@redhat.com][level:component] VMI definition [Serial]with sidecar feature gate disabled [test_id:2666]should not start with hook sidecar annotation" classname="Tests Suite" time="0">
          <skipped></skipped>
      </testcase>
      <testcase name="[sig-storage] [Serial]K8s IO events [test_id:6225]Should catch the IO error event" classname="Tests Suite" time="0">
          <skipped></skipped>
      </testcase>
      <testcase name="[Serial][sig-compute]SecurityFeatures Check virt-launcher securityContext With selinuxLauncherType as container_t [test_id:2953]Ensure virt-launcher pod securityContext type is correctly set" classname="Tests Suite" time="15.983929346"></testcase>
      <testcase name="[Serial][sig-compute]SecurityFeatures Check virt-launcher securityContext With selinuxLauncherType as container_t [test_id:2895]Make sure the virt-launcher pod is not priviledged" classname="Tests Suite" time="18.412600943"></testcase>
      <testcase name="[Serial][sig-compute]SecurityFeatures Check virt-launcher securityContext With selinuxLauncherType as container_t [test_id:4297]Make sure qemu processes are MCS constrained" classname="Tests Suite" time="17.573905696"></testcase>
      <testcase name="[Serial][sig-compute]SecurityFeatures Check virt-launcher securityContext With selinuxLauncherType defined as spc_t [test_id:3787]Should honor custom SELinux type for virt-launcher" classname="Tests Suite" time="23.141268676"></testcase>
      <testcase name="[Serial][sig-compute]SecurityFeatures Check virt-launcher securityContext With selinuxLauncherType defined as virt_launcher.process [test_id:4298]qemu process type is virt_launcher.process, when selinuxLauncherType is virt_launcher.process" classname="Tests Suite" time="21.083283739"></testcase>
      <testcase name="[Serial][sig-compute]SecurityFeatures Check virt-launcher capabilities [test_id:4300]has precisely the documented extra capabilities relative to a regular user pod" classname="Tests Suite" time="21.398498431"></testcase>
      <testcase name="[sig-storage] Storage Starting a VirtualMachineInstance with error disk  should pause VMI on IO error" classname="Tests Suite" time="0">
          <skipped></skipped>
      </testcase>
      <testcase name="[sig-storage] Storage Starting a VirtualMachineInstance with faulty disk  should pause VMI on IO error" classname="Tests Suite" time="0">
          <skipped></skipped>
      </testcase>
      <testcase name="[sig-storage] Storage Starting a VirtualMachineInstance [rfe_id:3106][crit:medium][vendor:cnv-qe@redhat.com][level:component]with Alpine PVC should be successfully started [test_id:3130]with Disk PVC" classname="Tests Suite" time="0">
          <skipped></skipped>
      </testcase>
      <testcase name="[sig-storage] Storage Starting a VirtualMachineInstance [rfe_id:3106][crit:medium][vendor:cnv-qe@redhat.com][level:component]with Alpine PVC should be successfully started [test_id:3131]with CDRom PVC" classname="Tests Suite" time="0">
          <skipped></skipped>
      </testcase>
      <testcase name="[sig-storage] Storage Starting a VirtualMachineInstance [rfe_id:3106][crit:medium][vendor:cnv-qe@redhat.com][level:component]with Alpine PVC should be successfully started [test_id:4618]with NFS Disk PVC using ipv4 address of the NFS pod" classname="Tests Suite" time="0">
          <skipped></skipped>
      </testcase>
      <testcase name="[sig-storage] Storage Starting a VirtualMachineInstance [rfe_id:3106][crit:medium][vendor:cnv-qe@redhat.com][level:component]with Alpine PVC should be successfully started [Serial]with NFS Disk PVC using ipv6 address of the NFS pod" classname="Tests Suite" time="0">
          <skipped></skipped>
      </testcase>
      <testcase name="[sig-storage] Storage Starting a VirtualMachineInstance [rfe_id:3106][crit:medium][vendor:cnv-qe@redhat.com][level:component]with Alpine PVC should be successfully started [Serial]with NFS Disk PVC using ipv4 address of the NFS pod not owned by qemu" classname="Tests Suite" time="0">
          <skipped></skipped>
      </testcase>
      <testcase name="[sig-storage] Storage Starting a VirtualMachineInstance [rfe_id:3106][crit:medium][vendor:cnv-qe@redhat.com][level:component]with Alpine PVC should be successfully started and stopped multiple times [test_id:3132]with Disk PVC" classname="Tests Suite" time="0">
          <skipped></skipped>
      </testcase>
      <testcase name="[sig-storage] Storage Starting a VirtualMachineInstance [rfe_id:3106][crit:medium][vendor:cnv-qe@redhat.com][level:component]with Alpine PVC should be successfully started and stopped multiple times [test_id:3133]with CDRom PVC" classname="Tests Suite" time="0">
          <skipped></skipped>
      </testcase>
      <testcase name="[sig-storage] Storage Starting a VirtualMachineInstance [rfe_id:3106][crit:medium][vendor:cnv-qe@redhat.com][level:component]With an emptyDisk defined [test_id:3134]should create a writeable emptyDisk with the right capacity" classname="Tests Suite" time="0">
          <skipped></skipped>
      </testcase>
      <testcase name="[sig-storage] Storage Starting a VirtualMachineInstance [rfe_id:3106][crit:medium][vendor:cnv-qe@redhat.com][level:component]With an emptyDisk defined and a specified serial number [test_id:3135]should create a writeable emptyDisk with the specified serial number" classname="Tests Suite" time="0">
          <skipped></skipped>
      </testcase>
      <testcase name="[sig-storage] Storage Starting a VirtualMachineInstance VirtIO-FS with an empty PVC should be successfully started and virtiofs could be accessed" classname="Tests Suite" time="0">
          <skipped></skipped>
      </testcase>
      <testcase name="[sig-storage] Storage Starting a VirtualMachineInstance Run a VMI with VirtIO-FS and a datavolume should be successfully started and virtiofs could be accessed" classname="Tests Suite" time="0">
          <skipped></skipped>
      </testcase>
      <testcase name="[sig-storage] Storage Starting a VirtualMachineInstance [rfe_id:3106][crit:medium][vendor:cnv-qe@redhat.com][level:component]With ephemeral alpine PVC should be successfully started [test_id:3136]with Ephemeral PVC" classname="Tests Suite" time="0">
          <skipped></skipped>
      </testcase>
      <testcase name="[sig-storage] Storage Starting a VirtualMachineInstance [rfe_id:3106][crit:medium][vendor:cnv-qe@redhat.com][level:component]With ephemeral alpine PVC should be successfully started [test_id:4619]with Ephemeral PVC from NFS using ipv4 address of the NFS pod" classname="Tests Suite" time="0">
          <skipped></skipped>
      </testcase>
      <testcase name="[sig-storage] Storage Starting a VirtualMachineInstance [rfe_id:3106][crit:medium][vendor:cnv-qe@redhat.com][level:component]With ephemeral alpine PVC should be successfully started with Ephemeral PVC from NFS using ipv6 address of the NFS pod" classname="Tests Suite" time="0">
          <skipped></skipped>
      </testcase>
      <testcase name="[sig-storage] Storage Starting a VirtualMachineInstance [rfe_id:3106][crit:medium][vendor:cnv-qe@redhat.com][level:component]With ephemeral alpine PVC [test_id:3137]should not persist data" classname="Tests Suite" time="0">
          <skipped></skipped>
      </testcase>
      <testcase name="[sig-storage] Storage Starting a VirtualMachineInstance [rfe_id:3106][crit:medium][vendor:cnv-qe@redhat.com][level:component]With VirtualMachineInstance with two PVCs [test_id:3138]should start vmi multiple times" classname="Tests Suite" time="0">
          <skipped></skipped>
      </testcase>
      <testcase name="[sig-storage] Storage Starting a VirtualMachineInstance [Serial]With feature gates disabled for [test_id:4620]HostDisk, it should fail to start a VMI" classname="Tests Suite" time="0">
          <skipped></skipped>
      </testcase>
      <testcase name="[sig-storage] Storage Starting a VirtualMachineInstance [Serial]With feature gates disabled for VirtioFS, it should fail to start a VMI" classname="Tests Suite" time="0">
          <skipped></skipped>
      </testcase>
      <testcase name="[sig-storage] Storage Starting a VirtualMachineInstance [rfe_id:2298][crit:medium][vendor:cnv-qe@redhat.com][level:component] With HostDisk and PVC initialization With a HostDisk defined With &#39;DiskExistsOrCreate&#39; type Should create a disk image and start [test_id:851]with virtio driver" classname="Tests Suite" time="0">
          <skipped></skipped>
      </testcase>
      <testcase name="[sig-storage] Storage Starting a VirtualMachineInstance [rfe_id:2298][crit:medium][vendor:cnv-qe@redhat.com][level:component] With HostDisk and PVC initialization With a HostDisk defined With &#39;DiskExistsOrCreate&#39; type Should create a disk image and start [test_id:3057]with sata driver" classname="Tests Suite" time="0">
          <skipped></skipped>
      </testcase>
      <testcase name="[sig-storage] Storage Starting a VirtualMachineInstance [rfe_id:2298][crit:medium][vendor:cnv-qe@redhat.com][level:component] With HostDisk and PVC initialization With a HostDisk defined With &#39;DiskExistsOrCreate&#39; type [test_id:3107]should start with multiple hostdisks in the same directory" classname="Tests Suite" time="0">
          <skipped></skipped>
      </testcase>
      <testcase name="[sig-storage] Storage Starting a VirtualMachineInstance [rfe_id:2298][crit:medium][vendor:cnv-qe@redhat.com][level:component] With HostDisk and PVC initialization With a HostDisk defined With &#39;DiskExists&#39; type [test_id:2306]Should use existing disk image and start" classname="Tests Suite" time="0">
          <skipped></skipped>
      </testcase>
      <testcase name="[sig-storage] Storage Starting a VirtualMachineInstance [rfe_id:2298][crit:medium][vendor:cnv-qe@redhat.com][level:component] With HostDisk and PVC initialization With a HostDisk defined With &#39;DiskExists&#39; type [test_id:847]Should fail with a capacity option" classname="Tests Suite" time="0">
          <skipped></skipped>
      </testcase>
      <testcase name="[sig-storage] Storage Starting a VirtualMachineInstance [rfe_id:2298][crit:medium][vendor:cnv-qe@redhat.com][level:component] With HostDisk and PVC initialization With a HostDisk defined With unknown hostDisk type [test_id:852]Should fail to start VMI" classname="Tests Suite" time="0">
          <skipped></skipped>
      </testcase>
      <testcase name="[sig-storage] Storage Starting a VirtualMachineInstance [rfe_id:2298][crit:medium][vendor:cnv-qe@redhat.com][level:component] With HostDisk and PVC initialization With multiple empty PVCs [test_id:868] Should initialize an empty PVC by creating a disk.img" classname="Tests Suite" time="0">
          <skipped></skipped>
      </testcase>
      <testcase name="[sig-storage] Storage Starting a VirtualMachineInstance [rfe_id:2298][crit:medium][vendor:cnv-qe@redhat.com][level:component] With HostDisk and PVC initialization With smaller than requested PVCs [Serial][test_id:3108]Should not initialize an empty PVC with a disk.img when disk is too small even with toleration" classname="Tests Suite" time="0">
          <skipped></skipped>
      </testcase>
      <testcase name="[sig-storage] Storage Starting a VirtualMachineInstance [rfe_id:2298][crit:medium][vendor:cnv-qe@redhat.com][level:component] With HostDisk and PVC initialization With smaller than requested PVCs [Serial][test_id:3109]Should initialize an empty PVC with a disk.img when disk is too small but within toleration" classname="Tests Suite" time="0">
          <skipped></skipped>
      </testcase>
      <testcase name="[sig-storage] Storage Starting a VirtualMachineInstance [rfe_id:2288][crit:high][vendor:cnv-qe@redhat.com][level:component][storage-req] With Cirros BlockMode PVC [test_id:1015]should be successfully started" classname="Tests Suite" time="0">
          <skipped></skipped>
      </testcase>
      <testcase name="[sig-storage] Storage Starting a VirtualMachineInstance [storage-req][rfe_id:2288][crit:high][vendor:cnv-qe@redhat.com][level:component]With Alpine block volume PVC [test_id:3139]should be successfully started" classname="Tests Suite" time="0">
          <skipped></skipped>
      </testcase>
      <testcase name="[sig-storage] Storage Starting a VirtualMachineInstance [rfe_id:2288][crit:high][arm64][vendor:cnv-qe@redhat.com][level:component] With not existing PVC [test_id:1040] should get unschedulable condition" classname="Tests Suite" time="0">
          <skipped></skipped>
      </testcase>
      <testcase name="[sig-storage] Storage Starting a VirtualMachineInstance With both SCSI and SATA devices should successfully start with distinct device names" classname="Tests Suite" time="0">
          <skipped></skipped>
      </testcase>
      <testcase name="[sig-storage] Storage Starting a VirtualMachineInstance [storage-req] With a volumeMode block backed ephemeral disk should generate the block backingstore disk within the domain" classname="Tests Suite" time="0">
          <skipped></skipped>
      </testcase>
      <testcase name="[sig-storage] Storage Starting a VirtualMachineInstance [storage-req] With a volumeMode block backed ephemeral disk should generate the pod with the volumeDevice" classname="Tests Suite" time="0">
          <skipped></skipped>
      </testcase>
      <testcase name="[sig-storage] Storage Starting a VirtualMachineInstance with lun disk should run the VMI" classname="Tests Suite" time="0">
          <skipped></skipped>
      </testcase>
      <testcase name="[sig-performance][Serial] Control Plane Performance Density Testing Density test [small] create a batch of 100 VMIs should sucessfully create all VMIS" classname="Tests Suite" time="0">
          <skipped></skipped>
      </testcase>
      <testcase name="[sig-network] Macvtap a virtual machine with one macvtap interface, with a custom MAC address should have the specified MAC address reported back via the API" classname="Tests Suite" time="0">
          <skipped></skipped>
      </testcase>
      <testcase name="[sig-network] Macvtap a virtual machine with one macvtap interface, with a custom MAC address and another virtual machine connected to the same network can communicate with the virtual machine in the same network" classname="Tests Suite" time="0">
          <skipped></skipped>
      </testcase>
      <testcase name="[sig-network] Macvtap VMI migration should be successful when the VMI MAC address is defined in its spec" classname="Tests Suite" time="0">
          <skipped></skipped>
      </testcase>
      <testcase name="[sig-network] Macvtap VMI migration with live traffic should keep connectivity after a migration" classname="Tests Suite" time="0">
          <skipped></skipped>
      </testcase>
      <testcase name="[rfe_id:151][crit:high][vendor:cnv-qe@redhat.com][level:component][sig-compute]CloudInit UserData [rfe_id:151][crit:medium][vendor:cnv-qe@redhat.com][level:component]A new VirtualMachineInstance with cloudInitNoCloud userDataBase64 source [test_id:1615]should have cloud-init data" classname="Tests Suite" time="0">
          <skipped></skipped>
      </testcase>
      <testcase name="[rfe_id:151][crit:high][vendor:cnv-qe@redhat.com][level:component][sig-compute]CloudInit UserData [rfe_id:151][crit:medium][vendor:cnv-qe@redhat.com][level:component]A new VirtualMachineInstance with cloudInitNoCloud userDataBase64 source with injected ssh-key [test_id:1616]should have ssh-key under authorized keys" classname="Tests Suite" time="0">
          <skipped></skipped>
      </testcase>
      <testcase name="[rfe_id:151][crit:high][vendor:cnv-qe@redhat.com][level:component][sig-compute]CloudInit UserData [rfe_id:151][crit:medium][vendor:cnv-qe@redhat.com][level:component]A new VirtualMachineInstance with cloudInitConfigDrive userDataBase64 source [test_id:3178]should have cloud-init data" classname="Tests Suite" time="0">
          <skipped></skipped>
      </testcase>
      <testcase name="[rfe_id:151][crit:high][vendor:cnv-qe@redhat.com][level:component][sig-compute]CloudInit UserData [rfe_id:151][crit:medium][vendor:cnv-qe@redhat.com][level:component]A new VirtualMachineInstance with cloudInitConfigDrive userDataBase64 source with injected ssh-key [test_id:3178]should have ssh-key under authorized keys" classname="Tests Suite" time="0">
          <skipped></skipped>
      </testcase>
      <testcase name="[rfe_id:151][crit:high][vendor:cnv-qe@redhat.com][level:component][sig-compute]CloudInit UserData [rfe_id:151][crit:medium][vendor:cnv-qe@redhat.com][level:component]A new VirtualMachineInstance with cloudInitNoCloud userData source [test_id:1617]should process provided cloud-init data" classname="Tests Suite" time="0">
          <skipped></skipped>
      </testcase>
      <testcase name="[rfe_id:151][crit:high][vendor:cnv-qe@redhat.com][level:component][sig-compute]CloudInit UserData [rfe_id:151][crit:medium][vendor:cnv-qe@redhat.com][level:component]A new VirtualMachineInstance with cloudInitConfigDrive userData source [test_id:3180]should process provided cloud-init data" classname="Tests Suite" time="0">
          <skipped></skipped>
      </testcase>
      <testcase name="[rfe_id:151][crit:high][vendor:cnv-qe@redhat.com][level:component][sig-compute]CloudInit UserData [rfe_id:151][crit:medium][vendor:cnv-qe@redhat.com][level:component]A new VirtualMachineInstance [test_id:1618]should take user-data from k8s secret" classname="Tests Suite" time="0">
          <skipped></skipped>
      </testcase>
      <testcase name="[rfe_id:151][crit:high][vendor:cnv-qe@redhat.com][level:component][sig-compute]CloudInit UserData [rfe_id:151][crit:medium][vendor:cnv-qe@redhat.com][level:component]A new VirtualMachineInstance with cloudInitNoCloud networkData [test_id:3181]should have cloud-init network-config with NetworkData source" classname="Tests Suite" time="0">
          <skipped></skipped>
      </testcase>
      <testcase name="[rfe_id:151][crit:high][vendor:cnv-qe@redhat.com][level:component][sig-compute]CloudInit UserData [rfe_id:151][crit:medium][vendor:cnv-qe@redhat.com][level:component]A new VirtualMachineInstance with cloudInitNoCloud networkData [test_id:3182]should have cloud-init network-config with NetworkDataBase64 source" classname="Tests Suite" time="0">
          <skipped></skipped>
      </testcase>
      <testcase name="[rfe_id:151][crit:high][vendor:cnv-qe@redhat.com][level:component][sig-compute]CloudInit UserData [rfe_id:151][crit:medium][vendor:cnv-qe@redhat.com][level:component]A new VirtualMachineInstance with cloudInitNoCloud networkData [test_id:3183]should have cloud-init network-config from k8s secret" classname="Tests Suite" time="0">
          <skipped></skipped>
      </testcase>
      <testcase name="[rfe_id:151][crit:high][vendor:cnv-qe@redhat.com][level:component][sig-compute]CloudInit UserData [rfe_id:151][crit:medium][vendor:cnv-qe@redhat.com][level:component]A new VirtualMachineInstance with cloudInitConfigDrive networkData [test_id:3184]should have cloud-init network-config with NetworkData source" classname="Tests Suite" time="0">
          <skipped></skipped>
      </testcase>
      <testcase name="[rfe_id:151][crit:high][vendor:cnv-qe@redhat.com][level:component][sig-compute]CloudInit UserData [rfe_id:151][crit:medium][vendor:cnv-qe@redhat.com][level:component]A new VirtualMachineInstance with cloudInitConfigDrive networkData [test_id:4622]should have cloud-init meta_data with tagged devices" classname="Tests Suite" time="0">
          <skipped></skipped>
      </testcase>
      <testcase name="[rfe_id:151][crit:high][vendor:cnv-qe@redhat.com][level:component][sig-compute]CloudInit UserData [rfe_id:151][crit:medium][vendor:cnv-qe@redhat.com][level:component]A new VirtualMachineInstance with cloudInitConfigDrive networkData [test_id:3185]should have cloud-init network-config with NetworkDataBase64 source" classname="Tests Suite" time="0">
          <skipped></skipped>
      </testcase>
      <testcase name="[rfe_id:151][crit:high][vendor:cnv-qe@redhat.com][level:component][sig-compute]CloudInit UserData [rfe_id:151][crit:medium][vendor:cnv-qe@redhat.com][level:component]A new VirtualMachineInstance with cloudInitConfigDrive networkData [test_id:3186]should have cloud-init network-config from k8s secret" classname="Tests Suite" time="0">
          <skipped></skipped>
      </testcase>
      <testcase name="[rfe_id:151][crit:high][vendor:cnv-qe@redhat.com][level:component][sig-compute]CloudInit UserData [rfe_id:151][crit:medium][vendor:cnv-qe@redhat.com][level:component]A new VirtualMachineInstance with cloudInitConfigDrive networkData [test_id:3187]should have cloud-init userdata and network-config from separate k8s secrets with lowercase labels" classname="Tests Suite" time="0">
          <skipped></skipped>
      </testcase>
      <testcase name="[rfe_id:151][crit:high][vendor:cnv-qe@redhat.com][level:component][sig-compute]CloudInit UserData [rfe_id:151][crit:medium][vendor:cnv-qe@redhat.com][level:component]A new VirtualMachineInstance with cloudInitConfigDrive networkData [test_id:3187]should have cloud-init userdata and network-config from separate k8s secrets with camelCase labels" classname="Tests Suite" time="0">
          <skipped></skipped>
      </testcase>
      <testcase name="[sig-network] [rfe_id:150][crit:high][vendor:cnv-qe@redhat.com][level:component]Networkpolicy when three cirros VMs with default networking are started and serverVMI start an HTTP server on port 80 and 81 and connectivity between VMI/s is blocked by Default-deny networkpolicy [test_id:1511] should fail to reach serverVMI from clientVMI" classname="Tests Suite" time="0">
          <skipped></skipped>
      </testcase>
      <testcase name="[sig-network] [rfe_id:150][crit:high][vendor:cnv-qe@redhat.com][level:component]Networkpolicy when three cirros VMs with default networking are started and serverVMI start an HTTP server on port 80 and 81 and connectivity between VMI/s is blocked by Default-deny networkpolicy [test_id:1512] should fail to reach clientVMI from serverVMI" classname="Tests Suite" time="0">
          <skipped></skipped>
      </testcase>
      <testcase name="[sig-network] [rfe_id:150][crit:high][vendor:cnv-qe@redhat.com][level:component]Networkpolicy when three cirros VMs with default networking are started and serverVMI start an HTTP server on port 80 and 81 and connectivity between VMI/s is blocked by Default-deny networkpolicy [test_id:369] should deny http traffic for ports 80/81 from clientVMI to serverVMI" classname="Tests Suite" time="0">
          <skipped></skipped>
      </testcase>
      <testcase name="[sig-network] [rfe_id:150][crit:high][vendor:cnv-qe@redhat.com][level:component]Networkpolicy when three cirros VMs with default networking are started and serverVMI start an HTTP server on port 80 and 81 and vms limited by allow same namespace networkpolicy when client vmi is on default namespace [Conformance][test_id:1513] should succeed pinging between two VMI/s in the same namespace" classname="Tests Suite" time="0">
          <skipped></skipped>
      </testcase>
      <testcase name="[sig-network] [rfe_id:150][crit:high][vendor:cnv-qe@redhat.com][level:component]Networkpolicy when three cirros VMs with default networking are started and serverVMI start an HTTP server on port 80 and 81 and vms limited by allow same namespace networkpolicy when client vmi is on alternative namespace [Conformance][test_id:1514] should fail pinging between two VMI/s each on different namespaces" classname="Tests Suite" time="0">
          <skipped></skipped>
      </testcase>
      <testcase name="[sig-network] [rfe_id:150][crit:high][vendor:cnv-qe@redhat.com][level:component]Networkpolicy when three cirros VMs with default networking are started and serverVMI start an HTTP server on port 80 and 81 and ingress traffic to VMI identified via label at networkprofile&#39;s labelSelector is blocked when client vmi is on alternative namespace [test_id:1515] should fail to reach serverVMI from clientVMIAlternativeNamespace" classname="Tests Suite" time="0">
          <skipped></skipped>
      </testcase>
      <testcase name="[sig-network] [rfe_id:150][crit:high][vendor:cnv-qe@redhat.com][level:component]Networkpolicy when three cirros VMs with default networking are started and serverVMI start an HTTP server on port 80 and 81 and ingress traffic to VMI identified via label at networkprofile&#39;s labelSelector is blocked when client vmi is on default namespace [test_id:1515] should fail to reach serverVMI from clientVMI" classname="Tests Suite" time="0">
          <skipped></skipped>
      </testcase>
      <testcase name="[sig-network] [rfe_id:150][crit:high][vendor:cnv-qe@redhat.com][level:component]Networkpolicy when three cirros VMs with default networking are started and serverVMI start an HTTP server on port 80 and 81 and ingress traffic to VMI identified via label at networkprofile&#39;s labelSelector is blocked when client vmi is on default namespace when another client vmi is on an alternative namespace [test_id:1517] should success to reach clientVMI from clientVMIAlternativeNamespace" classname="Tests Suite" time="0">
          <skipped></skipped>
      </testcase>
      <testcase name="[sig-network] [rfe_id:150][crit:high][vendor:cnv-qe@redhat.com][level:component]Networkpolicy when three cirros VMs with default networking are started and serverVMI start an HTTP server on port 80 and 81 and TCP connectivity on ports 80 and 81 between VMI/s is allowed by networkpolicy [test_id:2774] should allow http traffic for ports 80 and 81 from clientVMI to serverVMI" classname="Tests Suite" time="0">
          <skipped></skipped>
      </testcase>
      <testcase name="[sig-network] [rfe_id:150][crit:high][vendor:cnv-qe@redhat.com][level:component]Networkpolicy when three cirros VMs with default networking are started and serverVMI start an HTTP server on port 80 and 81 and TCP connectivity on ports 80 between VMI/s is allowed by networkpolicy [test_id:2775] should allow http traffic at port 80 and deny at port 81 from clientVMI to serverVMI" classname="Tests Suite" time="0">
          <skipped></skipped>
      </testcase>
      <testcase name="[sig-compute]PortForward should successfully open connection to guest" classname="Tests Suite" time="0">
          <skipped></skipped>
      </testcase>
      <testcase name="[sig-performance][Serial] CPU latency tests for measuring realtime VMs performance running cyclictest and collecting results directly from VM" classname="Tests Suite" time="0">
          <skipped></skipped>
      </testcase>
      <testcase name="[Serial][sig-compute]MediatedDevices with mediated devices configuration Should successfully passthrough a mediated device" classname="Tests Suite" time="0">
          <skipped></skipped>
      </testcase>
      <testcase name="[Serial][sig-compute]MediatedDevices with mediated devices configuration Should successfully passthrough a mediated device with a disabled display" classname="Tests Suite" time="0">
          <skipped></skipped>
      </testcase>
      <testcase name="[Serial][sig-compute]MediatedDevices with mediated devices configuration Should override default mdev configuration on a specific node" classname="Tests Suite" time="0">
          <skipped></skipped>
      </testcase>
      <testcase name="[sig-network] Dual stack cluster network configuration when dual stack cluster configuration is enabled the cluster must be dual stack" classname="Tests Suite" time="0">
          <skipped></skipped>
      </testcase>
      <testcase name="[rfe_id:127][posneg:negative][crit:medium][vendor:cnv-qe@redhat.com][level:component][sig-compute]Console [rfe_id:127][posneg:negative][crit:medium][vendor:cnv-qe@redhat.com][level:component]A new VirtualMachineInstance with a serial console with a cirros image [test_id:1588]should return that we are running cirros" classname="Tests Suite" time="0">
          <skipped></skipped>
      </testcase>
      <testcase name="[rfe_id:127][posneg:negative][crit:medium][vendor:cnv-qe@redhat.com][level:component][sig-compute]Console [rfe_id:127][posneg:negative][crit:medium][vendor:cnv-qe@redhat.com][level:component]A new VirtualMachineInstance with a serial console with a fedora image [sig-compute][test_id:1589]should return that we are running fedora" classname="Tests Suite" time="0">
          <skipped></skipped>
      </testcase>
      <testcase name="[rfe_id:127][posneg:negative][crit:medium][vendor:cnv-qe@redhat.com][level:component][sig-compute]Console [rfe_id:127][posneg:negative][crit:medium][vendor:cnv-qe@redhat.com][level:component]A new VirtualMachineInstance with a serial console with an alpine image should return that we are running alpine [test_id:4636]with ContainerDisk" classname="Tests Suite" time="0">
          <skipped></skipped>
      </testcase>
      <testcase name="[rfe_id:127][posneg:negative][crit:medium][vendor:cnv-qe@redhat.com][level:component][sig-compute]Console [rfe_id:127][posneg:negative][crit:medium][vendor:cnv-qe@redhat.com][level:component]A new VirtualMachineInstance with a serial console with an alpine image should return that we are running alpine [test_id:4637][storage-req]with Filesystem Disk" classname="Tests Suite" time="0">
          <skipped></skipped>
      </testcase>
      <testcase name="[rfe_id:127][posneg:negative][crit:medium][vendor:cnv-qe@redhat.com][level:component][sig-compute]Console [rfe_id:127][posneg:negative][crit:medium][vendor:cnv-qe@redhat.com][level:component]A new VirtualMachineInstance with a serial console with an alpine image should return that we are running alpine [test_id:4638][storage-req]with Block Disk" classname="Tests Suite" time="0">
          <skipped></skipped>
      </testcase>
      <testcase name="[rfe_id:127][posneg:negative][crit:medium][vendor:cnv-qe@redhat.com][level:component][sig-compute]Console [rfe_id:127][posneg:negative][crit:medium][vendor:cnv-qe@redhat.com][level:component]A new VirtualMachineInstance with a serial console [test_id:1590]should be able to reconnect to console multiple times" classname="Tests Suite" time="0">
          <skipped></skipped>
      </testcase>
      <testcase name="[rfe_id:127][posneg:negative][crit:medium][vendor:cnv-qe@redhat.com][level:component][sig-compute]Console [rfe_id:127][posneg:negative][crit:medium][vendor:cnv-qe@redhat.com][level:component]A new VirtualMachineInstance with a serial console [test_id:1591]should close console connection when new console connection is opened" classname="Tests Suite" time="0">
          <skipped></skipped>
      </testcase>
      <testcase name="[rfe_id:127][posneg:negative][crit:medium][vendor:cnv-qe@redhat.com][level:component][sig-compute]Console [rfe_id:127][posneg:negative][crit:medium][vendor:cnv-qe@redhat.com][level:component]A new VirtualMachineInstance with a serial console [test_id:1592]should wait until the virtual machine is in running state and return a stream interface" classname="Tests Suite" time="0">
          <skipped></skipped>
      </testcase>
      <testcase name="[rfe_id:127][posneg:negative][crit:medium][vendor:cnv-qe@redhat.com][level:component][sig-compute]Console [rfe_id:127][posneg:negative][crit:medium][vendor:cnv-qe@redhat.com][level:component]A new VirtualMachineInstance with a serial console [test_id:1593]should fail waiting for the virtual machine instance to be running" classname="Tests Suite" time="0">
          <skipped></skipped>
      </testcase>
      <testcase name="[rfe_id:127][posneg:negative][crit:medium][vendor:cnv-qe@redhat.com][level:component][sig-compute]Console [rfe_id:127][posneg:negative][crit:medium][vendor:cnv-qe@redhat.com][level:component]A new VirtualMachineInstance with a serial console [test_id:1594]should fail waiting for the expecter" classname="Tests Suite" time="0">
          <skipped></skipped>
      </testcase>
      <testcase name="[rfe_id:127][posneg:negative][crit:medium][vendor:cnv-qe@redhat.com][level:component][sig-compute]Console [rfe_id:127][posneg:negative][crit:medium][vendor:cnv-qe@redhat.com][level:component]A new VirtualMachineInstance without a serial console [test_id:4116]should create the vmi without any issue" classname="Tests Suite" time="0">
          <skipped></skipped>
      </testcase>
      <testcase name="[rfe_id:127][posneg:negative][crit:medium][vendor:cnv-qe@redhat.com][level:component][sig-compute]Console [rfe_id:127][posneg:negative][crit:medium][vendor:cnv-qe@redhat.com][level:component]A new VirtualMachineInstance without a serial console [test_id:4117]should not have the  serial console in xml" classname="Tests Suite" time="0">
          <skipped></skipped>
      </testcase>
      <testcase name="[rfe_id:127][posneg:negative][crit:medium][vendor:cnv-qe@redhat.com][level:component][sig-compute]Console [rfe_id:127][posneg:negative][crit:medium][vendor:cnv-qe@redhat.com][level:component]A new VirtualMachineInstance without a serial console [test_id:4118]should not connect to the serial console" classname="Tests Suite" time="0">
          <skipped></skipped>
      </testcase>
      <testcase name="[Serial][sig-compute]GPU with ephemeral disk [test_id:4607]Should create a valid VMI but pod should not go to running state" classname="Tests Suite" time="0">
          <skipped></skipped>
      </testcase>
      <testcase name="[Serial][sig-compute]GPU with ephemeral disk [test_id:4608]Should create a valid VMI and appropriate libvirt domain" classname="Tests Suite" time="0">
          <skipped></skipped>
      </testcase>
      <testcase name="[sig-compute]AMD Secure Encrypted Virtualization (SEV) should start a SEV VM" classname="Tests Suite" time="0">
          <skipped></skipped>
      </testcase>
      <testcase name="[Serial][sig-compute]HostDevices with ephemeral disk Should successfully passthrough an emulated PCI device" classname="Tests Suite" time="0">
          <skipped></skipped>
      </testcase>
      <testcase name="[sig-network] Slirp Networking slirp is not the default interface should be able to VirtualMachineInstance with slirp interface" classname="Tests Suite" time="0">
          <skipped></skipped>
      </testcase>
      <testcase name="[sig-network] Slirp Networking slirp is not the default interface should be able to VirtualMachineInstance with slirp interface with custom MAC address" classname="Tests Suite" time="0">
          <skipped></skipped>
      </testcase>
      <testcase name="[sig-network] Slirp Networking slirp is not the default interface [outside_connectivity]should be able to communicate with the outside world VirtualMachineInstance with slirp interface" classname="Tests Suite" time="0">
          <skipped></skipped>
      </testcase>
      <testcase name="[sig-network] Slirp Networking slirp is not the default interface [outside_connectivity]should be able to communicate with the outside world VirtualMachineInstance with slirp interface with custom MAC address" classname="Tests Suite" time="0">
          <skipped></skipped>
      </testcase>
      <testcase name="[sig-network] Slirp Networking [Serial]slirp is the default interface should reject VMIs with default interface slirp when it&#39;s not permitted" classname="Tests Suite" time="0">
          <skipped></skipped>
      </testcase>
      <testcase name="[sig-network] Port-forward VMI With masquerade binding when performing port-forward from a local port to a VMI&#39;s declared port should reach the vmi" classname="Tests Suite" time="0">
          <skipped></skipped>
      </testcase>
      <testcase name="[sig-network] Port-forward VMI With masquerade binding when performing port-forward from a local port to a VMI with no declared ports should reach the vmi" classname="Tests Suite" time="0">
          <skipped></skipped>
      </testcase>
      <testcase name="[sig-network] Port-forward VMI With masquerade binding when performing port-forward from a local port to a VMI&#39;s non-declared port should not reach the vmi" classname="Tests Suite" time="0">
          <skipped></skipped>
      </testcase>
      <testcase name="[sig-compute]Configurations with all devices on the root PCI bus [test_id:4623]should start run the guest as usual" classname="Tests Suite" time="0">
          <skipped></skipped>
      </testcase>
      <testcase name="[sig-compute]Configurations when requesting virtio-transitional models [test_id:6957]should start and run the guest" classname="Tests Suite" time="0">
          <skipped></skipped>
      </testcase>
      <testcase name="[sig-compute]Configurations [rfe_id:897][crit:medium][vendor:cnv-qe@redhat.com][level:component]for CPU and memory limits should [test_id:3110]lead to get the burstable QOS class assigned when limit and requests differ" classname="Tests Suite" time="0">
          <skipped></skipped>
      </testcase>
      <testcase name="[sig-compute]Configurations [rfe_id:897][crit:medium][vendor:cnv-qe@redhat.com][level:component]for CPU and memory limits should [test_id:3111]lead to get the guaranteed QOS class assigned when limit and requests are identical" classname="Tests Suite" time="0">
          <skipped></skipped>
      </testcase>
      <testcase name="[sig-compute]Configurations [rfe_id:897][crit:medium][vendor:cnv-qe@redhat.com][level:component]for CPU and memory limits should [test_id:3112]lead to get the guaranteed QOS class assigned when only limits are set" classname="Tests Suite" time="0">
          <skipped></skipped>
      </testcase>
      <testcase name="[sig-compute]Configurations VirtualMachineInstance definition [Serial][rfe_id:2065][crit:medium][vendor:cnv-qe@redhat.com][level:component]with 3 CPU cores [test_id:1659]should report 3 cpu cores under guest OS" classname="Tests Suite" time="21.805530799"></testcase>
      <testcase name="[sig-compute]Configurations VirtualMachineInstance definition [Serial][rfe_id:2065][crit:medium][vendor:cnv-qe@redhat.com][level:component]with 3 CPU cores [test_id:4624]should set a correct memory units" classname="Tests Suite" time="15.419188171"></testcase>
      <testcase name="[sig-compute]Configurations VirtualMachineInstance definition [Serial][rfe_id:2065][crit:medium][vendor:cnv-qe@redhat.com][level:component]with 3 CPU cores [test_id:1660]should report 3 sockets under guest OS" classname="Tests Suite" time="20.730351781"></testcase>
      <testcase name="[sig-compute]Configurations VirtualMachineInstance definition [Serial][rfe_id:2065][crit:medium][vendor:cnv-qe@redhat.com][level:component]with 3 CPU cores [test_id:1661]should report 2 sockets from spec.domain.resources.requests under guest OS " classname="Tests Suite" time="20.224992242"></testcase>
      <testcase name="[sig-compute]Configurations VirtualMachineInstance definition [Serial][rfe_id:2065][crit:medium][vendor:cnv-qe@redhat.com][level:component]with 3 CPU cores [test_id:1662]should report 2 sockets from spec.domain.resources.limits under guest OS " classname="Tests Suite" time="19.196938776"></testcase>
      <testcase name="[sig-compute]Configurations VirtualMachineInstance definition [Serial][rfe_id:2065][crit:medium][vendor:cnv-qe@redhat.com][level:component]with 3 CPU cores [test_id:1663]should report 4 vCPUs under guest OS" classname="Tests Suite" time="19.890725652"></testcase>
      <testcase name="[sig-compute]Configurations VirtualMachineInstance definition [Serial][rfe_id:2065][crit:medium][vendor:cnv-qe@redhat.com][level:component]with 3 CPU cores [Serial][test_id:1664]should map cores to virtio block queues" classname="Tests Suite" time="16.362975904"></testcase>
      <testcase name="[sig-compute]Configurations VirtualMachineInstance definition [Serial][rfe_id:2065][crit:medium][vendor:cnv-qe@redhat.com][level:component]with 3 CPU cores [test_id:1665]should map cores to virtio net queues" classname="Tests Suite" time="15.462458908"></testcase>
      <testcase name="[sig-compute]Configurations VirtualMachineInstance definition [Serial][rfe_id:2065][crit:medium][vendor:cnv-qe@redhat.com][level:component]with 3 CPU cores [test_id:1667]should not enforce explicitly rejected virtio block queues without cores" classname="Tests Suite" time="15.191502905"></testcase>
      <testcase name="[sig-compute]Configurations VirtualMachineInstance definition [rfe_id:140][crit:medium][vendor:cnv-qe@redhat.com][level:component]with no memory requested [test_id:3113]should failed to the VMI creation" classname="Tests Suite" time="0">
          <skipped></skipped>
      </testcase>
      <testcase name="[sig-compute]Configurations VirtualMachineInstance definition [Serial][rfe_id:609][crit:medium][vendor:cnv-qe@redhat.com][level:component]with cluster memory overcommit being applied [test_id:3114]should set requested amount of memory according to the specified virtual memory" classname="Tests Suite" time="5.592944149"></testcase>
      <testcase name="[sig-compute]Configurations VirtualMachineInstance definition with BIOS bootloader method and no disk [test_id:5265]should find no bootable device by default" classname="Tests Suite" time="0">
          <skipped></skipped>
      </testcase>
      <testcase name="[sig-compute]Configurations VirtualMachineInstance definition with BIOS bootloader method and no disk [test_id:5266]should boot to NIC rom if a boot order was set on a network interface" classname="Tests Suite" time="0">
          <skipped></skipped>
      </testcase>
      <testcase name="[sig-compute]Configurations VirtualMachineInstance definition [rfe_id:2262][crit:medium][vendor:cnv-qe@redhat.com][level:component]with EFI bootloader method [Serial][test_id:1668]should use EFI without secure boot" classname="Tests Suite" time="0">
          <skipped></skipped>
      </testcase>
      <testcase name="[sig-compute]Configurations VirtualMachineInstance definition [rfe_id:2262][crit:medium][vendor:cnv-qe@redhat.com][level:component]with EFI bootloader method [Serial][test_id:4437]should enable EFI secure boot" classname="Tests Suite" time="31.096068653"></testcase>
      <testcase name="[sig-compute]Configurations VirtualMachineInstance definition [rfe_id:140][crit:medium][vendor:cnv-qe@redhat.com][level:component]with diverging guest memory from requested memory [test_id:1669]should show the requested guest memory inside the VMI" classname="Tests Suite" time="0">
          <skipped></skipped>
      </testcase>
      <testcase name="[sig-compute]Configurations VirtualMachineInstance definition [rfe_id:140][crit:medium][vendor:cnv-qe@redhat.com][level:component]with diverging memory limit from memory request and no guest memory [test_id:3115]should show the memory limit inside the VMI" classname="Tests Suite" time="0">
          <skipped></skipped>
      </testcase>
      <testcase name="[sig-compute]Configurations VirtualMachineInstance definition [rfe_id:989]test cpu_allocation_ratio virt-launchers pod cpu requests should be proportional to the number of vCPUs" classname="Tests Suite" time="0">
          <skipped></skipped>
      </testcase>
      <testcase name="[sig-compute]Configurations VirtualMachineInstance definition [rfe_id:140][crit:medium][vendor:cnv-qe@redhat.com][level:component]with support memory over commitment [test_id:755]should show the requested memory different than guest memory" classname="Tests Suite" time="0">
          <skipped></skipped>
      </testcase>
      <testcase name="[sig-compute]Configurations VirtualMachineInstance definition [rfe_id:609][crit:medium][vendor:cnv-qe@redhat.com][level:component]Support memory over commitment test [test_id:730]Check OverCommit VM Created and Started" classname="Tests Suite" time="0">
          <skipped></skipped>
      </testcase>
      <testcase name="[sig-compute]Configurations VirtualMachineInstance definition [rfe_id:609][crit:medium][vendor:cnv-qe@redhat.com][level:component]Support memory over commitment test [test_id:731]Check OverCommit status on VMI" classname="Tests Suite" time="0">
          <skipped></skipped>
      </testcase>
      <testcase name="[sig-compute]Configurations VirtualMachineInstance definition [rfe_id:609][crit:medium][vendor:cnv-qe@redhat.com][level:component]Support memory over commitment test [test_id:732]Check Free memory on the VMI" classname="Tests Suite" time="0">
          <skipped></skipped>
      </testcase>
      <testcase name="[sig-compute]Configurations VirtualMachineInstance definition [rfe_id:3078][crit:medium][vendor:cnv-qe@redhat.com][level:component]with usb controller [test_id:3117]should start the VMI with usb controller when usb device is present" classname="Tests Suite" time="0">
          <skipped></skipped>
      </testcase>
      <testcase name="[sig-compute]Configurations VirtualMachineInstance definition [rfe_id:3078][crit:medium][vendor:cnv-qe@redhat.com][level:component]with usb controller [test_id:3117]should start the VMI with usb controller when input device doesn&#39;t have bus" classname="Tests Suite" time="0">
          <skipped></skipped>
      </testcase>
      <testcase name="[sig-compute]Configurations VirtualMachineInstance definition [rfe_id:3078][crit:medium][vendor:cnv-qe@redhat.com][level:component]with usb controller [test_id:3118]should start the VMI without usb controller" classname="Tests Suite" time="0">
          <skipped></skipped>
      </testcase>
      <testcase name="[sig-compute]Configurations VirtualMachineInstance definition [rfe_id:3077][crit:medium][vendor:cnv-qe@redhat.com][level:component]with input devices [test_id:2642]should failed to start the VMI with wrong type of input device" classname="Tests Suite" time="0">
          <skipped></skipped>
      </testcase>
      <testcase name="[sig-compute]Configurations VirtualMachineInstance definition [rfe_id:3077][crit:medium][vendor:cnv-qe@redhat.com][level:component]with input devices [test_id:3074]should failed to start the VMI with wrong bus of input device" classname="Tests Suite" time="0">
          <skipped></skipped>
      </testcase>
      <testcase name="[sig-compute]Configurations VirtualMachineInstance definition [rfe_id:3077][crit:medium][vendor:cnv-qe@redhat.com][level:component]with input devices [test_id:3072]should start the VMI with tablet input device with virtio bus" classname="Tests Suite" time="0">
          <skipped></skipped>
      </testcase>
      <testcase name="[sig-compute]Configurations VirtualMachineInstance definition [rfe_id:3077][crit:medium][vendor:cnv-qe@redhat.com][level:component]with input devices [test_id:3073]should start the VMI with tablet input device with usb bus" classname="Tests Suite" time="0">
          <skipped></skipped>
      </testcase>
      <testcase name="[sig-compute]Configurations VirtualMachineInstance definition [rfe_id:140][crit:medium][vendor:cnv-qe@redhat.com][level:component]with namespace memory limits lower than VMI required memory [test_id:1670]should failed to start the VMI" classname="Tests Suite" time="0">
          <skipped></skipped>
      </testcase>
      <testcase name="[sig-compute]Configurations VirtualMachineInstance definition [rfe_id:140][crit:medium][vendor:cnv-qe@redhat.com][level:component]with namespace cpu limits lower than VMI required cpu [test_id:3119]should fail to start the VMI" classname="Tests Suite" time="0">
          <skipped></skipped>
      </testcase>
      <testcase name="[sig-compute]Configurations VirtualMachineInstance definition [rfe_id:140][crit:medium][vendor:cnv-qe@redhat.com][level:component]with namespace limits higher than VMI requests [test_id:3120]should start the VMI with the right default settings from namespace limits" classname="Tests Suite" time="0">
          <skipped></skipped>
      </testcase>
      <testcase name="[sig-compute]Configurations VirtualMachineInstance definition [rfe_id:140][crit:medium][vendor:cnv-qe@redhat.com][level:component]with hugepages should consume hugepages  [Serial][test_id:1671]hugepages-2Mi" classname="Tests Suite" time="15.581934226"></testcase>
      <testcase name="[sig-compute]Configurations VirtualMachineInstance definition [rfe_id:140][crit:medium][vendor:cnv-qe@redhat.com][level:component]with hugepages should consume hugepages  [Serial][test_id:1672]hugepages-1Gi" classname="Tests Suite" time="14.402234846"></testcase>
      <testcase name="[sig-compute]Configurations VirtualMachineInstance definition [rfe_id:140][crit:medium][vendor:cnv-qe@redhat.com][level:component]with hugepages should consume hugepages  [Serial][test_id:1672]hugepages-1Gi" classname="Tests Suite" time="14.465196506"></testcase>
      <testcase name="[sig-compute]Configurations VirtualMachineInstance definition [rfe_id:140][crit:medium][vendor:cnv-qe@redhat.com][level:component]with hugepages with unsupported page size [test_id:1673]should failed to schedule the pod" classname="Tests Suite" time="0">
          <skipped></skipped>
      </testcase>
      <testcase name="[sig-compute]Configurations VirtualMachineInstance definition [rfe_id:893][crit:medium][vendor:cnv-qe@redhat.com][level:component]with rng [test_id:1674]should have the virtio rng device present when present" classname="Tests Suite" time="0">
          <skipped></skipped>
      </testcase>
      <testcase name="[sig-compute]Configurations VirtualMachineInstance definition [rfe_id:893][crit:medium][vendor:cnv-qe@redhat.com][level:component]with rng [test_id:1675]should not have the virtio rng device when not present" classname="Tests Suite" time="0">
          <skipped></skipped>
      </testcase>
      <testcase name="[sig-compute]Configurations VirtualMachineInstance definition [Serial][rfe_id:140][crit:medium][vendor:cnv-qe@redhat.com][level:component]with guestAgent [test_id:1676]should have attached a guest agent channel by default" classname="Tests Suite" time="16.238541576"></testcase>
      <testcase name="[sig-compute]Configurations VirtualMachineInstance definition [Serial][rfe_id:140][crit:medium][vendor:cnv-qe@redhat.com][level:component]with guestAgent [test_id:1677]VMI condition should signal agent presence" classname="Tests Suite" time="41.222553802"></testcase>
      <testcase name="[sig-compute]Configurations VirtualMachineInstance definition [Serial][rfe_id:140][crit:medium][vendor:cnv-qe@redhat.com][level:component]with guestAgent [test_id:4625]should remove condition when agent is off" classname="Tests Suite" time="50.31327174"></testcase>
      <testcase name="[sig-compute]Configurations VirtualMachineInstance definition [Serial][rfe_id:140][crit:medium][vendor:cnv-qe@redhat.com][level:component]with guestAgent [Serial]with cluster config changes [test_id:5267]VMI condition should signal unsupported agent presence" classname="Tests Suite" time="42.941463434"></testcase>
      <testcase name="[sig-compute]Configurations VirtualMachineInstance definition [Serial][rfe_id:140][crit:medium][vendor:cnv-qe@redhat.com][level:component]with guestAgent [Serial]with cluster config changes [test_id:6958]VMI condition should not signal unsupported agent presence for optional commands" classname="Tests Suite" time="45.000605774"></testcase>
      <testcase name="[sig-compute]Configurations VirtualMachineInstance definition [Serial][rfe_id:140][crit:medium][vendor:cnv-qe@redhat.com][level:component]with guestAgent [test_id:4626]should have guestosinfo in status when agent is present" classname="Tests Suite" time="43.593188714"></testcase>
      <testcase name="[sig-compute]Configurations VirtualMachineInstance definition [Serial][rfe_id:140][crit:medium][vendor:cnv-qe@redhat.com][level:component]with guestAgent [test_id:4627]should return the whole data when agent is present" classname="Tests Suite" time="42.410940509"></testcase>
      <testcase name="[sig-compute]Configurations VirtualMachineInstance definition [Serial][rfe_id:140][crit:medium][vendor:cnv-qe@redhat.com][level:component]with guestAgent [test_id:4628]should not return the whole data when agent is not present" classname="Tests Suite" time="50.037715268"></testcase>
      <testcase name="[sig-compute]Configurations VirtualMachineInstance definition [Serial][rfe_id:140][crit:medium][vendor:cnv-qe@redhat.com][level:component]with guestAgent [test_id:4629]should return user list" classname="Tests Suite" time="52.795606359"></testcase>
      <testcase name="[sig-compute]Configurations VirtualMachineInstance definition [Serial][rfe_id:140][crit:medium][vendor:cnv-qe@redhat.com][level:component]with guestAgent [test_id:4630]should return filesystem list" classname="Tests Suite" time="41.274286544"></testcase>
      <testcase name="[sig-compute]Configurations VirtualMachineInstance definition [rfe_id:140][crit:medium][vendor:cnv-qe@redhat.com][level:component]with serial-number [test_id:3121]should have serial-number set when present" classname="Tests Suite" time="0">
          <skipped></skipped>
      </testcase>
      <testcase name="[sig-compute]Configurations VirtualMachineInstance definition [rfe_id:140][crit:medium][vendor:cnv-qe@redhat.com][level:component]with serial-number [test_id:3122]should not have serial-number set when not present" classname="Tests Suite" time="0">
          <skipped></skipped>
      </testcase>
      <testcase name="[sig-compute]Configurations VirtualMachineInstance definition with TSC timer [test_id:6843]should set a TSC fequency and have the CPU flag avaliable in the guest" classname="Tests Suite" time="0">
          <skipped></skipped>
      </testcase>
      <testcase name="[sig-compute]Configurations VirtualMachineInstance definition with Clock and timezone [sig-compute][test_id:5268]guest should see timezone" classname="Tests Suite" time="0">
          <skipped></skipped>
      </testcase>
      <testcase name="[sig-compute]Configurations VirtualMachineInstance definition with volumes, disks and filesystem defined [test_id:6960]should reject disk with missing volume" classname="Tests Suite" time="0">
          <skipped></skipped>
      </testcase>
      <testcase name="[sig-compute]Configurations VirtualMachineInstance definition with volumes, disks and filesystem defined [test_id:6961]should reject volume with missing disk / file system" classname="Tests Suite" time="0">
          <skipped></skipped>
      </testcase>
      <testcase name="[sig-compute]Configurations VirtualMachineInstance definition [Serial]using defaultRuntimeClass configuration should apply runtimeClassName to pod when set" classname="Tests Suite" time="6.68594525"></testcase>
      <testcase name="[sig-compute]Configurations VirtualMachineInstance definition [Serial]using defaultRuntimeClass configuration should not apply runtimeClassName to pod when not set" classname="Tests Suite" time="13.223318093"></testcase>
      <testcase name="[sig-compute]Configurations [rfe_id:140][crit:medium][vendor:cnv-qe@redhat.com][level:component]with CPU spec [rfe_id:140][crit:medium][vendor:cnv-qe@redhat.com][level:component]when CPU model defined [test_id:1678]should report defined CPU model" classname="Tests Suite" time="0">
          <skipped></skipped>
      </testcase>
      <testcase name="[sig-compute]Configurations [rfe_id:140][crit:medium][vendor:cnv-qe@redhat.com][level:component]with CPU spec [rfe_id:140][crit:medium][vendor:cnv-qe@redhat.com][level:component]when CPU model equals to passthrough [test_id:1679]should report exactly the same model as node CPU" classname="Tests Suite" time="0">
          <skipped></skipped>
      </testcase>
      <testcase name="[sig-compute]Configurations [rfe_id:140][crit:medium][vendor:cnv-qe@redhat.com][level:component]with CPU spec [rfe_id:140][crit:medium][vendor:cnv-qe@redhat.com][level:component]when CPU model not defined [test_id:1680]should report CPU model from libvirt capabilities" classname="Tests Suite" time="0">
          <skipped></skipped>
      </testcase>
      <testcase name="[sig-compute]Configurations [rfe_id:140][crit:medium][vendor:cnv-qe@redhat.com][level:component]with CPU spec when CPU features defined [test_id:3123]should start a Virtual Machine with matching features" classname="Tests Suite" time="0">
          <skipped></skipped>
      </testcase>
      <testcase name="[sig-compute]Configurations [Serial][rfe_id:2869][crit:medium][vendor:cnv-qe@redhat.com][level:component]with machine type settings [test_id:3124]should set machine type from VMI spec" classname="Tests Suite" time="12.449857543"></testcase>
      <testcase name="[sig-compute]Configurations [Serial][rfe_id:2869][crit:medium][vendor:cnv-qe@redhat.com][level:component]with machine type settings [test_id:3125]should allow creating VM without Machine defined" classname="Tests Suite" time="14.042810079"></testcase>
      <testcase name="[sig-compute]Configurations [Serial][rfe_id:2869][crit:medium][vendor:cnv-qe@redhat.com][level:component]with machine type settings [test_id:6964]should allow creating VM defined with Machine with an empty Type" classname="Tests Suite" time="15.091376653"></testcase>
      <testcase name="[sig-compute]Configurations [Serial][rfe_id:2869][crit:medium][vendor:cnv-qe@redhat.com][level:component]with machine type settings [Serial][test_id:3126]should set machine type from kubevirt-config" classname="Tests Suite" time="16.497875903"></testcase>
      <testcase name="[sig-compute]Configurations with a custom scheduler [test_id:4631]should set the custom scheduler on the pod" classname="Tests Suite" time="0">
          <skipped></skipped>
      </testcase>
      <testcase name="[sig-compute]Configurations [rfe_id:140][crit:medium][vendor:cnv-qe@redhat.com][level:component]with CPU request settings [test_id:3127]should set CPU request from VMI spec" classname="Tests Suite" time="0">
          <skipped></skipped>
      </testcase>
      <testcase name="[sig-compute]Configurations [rfe_id:140][crit:medium][vendor:cnv-qe@redhat.com][level:component]with CPU request settings [test_id:3128]should set CPU request when it is not provided" classname="Tests Suite" time="0">
          <skipped></skipped>
      </testcase>
      <testcase name="[sig-compute]Configurations [rfe_id:140][crit:medium][vendor:cnv-qe@redhat.com][level:component]with CPU request settings [Serial][test_id:3129]should set CPU request from kubevirt-config" classname="Tests Suite" time="7.882101312"></testcase>
      <testcase name="[sig-compute]Configurations [Serial][rfe_id:904][crit:medium][vendor:cnv-qe@redhat.com][level:component][storage-req]with driver cache and io settings and PVC [test_id:1681]should set appropriate cache modes" classname="Tests Suite" time="0">
          <skipped></skipped>
      </testcase>
      <testcase name="[sig-compute]Configurations [Serial][rfe_id:904][crit:medium][vendor:cnv-qe@redhat.com][level:component][storage-req]with driver cache and io settings and PVC [test_id:5360]should set appropriate IO modes" classname="Tests Suite" time="0">
          <skipped></skipped>
      </testcase>
      <testcase name="[sig-compute]Configurations Block size configuration set [test_id:6965][storage-req]Should set BlockIO when using custom block sizes" classname="Tests Suite" time="0">
          <skipped></skipped>
      </testcase>
      <testcase name="[sig-compute]Configurations Block size configuration set [test_id:6966][storage-req]Should set BlockIO when set to match volume block sizes on block devices" classname="Tests Suite" time="0">
          <skipped></skipped>
      </testcase>
      <testcase name="[sig-compute]Configurations Block size configuration set [test_id:6967]Should set BlockIO when set to match volume block sizes on files" classname="Tests Suite" time="0">
          <skipped></skipped>
      </testcase>
      <testcase name="[sig-compute]Configurations [rfe_id:898][crit:medium][vendor:cnv-qe@redhat.com][level:component]New VirtualMachineInstance with all supported drives [test_id:1682]should have all the device nodes" classname="Tests Suite" time="0">
          <skipped></skipped>
      </testcase>
      <testcase name="[sig-compute]Configurations [rfe_id:898][crit:medium][vendor:cnv-qe@redhat.com][level:component]New VirtualMachineInstance with all supported drives [test_id:3906]should configure custom Pci address" classname="Tests Suite" time="0">
          <skipped></skipped>
      </testcase>
      <testcase name="[sig-compute]Configurations [rfe_id:898][crit:medium][vendor:cnv-qe@redhat.com][level:component]New VirtualMachineInstance with all supported drives [test_id:1020]should not create the VM with wrong PCI address" classname="Tests Suite" time="0">
          <skipped></skipped>
      </testcase>
      <testcase name="[sig-compute]Configurations [rfe_id:897][crit:medium][vendor:cnv-qe@redhat.com][level:component]VirtualMachineInstance with CPU pinning [Serial]with cpu pinning enabled [test_id:1684]should set the cpumanager label to false when it&#39;s not running" classname="Tests Suite" time="6.424492674">
          <skipped></skipped>
      </testcase>
      <testcase name="[sig-compute]Configurations [rfe_id:897][crit:medium][vendor:cnv-qe@redhat.com][level:component]VirtualMachineInstance with CPU pinning [Serial]with cpu pinning enabled [test_id:1685]non master node should have a cpumanager label" classname="Tests Suite" time="5.984247264"></testcase>
      <testcase name="[sig-compute]Configurations [rfe_id:897][crit:medium][vendor:cnv-qe@redhat.com][level:component]VirtualMachineInstance with CPU pinning [Serial]with cpu pinning enabled [test_id:991]should be scheduled on a node with running cpu manager" classname="Tests Suite" time="0">
          <skipped></skipped>
      </testcase>
      <testcase name="[sig-compute]Configurations [rfe_id:897][crit:medium][vendor:cnv-qe@redhat.com][level:component]VirtualMachineInstance with CPU pinning [Serial]with cpu pinning enabled [test_id:4632]should be able to start a vm with guest memory different from requested and keep guaranteed qos" classname="Tests Suite" time="6.587391757">
          <skipped></skipped>
      </testcase>
      <testcase name="[sig-compute]Configurations [rfe_id:897][crit:medium][vendor:cnv-qe@redhat.com][level:component]VirtualMachineInstance with CPU pinning [Serial]with cpu pinning enabled [test_id:4023]should start a vmi with dedicated cpus and isolated emulator thread" classname="Tests Suite" time="0">
          <skipped></skipped>
      </testcase>
      <testcase name="[sig-compute]Configurations [rfe_id:897][crit:medium][vendor:cnv-qe@redhat.com][level:component]VirtualMachineInstance with CPU pinning [Serial]with cpu pinning enabled [test_id:4024]should fail the vmi creation if IsolateEmulatorThread requested without dedicated cpus" classname="Tests Suite" time="6.621598032"></testcase>
      <testcase name="[sig-compute]Configurations [rfe_id:897][crit:medium][vendor:cnv-qe@redhat.com][level:component]VirtualMachineInstance with CPU pinning [Serial]with cpu pinning enabled [test_id:802]should configure correct number of vcpus with requests.cpus" classname="Tests Suite" time="0">
          <skipped></skipped>
      </testcase>
      <testcase name="[sig-compute]Configurations [rfe_id:897][crit:medium][vendor:cnv-qe@redhat.com][level:component]VirtualMachineInstance with CPU pinning [Serial]with cpu pinning enabled [test_id:1688]should fail the vmi creation if the requested resources are inconsistent" classname="Tests Suite" time="6.628187628"></testcase>
      <testcase name="[sig-compute]Configurations [rfe_id:897][crit:medium][vendor:cnv-qe@redhat.com][level:component]VirtualMachineInstance with CPU pinning [Serial]with cpu pinning enabled [test_id:1689]should fail the vmi creation if cpu is not an integer" classname="Tests Suite" time="6.555068129"></testcase>
      <testcase name="[sig-compute]Configurations [rfe_id:897][crit:medium][vendor:cnv-qe@redhat.com][level:component]VirtualMachineInstance with CPU pinning [Serial]with cpu pinning enabled [test_id:1690]should fail the vmi creation if Guaranteed QOS cannot be set" classname="Tests Suite" time="6.608353154"></testcase>
      <testcase name="[sig-compute]Configurations [rfe_id:897][crit:medium][vendor:cnv-qe@redhat.com][level:component]VirtualMachineInstance with CPU pinning [Serial]with cpu pinning enabled [test_id:830]should start a vm with no cpu pinning after a vm with cpu pinning on same node" classname="Tests Suite" time="0">
          <skipped></skipped>
      </testcase>
      <testcase name="[sig-compute]Configurations [rfe_id:897][crit:medium][vendor:cnv-qe@redhat.com][level:component]VirtualMachineInstance with CPU pinning [Serial]cpu pinning with fedora images, dedicated and non dedicated cpu should be possible on same node via spec.domain.cpu.cores [test_id:829]should start a vm with no cpu pinning after a vm with cpu pinning on same node" classname="Tests Suite" time="0">
          <skipped></skipped>
      </testcase>
      <testcase name="[sig-compute]Configurations [rfe_id:897][crit:medium][vendor:cnv-qe@redhat.com][level:component]VirtualMachineInstance with CPU pinning [Serial]cpu pinning with fedora images, dedicated and non dedicated cpu should be possible on same node via spec.domain.cpu.cores [test_id:832]should start a vm with cpu pinning after a vm with no cpu pinning on same node" classname="Tests Suite" time="0">
          <skipped></skipped>
      </testcase>
      <testcase name="[sig-compute]Configurations [rfe_id:2926][crit:medium][vendor:cnv-qe@redhat.com][level:component]Check Chassis value [Serial][test_id:2927]Test Chassis value in a newly created VM" classname="Tests Suite" time="38.909548381"></testcase>
      <testcase name="[sig-compute]Configurations [Serial][rfe_id:2926][crit:medium][vendor:cnv-qe@redhat.com][level:component]Check SMBios with default and custom values [test_id:2751]test default SMBios" classname="Tests Suite" time="39.151970252"></testcase>
      <testcase name="[sig-compute]Configurations [Serial][rfe_id:2926][crit:medium][vendor:cnv-qe@redhat.com][level:component]Check SMBios with default and custom values [test_id:2752]test custom SMBios values" classname="Tests Suite" time="39.118111602"></testcase>
      <testcase name="[sig-compute]Configurations With ephemeral CD-ROM For various bus types [test_id:3777] Should be accepted when using sata" classname="Tests Suite" time="0">
          <skipped></skipped>
      </testcase>
      <testcase name="[sig-compute]Configurations With ephemeral CD-ROM For various bus types [test_id:3809] Should be accepted when using scsi" classname="Tests Suite" time="0">
          <skipped></skipped>
      </testcase>
      <testcase name="[sig-compute]Configurations With ephemeral CD-ROM For various bus types [test_id:3776] Should be rejected when using virtio" classname="Tests Suite" time="0">
          <skipped></skipped>
      </testcase>
      <testcase name="[sig-compute]Configurations With ephemeral CD-ROM For various bus types [test_id:3808] Should be rejected when using ide" classname="Tests Suite" time="0">
          <skipped></skipped>
      </testcase>
      <testcase name="[sig-compute]Configurations Custom PCI Addresses configuration should configure custom pci address [test_id:5269]across all available PCI root bus slots" classname="Tests Suite" time="0">
          <skipped></skipped>
      </testcase>
      <testcase name="[sig-compute]Configurations Custom PCI Addresses configuration should configure custom pci address [test_id:5270]across all available PCI functions of a single slot" classname="Tests Suite" time="0">
          <skipped></skipped>
      </testcase>
      <testcase name="[sig-compute]Configurations Check KVM CPUID advertisement [test_id:5271]test cpuid hidden" classname="Tests Suite" time="0">
          <skipped></skipped>
      </testcase>
      <testcase name="[sig-compute]Configurations Check KVM CPUID advertisement [test_id:5272]test cpuid default" classname="Tests Suite" time="0">
          <skipped></skipped>
      </testcase>
      <testcase name="virt-operator basic tests [sig-compute][Serial]Obsolete ConfigMap should emit event if the obsolete kubevirt-config configMap still exists" classname="Tests Suite" time="67.071552151"></testcase>
      <testcase name="[rfe_id:151][crit:high][vendor:cnv-qe@redhat.com][level:component][sig-compute]IgnitionData [rfe_id:151][crit:medium][vendor:cnv-qe@redhat.com][level:component]A new VirtualMachineInstance with IgnitionData annotation with injected data [test_id:1616]should have injected data under firmware directory" classname="Tests Suite" time="0">
          <skipped></skipped>
      </testcase>
      <testcase name="[sig-network] [rfe_id:694][crit:medium][vendor:cnv-qe@redhat.com][level:component]Networking Multiple virtual machines connectivity using bridge binding interface with a test outbound VMI should be able to reach [test_id:1539]the Inbound VirtualMachineInstance" classname="Tests Suite" time="0">
          <skipped></skipped>
      </testcase>
      <testcase name="[sig-network] [rfe_id:694][crit:medium][vendor:cnv-qe@redhat.com][level:component]Networking Multiple virtual machines connectivity using bridge binding interface with a test outbound VMI should be able to reach [test_id:1540]the Inbound VirtualMachineInstance with pod network connectivity explicitly set" classname="Tests Suite" time="0">
          <skipped></skipped>
      </testcase>
      <testcase name="[sig-network] [rfe_id:694][crit:medium][vendor:cnv-qe@redhat.com][level:component]Networking Multiple virtual machines connectivity using bridge binding interface with a test outbound VMI should be able to reach [test_id:1541]the Inbound VirtualMachineInstance with custom MAC address" classname="Tests Suite" time="0">
          <skipped></skipped>
      </testcase>
      <testcase name="[sig-network] [rfe_id:694][crit:medium][vendor:cnv-qe@redhat.com][level:component]Networking Multiple virtual machines connectivity using bridge binding interface with a test outbound VMI should be able to reach [test_id:1542]the internet" classname="Tests Suite" time="0">
          <skipped></skipped>
      </testcase>
      <testcase name="[sig-network] [rfe_id:694][crit:medium][vendor:cnv-qe@redhat.com][level:component]Networking Multiple virtual machines connectivity using bridge binding interface with propagated IP from a pod should be able to reach [test_id:1543]on the same node from Pod" classname="Tests Suite" time="0">
          <skipped></skipped>
      </testcase>
      <testcase name="[sig-network] [rfe_id:694][crit:medium][vendor:cnv-qe@redhat.com][level:component]Networking Multiple virtual machines connectivity using bridge binding interface with propagated IP from a pod should be able to reach [test_id:1544]on a different node from Pod" classname="Tests Suite" time="0">
          <skipped></skipped>
      </testcase>
      <testcase name="[sig-network] [rfe_id:694][crit:medium][vendor:cnv-qe@redhat.com][level:component]Networking Multiple virtual machines connectivity using bridge binding interface with propagated IP from a pod should be able to reach [test_id:1545]on the same node from Node" classname="Tests Suite" time="0">
          <skipped></skipped>
      </testcase>
      <testcase name="[sig-network] [rfe_id:694][crit:medium][vendor:cnv-qe@redhat.com][level:component]Networking Multiple virtual machines connectivity using bridge binding interface with propagated IP from a pod should be able to reach [test_id:1546]on a different node from Node" classname="Tests Suite" time="0">
          <skipped></skipped>
      </testcase>
      <testcase name="[sig-network] [rfe_id:694][crit:medium][vendor:cnv-qe@redhat.com][level:component]Networking Multiple virtual machines connectivity using bridge binding interface VirtualMachineInstance with default interface model [test_id:1550]should expose the right device type to the guest" classname="Tests Suite" time="0">
          <skipped></skipped>
      </testcase>
      <testcase name="[sig-network] [rfe_id:694][crit:medium][vendor:cnv-qe@redhat.com][level:component]Networking Multiple virtual machines connectivity using bridge binding interface VirtualMachineInstance with default interface model VirtualMachineInstance with unsupported interface model [test_id:1551]should reject the creation of virtual machine with unsupported interface model" classname="Tests Suite" time="0">
          <skipped></skipped>
      </testcase>
      <testcase name="[sig-network] [rfe_id:694][crit:medium][vendor:cnv-qe@redhat.com][level:component]Networking VirtualMachineInstance with custom interface model [test_id:1770]should expose the right device type to the guest" classname="Tests Suite" time="0">
          <skipped></skipped>
      </testcase>
      <testcase name="[sig-network] [rfe_id:694][crit:medium][vendor:cnv-qe@redhat.com][level:component]Networking VirtualMachineInstance with custom MAC address [test_id:1771]should configure custom MAC address" classname="Tests Suite" time="0">
          <skipped></skipped>
      </testcase>
      <testcase name="[sig-network] [rfe_id:694][crit:medium][vendor:cnv-qe@redhat.com][level:component]Networking VirtualMachineInstance with custom MAC address in non-conventional format [test_id:1772]should configure custom MAC address" classname="Tests Suite" time="0">
          <skipped></skipped>
      </testcase>
      <testcase name="[sig-network] [rfe_id:694][crit:medium][vendor:cnv-qe@redhat.com][level:component]Networking VirtualMachineInstance with invalid MAC address [test_id:700]should failed to start with invalid MAC address" classname="Tests Suite" time="0">
          <skipped></skipped>
      </testcase>
      <testcase name="[sig-network] [rfe_id:694][crit:medium][vendor:cnv-qe@redhat.com][level:component]Networking VirtualMachineInstance with custom MAC address and slirp interface [test_id:1773]should configure custom MAC address" classname="Tests Suite" time="0">
          <skipped></skipped>
      </testcase>
      <testcase name="[sig-network] [rfe_id:694][crit:medium][vendor:cnv-qe@redhat.com][level:component]Networking VirtualMachineInstance with disabled automatic attachment of interfaces [test_id:1774]should not configure any external interfaces" classname="Tests Suite" time="0">
          <skipped></skipped>
      </testcase>
      <testcase name="[sig-network] [rfe_id:694][crit:medium][vendor:cnv-qe@redhat.com][level:component]Networking VirtualMachineInstance with disabled automatic attachment of interfaces [test_id:1775]should not request a tun device" classname="Tests Suite" time="0">
          <skipped></skipped>
      </testcase>
      <testcase name="[sig-network] [rfe_id:694][crit:medium][vendor:cnv-qe@redhat.com][level:component]Networking VirtualMachineInstance with custom PCI address [test_id:1776]should configure custom Pci address" classname="Tests Suite" time="0">
          <skipped></skipped>
      </testcase>
      <testcase name="[sig-network] [rfe_id:694][crit:medium][vendor:cnv-qe@redhat.com][level:component]Networking VirtualMachineInstance with learning disabled on pod interface [test_id:1777]should disable learning on pod iface" classname="Tests Suite" time="0">
          <skipped></skipped>
      </testcase>
      <testcase name="[sig-network] [rfe_id:694][crit:medium][vendor:cnv-qe@redhat.com][level:component]Networking VirtualMachineInstance with dhcp options [test_id:1778]should offer extra dhcp options to pod iface" classname="Tests Suite" time="0">
          <skipped></skipped>
      </testcase>
      <testcase name="[sig-network] [rfe_id:694][crit:medium][vendor:cnv-qe@redhat.com][level:component]Networking VirtualMachineInstance with custom dns [test_id:1779]should have custom resolv.conf" classname="Tests Suite" time="0">
          <skipped></skipped>
      </testcase>
      <testcase name="[sig-network] [rfe_id:694][crit:medium][vendor:cnv-qe@redhat.com][level:component]Networking VirtualMachineInstance with masquerade binding mechanism [Conformance][test_id:1780][label:masquerade_binding_connectivity]should allow regular network connection ipv4 with a specific port number [IPv4]" classname="Tests Suite" time="0">
          <skipped></skipped>
      </testcase>
      <testcase name="[sig-network] [rfe_id:694][crit:medium][vendor:cnv-qe@redhat.com][level:component]Networking VirtualMachineInstance with masquerade binding mechanism [Conformance][test_id:1780][label:masquerade_binding_connectivity]should allow regular network connection ipv4 with a specific port used by live migration" classname="Tests Suite" time="0">
          <skipped></skipped>
      </testcase>
      <testcase name="[sig-network] [rfe_id:694][crit:medium][vendor:cnv-qe@redhat.com][level:component]Networking VirtualMachineInstance with masquerade binding mechanism [Conformance][test_id:1780][label:masquerade_binding_connectivity]should allow regular network connection ipv4 without a specific port number [IPv4]" classname="Tests Suite" time="0">
          <skipped></skipped>
      </testcase>
      <testcase name="[sig-network] [rfe_id:694][crit:medium][vendor:cnv-qe@redhat.com][level:component]Networking VirtualMachineInstance with masquerade binding mechanism [Conformance][test_id:1780][label:masquerade_binding_connectivity]should allow regular network connection ipv4 with custom CIDR [IPv4]" classname="Tests Suite" time="0">
          <skipped></skipped>
      </testcase>
      <testcase name="[sig-network] [rfe_id:694][crit:medium][vendor:cnv-qe@redhat.com][level:component]Networking VirtualMachineInstance with masquerade binding mechanism [Conformance][test_id:1780][label:masquerade_binding_connectivity]should allow regular network connection [outside_connectivity]should be able to reach the outside world [IPv4]" classname="Tests Suite" time="0">
          <skipped></skipped>
      </testcase>
      <testcase name="[sig-network] [rfe_id:694][crit:medium][vendor:cnv-qe@redhat.com][level:component]Networking VirtualMachineInstance with masquerade binding mechanism [Conformance][test_id:1780][label:masquerade_binding_connectivity]should allow regular network connection IPv6 with a specific port number [IPv6]" classname="Tests Suite" time="0">
          <skipped></skipped>
      </testcase>
      <testcase name="[sig-network] [rfe_id:694][crit:medium][vendor:cnv-qe@redhat.com][level:component]Networking VirtualMachineInstance with masquerade binding mechanism [Conformance][test_id:1780][label:masquerade_binding_connectivity]should allow regular network connection IPv6 with a specific port used by live migration" classname="Tests Suite" time="0">
          <skipped></skipped>
      </testcase>
      <testcase name="[sig-network] [rfe_id:694][crit:medium][vendor:cnv-qe@redhat.com][level:component]Networking VirtualMachineInstance with masquerade binding mechanism [Conformance][test_id:1780][label:masquerade_binding_connectivity]should allow regular network connection IPv6 without a specific port number [IPv6]" classname="Tests Suite" time="0">
          <skipped></skipped>
      </testcase>
      <testcase name="[sig-network] [rfe_id:694][crit:medium][vendor:cnv-qe@redhat.com][level:component]Networking VirtualMachineInstance with masquerade binding mechanism [Conformance][test_id:1780][label:masquerade_binding_connectivity]should allow regular network connection IPv6 with custom CIDR [IPv6]" classname="Tests Suite" time="0">
          <skipped></skipped>
      </testcase>
      <testcase name="[sig-network] [rfe_id:694][crit:medium][vendor:cnv-qe@redhat.com][level:component]Networking VirtualMachineInstance with masquerade binding mechanism [Conformance][test_id:1780][label:masquerade_binding_connectivity]should allow regular network connection [outside_connectivity]should be able to reach the outside world [IPv6]" classname="Tests Suite" time="0">
          <skipped></skipped>
      </testcase>
      <testcase name="[sig-network] [rfe_id:694][crit:medium][vendor:cnv-qe@redhat.com][level:component]Networking VirtualMachineInstance with masquerade binding mechanism when performing migration [Conformance] preserves connectivity IPv4" classname="Tests Suite" time="0">
          <skipped></skipped>
      </testcase>
      <testcase name="[sig-network] [rfe_id:694][crit:medium][vendor:cnv-qe@redhat.com][level:component]Networking VirtualMachineInstance with masquerade binding mechanism when performing migration [Conformance] preserves connectivity IPv4 with explicit ports used by live migration" classname="Tests Suite" time="0">
          <skipped></skipped>
      </testcase>
      <testcase name="[sig-network] [rfe_id:694][crit:medium][vendor:cnv-qe@redhat.com][level:component]Networking VirtualMachineInstance with masquerade binding mechanism when performing migration [Conformance] preserves connectivity IPv6" classname="Tests Suite" time="0">
          <skipped></skipped>
      </testcase>
      <testcase name="[sig-network] [rfe_id:694][crit:medium][vendor:cnv-qe@redhat.com][level:component]Networking VirtualMachineInstance with masquerade binding mechanism [Serial]with a dedicated migration network Should migrate over that network" classname="Tests Suite" time="0">
          <skipped></skipped>
      </testcase>
      <testcase name="[sig-network] [rfe_id:694][crit:medium][vendor:cnv-qe@redhat.com][level:component]Networking VirtualMachineInstance with masquerade binding mechanism MTU verification should have the correct MTU IPv4" classname="Tests Suite" time="0">
          <skipped></skipped>
      </testcase>
      <testcase name="[sig-network] [rfe_id:694][crit:medium][vendor:cnv-qe@redhat.com][level:component]Networking VirtualMachineInstance with masquerade binding mechanism MTU verification should have the correct MTU IPv6" classname="Tests Suite" time="0">
          <skipped></skipped>
      </testcase>
      <testcase name="[sig-network] [rfe_id:694][crit:medium][vendor:cnv-qe@redhat.com][level:component]Networking VirtualMachineInstance with TX offload disabled [test_id:1781]should have tx checksumming disabled on interface serving dhcp" classname="Tests Suite" time="0">
          <skipped></skipped>
      </testcase>
      <testcase name="[sig-network] [rfe_id:694][crit:medium][vendor:cnv-qe@redhat.com][level:component]Networking [Serial]vmi with default bridge interface on pod network [test_id:2964]should reject VMIs with bridge interface when it&#39;s not permitted on pod network" classname="Tests Suite" time="0">
          <skipped></skipped>
      </testcase>
      <testcase name="[sig-network] [Serial]Multus [rfe_id:694][crit:medium][vendor:cnv-qe@redhat.com][level:component]VirtualMachineInstance using different types of interfaces. VirtualMachineInstance with cni ptp plugin interface [test_id:1751]should create a virtual machine with one interface" classname="Tests Suite" time="0">
          <skipped></skipped>
      </testcase>
      <testcase name="[sig-network] [Serial]Multus [rfe_id:694][crit:medium][vendor:cnv-qe@redhat.com][level:component]VirtualMachineInstance using different types of interfaces. VirtualMachineInstance with cni ptp plugin interface [test_id:1752]should create a virtual machine with one interface with network definition from different namespace" classname="Tests Suite" time="0">
          <skipped></skipped>
      </testcase>
      <testcase name="[sig-network] [Serial]Multus [rfe_id:694][crit:medium][vendor:cnv-qe@redhat.com][level:component]VirtualMachineInstance using different types of interfaces. VirtualMachineInstance with cni ptp plugin interface [test_id:1753]should create a virtual machine with two interfaces" classname="Tests Suite" time="0">
          <skipped></skipped>
      </testcase>
      <testcase name="[sig-network] [Serial]Multus [rfe_id:694][crit:medium][vendor:cnv-qe@redhat.com][level:component]VirtualMachineInstance using different types of interfaces. VirtualMachineInstance with multus network as default network [test_id:1751]should create a virtual machine with one interface with multus default network definition" classname="Tests Suite" time="0">
          <skipped></skipped>
      </testcase>
      <testcase name="[sig-network] [Serial]Multus [rfe_id:694][crit:medium][vendor:cnv-qe@redhat.com][level:component]VirtualMachineInstance using different types of interfaces. VirtualMachineInstance with cni ptp plugin interface with custom MAC address [test_id:1705]should configure valid custom MAC address on ptp interface when using tuning plugin" classname="Tests Suite" time="0">
          <skipped></skipped>
      </testcase>
      <testcase name="[sig-network] [Serial]Multus [rfe_id:694][crit:medium][vendor:cnv-qe@redhat.com][level:component]VirtualMachineInstance using different types of interfaces. VirtualMachineInstance with Linux bridge plugin interface should be able to ping between two vms [test_id:1577]with secondary network only" classname="Tests Suite" time="0">
          <skipped></skipped>
      </testcase>
      <testcase name="[sig-network] [Serial]Multus [rfe_id:694][crit:medium][vendor:cnv-qe@redhat.com][level:component]VirtualMachineInstance using different types of interfaces. VirtualMachineInstance with Linux bridge plugin interface should be able to ping between two vms [test_id:1578]with default network and secondary network" classname="Tests Suite" time="0">
          <skipped></skipped>
      </testcase>
      <testcase name="[sig-network] [Serial]Multus [rfe_id:694][crit:medium][vendor:cnv-qe@redhat.com][level:component]VirtualMachineInstance using different types of interfaces. VirtualMachineInstance with Linux bridge plugin interface should be able to ping between two vms with default network and secondary network with IPAM" classname="Tests Suite" time="0">
          <skipped></skipped>
      </testcase>
      <testcase name="[sig-network] [Serial]Multus [rfe_id:694][crit:medium][vendor:cnv-qe@redhat.com][level:component]VirtualMachineInstance using different types of interfaces. VirtualMachineInstance with Linux bridge CNI plugin interface and custom MAC address. [test_id:676]should configure valid custom MAC address on Linux bridge CNI interface." classname="Tests Suite" time="0">
          <skipped></skipped>
      </testcase>
      <testcase name="[sig-network] [Serial]Multus [rfe_id:694][crit:medium][vendor:cnv-qe@redhat.com][level:component]VirtualMachineInstance using different types of interfaces. Single VirtualMachineInstance with Linux bridge CNI plugin interface [test_id:1756]should report all interfaces in Status" classname="Tests Suite" time="0">
          <skipped></skipped>
      </testcase>
      <testcase name="[sig-network] [Serial]Multus [rfe_id:694][crit:medium][vendor:cnv-qe@redhat.com][level:component]VirtualMachineInstance using different types of interfaces. Single VirtualMachineInstance with Linux bridge CNI plugin interface should have the correct MTU on the secondary interface with no dhcp server" classname="Tests Suite" time="0">
          <skipped></skipped>
      </testcase>
      <testcase name="[sig-network] [Serial]Multus [rfe_id:694][crit:medium][vendor:cnv-qe@redhat.com][level:component]VirtualMachineInstance using different types of interfaces. VirtualMachineInstance with invalid MAC address [test_id:1713]should failed to start with invalid MAC address" classname="Tests Suite" time="0">
          <skipped></skipped>
      </testcase>
      <testcase name="[sig-network] [Serial]Multus [rfe_id:694][crit:medium][vendor:cnv-qe@redhat.com][level:component]VirtualMachineInstance using different types of interfaces. Security Should allow outbound communication from VM under test - only if original MAC address is unchanged" classname="Tests Suite" time="0">
          <skipped></skipped>
      </testcase>
      <testcase name="[sig-network] [Serial]Multus [rfe_id:1758][crit:medium][vendor:cnv-qe@redhat.com][level:component]VirtualMachineInstance definition with qemu guest agent [test_id:1757] should report guest interfaces in VMI status" classname="Tests Suite" time="0">
          <skipped></skipped>
      </testcase>
      <testcase name="[sig-compute]Subresource Api [rfe_id:1195][crit:medium][vendor:cnv-qe@redhat.com][level:component] Rbac Authorization with correct permissions [test_id:3170]should be allowed to access subresource endpoint" classname="Tests Suite" time="0">
          <skipped></skipped>
      </testcase>
      <testcase name="[sig-compute]Subresource Api [rfe_id:1195][crit:medium][vendor:cnv-qe@redhat.com][level:component] Rbac Authorization Without permissions [test_id:3171]should not be able to access subresource endpoint" classname="Tests Suite" time="0">
          <skipped></skipped>
      </testcase>
      <testcase name="[sig-compute]Subresource Api [rfe_id:1195][crit:medium][vendor:cnv-qe@redhat.com][level:component] Rbac Authorization For Version Command with authenticated user [test_id:3172]should be allowed to access subresource version endpoint" classname="Tests Suite" time="0">
          <skipped></skipped>
      </testcase>
      <testcase name="[sig-compute]Subresource Api [rfe_id:1195][crit:medium][vendor:cnv-qe@redhat.com][level:component] Rbac Authorization For Version Command Without permissions [test_id:3173]should be able to access subresource version endpoint" classname="Tests Suite" time="0">
          <skipped></skipped>
      </testcase>
      <testcase name="[sig-compute]Subresource Api [rfe_id:1177][crit:medium][vendor:cnv-qe@redhat.com][level:component] VirtualMachine subresource with a restart endpoint [test_id:1304] should restart a VM" classname="Tests Suite" time="0">
          <skipped></skipped>
      </testcase>
      <testcase name="[sig-compute]Subresource Api [rfe_id:1177][crit:medium][vendor:cnv-qe@redhat.com][level:component] VirtualMachine subresource with a restart endpoint [test_id:1305][posneg:negative] should return an error when VM is not running" classname="Tests Suite" time="0">
          <skipped></skipped>
      </testcase>
      <testcase name="[sig-compute]Subresource Api [rfe_id:1177][crit:medium][vendor:cnv-qe@redhat.com][level:component] VirtualMachine subresource with a restart endpoint [test_id:2265][posneg:negative] should return an error when VM has not been found but VMI is running" classname="Tests Suite" time="0">
          <skipped></skipped>
      </testcase>
      <testcase name="[sig-compute]Subresource Api [rfe_id:1177][crit:medium][vendor:cnv-qe@redhat.com][level:component] VirtualMachine subresource With manual RunStrategy [test_id:3174]Should not restart when VM is not running" classname="Tests Suite" time="0">
          <skipped></skipped>
      </testcase>
      <testcase name="[sig-compute]Subresource Api [rfe_id:1177][crit:medium][vendor:cnv-qe@redhat.com][level:component] VirtualMachine subresource With manual RunStrategy [test_id:3175]Should restart when VM is running" classname="Tests Suite" time="0">
          <skipped></skipped>
      </testcase>
      <testcase name="[sig-compute]Subresource Api [rfe_id:1177][crit:medium][vendor:cnv-qe@redhat.com][level:component] VirtualMachine subresource With RunStrategy RerunOnFailure [test_id:3176]Should restart the VM" classname="Tests Suite" time="0">
          <skipped></skipped>
      </testcase>
      <testcase name="[sig-compute]Subresource Api [rfe_id:1195][crit:medium][vendor:cnv-qe@redhat.com][level:component] the openapi spec for the subresources [test_id:3177]should be aggregated into the apiserver openapi spec" classname="Tests Suite" time="0">
          <skipped></skipped>
      </testcase>
      <testcase name="[sig-compute]Subresource Api VirtualMachineInstance subresource Freeze Unfreeze should fail [test_id:7476]Freeze without guest agent" classname="Tests Suite" time="0">
          <skipped></skipped>
      </testcase>
      <testcase name="[sig-compute]Subresource Api VirtualMachineInstance subresource Freeze Unfreeze should fail [test_id:7477]Unfreeze without guest agent" classname="Tests Suite" time="0">
          <skipped></skipped>
      </testcase>
      <testcase name="[sig-compute]Subresource Api VirtualMachineInstance subresource Freeze Unfreeze commands [test_id:7479]Freeze Unfreeze should succeed" classname="Tests Suite" time="0">
          <skipped></skipped>
      </testcase>
      <testcase name="[sig-compute]Subresource Api VirtualMachineInstance subresource Freeze Unfreeze commands [test_id:7480]Multi Freeze Unfreeze calls should succeed" classname="Tests Suite" time="0">
          <skipped></skipped>
      </testcase>
      <testcase name="[sig-compute]Subresource Api VirtualMachineInstance subresource Freeze Unfreeze commands Freeze without Unfreeze should trigger unfreeze after timeout" classname="Tests Suite" time="0">
          <skipped></skipped>
      </testcase>
      <testcase name="[Serial][rfe_id:393][crit:high][vendor:cnv-qe@redhat.com][level:system][sig-compute] VM Live Migration Starting a VirtualMachineInstance  with a bridge network interface [test_id:3226]should reject a migration of a vmi with a bridge interface" classname="Tests Suite" time="24.68385962"></testcase>
      <testcase name="[Serial][rfe_id:393][crit:high][vendor:cnv-qe@redhat.com][level:system][sig-compute] VM Live Migration Starting a VirtualMachineInstance  with bandwidth limitations [test_id:6968]should apply them and result in different migration durations" classname="Tests Suite" time="293.13011382">
          <failure type="Failure">tests/migration_test.go:490&#xA;migration should not fail&#xA;Expected&#xA;    &lt;v1.VirtualMachineInstanceMigrationPhase&gt;: Failed&#xA;not to equal&#xA;    &lt;v1.VirtualMachineInstanceMigrationPhase&gt;: Failed&#xA;vendor/github.com/onsi/gomega/internal/asyncassertion/async_assertion.go:78</failure>
          <system-out>On failure, artifacts will be collected in /home/cnv-qe-jenkins/jenkins/workspace/test-kubevirt-cnv-4.10-compute-ocs/artifacts/kubevirt-tests/test-artifacts/k8s-reporter/1_*&#xA;�[1mSTEP�[0m: Starting the VirtualMachineInstance&#xA;�[1mSTEP�[0m: Starting a VirtualMachineInstance&#xA;�[1mSTEP�[0m: Waiting until the VirtualMachineInstance starts&#xA;{&#34;component&#34;:&#34;tests&#34;,&#34;kind&#34;:&#34;VirtualMachineInstance&#34;,&#34;level&#34;:&#34;info&#34;,&#34;msg&#34;:&#34;Event(v1.ObjectReference{Kind:\&#34;VirtualMachineInstance\&#34;, Namespace:\&#34;kubevirt-test-default1\&#34;, Name:\&#34;testvmi-77vs7\&#34;, UID:\&#34;ce294058-6aca-4935-a510-eeeb59b8d322\&#34;, APIVersion:\&#34;kubevirt.io/v1\&#34;, ResourceVersion:\&#34;207714\&#34;, FieldPath:\&#34;\&#34;}): type: &#39;Normal&#39; reason: &#39;SuccessfulCreate&#39; Created virtual machine pod virt-launcher-testvmi-77vs7-gtgdt&#34;,&#34;name&#34;:&#34;testvmi-77vs7&#34;,&#34;namespace&#34;:&#34;kubevirt-test-default1&#34;,&#34;pos&#34;:&#34;utils.go:365&#34;,&#34;timestamp&#34;:&#34;2022-02-03T14:45:07.150811Z&#34;,&#34;uid&#34;:&#34;ce294058-6aca-4935-a510-eeeb59b8d322&#34;}&#xA;{&#34;component&#34;:&#34;tests&#34;,&#34;kind&#34;:&#34;VirtualMachineInstance&#34;,&#34;level&#34;:&#34;info&#34;,&#34;msg&#34;:&#34;Event(v1.ObjectReference{Kind:\&#34;VirtualMachineInstance\&#34;, Namespace:\&#34;kubevirt-test-default1\&#34;, Name:\&#34;testvmi-77vs7\&#34;, UID:\&#34;ce294058-6aca-4935-a510-eeeb59b8d322\&#34;, APIVersion:\&#34;kubevirt.io/v1\&#34;, ResourceVersion:\&#34;207845\&#34;, FieldPath:\&#34;\&#34;}): type: &#39;Normal&#39; reason: &#39;Created&#39; VirtualMachineInstance defined.&#34;,&#34;name&#34;:&#34;testvmi-77vs7&#34;,&#34;namespace&#34;:&#34;kubevirt-test-default1&#34;,&#34;pos&#34;:&#34;utils.go:365&#34;,&#34;timestamp&#34;:&#34;2022-02-03T14:45:17.220927Z&#34;,&#34;uid&#34;:&#34;ce294058-6aca-4935-a510-eeeb59b8d322&#34;}&#xA;{&#34;component&#34;:&#34;tests&#34;,&#34;kind&#34;:&#34;VirtualMachineInstance&#34;,&#34;level&#34;:&#34;info&#34;,&#34;msg&#34;:&#34;Event(v1.ObjectReference{Kind:\&#34;VirtualMachineInstance\&#34;, Namespace:\&#34;kubevirt-test-default1\&#34;, Name:\&#34;testvmi-77vs7\&#34;, UID:\&#34;ce294058-6aca-4935-a510-eeeb59b8d322\&#34;, APIVersion:\&#34;kubevirt.io/v1\&#34;, ResourceVersion:\&#34;207903\&#34;, FieldPath:\&#34;\&#34;}): type: &#39;Normal&#39; reason: &#39;Started&#39; VirtualMachineInstance started.&#34;,&#34;name&#34;:&#34;testvmi-77vs7&#34;,&#34;namespace&#34;:&#34;kubevirt-test-default1&#34;,&#34;pos&#34;:&#34;utils.go:365&#34;,&#34;timestamp&#34;:&#34;2022-02-03T14:45:17.328567Z&#34;,&#34;uid&#34;:&#34;ce294058-6aca-4935-a510-eeeb59b8d322&#34;}&#xA;Forwarding from 127.0.0.1:8242 -&gt; 8443&#xA;Handling connection for 8242&#xA;Forwarding from 127.0.0.1:4565 -&gt; 8443&#xA;Handling connection for 4565&#xA;Forwarding from 127.0.0.1:5384 -&gt; 8443&#xA;Handling connection for 5384&#xA;Forwarding from 127.0.0.1:5757 -&gt; 8443&#xA;Handling connection for 5757&#xA;Forwarding from 127.0.0.1:8808 -&gt; 8443&#xA;Handling connection for 8808&#xA;Forwarding from 127.0.0.1:5809 -&gt; 8443&#xA;Handling connection for 5809&#xA;Forwarding from 127.0.0.1:8544 -&gt; 8443&#xA;Handling connection for 8544&#xA;{&#34;component&#34;:&#34;tests&#34;,&#34;level&#34;:&#34;info&#34;,&#34;msg&#34;:&#34;system is in sync with kubevirt config resource version 207922&#34;,&#34;pos&#34;:&#34;utils.go:4528&#34;,&#34;timestamp&#34;:&#34;2022-02-03T14:45:18.993236Z&#34;}&#xA;�[1mSTEP�[0m: Checking that the VirtualMachineInstance console has expected output&#xA;�[34mSent:�[39m &#34;\n&#34;&#xA;�[34mSent:�[39m &#34;\n&#34;&#xA;�[32mMatch for RE:�[39m &#34;login as &#39;cirros&#39; user. default password: &#39;gocubsgo&#39;. use &#39;sudo&#39; for root.&#34; found: [&#34;login as &#39;cirros&#39; user. default password: &#39;gocubsgo&#39;. use &#39;sudo&#39; for root.&#34;] Buffer: &#xD;&#xA;&#xD;testvmi-77vs7 login: &#xD;&#xD;&#xA;login as &#39;cirros&#39; user. default password: &#39;gocubsgo&#39;. use &#39;sudo&#39; for root.&#xA;�[34mSent:�[39m &#34;\n&#34;&#xA;�[32mMatch for RE:�[39m &#34;testvmi-77vs7 login:&#34; found: [&#34;testvmi-77vs7 login:&#34;] Buffer: &#xD;&#xA;&#xD;testvmi-77vs7 login:&#xA;�[34mSent:�[39m &#34;cirros\n&#34;&#xA;�[32mMatch for RE:�[39m &#34;Password:&#34; found: [&#34;Password:&#34;] Buffer:  &#xD;&#xD;&#xA;login as &#39;cirros&#39; user. default password: &#39;gocubsgo&#39;. use &#39;sudo&#39; for root.&#xD;&#xA;&#xD;testvmi-77vs7 login: cirros&#xD;&#xA;Password:&#xA;�[34mSent:�[39m &#34;gocubsgo\n&#34;&#xA;�[32mMatch for RE:�[39m &#34;(\\$ |\\# )&#34; found: [&#34;$ &#34; &#34;$ &#34;] Buffer:  &#xD;&#xA;$ &#xA;�[34mSent:�[39m &#34;stty cols 500 rows 500\n&#34;&#xA;�[32mMatch for RE:�[39m &#34;(\\$ |\\# )&#34; found: [&#34;$ &#34; &#34;$ &#34;] Buffer: stty cols 500 rows 500&#xD;&#xA;$ &#xA;�[34mSent:�[39m &#34;echo $?\n&#34;&#xA;�[32mMatch for RE:�[39m &#34;\n0\r\n.*(\\$ |\\# )&#34; found: [&#34;\n0\r\n$ &#34; &#34;$ &#34;] Buffer: echo $?&#xD;&#xA;0&#xD;&#xA;$ &#xA;�[34mSent:�[39m &#34;sudo dmesg -n 1\n&#34;&#xA;�[32mMatch for RE:�[39m &#34;(\\$ |\\# )&#34; found: [&#34;$ &#34; &#34;$ &#34;] Buffer: sudo dmesg -n 1&#xD;&#xA;$ &#xA;�[34mSent:�[39m &#34;echo $?\n&#34;&#xA;�[32mMatch for RE:�[39m &#34;\n0\r\n.*(\\$ |\\# )&#34; found: [&#34;\n0\r\n$ &#34; &#34;$ &#34;] Buffer: echo $?&#xD;&#xA;0&#xD;&#xA;$ &#xA;�[1mSTEP�[0m: starting the migration&#xA;�[1mSTEP�[0m: Starting a Migration&#xA;�[1mSTEP�[0m: Waiting until the Migration Completes&#xA;�[1mSTEP�[0m: Retrieving the VMI post migration&#xA;�[1mSTEP�[0m: Verifying the VMI&#39;s migration state&#xA;�[1mSTEP�[0m: Verifying the VMI&#39;s is in the running state&#xA;{&#34;component&#34;:&#34;tests&#34;,&#34;level&#34;:&#34;info&#34;,&#34;msg&#34;:&#34;Migration with bandwidth 10Mi took: 10s&#34;,&#34;pos&#34;:&#34;migration_test.go:484&#34;,&#34;timestamp&#34;:&#34;2022-02-03T14:45:43.959233Z&#34;}&#xA;�[1mSTEP�[0m: Checking that the VirtualMachineInstance console has expected output&#xA;�[34mSent:�[39m &#34;\n&#34;&#xA;�[32mMatch for RE:�[39m &#34;\\$&#34; found: [&#34;$&#34;] Buffer: &#xD;&#xA;$&#xA;�[1mSTEP�[0m: starting the migration&#xA;�[1mSTEP�[0m: Starting a Migration&#xA;�[1mSTEP�[0m: Waiting until the Migration Completes&#xA;�[34mSent:�[39m &#34;\n&#34;&#xA;�[32mMatch for RE:�[39m &#34;\\$&#34; found: [&#34;$&#34;] Buffer: &#xD;&#xA;$ &#xA;�[34mSent:�[39m &#34;ip address\n&#34;&#xA;�[32mMatch for RE:�[39m &#34;ip address((?s).*)(\\$ |\\# )&#34; found: [&#34;ip address\r\n1: lo: &lt;LOOPBACK,UP,LOWER_UP&gt; mtu 65536 qdisc noqueue qlen 1\r\n    link/loopback 00:00:00:00:00:00 brd 00:00:00:00:00:00\r\n    inet 127.0.0.1/8 scope host lo\r\n       valid_lft forever preferred_lft forever\r\n    inet6 ::1/128 scope host \r\n       valid_lft forever preferred_lft forever\r\n2: eth0: &lt;BROADCAST,MULTICAST,UP,LOWER_UP&gt; mtu 1400 qdisc pfifo_fast qlen 1000\r\n    link/ether 52:54:00:7e:8f:5c brd ff:ff:ff:ff:ff:ff\r\n    inet 10.0.2.2/24 brd 10.0.2.255 scope global eth0\r\n       valid_lft forever preferred_lft forever\r\n    inet6 fe80::5054:ff:fe7e:8f5c/64 scope link \r\n       valid_lft forever preferred_lft forever\r\n$ &#34; &#34;\r\n1: lo: &lt;LOOPBACK,UP,LOWER_UP&gt; mtu 65536 qdisc noqueue qlen 1\r\n    link/loopback 00:00:00:00:00:00 brd 00:00:00:00:00:00\r\n    inet 127.0.0.1/8 scope host lo\r\n       valid_lft forever preferred_lft forever\r\n    inet6 ::1/128 scope host \r\n       valid_lft forever preferred_lft forever\r\n2: eth0: &lt;BROADCAST,MULTICAST,UP,LOWER_UP&gt; mtu 1400 qdisc pfifo_fast qlen 1000\r\n    link/ether 52:54:00:7e:8f:5c brd ff:ff:ff:ff:ff:ff\r\n    inet 10.0.2.2/24 brd 10.0.2.255 scope global eth0\r\n       valid_lft forever preferred_lft forever\r\n    inet6 fe80::5054:ff:fe7e:8f5c/64 scope link \r\n       valid_lft forever preferred_lft forever\r\n&#34; &#34;$ &#34;] Buffer: ip address&#xD;&#xA;1: lo: &lt;LOOPBACK,UP,LOWER_UP&gt; mtu 65536 qdisc noqueue qlen 1&#xD;&#xA;    link/loopback 00:00:00:00:00:00 brd 00:00:00:00:00:00&#xD;&#xA;    inet 127.0.0.1/8 scope host lo&#xD;&#xA;       valid_lft forever preferred_lft forever&#xD;&#xA;    inet6 ::1/128 scope host &#xD;&#xA;       valid_lft forever preferred_lft forever&#xD;&#xA;2: eth0: &lt;BROADCAST,MULTICAST,UP,LOWER_UP&gt; mtu 1400 qdisc pfifo_fast qlen 1000&#xD;&#xA;    link/ether 52:54:00:7e:8f:5c brd ff:ff:ff:ff:ff:ff&#xD;&#xA;    inet 10.0.2.2/24 brd 10.0.2.255 scope global eth0&#xD;&#xA;       valid_lft forever preferred_lft forever&#xD;&#xA;    inet6 fe80::5054:ff:fe7e:8f5c/64 scope link &#xD;&#xA;       valid_lft forever preferred_lft forever&#xD;&#xA;$ &#xA;�[34mSent:�[39m &#34;echo $?\n&#34;&#xA;�[32mMatch for RE:�[39m &#34;echo \\$\\?((?s).*)\n0\r\n.*(\\$ |\\# )&#34; found: [&#34;echo $?\r\n0\r\n$ &#34; &#34;\r&#34; &#34;$ &#34;] Buffer: echo $?&#xD;&#xA;0&#xD;&#xA;$ &#xA;�[34mSent:�[39m &#34;ip link\n&#34;&#xA;�[32mMatch for RE:�[39m &#34;ip link((?s).*)(\\$ |\\# )&#34; found: [&#34;ip link\r\n1: lo: &lt;LOOPBACK,UP,LOWER_UP&gt; mtu 65536 qdisc noqueue qlen 1\r\n    link/loopback 00:00:00:00:00:00 brd 00:00:00:00:00:00\r\n2: eth0: &lt;BROADCAST,MULTICAST,UP,LOWER_UP&gt; mtu 1400 qdisc pfifo_fast qlen 1000\r\n    link/ether 52:54:00:7e:8f:5c brd ff:ff:ff:ff:ff:ff\r\n$ &#34; &#34;\r\n1: lo: &lt;LOOPBACK,UP,LOWER_UP&gt; mtu 65536 qdisc noqueue qlen 1\r\n    link/loopback 00:00:00:00:00:00 brd 00:00:00:00:00:00\r\n2: eth0: &lt;BROADCAST,MULTICAST,UP,LOWER_UP&gt; mtu 1400 qdisc pfifo_fast qlen 1000\r\n    link/ether 52:54:00:7e:8f:5c brd ff:ff:ff:ff:ff:ff\r\n&#34; &#34;$ &#34;] Buffer: ip link&#xD;&#xA;1: lo: &lt;LOOPBACK,UP,LOWER_UP&gt; mtu 65536 qdisc noqueue qlen 1&#xD;&#xA;    link/loopback 00:00:00:00:00:00 brd 00:00:00:00:00:00&#xD;&#xA;2: eth0: &lt;BROADCAST,MULTICAST,UP,LOWER_UP&gt; mtu 1400 qdisc pfifo_fast qlen 1000&#xD;&#xA;    link/ether 52:54:00:7e:8f:5c brd ff:ff:ff:ff:ff:ff&#xD;&#xA;$ &#xA;�[34mSent:�[39m &#34;echo $?\n&#34;&#xA;�[32mMatch for RE:�[39m &#34;echo \\$\\?((?s).*)\n0\r\n.*(\\$ |\\# )&#34; found: [&#34;echo $?\r\n0\r\n$ &#34; &#34;\r&#34; &#34;$ &#34;] Buffer: echo $?&#xD;&#xA;0&#xD;&#xA;$ &#xA;�[34mSent:�[39m &#34;ip route show table all\n&#34;&#xA;�[32mMatch for RE:�[39m &#34;ip route show table all((?s).*)(\\$ |\\# )&#34; found: [&#34;ip route show table all\r\ndefault via 10.0.2.1 dev eth0 \r\n10.0.2.0/24 dev eth0  src 10.0.2.2 \r\nbroadcast 10.0.2.0 dev eth0  src 10.0.2.2 \r\nlocal 10.0.2.2 dev eth0  src 10.0.2.2 \r\nbroadcast 10.0.2.255 dev eth0  src 10.0.2.2 \r\nbroadcast 127.0.0.0 dev lo  src 127.0.0.1 \r\nlocal 127.0.0.0/8 dev lo  src 127.0.0.1 \r\nlocal 127.0.0.1 dev lo  src 127.0.0.1 \r\nbroadcast 127.255.255.255 dev lo  src 127.0.0.1 \r\nfe80::/64 dev eth0  metric 256 \r\nunreachable default dev lo  metric -1  error -101\r\nlocal ::1 dev lo  metric 0 \r\nlocal fe80::5054:ff:fe7e:8f5c dev lo  metric 0 \r\nff00::/8 dev eth0  metric 256 \r\nunreachable default dev lo  metric -1  error -101\r\n$ &#34; &#34;\r\ndefault via 10.0.2.1 dev eth0 \r\n10.0.2.0/24 dev eth0  src 10.0.2.2 \r\nbroadcast 10.0.2.0 dev eth0  src 10.0.2.2 \r\nlocal 10.0.2.2 dev eth0  src 10.0.2.2 \r\nbroadcast 10.0.2.255 dev eth0  src 10.0.2.2 \r\nbroadcast 127.0.0.0 dev lo  src 127.0.0.1 \r\nlocal 127.0.0.0/8 dev lo  src 127.0.0.1 \r\nlocal 127.0.0.1 dev lo  src 127.0.0.1 \r\nbroadcast 127.255.255.255 dev lo  src 127.0.0.1 \r\nfe80::/64 dev eth0  metric 256 \r\nunreachable default dev lo  metric -1  error -101\r\nlocal ::1 dev lo  metric 0 \r\nlocal fe80::5054:ff:fe7e:8f5c dev lo  metric 0 \r\nff00::/8 dev eth0  metric 256 \r\nunreachable default dev lo  metric -1  error -101\r\n&#34; &#34;$ &#34;] Buffer: ip route show table all&#xD;&#xA;default via 10.0.2.1 dev eth0 &#xD;&#xA;10.0.2.0/24 dev eth0  src 10.0.2.2 &#xD;&#xA;broadcast 10.0.2.0 dev eth0  src 10.0.2.2 &#xD;&#xA;local 10.0.2.2 dev eth0  src 10.0.2.2 &#xD;&#xA;broadcast 10.0.2.255 dev eth0  src 10.0.2.2 &#xD;&#xA;broadcast 127.0.0.0 dev lo  src 127.0.0.1 &#xD;&#xA;local 127.0.0.0/8 dev lo  src 127.0.0.1 &#xD;&#xA;local 127.0.0.1 dev lo  src 127.0.0.1 &#xD;&#xA;broadcast 127.255.255.255 dev lo  src 127.0.0.1 &#xD;&#xA;fe80::/64 dev eth0  metric 256 &#xD;&#xA;unreachable default dev lo  metric -1  error -101&#xD;&#xA;local ::1 dev lo  metric 0 &#xD;&#xA;local fe80::5054:ff:fe7e:8f5c dev lo  metric 0 &#xD;&#xA;ff00::/8 dev eth0  metric 256 &#xD;&#xA;unreachable default dev lo  metric -1  error -101&#xD;&#xA;$ &#xA;�[34mSent:�[39m &#34;echo $?\n&#34;&#xA;�[32mMatch for RE:�[39m &#34;echo \\$\\?((?s).*)\n0\r\n.*(\\$ |\\# )&#34; found: [&#34;echo $?\r\n0\r\n$ &#34; &#34;\r&#34; &#34;$ &#34;] Buffer: echo $?&#xD;&#xA;0&#xD;&#xA;$ &#xA;�[34mSent:�[39m &#34;dmesg\n&#34;&#xA;�[32mMatch for RE:�[39m &#34;dmesg((?s).*)(\\$ |\\# )&#34; found: [&#34;dmesg\r\n\x1b[32m[    0.000000] \x1b[0mInitializing cgroup subsys cpuset\r\n\x1b[32m[    0.000000] \x1b[0mInitializing cgroup subsys cpu\r\n\x1b[32m[    0.000000] \x1b[0mInitializing cgroup subsys cpuacct\r\n\x1b[32m[    0.000000] \x1b[0mLinux version 4.4.0-28-generic (buildd@lcy01-13) (gcc version 5.3.1 20160413 (Ubuntu 5.3.1-14ubuntu2.1) ) #47-Ubuntu SMP Fri Jun 24 10:09:13 UTC 2016 (Ubuntu 4.4.0-28.47-generic 4.4.13)\r\n\x1b[32m[    0.000000] \x1b[0m\x1b[33mCommand line\x1b[0m: LABEL=cirros-rootfs ro console=tty1 console=ttyS0\r\n\x1b[32m[    0.000000] \x1b[0mKERNEL supported cpus:\r\n\x1b[32m[    0.000000] \x1b[0m  Intel GenuineIntel\r\n\x1b[32m[    0.000000] \x1b[0m  AMD AuthenticAMD\r\n\x1b[32m[    0.000000] \x1b[0m  Centaur CentaurHauls\r\n\x1b[32m[    0.000000] \x1b[0m\x1b[33mtseg\x1b[0m: 0000000000\r\n\x1b[32m[    0.000000] \x1b[0m\x1b[33mx86/fpu\x1b[0m: xstate_offset[2]:  576, xstate_sizes[2]:  256\r\n\x1b[32m[    0.000000] \x1b[0m\x1b[33mx86/fpu\x1b[0m: Supporting XSAVE feature 0x01: &#39;x87 floating point registers&#39;\r\n\x1b[32m[    0.000000] \x1b[0m\x1b[33mx86/fpu\x1b[0m: Supporting XSAVE feature 0x02: &#39;SSE registers&#39;\r\n\x1b[32m[    0.000000] \x1b[0m\x1b[33mx86/fpu\x1b[0m: Supporting XSAVE feature 0x04: &#39;AVX registers&#39;\r\n\x1b[32m[    0.000000] \x1b[0m\x1b[33mx86/fpu\x1b[0m: Enabled xstate features 0x7, context size is 832 bytes, using &#39;standard&#39; format.\r\n\x1b[32m[    0.000000] \x1b[0m\x1b[33mx86/fpu\x1b[0m: Using &#39;eager&#39; FPU context switches.\r\n\x1b[32m[    0.000000] \x1b[0m\x1b[33me820\x1b[0m: BIOS-provided physical RAM map:\r\n\x1b[32m[    0.000000] \x1b[0m\x1b[33mBIOS-e820\x1b[0m: [mem 0x0000000000000000-0x000000000009fbff] usable\r\n\x1b[32m[    0.000000] \x1b[0m\x1b[33mBIOS-e820\x1b[0m: [mem 0x000000000009fc00-0x000000000009ffff] reserved\r\n\x1b[32m[    0.000000] \x1b[0m\x1b[33mBIOS-e820\x1b[0m: [mem 0x00000000000f0000-0x00000000000fffff] reserved\r\n\x1b[32m[    0.000000] \x1b[0m\x1b[33mBIOS-e820\x1b[0m: [mem 0x0000000000100000-0x0000000007fdcfff] usable\r\n\x1b[32m[    0.000000] \x1b[0m\x1b[33mBIOS-e820\x1b[0m: [mem 0x0000000007fdd000-0x0000000007ffffff] reserved\r\n\x1b[32m[    0.000000] \x1b[0m\x1b[33mBIOS-e820\x1b[0m: [mem 0x00000000b0000000-0x00000000bfffffff] reserved\r\n\x1b[32m[    0.000000] \x1b[0m\x1b[33mBIOS-e820\x1b[0m: [mem 0x00000000fed1c000-0x00000000fed1ffff] reserved\r\n\x1b[32m[    0.000000] \x1b[0m\x1b[33mBIOS-e820\x1b[0m: [mem 0x00000000feffc000-0x00000000feffffff] reserved\r\n\x1b[32m[    0.000000] \x1b[0m\x1b[33mBIOS-e820\x1b[0m: [mem 0x00000000fffc0000-0x00000000ffffffff] reserved\r\n\x1b[32m[    0.000000] \x1b[0m\x1b[33mNX (Execute Disable) protection\x1b[0m: active\r\n\x1b[32m[    0.000000] \x1b[0mSMBIOS 2.8 present.\r\n\x1b[32m[    0.000000] \x1b[0m\x1b[33mDMI\x1b[0m: Red Hat Container-native virtualization/RHEL-AV, BIOS 1.14.0-1.module+el8.4.0+8855+a9e237a9 04/01/2014\r\n\x1b[32m[    0.000000] \x1b[0m\x1b[33mHypervisor detected\x1b[0m: KVM\r\n\x1b[32m[    0.000000] \x1b[0m\x1b[33me820\x1b[0m: update [mem 0x00000000-0x00000fff] usable ==&gt; reserved\r\n\x1b[32m[    0.000000] \x1b[0m\x1b[33me820\x1b[0m: remove [mem 0x000a0000-0x000fffff] usable\r\n\x1b[32m[    0.000000] \x1b[0m\x1b[33me820\x1b[0m: last_pfn = 0x7fdd max_arch_pfn = 0x400000000\r\n\x1b[32m[    0.000000] \x1b[0m\x1b[33mMTRR default type\x1b[0m: write-back\r\n\x1b[32m[    0.000000] \x1b[0mMTRR fixed ranges enabled:\r\n\x1b[32m[    0.000000] \x1b[0m  00000-9FFFF write-back\r\n\x1b[32m[    0.000000] \x1b[0m  A0000-BFFFF uncachable\r\n\x1b[32m[    0.000000] \x1b[0m  C0000-FFFFF write-protect\r\n\x1b[32m[    0.000000] \x1b[0mMTRR variable ranges enabled:\r\n\x1b[32m[    0.000000] \x1b[0m  0 base 0000C0000000 mask FFFFC0000000 uncachable\r\n\x1b[32m[    0.000000] \x1b[0m  1 disabled\r\n\x1b[32m[    0.000000] \x1b[0m  2 disabled\r\n\x1b[32m[    0.000000] \x1b[0m  3 disabled\r\n\x1b[32m[    0.000000] \x1b[0m  4 disabled\r\n\x1b[32m[    0.000000] \x1b[0m  5 disabled\r\n\x1b[32m[    0.000000] \x1b[0m  6 disabled\r\n\x1b[32m[    0.000000] \x1b[0m  7 disabled\r\n\x1b[32m[    0.000000] \x1b[0m\x1b[33mx86/PAT\x1b[0m: Configuration [0-7]: WB  WC  UC- UC  WB  WC  UC- WT  \r\n\x1b[32m[    0.000000] \x1b[0mfound SMP MP-table at [mem 0x000f5c20-0x000f5c2f] mapped at [ffff8800000f5c20]\r\n\x1b[32m[    0.000000] \x1b[0mScanning 1 areas for low memory corruption\r\n\x1b[32m[    0.000000] \x1b[0mBase memory trampoline at [ffff880000099000] 99000 size 24576\r\n\x1b[32m[    0.000000] \x1b[0mUsing GB pages for direct mapping\r\n\x1b[32m[    0.000000] \x1b[0mBRK [0x02200000, 0x02200fff] PGTABLE\r\n\x1b[32m[    0.000000] \x1b[0mBRK [0x02201000, 0x02201fff] PGTABLE\r\n\x1b[32m[    0.000000] \x1b[0mBRK [0x02202000, 0x02202fff] PGTABLE\r\n\x1b[32m[    0.000000] \x1b[0mBRK [0x02203000, 0x02203fff] PGTABLE\r\n\x1b[32m[    0.000000] \x1b[0m\x1b[33mRAMDISK\x1b[0m: [mem 0x07b17000-0x07fccfff]\r\n\x1b[32m[    0.000000] \x1b[0m\x1b[33mACPI\x1b[0m: Early table checksum verification disabled\r\n\x1b[32m[    0.000000] \x1b[0m\x1b[33mACPI\x1b[0m\x1b[1m: RSDP 0x00000000000F59D0 000014 (v00 BOCHS )\x1b[0m\r\n\x1b[32m[    0.000000] \x1b[0m\x1b[33mACPI\x1b[0m\x1b[1m: RSDT 0x0000000007FE2048 000034 (v01 BOCHS  BXPCRSDT 00000001 BXPC 00000001)\x1b[0m\r\n\x1b[32m[    0.000000] \x1b[0m\x1b[33mACPI\x1b[0m\x1b[1m: FACP 0x0000000007FE1E78 0000F4 (v03 BOCHS  BXPCFACP 00000001 BXPC 00000001)\x1b[0m\r\n\x1b[32m[    0.000000] \x1b[0m\x1b[33mACPI\x1b[0m\x1b[1m: DSDT 0x0000000007FE0040 001E38 (v01 BOCHS  BXPCDSDT 00000001 BXPC 00000001)\x1b[0m\r\n\x1b[32m[    0.000000] \x1b[0m\x1b[33mACPI\x1b[0m\x1b[1m: FACS 0x0000000007FE0000 000040\x1b[0m\r\n\x1b[32m[    0.000000] \x1b[0m\x1b[33mACPI\x1b[0m\x1b[1m: APIC 0x0000000007FE1F6C 000078 (v01 BOCHS  BXPCAPIC 00000001 BXPC 00000001)\x1b[0m\r\n\x1b[32m[    0.000000] \x1b[0m\x1b[33mACPI\x1b[0m\x1b[1m: MCFG 0x0000000007FE1FE4 00003C (v01 BOCHS  BXPCMCFG 00000001 BXPC 00000001)\x1b[0m\r\n\x1b[32m[    0.000000] \x1b[0m\x1b[33mACPI\x1b[0m\x1b[1m: WAET 0x0000000007FE2020 000028 (v01 BOCHS  BXPCWAET 00000001 BXPC 00000001)\x1b[0m\r\n\x1b[32m[    0.000000] \x1b[0m\x1b[33mACPI\x1b[0m: Local APIC address 0xfee00000\r\n\x1b[32m[    0.000000] \x1b[0mNo NUMA configuration found\r\n\x1b[32m[    0.000000] \x1b[0mFaking a node at [mem 0x0000000000000000-0x0000000007fdcfff]\r\n\x1b[32m[    0.000000] \x1b[0mNODE_DATA(0) allocated [mem 0x07fd8000-0x07fdcfff]\r\n\x1b[32m[    0.000000] \x1b[0m\x1b[33mkvm-clock\x1b[0m: Using msrs 4b564d01 and 4b564d00\r\n\x1b[32m[    0.000000] \x1b[0m\x1b[33mkvm-clock\x1b[0m: cpu 0, msr 0:7fd4001, primary cpu clock\r\n\x1b[32m[    0.000000] \x1b[0m\x1b[33mclocksource\x1b[0m: kvm-clock: mask: 0xffffffffffffffff max_cycles: 0x1cd42e4dffb, max_idle_ns: 881590591483 ns\r\n\x1b[32m[    0.000000] \x1b[0mZone ranges:\r\n\x1b[32m[    0.000000] \x1b[0m  DMA      [mem 0x0000000000001000-0x0000000000ffffff]\r\n\x1b[32m[    0.000000] \x1b[0m  DMA32    [mem 0x0000000001000000-0x0000000007fdcfff]\r\n\x1b[32m[    0.000000] \x1b[0m  Normal   empty\r\n\x1b[32m[    0.000000] \x1b[0m  Device   empty\r\n\x1b[32m[    0.000000] \x1b[0mMovable zone start for each node\r\n\x1b[32m[    0.000000] \x1b[0mEarly memory node ranges\r\n\x1b[32m[    0.000000] \x1b[0m\x1b[33m  node   0\x1b[0m: [mem 0x0000000000001000-0x000000000009efff]\r\n\x1b[32m[    0.000000] \x1b[0m\x1b[33m  node   0\x1b[0m: [mem 0x0000000000100000-0x0000000007fdcfff]\r\n\x1b[32m[    0.000000] \x1b[0mInitmem setup node 0 [mem 0x0000000000001000-0x0000000007fdcfff]\r\n\x1b[32m[    0.000000] \x1b[0m\x1b[33mOn node 0 totalpages\x1b[0m: 32635\r\n\x1b[32m[    0.000000] \x1b[0m\x1b[33m  DMA zone\x1b[0m: 64 pages used for memmap\r\n\x1b[32m[    0.000000] \x1b[0m\x1b[33m  DMA zone\x1b[0m: 21 pages reserved\r\n\x1b[32m[    0.000000] \x1b[0m\x1b[33m  DMA zone\x1b[0m: 3998 pages, LIFO batch:0\r\n\x1b[32m[    0.000000] \x1b[0m\x1b[33m  DMA32 zone\x1b[0m: 448 pages used for memmap\r\n\x1b[32m[    0.000000] \x1b[0m\x1b[33m  DMA32 zone\x1b[0m: 28637 pages, LIFO batch:7\r\n\x1b[32m[    0.000000] \x1b[0m\x1b[33mACPI\x1b[0m: PM-Timer IO Port: 0x608\r\n\x1b[32m[    0.000000] \x1b[0m\x1b[33mACPI\x1b[0m: Local APIC address 0xfee00000\r\n\x1b[32m[    0.000000] \x1b[0m\x1b[33mACPI\x1b[0m: LAPIC_NMI (acpi_id[0xff] dfl dfl lint[0x1])\r\n\x1b[32m[    0.000000] \x1b[0m\x1b[33mIOAPIC[0]\x1b[0m: apic_id 0, version 17, address 0xfec00000, GSI 0-23\r\n\x1b[32m[    0.000000] \x1b[0m\x1b[33mACPI\x1b[0m: INT_SRC_OVR (bus 0 bus_irq 0 global_irq 2 dfl dfl)\r\n\x1b[32m[    0.000000] \x1b[0m\x1b[33mACPI\x1b[0m: INT_SRC_OVR (bus 0 bus_irq 5 global_irq 5 high level)\r\n\x1b[32m[    0.000000] \x1b[0m\x1b[33mACPI\x1b[0m: INT_SRC_OVR (bus 0 bus_irq 9 global_irq 9 high level)\r\n\x1b[32m[    0.000000] \x1b[0m\x1b[33mACPI\x1b[0m: INT_SRC_OVR (bus 0 bus_irq 10 global_irq 10 high level)\r\n\x1b[32m[    0.000000] \x1b[0m\x1b[33mACPI\x1b[0m: INT_SRC_OVR (bus 0 bus_irq 11 global_irq 11 high level)\r\n\x1b[32m[    0.000000] \x1b[0m\x1b[33mACPI\x1b[0m: IRQ0 used by override.\r\n\x1b[32m[    0.000000] \x1b[0m\x1b[33mACPI\x1b[0m: IRQ5 used by override.\r\n\x1b[32m[    0.000000] \x1b[0m\x1b[33mACPI\x1b[0m: IRQ9 used by override.\r\n\x1b[32m[    0.000000] \x1b[0m\x1b[33mACPI\x1b[0m: IRQ10 used by override.\r\n\x1b[32m[    0.000000] \x1b[0m\x1b[33mACPI\x1b[0m: IRQ11 used by override.\r\n\x1b[32m[    0.000000] \x1b[0mUsing ACPI (MADT) for SMP configuration information\r\n\x1b[32m[    0.000000] \x1b[0m\x1b[33msmpboot\x1b[0m: Allowing 1 CPUs, 0 hotplug CPUs\r\n\x1b[32m[    0.000000] \x1b[0m\x1b[33mPM\x1b[0m: Registered nosave memory: [mem 0x00000000-0x00000fff]\r\n\x1b[32m[    0.000000] \x1b[0m\x1b[33mPM\x1b[0m: Registered nosave memory: [mem 0x0009f000-0x0009ffff]\r\n\x1b[32m[    0.000000] \x1b[0m\x1b[33mPM\x1b[0m: Registered nosave memory: [mem 0x000a0000-0x000effff]\r\n\x1b[32m[    0.000000] \x1b[0m\x1b[33mPM\x1b[0m: Registered nosave memory: [mem 0x000f0000-0x000fffff]\r\n\x1b[32m[    0.000000] \x1b[0m\x1b[33me820\x1b[0m: [mem 0x08000000-0xafffffff] available for PCI devices\r\n\x1b[32m[    0.000000] \x1b[0mBooting paravirtualized kernel on KVM\r\n\x1b[32m[    0.000000] \x1b[0m\x1b[33mclocksource\x1b[0m: refined-jiffies: mask: 0xffffffff max_cycles: 0xffffffff, max_idle_ns: 7645519600211568 ns\r\n\x1b[32m[    0.000000] \x1b[0m\x1b[33msetup_percpu\x1b[0m: NR_CPUS:256 nr_cpumask_bits:256 nr_cpu_ids:1 nr_node_ids:1\r\n\x1b[32m[    0.000000] \x1b[0m\x1b[33mPERCPU\x1b[0m: Embedded 33 pages/cpu @ffff880007800000 s98008 r8192 d28968 u2097152\r\n\x1b[32m[    0.000000] \x1b[0m\x1b[33mpcpu-alloc\x1b[0m: s98008 r8192 d28968 u2097152 alloc=1*2097152\r\n\x1b[32m[    0.000000] \x1b[0m\x1b[33mpcpu-alloc\x1b[0m: [0] 0 \r\n\x1b[32m[    0.000000] \x1b[0mKVM setup async PF for cpu 0\r\n\x1b[32m[    0.000000] \x1b[0m\x1b[33mkvm-stealtime\x1b[0m: cpu 0, msr 780d940\r\n\x1b[32m[    0.000000] \x1b[0m\x1b[33mPV qspinlock hash table entries\x1b[0m: 256 (order: 0, 4096 bytes)\r\n\x1b[32m[    0.000000] \x1b[0m\x1b[33mBuilt 1 zonelists in Node order, mobility grouping on.  Total pages\x1b[0m: 32102\r\n\x1b[32m[    0.000000] \x1b[0m\x1b[33mPolicy zone\x1b[0m: DMA32\r\n\x1b[32m[    0.000000] \x1b[0m\x1b[33mKernel command line\x1b[0m: LABEL=cirros-rootfs ro console=tty1 console=ttyS0\r\n\x1b[32m[    0.000000] \x1b[0m\x1b[33mPID hash table entries\x1b[0m: 512 (order: 0, 4096 bytes)\r\n\x1b[32m[    0.000000] \x1b[0m\x1b[33mCalgary\x1b[0m: detecting Calgary via BIOS EBDA area\r\n\x1b[32m[    0.000000] \x1b[0m\x1b[33mCalgary\x1b[0m: Unable to locate Rio Grande table in EBDA - bailing!\r\n\x1b[32m[    0.000000] \x1b[0m\x1b[33mMemory\x1b[0m: 104740K/130540K available (8368K kernel code, 1280K rwdata, 3928K rodata, 1480K init, 1292K bss, 25800K reserved, 0K cma-reserved)\r\n\x1b[32m[    0.000000] \x1b[0m\x1b[33mSLUB\x1b[0m: HWalign=64, Order=0-3, MinObjects=0, CPUs=1, Nodes=1\r\n\x1b[32m[    0.000000] \x1b[0mHierarchical RCU implementation.\r\n\x1b[32m[    0.000000] \x1b[0m\tBuild-time adjustment of leaf fanout to 64.\r\n\x1b[32m[    0.000000] \x1b[0m\tRCU restricting CPUs from NR_CPUS=256 to nr_cpu_ids=1.\r\n\x1b[32m[    0.000000] \x1b[0m\x1b[33mRCU\x1b[0m: Adjusting geometry for rcu_fanout_leaf=64, nr_cpu_ids=1\r\n\x1b[32m[    0.000000] \x1b[0mNR_IRQS:16640 nr_irqs:256 16\r\n\x1b[32m[    0.000000] \x1b[0m\x1b[33mConsole\x1b[0m: colour VGA+ 80x25\r\n\x1b[32m[    0.000000] \x1b[0mconsole [tty1] enabled\r\n\x1b[32m[    0.000000] \x1b[0mconsole [ttyS0] enabled\r\n\x1b[32m[    0.000000] \x1b[0m\x1b[33mtsc\x1b[0m: Detected 2595.122 MHz processor\r\n\x1b[32m[    0.008000] \x1b[0mCalibrating delay loop (skipped) preset value.. 5190.24 BogoMIPS (lpj=10380488)\r\n\x1b[32m[    0.012009] \x1b[0m\x1b[33mpid_max\x1b[0m: default: 32768 minimum: 301\r\n\x1b[32m[    0.016014] \x1b[0m\x1b[33mACPI\x1b[0m: Core revision 20150930\r\n\x1b[32m[    0.020580] \x1b[0m\x1b[33mACPI\x1b[0m\x1b[1m: 1 ACPI AML tables successfully acquired and loaded\x1b[0m\r\n\x1b[32m[    0.029299] \x1b[0mSecurity Framework initialized\r\n\x1b[32m[    0.032009] \x1b[0m\x1b[33mYama\x1b[0m: becoming mindful.\r\n\x1b[32m[    0.036023] \x1b[0m\x1b[33mAppArmor\x1b[0m: AppArmor initialized\r\n\x1b[32m[    0.040049] \x1b[0m\x1b[33mDentry cache hash table entries\x1b[0m: 16384 (order: 5, 131072 bytes)\r\n\x1b[32m[    0.044035] \x1b[0m\x1b[33mInode-cache hash table entries\x1b[0m: 8192 (order: 4, 65536 bytes)\r\n\x1b[32m[    0.052021] \x1b[0m\x1b[33mMount-cache hash table entries\x1b[0m: 512 (order: 0, 4096 bytes)\r\n\x1b[32m[    0.056010] \x1b[0m\x1b[33mMountpoint-cache hash table entries\x1b[0m: 512 (order: 0, 4096 bytes)\r\n\x1b[32m[    0.060174] \x1b[0mInitializing cgroup subsys io\r\n\x1b[32m[    0.064014] \x1b[0mInitializing cgroup subsys memory\r\n\x1b[32m[    0.068014] \x1b[0mInitializing cgroup subsys devices\r\n\x1b[32m[    0.072012] \x1b[0mInitializing cgroup subsys freezer\r\n\x1b[32m[    0.076011] \x1b[0mInitializing cgroup subsys net_cls\r\n\x1b[32m[    0.080012] \x1b[0mInitializing cgroup subsys perf_event\r\n\x1b[32m[    0.084014] \x1b[0mInitializing cgroup subsys net_prio\r\n\x1b[32m[    0.088011] \x1b[0mInitializing cgroup subsys hugetlb\r\n\x1b[32m[    0.092023] \x1b[0mInitializing cgroup subsys pids\r\n\x1b[32m[    0.107638] \x1b[0m\x1b[33mmce\x1b[0m: CPU supports 10 MCE banks\r\n\x1b[32m[    0.108358] \x1b[0m\x1b[33mLast level iTLB entries\x1b[0m: 4KB 512, 2MB 255, 4MB 127\r\n\x1b[32m[    0.112016] \x1b[0m\x1b[33mLast level dTLB entries\x1b[0m: 4KB 512, 2MB 255, 4MB 127, 1GB 0\r\n\x1b[32m[    0.180866] \x1b[0m\x1b[33mFreeing SMP alternatives memory\x1b[0m: 28K (ffffffff820b4000 - ffffffff820bb000)\r\n\x1b[32m[    0.241932] \x1b[0m\x1b[33mftrace\x1b[0m: allocating 31920 entries in 125 pages\r\n\x1b[32m[    0.256102] \x1b[0m\x1b[33msmpboot\x1b[0m: Max logical packages: 1\r\n\x1b[32m[    0.260017] \x1b[0m\x1b[33msmpboot\x1b[0m: APIC(0) Converting physical 0 to logical package 0\r\n\x1b[32m[    0.268318] \x1b[0mx2apic enabled\r\n\x1b[32m[    0.272012] \x1b[0mSwitched APIC routing to physical x2apic.\r\n\x1b[32m[    0.281862] \x1b[0m\x1b[33m..TIMER\x1b[0m: vector=0x30 apic1=0 pin1=2 apic2=-1 pin2=-1\r\n\x1b[32m[    0.284000] \x1b[0mTSC deadline timer enabled\r\n\x1b[32m[    0.284000] \x1b[0m\x1b[33msmpboot\x1b[0m: CPU0: AMD EPYC-Rome Processor (family: 0x17, model: 0x31, stepping: 0x0)\r\n\x1b[32m[    0.288027] \x1b[0m\x1b[33mPerformance Events\x1b[0m: \r\n\x1b[32m[    0.290389] \x1b[0m\x1b[31mcore perfctr but no constraints; unknown hardware!\x1b[0m\r\n\x1b[32m[    0.292016] \x1b[0m\x1b[1mno PMU driver, software events only.\x1b[0m\r\n\x1b[32m[    0.296096] \x1b[0mKVM setup paravirtual spinlock\r\n\x1b[32m[    0.301051] \x1b[0m\x1b[33mx86\x1b[0m: Booted up 1 node, 1 CPUs\r\n\x1b[32m[    0.304028] \x1b[0m\x1b[33msmpboot\x1b[0m: Total of 1 processors activated (5190.24 BogoMIPS)\r\n\x1b[32m[    0.308921] \x1b[0m\x1b[33mdevtmpfs\x1b[0m: initialized\r\n\x1b[32m[    0.314367] \x1b[0m\x1b[33mevm\x1b[0m: security.selinux\r\n\x1b[32m[    0.316020] \x1b[0m\x1b[33mevm\x1b[0m: security.SMACK64\r\n\x1b[32m[    0.319586] \x1b[0m\x1b[33mevm\x1b[0m: security.SMACK64EXEC\r\n\x1b[32m[    0.320030] \x1b[0m\x1b[33mevm\x1b[0m: security.SMACK64TRANSMUTE\r\n\x1b[32m[    0.323874] \x1b[0m\x1b[33mevm\x1b[0m: security.SMACK64MMAP\r\n\x1b[32m[    0.324016] \x1b[0m\x1b[33mevm\x1b[0m: security.ima\r\n\x1b[32m[    0.327182] \x1b[0m\x1b[33mevm\x1b[0m: security.capability\r\n\x1b[32m[    0.328213] \x1b[0m\x1b[33mclocksource\x1b[0m: jiffies: mask: 0xffffffff max_cycles: 0xffffffff, max_idle_ns: 7645041785100000 ns\r\n\x1b[32m[    0.332146] \x1b[0m\x1b[33mpinctrl core\x1b[0m: initialized pinctrl subsystem\r\n\x1b[32m[    0.336455] \x1b[0m\x1b[33mRTC time\x1b[0m: 14:45:18, date: 02/03/22\r\n\x1b[32m[    0.340331] \x1b[0m\x1b[33mNET\x1b[0m: Registered protocol family 16\r\n\x1b[32m[    0.344214] \x1b[0m\x1b[33mcpuidle\x1b[0m: using governor ladder\r\n\x1b[32m[    0.348023] \x1b[0m\x1b[33mcpuidle\x1b[0m: using governor menu\r\n\x1b[32m[    0.351980] \x1b[0m\x1b[1mPCCT header not found.\x1b[0m\r\n\x1b[32m[    0.355207] \x1b[0m\x1b[33mACPI\x1b[0m: bus type PCI registered\r\n\x1b[32m[    0.356013] \x1b[0m\x1b[33macpiphp\x1b[0m: ACPI Hot Plug PCI Controller Driver version: 0.5\r\n\x1b[32m[    0.360424] \x1b[0m\x1b[33mPCI\x1b[0m: MMCONFIG for domain 0000 [bus 00-ff] at [mem 0xb0000000-0xbfffffff] (base 0xb0000000)\r\n\x1b[32m[    0.364016] \x1b[0m\x1b[33mPCI\x1b[0m: MMCONFIG at [mem 0xb0000000-0xbfffffff] reserved in E820\r\n\x1b[32m[    0.368044] \x1b[0m\x1b[33mPCI\x1b[0m: Using configuration type 1 for base access\r\n\x1b[32m[    0.373086] \x1b[0m\x1b[33mACPI\x1b[0m: Added _OSI(Module Device)\r\n\x1b[32m[    0.376013] \x1b[0m\x1b[33mACPI\x1b[0m: Added _OSI(Processor Device)\r\n\x1b[32m[    0.380011] \x1b[0m\x1b[33mACPI\x1b[0m: Added _OSI(3.0 _SCP Extensions)\r\n\x1b[32m[    0.384012] \x1b[0m\x1b[33mACPI\x1b[0m: Added _OSI(Processor Aggregator Device)\r\n\x1b[32m[    0.391014] \x1b[0m\x1b[33mACPI\x1b[0m: Interpreter enabled\r\n\x1b[32m[    0.392017] \x1b[0m\x1b[33mACPI Exception\x1b[0m\x1b[1m: AE_NOT_FOUND, While evaluating Sleep State [\\_S1_] (20150930/hwxface-580)\x1b[0m\r\n\x1b[32m[    0.398718] \x1b[0m\x1b[33mACPI Exception\x1b[0m\x1b[1m: AE_NOT_FOUND, While evaluating Sleep State [\\_S2_] (20150930/hwxface-580)\x1b[0m\r\n\x1b[32m[    0.404014] \x1b[0m\x1b[33mACPI Exception\x1b[0m\x1b[1m: AE_NOT_FOUND, While evaluating Sleep State [\\_S3_] (20150930/hwxface-580)\x1b[0m\r\n\x1b[32m[    0.410604] \x1b[0m\x1b[33mACPI Exception\x1b[0m\x1b[1m: AE_NOT_FOUND, While evaluating Sleep State [\\_S4_] (20150930/hwxface-580)\x1b[0m\r\n\x1b[32m[    0.416031] \x1b[0m\x1b[33mACPI\x1b[0m: (supports S0 S5)\r\n\x1b[32m[    0.419708] \x1b[0m\x1b[33mACPI\x1b[0m: Using IOAPIC for interrupt routing\r\n\x1b[32m[    0.420087] \x1b[0m\x1b[33mPCI\x1b[0m: Using host bridge windows from ACPI; if necessary, use \&#34;pci=nocrs\&#34; and report a bug\r\n\x1b[32m[    0.426901] \x1b[0m\x1b[33mACPI\x1b[0m: PCI Root Bridge [PCI0] (domain 0000 [bus 00-ff])\r\n\x1b[32m[    0.428038] \x1b[0m\x1b[33macpi PNP0A08:00\x1b[0m: _OSC: OS supports [ExtendedConfig ASPM ClockPM Segments MSI]\r\n\x1b[32m[    0.432154] \x1b[0m\x1b[33macpi PNP0A08:00\x1b[0m: _OSC: OS now controls [PCIeHotplug PME AER PCIeCapability]\r\n\x1b[32m[    0.436434] \x1b[0mPCI host bridge to bus 0000:00\r\n\x1b[32m[    0.440021] \x1b[0m\x1b[33mpci_bus 0000:00\x1b[0m: root bus resource [io  0x0000-0x0cf7 window]\r\n\x1b[32m[    0.444026] \x1b[0m\x1b[33mpci_bus 0000:00\x1b[0m: root bus resource [io  0x0d00-0xffff window]\r\n\x1b[32m[    0.448031] \x1b[0m\x1b[33mpci_bus 0000:00\x1b[0m: root bus resource [mem 0x000a0000-0x000bffff window]\r\n\x1b[32m[    0.452033] \x1b[0m\x1b[33mpci_bus 0000:00\x1b[0m: root bus resource [mem 0x08000000-0xafffffff window]\r\n\x1b[32m[    0.456014] \x1b[0m\x1b[33mpci_bus 0000:00\x1b[0m: root bus resource [mem 0xc0000000-0xfebfffff window]\r\n\x1b[32m[    0.460021] \x1b[0m\x1b[33mpci_bus 0000:00\x1b[0m: root bus resource [mem 0x100000000-0x8ffffffff window]\r\n\x1b[32m[    0.464016] \x1b[0m\x1b[33mpci_bus 0000:00\x1b[0m: root bus resource [bus 00-ff]\r\n\x1b[32m[    0.468179] \x1b[0m\x1b[33mpci 0000:00:00.0\x1b[0m: [8086:29c0] type 00 class 0x060000\r\n\x1b[32m[    0.469990] \x1b[0m\x1b[33mpci 0000:00:01.0\x1b[0m: [1234:1111] type 00 class 0x030000\r\n\x1b[32m[    0.472039] \x1b[0m\x1b[33mpci 0000:00:01.0\x1b[0m: reg 0x10: [mem 0xfb000000-0xfbffffff pref]\r\n\x1b[32m[    0.475471] \x1b[0m\x1b[33mpci 0000:00:01.0\x1b[0m: reg 0x18: [mem 0xfea10000-0xfea10fff]\r\n\x1b[32m[    0.482645] \x1b[0m\x1b[33mpci 0000:00:01.0\x1b[0m: reg 0x30: [mem 0xfea00000-0xfea0ffff pref]\r\n\x1b[32m[    0.483343] \x1b[0m\x1b[33mpci 0000:00:02.0\x1b[0m: [1b36:000c] type 01 class 0x060400\r\n\x1b[32m[    0.485080] \x1b[0m\x1b[33mpci 0000:00:02.0\x1b[0m: reg 0x10: [mem 0xfea11000-0xfea11fff]\r\n\x1b[32m[    0.490146] \x1b[0m\x1b[33mpci 0000:00:02.1\x1b[0m: [1b36:000c] type 01 class 0x060400\r\n\x1b[32m[    0.494075] \x1b[0m\x1b[33mpci 0000:00:02.1\x1b[0m: reg 0x10: [mem 0xfea12000-0xfea12fff]\r\n\x1b[32m[    0.499619] \x1b[0m\x1b[33mpci 0000:00:02.2\x1b[0m: [1b36:000c] type 01 class 0x060400\r\n\x1b[32m[    0.503689] \x1b[0m\x1b[33mpci 0000:00:02.2\x1b[0m: reg 0x10: [mem 0xfea13000-0xfea13fff]\r\n\x1b[32m[    0.508286] \x1b[0m\x1b[33mpci 0000:00:02.3\x1b[0m: [1b36:000c] type 01 class 0x060400\r\n\x1b[32m[    0.510092] \x1b[0m\x1b[33mpci 0000:00:02.3\x1b[0m: reg 0x10: [mem 0xfea14000-0xfea14fff]\r\n\x1b[32m[    0.515412] \x1b[0m\x1b[33mpci 0000:00:02.4\x1b[0m: [1b36:000c] type 01 class 0x060400\r\n\x1b[32m[    0.517111] \x1b[0m\x1b[33mpci 0000:00:02.4\x1b[0m: reg 0x10: [mem 0xfea15000-0xfea15fff]\r\n\x1b[32m[    0.521130] \x1b[0m\x1b[33mpci 0000:00:02.5\x1b[0m: [1b36:000c] type 01 class 0x060400\r\n\x1b[32m[    0.522823] \x1b[0m\x1b[33mpci 0000:00:02.5\x1b[0m: reg 0x10: [mem 0xfea16000-0xfea16fff]\r\n\x1b[32m[    0.527689] \x1b[0m\x1b[33mpci 0000:00:02.6\x1b[0m: [1b36:000c] type 01 class 0x060400\r\n\x1b[32m[    0.529455] \x1b[0m\x1b[33mpci 0000:00:02.6\x1b[0m: reg 0x10: [mem 0xfea17000-0xfea17fff]\r\n\x1b[32m[    0.536688] \x1b[0m\x1b[33mpci 0000:00:1f.0\x1b[0m: [8086:2918] type 00 class 0x060100\r\n\x1b[32m[    0.538879] \x1b[0m\x1b[33mpci 0000:00:1f.0\x1b[0m: quirk: [io  0x0600-0x067f] claimed by ICH6 ACPI/GPIO/TCO\r\n\x1b[32m[    0.540871] \x1b[0m\x1b[33mpci 0000:00:1f.2\x1b[0m: [8086:2922] type 00 class 0x010601\r\n\x1b[32m[    0.548029] \x1b[0m\x1b[33mpci 0000:00:1f.2\x1b[0m: reg 0x20: [io  0xc040-0xc05f]\r\n\x1b[32m[    0.551727] \x1b[0m\x1b[33mpci 0000:00:1f.2\x1b[0m: reg 0x24: [mem 0xfea18000-0xfea18fff]\r\n\x1b[32m[    0.554317] \x1b[0m\x1b[33mpci 0000:00:1f.3\x1b[0m: [8086:2930] type 00 class 0x0c0500\r\n\x1b[32m[    0.559333] \x1b[0m\x1b[33mpci 0000:00:1f.3\x1b[0m: reg 0x20: [io  0x0700-0x073f]\r\n\x1b[32m[    0.565398] \x1b[0m\x1b[33mpci 0000:01:00.0\x1b[0m: [1af4:1041] type 00 class 0x020000\r\n\x1b[32m[    0.568831] \x1b[0m\x1b[33mpci 0000:01:00.0\x1b[0m: reg 0x14: [mem 0xfe800000-0xfe800fff]\r\n\x1b[32m[    0.574492] \x1b[0m\x1b[33mpci 0000:01:00.0\x1b[0m: reg 0x20: [mem 0xfcc00000-0xfcc03fff 64bit pref]\r\n\x1b[32m[    0.580069] \x1b[0m\x1b[33mpci 0000:00:02.0\x1b[0m: PCI bridge to [bus 01]\r\n\x1b[32m[    0.584228] \x1b[0m\x1b[33mpci 0000:00:02.0\x1b[0m:   bridge window [mem 0xfe800000-0xfe9fffff]\r\n\x1b[32m[    0.584427] \x1b[0m\x1b[33mpci 0000:00:02.0\x1b[0m:   bridge window [mem 0xfcc00000-0xfcdfffff 64bit pref]\r\n\x1b[32m[    0.587127] \x1b[0m\x1b[33mpci 0000:02:00.0\x1b[0m: [1af4:1048] type 00 class 0x010000\r\n\x1b[32m[    0.591382] \x1b[0m\x1b[33mpci 0000:02:00.0\x1b[0m: reg 0x14: [mem 0xfe600000-0xfe600fff]\r\n\x1b[32m[    0.595896] \x1b[0m\x1b[33mpci 0000:02:00.0\x1b[0m: reg 0x20: [mem 0xfca00000-0xfca03fff 64bit pref]\r\n\x1b[32m[    0.601488] \x1b[0m\x1b[33mpci 0000:00:02.1\x1b[0m: PCI bridge to [bus 02]\r\n\x1b[32m[    0.604178] \x1b[0m\x1b[33mpci 0000:00:02.1\x1b[0m:   bridge window [mem 0xfe600000-0xfe7fffff]\r\n\x1b[32m[    0.604333] \x1b[0m\x1b[33mpci 0000:00:02.1\x1b[0m:   bridge window [mem 0xfca00000-0xfcbfffff 64bit pref]\r\n\x1b[32m[    0.606462] \x1b[0m\x1b[33mpci 0000:03:00.0\x1b[0m: [1af4:1043] type 00 class 0x078000\r\n\x1b[32m[    0.610244] \x1b[0m\x1b[33mpci 0000:03:00.0\x1b[0m: reg 0x14: [mem 0xfe400000-0xfe400fff]\r\n\x1b[32m[    0.613989] \x1b[0m\x1b[33mpci 0000:03:00.0\x1b[0m: reg 0x20: [mem 0xfc800000-0xfc803fff 64bit pref]\r\n\x1b[32m[    0.618331] \x1b[0m\x1b[33mpci 0000:00:02.2\x1b[0m: PCI bridge to [bus 03]\r\n\x1b[32m[    0.620190] \x1b[0m\x1b[33mpci 0000:00:02.2\x1b[0m:   bridge window [mem 0xfe400000-0xfe5fffff]\r\n\x1b[32m[    0.620356] \x1b[0m\x1b[33mpci 0000:00:02.2\x1b[0m:   bridge window [mem 0xfc800000-0xfc9fffff 64bit pref]\r\n\x1b[32m[    0.622924] \x1b[0m\x1b[33mpci 0000:04:00.0\x1b[0m: [1af4:1042] type 00 class 0x010000\r\n\x1b[32m[    0.626627] \x1b[0m\x1b[33mpci 0000:04:00.0\x1b[0m: reg 0x14: [mem 0xfe200000-0xfe200fff]\r\n\x1b[32m[    0.629985] \x1b[0m\x1b[33mpci 0000:04:00.0\x1b[0m: reg 0x20: [mem 0xfc600000-0xfc603fff 64bit pref]\r\n\x1b[32m[    0.634284] \x1b[0m\x1b[33mpci 0000:00:02.3\x1b[0m: PCI bridge to [bus 04]\r\n\x1b[32m[    0.636185] \x1b[0m\x1b[33mpci 0000:00:02.3\x1b[0m:   bridge window [mem 0xfe200000-0xfe3fffff]\r\n\x1b[32m[    0.636352] \x1b[0m\x1b[33mpci 0000:00:02.3\x1b[0m:   bridge window [mem 0xfc600000-0xfc7fffff 64bit pref]\r\n\x1b[32m[    0.638448] \x1b[0m\x1b[33mpci 0000:05:00.0\x1b[0m: [1af4:1042] type 00 class 0x010000\r\n\x1b[32m[    0.641156] \x1b[0m\x1b[33mpci 0000:05:00.0\x1b[0m: reg 0x14: [mem 0xfe000000-0xfe000fff]\r\n\x1b[32m[    0.646017] \x1b[0m\x1b[33mpci 0000:05:00.0\x1b[0m: reg 0x20: [mem 0xfc400000-0xfc403fff 64bit pref]\r\n\x1b[32m[    0.650333] \x1b[0m\x1b[33mpci 0000:00:02.4\x1b[0m: PCI bridge to [bus 05]\r\n\x1b[32m[    0.652183] \x1b[0m\x1b[33mpci 0000:00:02.4\x1b[0m:   bridge window [mem 0xfe000000-0xfe1fffff]\r\n\x1b[32m[    0.652334] \x1b[0m\x1b[33mpci 0000:00:02.4\x1b[0m:   bridge window [mem 0xfc400000-0xfc5fffff 64bit pref]\r\n\x1b[32m[    0.654393] \x1b[0m\x1b[33mpci 0000:06:00.0\x1b[0m: [1af4:1045] type 00 class 0x00ff00\r\n\x1b[32m[    0.659978] \x1b[0m\x1b[33mpci 0000:06:00.0\x1b[0m: reg 0x20: [mem 0xfc200000-0xfc203fff 64bit pref]\r\n\x1b[32m[    0.663913] \x1b[0m\x1b[33mpci 0000:00:02.5\x1b[0m: PCI bridge to [bus 06]\r\n\x1b[32m[    0.664191] \x1b[0m\x1b[33mpci 0000:00:02.5\x1b[0m:   bridge window [mem 0xfde00000-0xfdffffff]\r\n\x1b[32m[    0.664342] \x1b[0m\x1b[33mpci 0000:00:02.5\x1b[0m:   bridge window [mem 0xfc200000-0xfc3fffff 64bit pref]\r\n\x1b[32m[    0.666078] \x1b[0m\x1b[33mpci 0000:00:02.6\x1b[0m: PCI bridge to [bus 07]\r\n\x1b[32m[    0.668214] \x1b[0m\x1b[33mpci 0000:00:02.6\x1b[0m:   bridge window [mem 0xfdc00000-0xfddfffff]\r\n\x1b[32m[    0.668367] \x1b[0m\x1b[33mpci 0000:00:02.6\x1b[0m:   bridge window [mem 0xfc000000-0xfc1fffff 64bit pref]\r\n\x1b[32m[    0.675046] \x1b[0m\x1b[33mACPI\x1b[0m: PCI Interrupt Link [LNKA] (IRQs 5 *10 11)\r\n\x1b[32m[    0.680257] \x1b[0m\x1b[33mACPI\x1b[0m: PCI Interrupt Link [LNKB] (IRQs 5 *10 11)\r\n\x1b[32m[    0.688137] \x1b[0m\x1b[33mACPI\x1b[0m: PCI Interrupt Link [LNKC] (IRQs 5 10 *11)\r\n\x1b[32m[    0.696396] \x1b[0m\x1b[33mACPI\x1b[0m: PCI Interrupt Link [LNKD] (IRQs 5 10 *11)\r\n\x1b[32m[    0.704258] \x1b[0m\x1b[33mACPI\x1b[0m: PCI Interrupt Link [LNKE] (IRQs 5 *10 11)\r\n\x1b[32m[    0.712265] \x1b[0m\x1b[33mACPI\x1b[0m: PCI Interrupt Link [LNKF] (IRQs 5 *10 11)\r\n\x1b[32m[    0.720289] \x1b[0m\x1b[33mACPI\x1b[0m: PCI Interrupt Link [LNKG] (IRQs 5 10 *11)\r\n\x1b[32m[    0.727883] \x1b[0m\x1b[33mACPI\x1b[0m: PCI Interrupt Link [LNKH] (IRQs 5 10 *11)\r\n\x1b[32m[    0.732225] \x1b[0m\x1b[33mACPI\x1b[0m: PCI Interrupt Link [GSIA] (IRQs *16)\r\n\x1b[32m[    0.739350] \x1b[0m\x1b[33mACPI\x1b[0m: PCI Interrupt Link [GSIB] (IRQs *17)\r\n\x1b[32m[    0.743075] \x1b[0m\x1b[33mACPI\x1b[0m: PCI Interrupt Link [GSIC] (IRQs *18)\r\n\x1b[32m[    0.747529] \x1b[0m\x1b[33mACPI\x1b[0m: PCI Interrupt Link [GSID] (IRQs *19)\r\n\x1b[32m[    0.751378] \x1b[0m\x1b[33mACPI\x1b[0m: PCI Interrupt Link [GSIE] (IRQs *20)\r\n\x1b[32m[    0.754781] \x1b[0m\x1b[33mACPI\x1b[0m: PCI Interrupt Link [GSIF] (IRQs *21)\r\n\x1b[32m[    0.759064] \x1b[0m\x1b[33mACPI\x1b[0m: PCI Interrupt Link [GSIG] (IRQs *22)\r\n\x1b[32m[    0.762593] \x1b[0m\x1b[33mACPI\x1b[0m: PCI Interrupt Link [GSIH] (IRQs *23)\r\n\x1b[32m[    0.766976] \x1b[0m\x1b[33mACPI\x1b[0m\x1b[1m: Enabled 1 GPEs in block 00 to 3F\x1b[0m\r\n\x1b[32m[    0.768344] \x1b[0m\x1b[33mvgaarb\x1b[0m: setting as boot device: PCI:0000:00:01.0\r\n\x1b[32m[    0.772000] \x1b[0m\x1b[33mvgaarb\x1b[0m: device added: PCI:0000:00:01.0,decodes=io+mem,owns=io+mem,locks=none\r\n\x1b[32m[    0.772028] \x1b[0m\x1b[33mvgaarb\x1b[0m: loaded\r\n\x1b[32m[    0.775258] \x1b[0m\x1b[33mvgaarb\x1b[0m: bridge control possible 0000:00:01.0\r\n\x1b[32m[    0.776323] \x1b[0mSCSI subsystem initialized\r\n\x1b[32m[    0.780217] \x1b[0mlibata version 3.00 loaded.\r\n\x1b[32m[    0.780259] \x1b[0m\x1b[33mACPI\x1b[0m: bus type USB registered\r\n\x1b[32m[    0.784057] \x1b[0m\x1b[33musbcore\x1b[0m: registered new interface driver usbfs\r\n\x1b[32m[    0.788058] \x1b[0m\x1b[33musbcore\x1b[0m: registered new interface driver hub\r\n\x1b[32m[    0.792039] \x1b[0m\x1b[33musbcore\x1b[0m: registered new device driver usb\r\n\x1b[32m[    0.796316] \x1b[0m\x1b[33mPCI\x1b[0m: Using ACPI for IRQ routing\r\n\x1b[32m[    1.161546] \x1b[0m\x1b[33mPCI\x1b[0m: pci_cache_line_size set to 64 bytes\r\n\x1b[32m[    1.162997] \x1b[0m\x1b[33me820\x1b[0m: reserve RAM buffer [mem 0x0009fc00-0x0009ffff]\r\n\x1b[32m[    1.163002] \x1b[0m\x1b[33me820\x1b[0m: reserve RAM buffer [mem 0x07fdd000-0x07ffffff]\r\n\x1b[32m[    1.163218] \x1b[0m\x1b[33mNetLabel\x1b[0m: Initializing\r\n\x1b[32m[    1.164014] \x1b[0m\x1b[33mNetLabel\x1b[0m:  domain hash size = 128\r\n\x1b[32m[    1.167864] \x1b[0m\x1b[33mNetLabel\x1b[0m:  protocols = UNLABELED CIPSOv4\r\n\x1b[32m[    1.168076] \x1b[0m\x1b[33mNetLabel\x1b[0m:  unlabeled traffic allowed by default\r\n\x1b[32m[    1.172232] \x1b[0m\x1b[33mclocksource\x1b[0m: Switched to clocksource kvm-clock\r\n\x1b[32m[    1.185536] \x1b[0m\x1b[33mAppArmor\x1b[0m: AppArmor Filesystem Enabled\r\n\x1b[32m[    1.191249] \x1b[0m\x1b[33mpnp\x1b[0m: PnP ACPI init\r\n\x1b[32m[    1.194879] \x1b[0m\x1b[33mpnp 00:00\x1b[0m: Plug and Play ACPI device, IDs PNP0501 (active)\r\n\x1b[32m[    1.194896] \x1b[0m\x1b[33mpnp 00:01\x1b[0m: Plug and Play ACPI device, IDs PNP0303 (active)\r\n\x1b[32m[    1.194911] \x1b[0m\x1b[33mpnp 00:02\x1b[0m: Plug and Play ACPI device, IDs PNP0f13 (active)\r\n\x1b[32m[    1.194924] \x1b[0m\x1b[33mpnp 00:03\x1b[0m: Plug and Play ACPI device, IDs PNP0b00 (active)\r\n\x1b[32m[    1.195497] \x1b[0m\x1b[33mpnp\x1b[0m: PnP ACPI: found 4 devices\r\n\x1b[32m[    1.206960] \x1b[0m\x1b[33mclocksource\x1b[0m: acpi_pm: mask: 0xffffff max_cycles: 0xffffff, max_idle_ns: 2085701024 ns\r\n\x1b[32m[    1.216848] \x1b[0m\x1b[33mpci 0000:00:02.0\x1b[0m: bridge window [io  0x1000-0x0fff] to [bus 01] add_size 1000\r\n\x1b[32m[    1.217989] \x1b[0m\x1b[33mpci 0000:00:02.1\x1b[0m: bridge window [io  0x1000-0x0fff] to [bus 02] add_size 1000\r\n\x1b[32m[    1.219144] \x1b[0m\x1b[33mpci 0000:00:02.2\x1b[0m: bridge window [io  0x1000-0x0fff] to [bus 03] add_size 1000\r\n\x1b[32m[    1.220395] \x1b[0m\x1b[33mpci 0000:00:02.3\x1b[0m: bridge window [io  0x1000-0x0fff] to [bus 04] add_size 1000\r\n\x1b[32m[    1.221660] \x1b[0m\x1b[33mpci 0000:00:02.4\x1b[0m: bridge window [io  0x1000-0x0fff] to [bus 05] add_size 1000\r\n\x1b[32m[    1.222885] \x1b[0m\x1b[33mpci 0000:00:02.5\x1b[0m: bridge window [io  0x1000-0x0fff] to [bus 06] add_size 1000\r\n\x1b[32m[    1.224112] \x1b[0m\x1b[33mpci 0000:00:02.6\x1b[0m: bridge window [io  0x1000-0x0fff] to [bus 07] add_size 1000\r\n\x1b[32m[    1.224121] \x1b[0m\x1b[33mpci 0000:00:02.0\x1b[0m: res[13]=[io  0x1000-0x0fff] res_to_dev_res add_size 1000 min_align 1000\r\n\x1b[32m[    1.224123] \x1b[0m\x1b[33mpci 0000:00:02.0\x1b[0m: res[13]=[io  0x1000-0x1fff] res_to_dev_res add_size 1000 min_align 1000\r\n\x1b[32m[    1.224125] \x1b[0m\x1b[33mpci 0000:00:02.1\x1b[0m: res[13]=[io  0x1000-0x0fff] res_to_dev_res add_size 1000 min_align 1000\r\n\x1b[32m[    1.224127] \x1b[0m\x1b[33mpci 0000:00:02.1\x1b[0m: res[13]=[io  0x1000-0x1fff] res_to_dev_res add_size 1000 min_align 1000\r\n\x1b[32m[    1.224128] \x1b[0m\x1b[33mpci 0000:00:02.2\x1b[0m: res[13]=[io  0x1000-0x0fff] res_to_dev_res add_size 1000 min_align 1000\r\n\x1b[32m[    1.224130] \x1b[0m\x1b[33mpci 0000:00:02.2\x1b[0m: res[13]=[io  0x1000-0x1fff] res_to_dev_res add_size 1000 min_align 1000\r\n\x1b[32m[    1.224132] \x1b[0m\x1b[33mpci 0000:00:02.3\x1b[0m: res[13]=[io  0x1000-0x0fff] res_to_dev_res add_size 1000 min_align 1000\r\n\x1b[32m[    1.224134] \x1b[0m\x1b[33mpci 0000:00:02.3\x1b[0m: res[13]=[io  0x1000-0x1fff] res_to_dev_res add_size 1000 min_align 1000\r\n\x1b[32m[    1.224135] \x1b[0m\x1b[33mpci 0000:00:02.4\x1b[0m: res[13]=[io  0x1000-0x0fff] res_to_dev_res add_size 1000 min_align 1000\r\n\x1b[32m[    1.224137] \x1b[0m\x1b[33mpci 0000:00:02.4\x1b[0m: res[13]=[io  0x1000-0x1fff] res_to_dev_res add_size 1000 min_align 1000\r\n\x1b[32m[    1.224139] \x1b[0m\x1b[33mpci 0000:00:02.5\x1b[0m: res[13]=[io  0x1000-0x0fff] res_to_dev_res add_size 1000 min_align 1000\r\n\x1b[32m[    1.224140] \x1b[0m\x1b[33mpci 0000:00:02.5\x1b[0m: res[13]=[io  0x1000-0x1fff] res_to_dev_res add_size 1000 min_align 1000\r\n\x1b[32m[    1.224142] \x1b[0m\x1b[33mpci 0000:00:02.6\x1b[0m: res[13]=[io  0x1000-0x0fff] res_to_dev_res add_size 1000 min_align 1000\r\n\x1b[32m[    1.224144] \x1b[0m\x1b[33mpci 0000:00:02.6\x1b[0m: res[13]=[io  0x1000-0x1fff] res_to_dev_res add_size 1000 min_align 1000\r\n\x1b[32m[    1.224149] \x1b[0m\x1b[33mpci 0000:00:02.0\x1b[0m: BAR 13: assigned [io  0x1000-0x1fff]\r\n\x1b[32m[    1.231067] \x1b[0m\x1b[33mpci 0000:00:02.1\x1b[0m: BAR 13: assigned [io  0x2000-0x2fff]\r\n\x1b[32m[    1.236798] \x1b[0m\x1b[33mpci 0000:00:02.2\x1b[0m: BAR 13: assigned [io  0x3000-0x3fff]\r\n\x1b[32m[    1.242535] \x1b[0m\x1b[33mpci 0000:00:02.3\x1b[0m: BAR 13: assigned [io  0x4000-0x4fff]\r\n\x1b[32m[    1.248452] \x1b[0m\x1b[33mpci 0000:00:02.4\x1b[0m: BAR 13: assigned [io  0x5000-0x5fff]\r\n\x1b[32m[    1.253951] \x1b[0m\x1b[33mpci 0000:00:02.5\x1b[0m: BAR 13: assigned [io  0x6000-0x6fff]\r\n\x1b[32m[    1.259899] \x1b[0m\x1b[33mpci 0000:00:02.6\x1b[0m: BAR 13: assigned [io  0x7000-0x7fff]\r\n\x1b[32m[    1.265713] \x1b[0m\x1b[33mpci 0000:00:02.0\x1b[0m: PCI bridge to [bus 01]\r\n\x1b[32m[    1.270680] \x1b[0m\x1b[33mpci 0000:00:02.0\x1b[0m:   bridge window [io  0x1000-0x1fff]\r\n\x1b[32m[    1.277713] \x1b[0m\x1b[33mpci 0000:00:02.0\x1b[0m:   bridge window [mem 0xfe800000-0xfe9fffff]\r\n\x1b[32m[    1.285160] \x1b[0m\x1b[33mpci 0000:00:02.0\x1b[0m:   bridge window [mem 0xfcc00000-0xfcdfffff 64bit pref]\r\n\x1b[32m[    1.293488] \x1b[0m\x1b[33mpci 0000:00:02.1\x1b[0m: PCI bridge to [bus 02]\r\n\x1b[32m[    1.298254] \x1b[0m\x1b[33mpci 0000:00:02.1\x1b[0m:   bridge window [io  0x2000-0x2fff]\r\n\x1b[32m[    1.304593] \x1b[0m\x1b[33mpci 0000:00:02.1\x1b[0m:   bridge window [mem 0xfe600000-0xfe7fffff]\r\n\x1b[32m[    1.310810] \x1b[0m\x1b[33mpci 0000:00:02.1\x1b[0m:   bridge window [mem 0xfca00000-0xfcbfffff 64bit pref]\r\n\x1b[32m[    1.319339] \x1b[0m\x1b[33mpci 0000:00:02.2\x1b[0m: PCI bridge to [bus 03]\r\n\x1b[32m[    1.324083] \x1b[0m\x1b[33mpci 0000:00:02.2\x1b[0m:   bridge window [io  0x3000-0x3fff]\r\n\x1b[32m[    1.331072] \x1b[0m\x1b[33mpci 0000:00:02.2\x1b[0m:   bridge window [mem 0xfe400000-0xfe5fffff]\r\n\x1b[32m[    1.337388] \x1b[0m\x1b[33mpci 0000:00:02.2\x1b[0m:   bridge window [mem 0xfc800000-0xfc9fffff 64bit pref]\r\n\x1b[32m[    1.345488] \x1b[0m\x1b[33mpci 0000:00:02.3\x1b[0m: PCI bridge to [bus 04]\r\n\x1b[32m[    1.350176] \x1b[0m\x1b[33mpci 0000:00:02.3\x1b[0m:   bridge window [io  0x4000-0x4fff]\r\n\x1b[32m[    1.357011] \x1b[0m\x1b[33mpci 0000:00:02.3\x1b[0m:   bridge window [mem 0xfe200000-0xfe3fffff]\r\n\x1b[32m[    1.363342] \x1b[0m\x1b[33mpci 0000:00:02.3\x1b[0m:   bridge window [mem 0xfc600000-0xfc7fffff 64bit pref]\r\n\x1b[32m[    1.371873] \x1b[0m\x1b[33mpci 0000:00:02.4\x1b[0m: PCI bridge to [bus 05]\r\n\x1b[32m[    1.376843] \x1b[0m\x1b[33mpci 0000:00:02.4\x1b[0m:   bridge window [io  0x5000-0x5fff]\r\n\x1b[32m[    1.383527] \x1b[0m\x1b[33mpci 0000:00:02.4\x1b[0m:   bridge window [mem 0xfe000000-0xfe1fffff]\r\n\x1b[32m[    1.389918] \x1b[0m\x1b[33mpci 0000:00:02.4\x1b[0m:   bridge window [mem 0xfc400000-0xfc5fffff 64bit pref]\r\n\x1b[32m[    1.398349] \x1b[0m\x1b[33mpci 0000:00:02.5\x1b[0m: PCI bridge to [bus 06]\r\n\x1b[32m[    1.403412] \x1b[0m\x1b[33mpci 0000:00:02.5\x1b[0m:   bridge window [io  0x6000-0x6fff]\r\n\x1b[32m[    1.410341] \x1b[0m\x1b[33mpci 0000:00:02.5\x1b[0m:   bridge window [mem 0xfde00000-0xfdffffff]\r\n\x1b[32m[    1.417519] \x1b[0m\x1b[33mpci 0000:00:02.5\x1b[0m:   bridge window [mem 0xfc200000-0xfc3fffff 64bit pref]\r\n\x1b[32m[    1.426497] \x1b[0m\x1b[33mpci 0000:00:02.6\x1b[0m: PCI bridge to [bus 07]\r\n\x1b[32m[    1.431684] \x1b[0m\x1b[33mpci 0000:00:02.6\x1b[0m:   bridge window [io  0x7000-0x7fff]\r\n\x1b[32m[    1.439530] \x1b[0m\x1b[33mpci 0000:00:02.6\x1b[0m:   bridge window [mem 0xfdc00000-0xfddfffff]\r\n\x1b[32m[    1.446625] \x1b[0m\x1b[33mpci 0000:00:02.6\x1b[0m:   bridge window [mem 0xfc000000-0xfc1fffff 64bit pref]\r\n\x1b[32m[    1.455781] \x1b[0m\x1b[33mpci_bus 0000:00\x1b[0m: resource 4 [io  0x0000-0x0cf7 window]\r\n\x1b[32m[    1.455783] \x1b[0m\x1b[33mpci_bus 0000:00\x1b[0m: resource 5 [io  0x0d00-0xffff window]\r\n\x1b[32m[    1.455785] \x1b[0m\x1b[33mpci_bus 0000:00\x1b[0m: resource 6 [mem 0x000a0000-0x000bffff window]\r\n\x1b[32m[    1.455786] \x1b[0m\x1b[33mpci_bus 0000:00\x1b[0m: resource 7 [mem 0x08000000-0xafffffff window]\r\n\x1b[32m[    1.455788] \x1b[0m\x1b[33mpci_bus 0000:00\x1b[0m: resource 8 [mem 0xc0000000-0xfebfffff window]\r\n\x1b[32m[    1.455790] \x1b[0m\x1b[33mpci_bus 0000:00\x1b[0m: resource 9 [mem 0x100000000-0x8ffffffff window]\r\n\x1b[32m[    1.455791] \x1b[0m\x1b[33mpci_bus 0000:01\x1b[0m: resource 0 [io  0x1000-0x1fff]\r\n\x1b[32m[    1.455793] \x1b[0m\x1b[33mpci_bus 0000:01\x1b[0m: resource 1 [mem 0xfe800000-0xfe9fffff]\r\n\x1b[32m[    1.455794] \x1b[0m\x1b[33mpci_bus 0000:01\x1b[0m: resource 2 [mem 0xfcc00000-0xfcdfffff 64bit pref]\r\n\x1b[32m[    1.455796] \x1b[0m\x1b[33mpci_bus 0000:02\x1b[0m: resource 0 [io  0x2000-0x2fff]\r\n\x1b[32m[    1.455798] \x1b[0m\x1b[33mpci_bus 0000:02\x1b[0m: resource 1 [mem 0xfe600000-0xfe7fffff]\r\n\x1b[32m[    1.455799] \x1b[0m\x1b[33mpci_bus 0000:02\x1b[0m: resource 2 [mem 0xfca00000-0xfcbfffff 64bit pref]\r\n\x1b[32m[    1.455800] \x1b[0m\x1b[33mpci_bus 0000:03\x1b[0m: resource 0 [io  0x3000-0x3fff]\r\n\x1b[32m[    1.455802] \x1b[0m\x1b[33mpci_bus 0000:03\x1b[0m: resource 1 [mem 0xfe400000-0xfe5fffff]\r\n\x1b[32m[    1.455803] \x1b[0m\x1b[33mpci_bus 0000:03\x1b[0m: resource 2 [mem 0xfc800000-0xfc9fffff 64bit pref]\r\n\x1b[32m[    1.455805] \x1b[0m\x1b[33mpci_bus 0000:04\x1b[0m: resource 0 [io  0x4000-0x4fff]\r\n\x1b[32m[    1.455806] \x1b[0m\x1b[33mpci_bus 0000:04\x1b[0m: resource 1 [mem 0xfe200000-0xfe3fffff]\r\n\x1b[32m[    1.455808] \x1b[0m\x1b[33mpci_bus 0000:04\x1b[0m: resource 2 [mem 0xfc600000-0xfc7fffff 64bit pref]\r\n\x1b[32m[    1.455809] \x1b[0m\x1b[33mpci_bus 0000:05\x1b[0m: resource 0 [io  0x5000-0x5fff]\r\n\x1b[32m[    1.455811] \x1b[0m\x1b[33mpci_bus 0000:05\x1b[0m: resource 1 [mem 0xfe000000-0xfe1fffff]\r\n\x1b[32m[    1.455812] \x1b[0m\x1b[33mpci_bus 0000:05\x1b[0m: resource 2 [mem 0xfc400000-0xfc5fffff 64bit pref]\r\n\x1b[32m[    1.455814] \x1b[0m\x1b[33mpci_bus 0000:06\x1b[0m: resource 0 [io  0x6000-0x6fff]\r\n\x1b[32m[    1.455815] \x1b[0m\x1b[33mpci_bus 0000:06\x1b[0m: resource 1 [mem 0xfde00000-0xfdffffff]\r\n\x1b[32m[    1.455816] \x1b[0m\x1b[33mpci_bus 0000:06\x1b[0m: resource 2 [mem 0xfc200000-0xfc3fffff 64bit pref]\r\n\x1b[32m[    1.455845] \x1b[0m\x1b[33mpci_bus 0000:07\x1b[0m: resource 0 [io  0x7000-0x7fff]\r\n\x1b[32m[    1.455846] \x1b[0m\x1b[33mpci_bus 0000:07\x1b[0m: resource 1 [mem 0xfdc00000-0xfddfffff]\r\n\x1b[32m[    1.455847] \x1b[0m\x1b[33mpci_bus 0000:07\x1b[0m: resource 2 [mem 0xfc000000-0xfc1fffff 64bit pref]\r\n\x1b[32m[    1.455904] \x1b[0m\x1b[33mNET\x1b[0m: Registered protocol family 2\r\n\x1b[32m[    1.460901] \x1b[0m\x1b[33mTCP established hash table entries\x1b[0m: 1024 (order: 1, 8192 bytes)\r\n\x1b[32m[    1.468762] \x1b[0m\x1b[33mTCP bind hash table entries\x1b[0m: 1024 (order: 2, 16384 bytes)\r\n\x1b[32m[    1.475168] \x1b[0m\x1b[33mTCP\x1b[0m: Hash tables configured (established 1024 bind 1024)\r\n\x1b[32m[    1.481032] \x1b[0m\x1b[33mUDP hash table entries\x1b[0m: 256 (order: 1, 8192 bytes)\r\n\x1b[32m[    1.486135] \x1b[0m\x1b[33mUDP-Lite hash table entries\x1b[0m: 256 (order: 1, 8192 bytes)\r\n\x1b[32m[    1.491747] \x1b[0m\x1b[33mNET\x1b[0m: Registered protocol family 1\r\n\x1b[32m[    1.496196] \x1b[0m\x1b[33mpci 0000:00:01.0\x1b[0m: Video device with shadowed ROM\r\n\x1b[32m[    1.496927] \x1b[0m\x1b[33mPCI\x1b[0m: CLS 0 bytes, default 64\r\n\x1b[32m[    1.497004] \x1b[0mTrying to unpack rootfs image as initramfs...\r\n\x1b[32m[    1.579551] \x1b[0m\x1b[33mFreeing initrd memory\x1b[0m: 4824K (ffff880007b17000 - ffff880007fcd000)\r\n\x1b[32m[    1.588302] \x1b[0mScanning for low memory corruption every 60 seconds\r\n\x1b[32m[    1.595517] \x1b[0m\x1b[33mfutex hash table entries\x1b[0m: 256 (order: 2, 16384 bytes)\r\n\x1b[32m[    1.601868] \x1b[0m\x1b[33maudit\x1b[0m: initializing netlink subsys (disabled)\r\n\x1b[32m[    1.607524] \x1b[0m\x1b[33maudit\x1b[0m: type=2000 audit(1643899520.086:1): initialized\r\n\x1b[32m[    1.614266] \x1b[0mInitialise system trusted keyring\r\n\x1b[32m[    1.619082] \x1b[0mHugeTLB registered 1 GB page size, pre-allocated 0 pages\r\n\x1b[32m[    1.624647] \x1b[0mHugeTLB registered 2 MB page size, pre-allocated 0 pages\r\n\x1b[32m[    1.632359] \x1b[0m\x1b[33mzbud\x1b[0m: loaded\r\n\x1b[32m[    1.635611] \x1b[0m\x1b[33mVFS\x1b[0m: Disk quotas dquot_6.6.0\r\n\x1b[32m[    1.640108] \x1b[0m\x1b[33mVFS\x1b[0m: Dquot-cache hash table entries: 512 (order 0, 4096 bytes)\r\n\x1b[32m[    1.647592] \x1b[0mfuse init (API version 7.23)\r\n\x1b[32m[    1.652173] \x1b[0mKey type big_key registered\r\n\x1b[32m[    1.656465] \x1b[0mAllocating IMA MOK and blacklist keyrings.\r\n\x1b[32m[    1.662334] \x1b[0mKey type asymmetric registered\r\n\x1b[32m[    1.666673] \x1b[0mAsymmetric key parser &#39;x509&#39; registered\r\n\x1b[32m[    1.671576] \x1b[0mBlock layer SCSI generic (bsg) driver version 0.4 loaded (major 249)\r\n\x1b[32m[    1.679360] \x1b[0mio scheduler noop registered\r\n\x1b[32m[    1.683614] \x1b[0mio scheduler deadline registered (default)\r\n\x1b[32m[    1.688586] \x1b[0mio scheduler cfq registered\r\n\x1b[32m[    1.693296] \x1b[0m\x1b[33mACPI\x1b[0m\x1b[1m: PCI Interrupt Link [GSIG] enabled at IRQ 22\x1b[0m\r\n\x1b[32m[    1.728617] \x1b[0m\x1b[33maer 0000:00:02.0:pcie02\x1b[0m: service driver aer loaded\r\n\x1b[32m[    1.729472] \x1b[0m\x1b[33maer 0000:00:02.1:pcie02\x1b[0m: service driver aer loaded\r\n\x1b[32m[    1.730399] \x1b[0m\x1b[33maer 0000:00:02.2:pcie02\x1b[0m: service driver aer loaded\r\n\x1b[32m[    1.732392] \x1b[0m\x1b[33maer 0000:00:02.3:pcie02\x1b[0m: service driver aer loaded\r\n\x1b[32m[    1.733363] \x1b[0m\x1b[33maer 0000:00:02.4:pcie02\x1b[0m: service driver aer loaded\r\n\x1b[32m[    1.734287] \x1b[0m\x1b[33maer 0000:00:02.5:pcie02\x1b[0m: service driver aer loaded\r\n\x1b[32m[    1.735178] \x1b[0m\x1b[33maer 0000:00:02.6:pcie02\x1b[0m: service driver aer loaded\r\n\x1b[32m[    1.735422] \x1b[0m\x1b[33mpcieport 0000:00:02.0\x1b[0m: Signaling PME through PCIe PME interrupt\r\n\x1b[32m[    1.742787] \x1b[0m\x1b[33mpci 0000:01:00.0\x1b[0m: Signaling PME through PCIe PME interrupt\r\n\x1b[32m[    1.749193] \x1b[0m\x1b[33mpcie_pme 0000:00:02.0:pcie01\x1b[0m: service driver pcie_pme loaded\r\n\x1b[32m[    1.749400] \x1b[0m\x1b[33mpcieport 0000:00:02.1\x1b[0m: Signaling PME through PCIe PME interrupt\r\n\x1b[32m[    1.756671] \x1b[0m\x1b[33mpci 0000:02:00.0\x1b[0m: Signaling PME through PCIe PME interrupt\r\n\x1b[32m[    1.763728] \x1b[0m\x1b[33mpcie_pme 0000:00:02.1:pcie01\x1b[0m: service driver pcie_pme loaded\r\n\x1b[32m[    1.763995] \x1b[0m\x1b[33mpcieport 0000:00:02.2\x1b[0m: Signaling PME through PCIe PME interrupt\r\n\x1b[32m[    1.771322] \x1b[0m\x1b[33mpci 0000:03:00.0\x1b[0m: Signaling PME through PCIe PME interrupt\r\n\x1b[32m[    1.778329] \x1b[0m\x1b[33mpcie_pme 0000:00:02.2:pcie01\x1b[0m: service driver pcie_pme loaded\r\n\x1b[32m[    1.778539] \x1b[0m\x1b[33mpcieport 0000:00:02.3\x1b[0m: Signaling PME through PCIe PME interrupt\r\n\x1b[32m[    1.786168] \x1b[0m\x1b[33mpci 0000:04:00.0\x1b[0m: Signaling PME through PCIe PME interrupt\r\n\x1b[32m[    1.793131] \x1b[0m\x1b[33mpcie_pme 0000:00:02.3:pcie01\x1b[0m: service driver pcie_pme loaded\r\n\x1b[32m[    1.793375] \x1b[0m\x1b[33mpcieport 0000:00:02.4\x1b[0m: Signaling PME through PCIe PME interrupt\r\n\x1b[32m[    1.801031] \x1b[0m\x1b[33mpci 0000:05:00.0\x1b[0m: Signaling PME through PCIe PME interrupt\r\n\x1b[32m[    1.808191] \x1b[0m\x1b[33mpcie_pme 0000:00:02.4:pcie01\x1b[0m: service driver pcie_pme loaded\r\n\x1b[32m[    1.808432] \x1b[0m\x1b[33mpcieport 0000:00:02.5\x1b[0m: Signaling PME through PCIe PME interrupt\r\n\x1b[32m[    1.815664] \x1b[0m\x1b[33mpci 0000:06:00.0\x1b[0m: Signaling PME through PCIe PME interrupt\r\n\x1b[32m[    1.823382] \x1b[0m\x1b[33mpcie_pme 0000:00:02.5:pcie01\x1b[0m: service driver pcie_pme loaded\r\n\x1b[32m[    1.823636] \x1b[0m\x1b[33mpcieport 0000:00:02.6\x1b[0m: Signaling PME through PCIe PME interrupt\r\n\x1b[32m[    1.831214] \x1b[0m\x1b[33mpcie_pme 0000:00:02.6:pcie01\x1b[0m: service driver pcie_pme loaded\r\n\x1b[32m[    1.831256] \x1b[0m\x1b[33mpci_hotplug\x1b[0m: PCI Hot Plug PCI Core version: 0.5\r\n\x1b[32m[    1.837902] \x1b[0m\x1b[33mpciehp 0000:00:02.0:pcie04\x1b[0m: Slot #0 AttnBtn+ PwrCtrl+ MRL- AttnInd+ PwrInd+ HotPlug+ Surprise+ Interlock+ NoCompl- LLActRep+\r\n\x1b[32m[    1.850965] \x1b[0m\x1b[33mpciehp 0000:00:02.0:pcie04\x1b[0m: service driver pciehp loaded\r\n\x1b[32m[    1.851165] \x1b[0m\x1b[33mpciehp 0000:00:02.1:pcie04\x1b[0m: Slot #0 AttnBtn+ PwrCtrl+ MRL- AttnInd+ PwrInd+ HotPlug+ Surprise+ Interlock+ NoCompl- LLActRep+\r\n\x1b[32m[    1.864641] \x1b[0m\x1b[33mpciehp 0000:00:02.1:pcie04\x1b[0m: service driver pciehp loaded\r\n\x1b[32m[    1.865298] \x1b[0m\x1b[33mpciehp 0000:00:02.2:pcie04\x1b[0m: Slot #0 AttnBtn+ PwrCtrl+ MRL- AttnInd+ PwrInd+ HotPlug+ Surprise+ Interlock+ NoCompl- LLActRep+\r\n\x1b[32m[    1.878641] \x1b[0m\x1b[33mpciehp 0000:00:02.2:pcie04\x1b[0m: service driver pciehp loaded\r\n\x1b[32m[    1.878791] \x1b[0m\x1b[33mpciehp 0000:00:02.3:pcie04\x1b[0m: Slot #0 AttnBtn+ PwrCtrl+ MRL- AttnInd+ PwrInd+ HotPlug+ Surprise+ Interlock+ NoCompl- LLActRep+\r\n\x1b[32m[    1.892356] \x1b[0m\x1b[33mpciehp 0000:00:02.3:pcie04\x1b[0m: service driver pciehp loaded\r\n\x1b[32m[    1.892540] \x1b[0m\x1b[33mpciehp 0000:00:02.4:pcie04\x1b[0m: Slot #0 AttnBtn+ PwrCtrl+ MRL- AttnInd+ PwrInd+ HotPlug+ Surprise+ Interlock+ NoCompl- LLActRep+\r\n\x1b[32m[    1.906129] \x1b[0m\x1b[33mpciehp 0000:00:02.4:pcie04\x1b[0m: service driver pciehp loaded\r\n\x1b[32m[    1.906303] \x1b[0m\x1b[33mpciehp 0000:00:02.5:pcie04\x1b[0m: Slot #0 AttnBtn+ PwrCtrl+ MRL- AttnInd+ PwrInd+ HotPlug+ Surprise+ Interlock+ NoCompl- LLActRep+\r\n\x1b[32m[    1.919079] \x1b[0m\x1b[33mpciehp 0000:00:02.5:pcie04\x1b[0m: service driver pciehp loaded\r\n\x1b[32m[    1.919259] \x1b[0m\x1b[33mpciehp 0000:00:02.6:pcie04\x1b[0m: Slot #0 AttnBtn+ PwrCtrl+ MRL- AttnInd+ PwrInd+ HotPlug+ Surprise+ Interlock+ NoCompl- LLActRep+\r\n\x1b[32m[    1.932716] \x1b[0m\x1b[33mpciehp 0000:00:02.6:pcie04\x1b[0m: service driver pciehp loaded\r\n\x1b[32m[    1.932730] \x1b[0m\x1b[33mpciehp\x1b[0m: PCI Express Hot Plug Controller Driver version: 0.4\r\n\x1b[32m[    1.940185] \x1b[0m\x1b[33minput\x1b[0m: Power Button as /devices/LNXSYSTM:00/LNXPWRBN:00/input/input0\r\n\x1b[32m[    1.949199] \x1b[0m\x1b[33mACPI\x1b[0m: Power Button [PWRF]\r\n\x1b[32m[    1.954195] \x1b[0m\x1b[33mGHES\x1b[0m: HEST is not enabled!\r\n\x1b[32m[    1.994509] \x1b[0m\x1b[33mSerial\x1b[0m: 8250/16550 driver, 32 ports, IRQ sharing enabled\r\n\x1b[32m[    2.036228] \x1b[0m\x1b[33m00:00\x1b[0m: ttyS0 at I/O 0x3f8 (irq = 4, base_baud = 115200) is a 16550A\r\n\x1b[32m[    2.100081] \x1b[0mLinux agpgart interface v0.103\r\n\x1b[32m[    2.108666] \x1b[0m\x1b[33mbrd\x1b[0m: module loaded\r\n\x1b[32m[    2.115568] \x1b[0m\x1b[33mloop\x1b[0m: module loaded\r\n\x1b[32m[    2.176355] \x1b[0m\x1b[33m vda\x1b[0m: vda1 vda15\r\n\x1b[32m[    2.186436] \x1b[0m\x1b[33mlibphy\x1b[0m: Fixed MDIO Bus: probed\r\n\x1b[32m[    2.191194] \x1b[0m\x1b[33mtun\x1b[0m: Universal TUN/TAP device driver, 1.6\r\n\x1b[32m[    2.196435] \x1b[0m\x1b[33mtun\x1b[0m: (C) 1999-2004 Max Krasnyansky &lt;maxk@qualcomm.com&gt;\r\n\x1b[32m[    2.207193] \x1b[0mPPP generic driver version 2.4.2\r\n\x1b[32m[    2.212209] \x1b[0m\x1b[33mehci_hcd\x1b[0m: USB 2.0 &#39;Enhanced&#39; Host Controller (EHCI) Driver\r\n\x1b[32m[    2.218351] \x1b[0m\x1b[33mehci-pci\x1b[0m: EHCI PCI platform driver\r\n\x1b[32m[    2.223042] \x1b[0m\x1b[33mehci-platform\x1b[0m: EHCI generic platform driver\r\n\x1b[32m[    2.228299] \x1b[0m\x1b[33mohci_hcd\x1b[0m: USB 1.1 &#39;Open&#39; Host Controller (OHCI) Driver\r\n\x1b[32m[    2.234191] \x1b[0m\x1b[33mohci-pci\x1b[0m: OHCI PCI platform driver\r\n\x1b[32m[    2.238759] \x1b[0m\x1b[33mohci-platform\x1b[0m: OHCI generic platform driver\r\n\x1b[32m[    2.243963] \x1b[0m\x1b[33muhci_hcd\x1b[0m: USB Universal Host Controller Interface driver\r\n\x1b[32m[    2.250209] \x1b[0m\x1b[33mi8042\x1b[0m: PNP: PS/2 Controller [PNP0303:KBD,PNP0f13:MOU] at 0x60,0x64 irq 1,12\r\n\x1b[32m[    2.328295] \x1b[0m\x1b[33mserio\x1b[0m: i8042 KBD port at 0x60,0x64 irq 1\r\n\x1b[32m[    2.333404] \x1b[0m\x1b[33mserio\x1b[0m: i8042 AUX port at 0x60,0x64 irq 12\r\n\x1b[32m[    2.338606] \x1b[0m\x1b[33mmousedev\x1b[0m: PS/2 mouse device common for all mice\r\n\x1b[32m[    2.345260] \x1b[0m\x1b[33minput\x1b[0m: AT Translated Set 2 keyboard as /devices/platform/i8042/serio0/input/input1\r\n\x1b[32m[    2.353849] \x1b[0m\x1b[33mrtc_cmos 00:03\x1b[0m: RTC can wake from S4\r\n\x1b[32m[    2.359639] \x1b[0m\x1b[33mrtc_cmos 00:03\x1b[0m: rtc core: registered rtc_cmos as rtc0\r\n\x1b[32m[    2.366495] \x1b[0m\x1b[33mrtc_cmos 00:03\x1b[0m: alarms up to one day, y3k, 242 bytes nvram\r\n\x1b[32m[    2.372667] \x1b[0mi2c /dev entries driver\r\n\x1b[32m[    2.376642] \x1b[0m\x1b[33mdevice-mapper\x1b[0m: uevent: version 1.0.3\r\n\x1b[32m[    2.381743] \x1b[0m\x1b[33mdevice-mapper\x1b[0m: ioctl: 4.34.0-ioctl (2015-10-28) initialised: dm-devel@redhat.com\r\n\x1b[32m[    2.390290] \x1b[0m\x1b[33mledtrig-cpu\x1b[0m: registered to indicate activity on CPUs\r\n\x1b[32m[    2.396793] \x1b[0m\x1b[33mNET\x1b[0m: Registered protocol family 10\r\n\x1b[32m[    2.401971] \x1b[0m\x1b[33mNET\x1b[0m: Registered protocol family 17\r\n\x1b[32m[    2.406660] \x1b[0mKey type dns_resolver registered\r\n\x1b[32m[    2.411615] \x1b[0m\x1b[33mmicrocode\x1b[0m: CPU0: patch_level=0x01000065\r\n\x1b[32m[    2.416561] \x1b[0m\x1b[33mmicrocode\x1b[0m: Microcode Update Driver: v2.01 &lt;tigran@aivazian.fsnet.co.uk&gt;, Peter Oruba\r\n\x1b[32m[    2.425439] \x1b[0mregistered taskstats version 1\r\n\x1b[32m[    2.430095] \x1b[0mLoading compiled-in X.509 certificates\r\n\x1b[32m[    2.435878] \x1b[0m\x1b[33mLoaded X.509 cert &#39;Build time autogenerated kernel key\x1b[0m: 6ea974e07bd0b30541f4d838a3b7a8a80d5ca9af&#39;\r\n\x1b[32m[    2.445876] \x1b[0m\x1b[33mzswap\x1b[0m: loaded using pool lzo/zbud\r\n\x1b[32m[    2.451885] \x1b[0mKey type trusted registered\r\n\x1b[32m[    2.457564] \x1b[0mKey type encrypted registered\r\n\x1b[32m[    2.462656] \x1b[0m\x1b[33mAppArmor\x1b[0m: AppArmor sha1 policy hashing enabled\r\n\x1b[32m[    2.468268] \x1b[0m\x1b[33mima\x1b[0m: No TPM chip found, activating TPM-bypass!\r\n\x1b[32m[    2.474460] \x1b[0m\x1b[33mevm\x1b[0m: HMAC attrs: 0x1\r\n\x1b[32m[    2.481292] \x1b[0m\x1b[33m  Magic number\x1b[0m: 10:918:787\r\n\x1b[32m[    2.485955] \x1b[0m\x1b[33mrtc_cmos 00:03\x1b[0m: setting system clock to 2022-02-03 14:45:21 UTC (1643899521)\r\n\x1b[32m[    2.494507] \x1b[0mBIOS EDD facility v0.16 2004-Jun-25, 0 devices found\r\n\x1b[32m[    2.500377] \x1b[0mEDD information not available.\r\n\x1b[32m[    2.504950] \x1b[0m\x1b[33mPM\x1b[0m: Hibernation image not present or could not be loaded.\r\n\x1b[32m[    2.507371] \x1b[0m\x1b[33mFreeing unused kernel memory\x1b[0m: 1480K (ffffffff81f42000 - ffffffff820b4000)\r\n\x1b[32m[    2.514635] \x1b[0m\x1b[33mWrite protecting the kernel read-only data\x1b[0m: 14336k\r\n\x1b[32m[    2.520519] \x1b[0m\x1b[33mFreeing unused kernel memory\x1b[0m: 1860K (ffff88000182f000 - ffff880001a00000)\r\n\x1b[32m[    2.528866] \x1b[0m\x1b[33mFreeing unused kernel memory\x1b[0m: 168K (ffff880001dd6000 - ffff880001e00000)\r\n\x1b[32m[    2.551220] \x1b[0m\x1b[33mscsi host0\x1b[0m: Virtio SCSI HBA\r\n\x1b[32m[    2.587746] \x1b[0m\x1b[33me1000\x1b[0m: Intel(R) PRO/1000 Network Driver - version 7.3.21-k8-NAPI\r\n\x1b[32m[    2.587749] \x1b[0m\x1b[33me1000\x1b[0m: Copyright (c) 1999-2006 Intel Corporation.\r\n\x1b[32m[    2.590546] \x1b[0mne2k-pci.c:v1.03 9/22/2003 D. Becker/P. Gortmaker\r\n\x1b[32m[    2.596308] \x1b[0m\x1b[33mpcnet32\x1b[0m: pcnet32.c:v1.35 21.Apr.2008 tsbogend@alpha.franken.de\r\n\x1b[32m[    2.600396] \x1b[0m\x1b[33mip_tables\x1b[0m: (C) 2000-2006 Netfilter Core Team\r\n\x1b[32m[    2.647553] \x1b[0m\x1b[33mEXT4-fs (vda1)\x1b[0m: mounting ext3 file system using the ext4 subsystem\r\n\x1b[32m[    2.651287] \x1b[0m\x1b[33mEXT4-fs (vda1)\x1b[0m: mounted filesystem with ordered data mode. Opts: (null)\r\n\x1b[32m[    2.659135] \x1b[0m\x1b[33mEXT4-fs (vda1)\x1b[0m: mounting ext3 file system using the ext4 subsystem\r\n\x1b[32m[    2.737413] \x1b[0m\x1b[33mEXT4-fs (vda1)\x1b[0m: mounted filesystem with ordered data mode. Opts: (null)\r\n\x1b[32m[    3.006499] \x1b[0m\x1b[33mEXT4-fs (vda1)\x1b[0m: re-mounted. Opts: data=ordered\r\n\x1b[32m[    3.031331] \x1b[0m\x1b[33mEXT4-fs (vda1)\x1b[0m: re-mounted. Opts: data=ordered\r\n\x1b[32m[    3.080668] \x1b[0m\x1b[33mrandom\x1b[0m: dd urandom read with 25 bits of entropy available\r\n\x1b[32m[    3.133802] \x1b[0m\x1b[33mISO 9660 Extensions\x1b[0m: Microsoft Joliet Level 3\r\n\x1b[32m[    3.135084] \x1b[0m\x1b[33mISO 9660 Extensions\x1b[0m: RRIP_1991A\r\n\x1b[32m[    4.112889] \x1b[0m\x1b[33mEXT4-fs (vda1)\x1b[0m: resizing filesystem from 32768 to 35820 blocks\r\n\x1b[32m[    4.114373] \x1b[0m\x1b[33mEXT4-fs (vda1)\x1b[0m: resized filesystem to 35820\r\n\x1b[32m[  263.228419] \x1b[0m\x1b[33mrandom\x1b[0m: nonblocking pool is initialized\r\n$ &#34; &#34;\r\n\x1b[32m[    0.000000] \x1b[0mInitializing cgroup subsys cpuset\r\n\x1b[32m[    0.000000] \x1b[0mInitializing cgroup subsys cpu\r\n\x1b[32m[    0.000000] \x1b[0mInitializing cgroup subsys cpuacct\r\n\x1b[32m[    0.000000] \x1b[0mLinux version 4.4.0-28-generic (buildd@lcy01-13) (gcc version 5.3.1 20160413 (Ubuntu 5.3.1-14ubuntu2.1) ) #47-Ubuntu SMP Fri Jun 24 10:09:13 UTC 2016 (Ubuntu 4.4.0-28.47-generic 4.4.13)\r\n\x1b[32m[    0.000000] \x1b[0m\x1b[33mCommand line\x1b[0m: LABEL=cirros-rootfs ro console=tty1 console=ttyS0\r\n\x1b[32m[    0.000000] \x1b[0mKERNEL supported cpus:\r\n\x1b[32m[    0.000000] \x1b[0m  Intel GenuineIntel\r\n\x1b[32m[    0.000000] \x1b[0m  AMD AuthenticAMD\r\n\x1b[32m[    0.000000] \x1b[0m  Centaur CentaurHauls\r\n\x1b[32m[    0.000000] \x1b[0m\x1b[33mtseg\x1b[0m: 0000000000\r\n\x1b[32m[    0.000000] \x1b[0m\x1b[33mx86/fpu\x1b[0m: xstate_offset[2]:  576, xstate_sizes[2]:  256\r\n\x1b[32m[    0.000000] \x1b[0m\x1b[33mx86/fpu\x1b[0m: Supporting XSAVE feature 0x01: &#39;x87 floating point registers&#39;\r\n\x1b[32m[    0.000000] \x1b[0m\x1b[33mx86/fpu\x1b[0m: Supporting XSAVE feature 0x02: &#39;SSE registers&#39;\r\n\x1b[32m[    0.000000] \x1b[0m\x1b[33mx86/fpu\x1b[0m: Supporting XSAVE feature 0x04: &#39;AVX registers&#39;\r\n\x1b[32m[    0.000000] \x1b[0m\x1b[33mx86/fpu\x1b[0m: Enabled xstate features 0x7, context size is 832 bytes, using &#39;standard&#39; format.\r\n\x1b[32m[    0.000000] \x1b[0m\x1b[33mx86/fpu\x1b[0m: Using &#39;eager&#39; FPU context switches.\r\n\x1b[32m[    0.000000] \x1b[0m\x1b[33me820\x1b[0m: BIOS-provided physical RAM map:\r\n\x1b[32m[    0.000000] \x1b[0m\x1b[33mBIOS-e820\x1b[0m: [mem 0x0000000000000000-0x000000000009fbff] usable\r\n\x1b[32m[    0.000000] \x1b[0m\x1b[33mBIOS-e820\x1b[0m: [mem 0x000000000009fc00-0x000000000009ffff] reserved\r\n\x1b[32m[    0.000000] \x1b[0m\x1b[33mBIOS-e820\x1b[0m: [mem 0x00000000000f0000-0x00000000000fffff] reserved\r\n\x1b[32m[    0.000000] \x1b[0m\x1b[33mBIOS-e820\x1b[0m: [mem 0x0000000000100000-0x0000000007fdcfff] usable\r\n\x1b[32m[    0.000000] \x1b[0m\x1b[33mBIOS-e820\x1b[0m: [mem 0x0000000007fdd000-0x0000000007ffffff] reserved\r\n\x1b[32m[    0.000000] \x1b[0m\x1b[33mBIOS-e820\x1b[0m: [mem 0x00000000b0000000-0x00000000bfffffff] reserved\r\n\x1b[32m[    0.000000] \x1b[0m\x1b[33mBIOS-e820\x1b[0m: [mem 0x00000000fed1c000-0x00000000fed1ffff] reserved\r\n\x1b[32m[    0.000000] \x1b[0m\x1b[33mBIOS-e820\x1b[0m: [mem 0x00000000feffc000-0x00000000feffffff] reserved\r\n\x1b[32m[    0.000000] \x1b[0m\x1b[33mBIOS-e820\x1b[0m: [mem 0x00000000fffc0000-0x00000000ffffffff] reserved\r\n\x1b[32m[    0.000000] \x1b[0m\x1b[33mNX (Execute Disable) protection\x1b[0m: active\r\n\x1b[32m[    0.000000] \x1b[0mSMBIOS 2.8 present.\r\n\x1b[32m[    0.000000] \x1b[0m\x1b[33mDMI\x1b[0m: Red Hat Container-native virtualization/RHEL-AV, BIOS 1.14.0-1.module+el8.4.0+8855+a9e237a9 04/01/2014\r\n\x1b[32m[    0.000000] \x1b[0m\x1b[33mHypervisor detected\x1b[0m: KVM\r\n\x1b[32m[    0.000000] \x1b[0m\x1b[33me820\x1b[0m: update [mem 0x00000000-0x00000fff] usable ==&gt; reserved\r\n\x1b[32m[    0.000000] \x1b[0m\x1b[33me820\x1b[0m: remove [mem 0x000a0000-0x000fffff] usable\r\n\x1b[32m[    0.000000] \x1b[0m\x1b[33me820\x1b[0m: last_pfn = 0x7fdd max_arch_pfn = 0x400000000\r\n\x1b[32m[    0.000000] \x1b[0m\x1b[33mMTRR default type\x1b[0m: write-back\r\n\x1b[32m[    0.000000] \x1b[0mMTRR fixed ranges enabled:\r\n\x1b[32m[    0.000000] \x1b[0m  00000-9FFFF write-back\r\n\x1b[32m[    0.000000] \x1b[0m  A0000-BFFFF uncachable\r\n\x1b[32m[    0.000000] \x1b[0m  C0000-FFFFF write-protect\r\n\x1b[32m[    0.000000] \x1b[0mMTRR variable ranges enabled:\r\n\x1b[32m[    0.000000] \x1b[0m  0 base 0000C0000000 mask FFFFC0000000 uncachable\r\n\x1b[32m[    0.000000] \x1b[0m  1 disabled\r\n\x1b[32m[    0.000000] \x1b[0m  2 disabled\r\n\x1b[32m[    0.000000] \x1b[0m  3 disabled\r\n\x1b[32m[    0.000000] \x1b[0m  4 disabled\r\n\x1b[32m[    0.000000] \x1b[0m  5 disabled\r\n\x1b[32m[    0.000000] \x1b[0m  6 disabled\r\n\x1b[32m[    0.000000] \x1b[0m  7 disabled\r\n\x1b[32m[    0.000000] \x1b[0m\x1b[33mx86/PAT\x1b[0m: Configuration [0-7]: WB  WC  UC- UC  WB  WC  UC- WT  \r\n\x1b[32m[    0.000000] \x1b[0mfound SMP MP-table at [mem 0x000f5c20-0x000f5c2f] mapped at [ffff8800000f5c20]\r\n\x1b[32m[    0.000000] \x1b[0mScanning 1 areas for low memory corruption\r\n\x1b[32m[    0.000000] \x1b[0mBase memory trampoline at [ffff880000099000] 99000 size 24576\r\n\x1b[32m[    0.000000] \x1b[0mUsing GB pages for direct mapping\r\n\x1b[32m[    0.000000] \x1b[0mBRK [0x02200000, 0x02200fff] PGTABLE\r\n\x1b[32m[    0.000000] \x1b[0mBRK [0x02201000, 0x02201fff] PGTABLE\r\n\x1b[32m[    0.000000] \x1b[0mBRK [0x02202000, 0x02202fff] PGTABLE\r\n\x1b[32m[    0.000000] \x1b[0mBRK [0x02203000, 0x02203fff] PGTABLE\r\n\x1b[32m[    0.000000] \x1b[0m\x1b[33mRAMDISK\x1b[0m: [mem 0x07b17000-0x07fccfff]\r\n\x1b[32m[    0.000000] \x1b[0m\x1b[33mACPI\x1b[0m: Early table checksum verification disabled\r\n\x1b[32m[    0.000000] \x1b[0m\x1b[33mACPI\x1b[0m\x1b[1m: RSDP 0x00000000000F59D0 000014 (v00 BOCHS )\x1b[0m\r\n\x1b[32m[    0.000000] \x1b[0m\x1b[33mACPI\x1b[0m\x1b[1m: RSDT 0x0000000007FE2048 000034 (v01 BOCHS  BXPCRSDT 00000001 BXPC 00000001)\x1b[0m\r\n\x1b[32m[    0.000000] \x1b[0m\x1b[33mACPI\x1b[0m\x1b[1m: FACP 0x0000000007FE1E78 0000F4 (v03 BOCHS  BXPCFACP 00000001 BXPC 00000001)\x1b[0m\r\n\x1b[32m[    0.000000] \x1b[0m\x1b[33mACPI\x1b[0m\x1b[1m: DSDT 0x0000000007FE0040 001E38 (v01 BOCHS  BXPCDSDT 00000001 BXPC 00000001)\x1b[0m\r\n\x1b[32m[    0.000000] \x1b[0m\x1b[33mACPI\x1b[0m\x1b[1m: FACS 0x0000000007FE0000 000040\x1b[0m\r\n\x1b[32m[    0.000000] \x1b[0m\x1b[33mACPI\x1b[0m\x1b[1m: APIC 0x0000000007FE1F6C 000078 (v01 BOCHS  BXPCAPIC 00000001 BXPC 00000001)\x1b[0m\r\n\x1b[32m[    0.000000] \x1b[0m\x1b[33mACPI\x1b[0m\x1b[1m: MCFG 0x0000000007FE1FE4 00003C (v01 BOCHS  BXPCMCFG 00000001 BXPC 00000001)\x1b[0m\r\n\x1b[32m[    0.000000] \x1b[0m\x1b[33mACPI\x1b[0m\x1b[1m: WAET 0x0000000007FE2020 000028 (v01 BOCHS  BXPCWAET 00000001 BXPC 00000001)\x1b[0m\r\n\x1b[32m[    0.000000] \x1b[0m\x1b[33mACPI\x1b[0m: Local APIC address 0xfee00000\r\n\x1b[32m[    0.000000] \x1b[0mNo NUMA configuration found\r\n\x1b[32m[    0.000000] \x1b[0mFaking a node at [mem 0x0000000000000000-0x0000000007fdcfff]\r\n\x1b[32m[    0.000000] \x1b[0mNODE_DATA(0) allocated [mem 0x07fd8000-0x07fdcfff]\r\n\x1b[32m[    0.000000] \x1b[0m\x1b[33mkvm-clock\x1b[0m: Using msrs 4b564d01 and 4b564d00\r\n\x1b[32m[    0.000000] \x1b[0m\x1b[33mkvm-clock\x1b[0m: cpu 0, msr 0:7fd4001, primary cpu clock\r\n\x1b[32m[    0.000000] \x1b[0m\x1b[33mclocksource\x1b[0m: kvm-clock: mask: 0xffffffffffffffff max_cycles: 0x1cd42e4dffb, max_idle_ns: 881590591483 ns\r\n\x1b[32m[    0.000000] \x1b[0mZone ranges:\r\n\x1b[32m[    0.000000] \x1b[0m  DMA      [mem 0x0000000000001000-0x0000000000ffffff]\r\n\x1b[32m[    0.000000] \x1b[0m  DMA32    [mem 0x0000000001000000-0x0000000007fdcfff]\r\n\x1b[32m[    0.000000] \x1b[0m  Normal   empty\r\n\x1b[32m[    0.000000] \x1b[0m  Device   empty\r\n\x1b[32m[    0.000000] \x1b[0mMovable zone start for each node\r\n\x1b[32m[    0.000000] \x1b[0mEarly memory node ranges\r\n\x1b[32m[    0.000000] \x1b[0m\x1b[33m  node   0\x1b[0m: [mem 0x0000000000001000-0x000000000009efff]\r\n\x1b[32m[    0.000000] \x1b[0m\x1b[33m  node   0\x1b[0m: [mem 0x0000000000100000-0x0000000007fdcfff]\r\n\x1b[32m[    0.000000] \x1b[0mInitmem setup node 0 [mem 0x0000000000001000-0x0000000007fdcfff]\r\n\x1b[32m[    0.000000] \x1b[0m\x1b[33mOn node 0 totalpages\x1b[0m: 32635\r\n\x1b[32m[    0.000000] \x1b[0m\x1b[33m  DMA zone\x1b[0m: 64 pages used for memmap\r\n\x1b[32m[    0.000000] \x1b[0m\x1b[33m  DMA zone\x1b[0m: 21 pages reserved\r\n\x1b[32m[    0.000000] \x1b[0m\x1b[33m  DMA zone\x1b[0m: 3998 pages, LIFO batch:0\r\n\x1b[32m[    0.000000] \x1b[0m\x1b[33m  DMA32 zone\x1b[0m: 448 pages used for memmap\r\n\x1b[32m[    0.000000] \x1b[0m\x1b[33m  DMA32 zone\x1b[0m: 28637 pages, LIFO batch:7\r\n\x1b[32m[    0.000000] \x1b[0m\x1b[33mACPI\x1b[0m: PM-Timer IO Port: 0x608\r\n\x1b[32m[    0.000000] \x1b[0m\x1b[33mACPI\x1b[0m: Local APIC address 0xfee00000\r\n\x1b[32m[    0.000000] \x1b[0m\x1b[33mACPI\x1b[0m: LAPIC_NMI (acpi_id[0xff] dfl dfl lint[0x1])\r\n\x1b[32m[    0.000000] \x1b[0m\x1b[33mIOAPIC[0]\x1b[0m: apic_id 0, version 17, address 0xfec00000, GSI 0-23\r\n\x1b[32m[    0.000000] \x1b[0m\x1b[33mACPI\x1b[0m: INT_SRC_OVR (bus 0 bus_irq 0 global_irq 2 dfl dfl)\r\n\x1b[32m[    0.000000] \x1b[0m\x1b[33mACPI\x1b[0m: INT_SRC_OVR (bus 0 bus_irq 5 global_irq 5 high level)\r\n\x1b[32m[    0.000000] \x1b[0m\x1b[33mACPI\x1b[0m: INT_SRC_OVR (bus 0 bus_irq 9 global_irq 9 high level)\r\n\x1b[32m[    0.000000] \x1b[0m\x1b[33mACPI\x1b[0m: INT_SRC_OVR (bus 0 bus_irq 10 global_irq 10 high level)\r\n\x1b[32m[    0.000000] \x1b[0m\x1b[33mACPI\x1b[0m: INT_SRC_OVR (bus 0 bus_irq 11 global_irq 11 high level)\r\n\x1b[32m[    0.000000] \x1b[0m\x1b[33mACPI\x1b[0m: IRQ0 used by override.\r\n\x1b[32m[    0.000000] \x1b[0m\x1b[33mACPI\x1b[0m: IRQ5 used by override.\r\n\x1b[32m[    0.000000] \x1b[0m\x1b[33mACPI\x1b[0m: IRQ9 used by override.\r\n\x1b[32m[    0.000000] \x1b[0m\x1b[33mACPI\x1b[0m: IRQ10 used by override.\r\n\x1b[32m[    0.000000] \x1b[0m\x1b[33mACPI\x1b[0m: IRQ11 used by override.\r\n\x1b[32m[    0.000000] \x1b[0mUsing ACPI (MADT) for SMP configuration information\r\n\x1b[32m[    0.000000] \x1b[0m\x1b[33msmpboot\x1b[0m: Allowing 1 CPUs, 0 hotplug CPUs\r\n\x1b[32m[    0.000000] \x1b[0m\x1b[33mPM\x1b[0m: Registered nosave memory: [mem 0x00000000-0x00000fff]\r\n\x1b[32m[    0.000000] \x1b[0m\x1b[33mPM\x1b[0m: Registered nosave memory: [mem 0x0009f000-0x0009ffff]\r\n\x1b[32m[    0.000000] \x1b[0m\x1b[33mPM\x1b[0m: Registered nosave memory: [mem 0x000a0000-0x000effff]\r\n\x1b[32m[    0.000000] \x1b[0m\x1b[33mPM\x1b[0m: Registered nosave memory: [mem 0x000f0000-0x000fffff]\r\n\x1b[32m[    0.000000] \x1b[0m\x1b[33me820\x1b[0m: [mem 0x08000000-0xafffffff] available for PCI devices\r\n\x1b[32m[    0.000000] \x1b[0mBooting paravirtualized kernel on KVM\r\n\x1b[32m[    0.000000] \x1b[0m\x1b[33mclocksource\x1b[0m: refined-jiffies: mask: 0xffffffff max_cycles: 0xffffffff, max_idle_ns: 7645519600211568 ns\r\n\x1b[32m[    0.000000] \x1b[0m\x1b[33msetup_percpu\x1b[0m: NR_CPUS:256 nr_cpumask_bits:256 nr_cpu_ids:1 nr_node_ids:1\r\n\x1b[32m[    0.000000] \x1b[0m\x1b[33mPERCPU\x1b[0m: Embedded 33 pages/cpu @ffff880007800000 s98008 r8192 d28968 u2097152\r\n\x1b[32m[    0.000000] \x1b[0m\x1b[33mpcpu-alloc\x1b[0m: s98008 r8192 d28968 u2097152 alloc=1*2097152\r\n\x1b[32m[    0.000000] \x1b[0m\x1b[33mpcpu-alloc\x1b[0m: [0] 0 \r\n\x1b[32m[    0.000000] \x1b[0mKVM setup async PF for cpu 0\r\n\x1b[32m[    0.000000] \x1b[0m\x1b[33mkvm-stealtime\x1b[0m: cpu 0, msr 780d940\r\n\x1b[32m[    0.000000] \x1b[0m\x1b[33mPV qspinlock hash table entries\x1b[0m: 256 (order: 0, 4096 bytes)\r\n\x1b[32m[    0.000000] \x1b[0m\x1b[33mBuilt 1 zonelists in Node order, mobility grouping on.  Total pages\x1b[0m: 32102\r\n\x1b[32m[    0.000000] \x1b[0m\x1b[33mPolicy zone\x1b[0m: DMA32\r\n\x1b[32m[    0.000000] \x1b[0m\x1b[33mKernel command line\x1b[0m: LABEL=cirros-rootfs ro console=tty1 console=ttyS0\r\n\x1b[32m[    0.000000] \x1b[0m\x1b[33mPID hash table entries\x1b[0m: 512 (order: 0, 4096 bytes)\r\n\x1b[32m[    0.000000] \x1b[0m\x1b[33mCalgary\x1b[0m: detecting Calgary via BIOS EBDA area\r\n\x1b[32m[    0.000000] \x1b[0m\x1b[33mCalgary\x1b[0m: Unable to locate Rio Grande table in EBDA - bailing!\r\n\x1b[32m[    0.000000] \x1b[0m\x1b[33mMemory\x1b[0m: 104740K/130540K available (8368K kernel code, 1280K rwdata, 3928K rodata, 1480K init, 1292K bss, 25800K reserved, 0K cma-reserved)\r\n\x1b[32m[    0.000000] \x1b[0m\x1b[33mSLUB\x1b[0m: HWalign=64, Order=0-3, MinObjects=0, CPUs=1, Nodes=1\r\n\x1b[32m[    0.000000] \x1b[0mHierarchical RCU implementation.\r\n\x1b[32m[    0.000000] \x1b[0m\tBuild-time adjustment of leaf fanout to 64.\r\n\x1b[32m[    0.000000] \x1b[0m\tRCU restricting CPUs from NR_CPUS=256 to nr_cpu_ids=1.\r\n\x1b[32m[    0.000000] \x1b[0m\x1b[33mRCU\x1b[0m: Adjusting geometry for rcu_fanout_leaf=64, nr_cpu_ids=1\r\n\x1b[32m[    0.000000] \x1b[0mNR_IRQS:16640 nr_irqs:256 16\r\n\x1b[32m[    0.000000] \x1b[0m\x1b[33mConsole\x1b[0m: colour VGA+ 80x25\r\n\x1b[32m[    0.000000] \x1b[0mconsole [tty1] enabled\r\n\x1b[32m[    0.000000] \x1b[0mconsole [ttyS0] enabled\r\n\x1b[32m[    0.000000] \x1b[0m\x1b[33mtsc\x1b[0m: Detected 2595.122 MHz processor\r\n\x1b[32m[    0.008000] \x1b[0mCalibrating delay loop (skipped) preset value.. 5190.24 BogoMIPS (lpj=10380488)\r\n\x1b[32m[    0.012009] \x1b[0m\x1b[33mpid_max\x1b[0m: default: 32768 minimum: 301\r\n\x1b[32m[    0.016014] \x1b[0m\x1b[33mACPI\x1b[0m: Core revision 20150930\r\n\x1b[32m[    0.020580] \x1b[0m\x1b[33mACPI\x1b[0m\x1b[1m: 1 ACPI AML tables successfully acquired and loaded\x1b[0m\r\n\x1b[32m[    0.029299] \x1b[0mSecurity Framework initialized\r\n\x1b[32m[    0.032009] \x1b[0m\x1b[33mYama\x1b[0m: becoming mindful.\r\n\x1b[32m[    0.036023] \x1b[0m\x1b[33mAppArmor\x1b[0m: AppArmor initialized\r\n\x1b[32m[    0.040049] \x1b[0m\x1b[33mDentry cache hash table entries\x1b[0m: 16384 (order: 5, 131072 bytes)\r\n\x1b[32m[    0.044035] \x1b[0m\x1b[33mInode-cache hash table entries\x1b[0m: 8192 (order: 4, 65536 bytes)\r\n\x1b[32m[    0.052021] \x1b[0m\x1b[33mMount-cache hash table entries\x1b[0m: 512 (order: 0, 4096 bytes)\r\n\x1b[32m[    0.056010] \x1b[0m\x1b[33mMountpoint-cache hash table entries\x1b[0m: 512 (order: 0, 4096 bytes)\r\n\x1b[32m[    0.060174] \x1b[0mInitializing cgroup subsys io\r\n\x1b[32m[    0.064014] \x1b[0mInitializing cgroup subsys memory\r\n\x1b[32m[    0.068014] \x1b[0mInitializing cgroup subsys devices\r\n\x1b[32m[    0.072012] \x1b[0mInitializing cgroup subsys freezer\r\n\x1b[32m[    0.076011] \x1b[0mInitializing cgroup subsys net_cls\r\n\x1b[32m[    0.080012] \x1b[0mInitializing cgroup subsys perf_event\r\n\x1b[32m[    0.084014] \x1b[0mInitializing cgroup subsys net_prio\r\n\x1b[32m[    0.088011] \x1b[0mInitializing cgroup subsys hugetlb\r\n\x1b[32m[    0.092023] \x1b[0mInitializing cgroup subsys pids\r\n\x1b[32m[    0.107638] \x1b[0m\x1b[33mmce\x1b[0m: CPU supports 10 MCE banks\r\n\x1b[32m[    0.108358] \x1b[0m\x1b[33mLast level iTLB entries\x1b[0m: 4KB 512, 2MB 255, 4MB 127\r\n\x1b[32m[    0.112016] \x1b[0m\x1b[33mLast level dTLB entries\x1b[0m: 4KB 512, 2MB 255, 4MB 127, 1GB 0\r\n\x1b[32m[    0.180866] \x1b[0m\x1b[33mFreeing SMP alternatives memory\x1b[0m: 28K (ffffffff820b4000 - ffffffff820bb000)\r\n\x1b[32m[    0.241932] \x1b[0m\x1b[33mftrace\x1b[0m: allocating 31920 entries in 125 pages\r\n\x1b[32m[    0.256102] \x1b[0m\x1b[33msmpboot\x1b[0m: Max logical packages: 1\r\n\x1b[32m[    0.260017] \x1b[0m\x1b[33msmpboot\x1b[0m: APIC(0) Converting physical 0 to logical package 0\r\n\x1b[32m[    0.268318] \x1b[0mx2apic enabled\r\n\x1b[32m[    0.272012] \x1b[0mSwitched APIC routing to physical x2apic.\r\n\x1b[32m[    0.281862] \x1b[0m\x1b[33m..TIMER\x1b[0m: vector=0x30 apic1=0 pin1=2 apic2=-1 pin2=-1\r\n\x1b[32m[    0.284000] \x1b[0mTSC deadline timer enabled\r\n\x1b[32m[    0.284000] \x1b[0m\x1b[33msmpboot\x1b[0m: CPU0: AMD EPYC-Rome Processor (family: 0x17, model: 0x31, stepping: 0x0)\r\n\x1b[32m[    0.288027] \x1b[0m\x1b[33mPerformance Events\x1b[0m: \r\n\x1b[32m[    0.290389] \x1b[0m\x1b[31mcore perfctr but no constraints; unknown hardware!\x1b[0m\r\n\x1b[32m[    0.292016] \x1b[0m\x1b[1mno PMU driver, software events only.\x1b[0m\r\n\x1b[32m[    0.296096] \x1b[0mKVM setup paravirtual spinlock\r\n\x1b[32m[    0.301051] \x1b[0m\x1b[33mx86\x1b[0m: Booted up 1 node, 1 CPUs\r\n\x1b[32m[    0.304028] \x1b[0m\x1b[33msmpboot\x1b[0m: Total of 1 processors activated (5190.24 BogoMIPS)\r\n\x1b[32m[    0.308921] \x1b[0m\x1b[33mdevtmpfs\x1b[0m: initialized\r\n\x1b[32m[    0.314367] \x1b[0m\x1b[33mevm\x1b[0m: security.selinux\r\n\x1b[32m[    0.316020] \x1b[0m\x1b[33mevm\x1b[0m: security.SMACK64\r\n\x1b[32m[    0.319586] \x1b[0m\x1b[33mevm\x1b[0m: security.SMACK64EXEC\r\n\x1b[32m[    0.320030] \x1b[0m\x1b[33mevm\x1b[0m: security.SMACK64TRANSMUTE\r\n\x1b[32m[    0.323874] \x1b[0m\x1b[33mevm\x1b[0m: security.SMACK64MMAP\r\n\x1b[32m[    0.324016] \x1b[0m\x1b[33mevm\x1b[0m: security.ima\r\n\x1b[32m[    0.327182] \x1b[0m\x1b[33mevm\x1b[0m: security.capability\r\n\x1b[32m[    0.328213] \x1b[0m\x1b[33mclocksource\x1b[0m: jiffies: mask: 0xffffffff max_cycles: 0xffffffff, max_idle_ns: 7645041785100000 ns\r\n\x1b[32m[    0.332146] \x1b[0m\x1b[33mpinctrl core\x1b[0m: initialized pinctrl subsystem\r\n\x1b[32m[    0.336455] \x1b[0m\x1b[33mRTC time\x1b[0m: 14:45:18, date: 02/03/22\r\n\x1b[32m[    0.340331] \x1b[0m\x1b[33mNET\x1b[0m: Registered protocol family 16\r\n\x1b[32m[    0.344214] \x1b[0m\x1b[33mcpuidle\x1b[0m: using governor ladder\r\n\x1b[32m[    0.348023] \x1b[0m\x1b[33mcpuidle\x1b[0m: using governor menu\r\n\x1b[32m[    0.351980] \x1b[0m\x1b[1mPCCT header not found.\x1b[0m\r\n\x1b[32m[    0.355207] \x1b[0m\x1b[33mACPI\x1b[0m: bus type PCI registered\r\n\x1b[32m[    0.356013] \x1b[0m\x1b[33macpiphp\x1b[0m: ACPI Hot Plug PCI Controller Driver version: 0.5\r\n\x1b[32m[    0.360424] \x1b[0m\x1b[33mPCI\x1b[0m: MMCONFIG for domain 0000 [bus 00-ff] at [mem 0xb0000000-0xbfffffff] (base 0xb0000000)\r\n\x1b[32m[    0.364016] \x1b[0m\x1b[33mPCI\x1b[0m: MMCONFIG at [mem 0xb0000000-0xbfffffff] reserved in E820\r\n\x1b[32m[    0.368044] \x1b[0m\x1b[33mPCI\x1b[0m: Using configuration type 1 for base access\r\n\x1b[32m[    0.373086] \x1b[0m\x1b[33mACPI\x1b[0m: Added _OSI(Module Device)\r\n\x1b[32m[    0.376013] \x1b[0m\x1b[33mACPI\x1b[0m: Added _OSI(Processor Device)\r\n\x1b[32m[    0.380011] \x1b[0m\x1b[33mACPI\x1b[0m: Added _OSI(3.0 _SCP Extensions)\r\n\x1b[32m[    0.384012] \x1b[0m\x1b[33mACPI\x1b[0m: Added _OSI(Processor Aggregator Device)\r\n\x1b[32m[    0.391014] \x1b[0m\x1b[33mACPI\x1b[0m: Interpreter enabled\r\n\x1b[32m[    0.392017] \x1b[0m\x1b[33mACPI Exception\x1b[0m\x1b[1m: AE_NOT_FOUND, While evaluating Sleep State [\\_S1_] (20150930/hwxface-580)\x1b[0m\r\n\x1b[32m[    0.398718] \x1b[0m\x1b[33mACPI Exception\x1b[0m\x1b[1m: AE_NOT_FOUND, While evaluating Sleep State [\\_S2_] (20150930/hwxface-580)\x1b[0m\r\n\x1b[32m[    0.404014] \x1b[0m\x1b[33mACPI Exception\x1b[0m\x1b[1m: AE_NOT_FOUND, While evaluating Sleep State [\\_S3_] (20150930/hwxface-580)\x1b[0m\r\n\x1b[32m[    0.410604] \x1b[0m\x1b[33mACPI Exception\x1b[0m\x1b[1m: AE_NOT_FOUND, While evaluating Sleep State [\\_S4_] (20150930/hwxface-580)\x1b[0m\r\n\x1b[32m[    0.416031] \x1b[0m\x1b[33mACPI\x1b[0m: (supports S0 S5)\r\n\x1b[32m[    0.419708] \x1b[0m\x1b[33mACPI\x1b[0m: Using IOAPIC for interrupt routing\r\n\x1b[32m[    0.420087] \x1b[0m\x1b[33mPCI\x1b[0m: Using host bridge windows from ACPI; if necessary, use \&#34;pci=nocrs\&#34; and report a bug\r\n\x1b[32m[    0.426901] \x1b[0m\x1b[33mACPI\x1b[0m: PCI Root Bridge [PCI0] (domain 0000 [bus 00-ff])\r\n\x1b[32m[    0.428038] \x1b[0m\x1b[33macpi PNP0A08:00\x1b[0m: _OSC: OS supports [ExtendedConfig ASPM ClockPM Segments MSI]\r\n\x1b[32m[    0.432154] \x1b[0m\x1b[33macpi PNP0A08:00\x1b[0m: _OSC: OS now controls [PCIeHotplug PME AER PCIeCapability]\r\n\x1b[32m[    0.436434] \x1b[0mPCI host bridge to bus 0000:00\r\n\x1b[32m[    0.440021] \x1b[0m\x1b[33mpci_bus 0000:00\x1b[0m: root bus resource [io  0x0000-0x0cf7 window]\r\n\x1b[32m[    0.444026] \x1b[0m\x1b[33mpci_bus 0000:00\x1b[0m: root bus resource [io  0x0d00-0xffff window]\r\n\x1b[32m[    0.448031] \x1b[0m\x1b[33mpci_bus 0000:00\x1b[0m: root bus resource [mem 0x000a0000-0x000bffff window]\r\n\x1b[32m[    0.452033] \x1b[0m\x1b[33mpci_bus 0000:00\x1b[0m: root bus resource [mem 0x08000000-0xafffffff window]\r\n\x1b[32m[    0.456014] \x1b[0m\x1b[33mpci_bus 0000:00\x1b[0m: root bus resource [mem 0xc0000000-0xfebfffff window]\r\n\x1b[32m[    0.460021] \x1b[0m\x1b[33mpci_bus 0000:00\x1b[0m: root bus resource [mem 0x100000000-0x8ffffffff window]\r\n\x1b[32m[    0.464016] \x1b[0m\x1b[33mpci_bus 0000:00\x1b[0m: root bus resource [bus 00-ff]\r\n\x1b[32m[    0.468179] \x1b[0m\x1b[33mpci 0000:00:00.0\x1b[0m: [8086:29c0] type 00 class 0x060000\r\n\x1b[32m[    0.469990] \x1b[0m\x1b[33mpci 0000:00:01.0\x1b[0m: [1234:1111] type 00 class 0x030000\r\n\x1b[32m[    0.472039] \x1b[0m\x1b[33mpci 0000:00:01.0\x1b[0m: reg 0x10: [mem 0xfb000000-0xfbffffff pref]\r\n\x1b[32m[    0.475471] \x1b[0m\x1b[33mpci 0000:00:01.0\x1b[0m: reg 0x18: [mem 0xfea10000-0xfea10fff]\r\n\x1b[32m[    0.482645] \x1b[0m\x1b[33mpci 0000:00:01.0\x1b[0m: reg 0x30: [mem 0xfea00000-0xfea0ffff pref]\r\n\x1b[32m[    0.483343] \x1b[0m\x1b[33mpci 0000:00:02.0\x1b[0m: [1b36:000c] type 01 class 0x060400\r\n\x1b[32m[    0.485080] \x1b[0m\x1b[33mpci 0000:00:02.0\x1b[0m: reg 0x10: [mem 0xfea11000-0xfea11fff]\r\n\x1b[32m[    0.490146] \x1b[0m\x1b[33mpci 0000:00:02.1\x1b[0m: [1b36:000c] type 01 class 0x060400\r\n\x1b[32m[    0.494075] \x1b[0m\x1b[33mpci 0000:00:02.1\x1b[0m: reg 0x10: [mem 0xfea12000-0xfea12fff]\r\n\x1b[32m[    0.499619] \x1b[0m\x1b[33mpci 0000:00:02.2\x1b[0m: [1b36:000c] type 01 class 0x060400\r\n\x1b[32m[    0.503689] \x1b[0m\x1b[33mpci 0000:00:02.2\x1b[0m: reg 0x10: [mem 0xfea13000-0xfea13fff]\r\n\x1b[32m[    0.508286] \x1b[0m\x1b[33mpci 0000:00:02.3\x1b[0m: [1b36:000c] type 01 class 0x060400\r\n\x1b[32m[    0.510092] \x1b[0m\x1b[33mpci 0000:00:02.3\x1b[0m: reg 0x10: [mem 0xfea14000-0xfea14fff]\r\n\x1b[32m[    0.515412] \x1b[0m\x1b[33mpci 0000:00:02.4\x1b[0m: [1b36:000c] type 01 class 0x060400\r\n\x1b[32m[    0.517111] \x1b[0m\x1b[33mpci 0000:00:02.4\x1b[0m: reg 0x10: [mem 0xfea15000-0xfea15fff]\r\n\x1b[32m[    0.521130] \x1b[0m\x1b[33mpci 0000:00:02.5\x1b[0m: [1b36:000c] type 01 class 0x060400\r\n\x1b[32m[    0.522823] \x1b[0m\x1b[33mpci 0000:00:02.5\x1b[0m: reg 0x10: [mem 0xfea16000-0xfea16fff]\r\n\x1b[32m[    0.527689] \x1b[0m\x1b[33mpci 0000:00:02.6\x1b[0m: [1b36:000c] type 01 class 0x060400\r\n\x1b[32m[    0.529455] \x1b[0m\x1b[33mpci 0000:00:02.6\x1b[0m: reg 0x10: [mem 0xfea17000-0xfea17fff]\r\n\x1b[32m[    0.536688] \x1b[0m\x1b[33mpci 0000:00:1f.0\x1b[0m: [8086:2918] type 00 class 0x060100\r\n\x1b[32m[    0.538879] \x1b[0m\x1b[33mpci 0000:00:1f.0\x1b[0m: quirk: [io  0x0600-0x067f] claimed by ICH6 ACPI/GPIO/TCO\r\n\x1b[32m[    0.540871] \x1b[0m\x1b[33mpci 0000:00:1f.2\x1b[0m: [8086:2922] type 00 class 0x010601\r\n\x1b[32m[    0.548029] \x1b[0m\x1b[33mpci 0000:00:1f.2\x1b[0m: reg 0x20: [io  0xc040-0xc05f]\r\n\x1b[32m[    0.551727] \x1b[0m\x1b[33mpci 0000:00:1f.2\x1b[0m: reg 0x24: [mem 0xfea18000-0xfea18fff]\r\n\x1b[32m[    0.554317] \x1b[0m\x1b[33mpci 0000:00:1f.3\x1b[0m: [8086:2930] type 00 class 0x0c0500\r\n\x1b[32m[    0.559333] \x1b[0m\x1b[33mpci 0000:00:1f.3\x1b[0m: reg 0x20: [io  0x0700-0x073f]\r\n\x1b[32m[    0.565398] \x1b[0m\x1b[33mpci 0000:01:00.0\x1b[0m: [1af4:1041] type 00 class 0x020000\r\n\x1b[32m[    0.568831] \x1b[0m\x1b[33mpci 0000:01:00.0\x1b[0m: reg 0x14: [mem 0xfe800000-0xfe800fff]\r\n\x1b[32m[    0.574492] \x1b[0m\x1b[33mpci 0000:01:00.0\x1b[0m: reg 0x20: [mem 0xfcc00000-0xfcc03fff 64bit pref]\r\n\x1b[32m[    0.580069] \x1b[0m\x1b[33mpci 0000:00:02.0\x1b[0m: PCI bridge to [bus 01]\r\n\x1b[32m[    0.584228] \x1b[0m\x1b[33mpci 0000:00:02.0\x1b[0m:   bridge window [mem 0xfe800000-0xfe9fffff]\r\n\x1b[32m[    0.584427] \x1b[0m\x1b[33mpci 0000:00:02.0\x1b[0m:   bridge window [mem 0xfcc00000-0xfcdfffff 64bit pref]\r\n\x1b[32m[    0.587127] \x1b[0m\x1b[33mpci 0000:02:00.0\x1b[0m: [1af4:1048] type 00 class 0x010000\r\n\x1b[32m[    0.591382] \x1b[0m\x1b[33mpci 0000:02:00.0\x1b[0m: reg 0x14: [mem 0xfe600000-0xfe600fff]\r\n\x1b[32m[    0.595896] \x1b[0m\x1b[33mpci 0000:02:00.0\x1b[0m: reg 0x20: [mem 0xfca00000-0xfca03fff 64bit pref]\r\n\x1b[32m[    0.601488] \x1b[0m\x1b[33mpci 0000:00:02.1\x1b[0m: PCI bridge to [bus 02]\r\n\x1b[32m[    0.604178] \x1b[0m\x1b[33mpci 0000:00:02.1\x1b[0m:   bridge window [mem 0xfe600000-0xfe7fffff]\r\n\x1b[32m[    0.604333] \x1b[0m\x1b[33mpci 0000:00:02.1\x1b[0m:   bridge window [mem 0xfca00000-0xfcbfffff 64bit pref]\r\n\x1b[32m[    0.606462] \x1b[0m\x1b[33mpci 0000:03:00.0\x1b[0m: [1af4:1043] type 00 class 0x078000\r\n\x1b[32m[    0.610244] \x1b[0m\x1b[33mpci 0000:03:00.0\x1b[0m: reg 0x14: [mem 0xfe400000-0xfe400fff]\r\n\x1b[32m[    0.613989] \x1b[0m\x1b[33mpci 0000:03:00.0\x1b[0m: reg 0x20: [mem 0xfc800000-0xfc803fff 64bit pref]\r\n\x1b[32m[    0.618331] \x1b[0m\x1b[33mpci 0000:00:02.2\x1b[0m: PCI bridge to [bus 03]\r\n\x1b[32m[    0.620190] \x1b[0m\x1b[33mpci 0000:00:02.2\x1b[0m:   bridge window [mem 0xfe400000-0xfe5fffff]\r\n\x1b[32m[    0.620356] \x1b[0m\x1b[33mpci 0000:00:02.2\x1b[0m:   bridge window [mem 0xfc800000-0xfc9fffff 64bit pref]\r\n\x1b[32m[    0.622924] \x1b[0m\x1b[33mpci 0000:04:00.0\x1b[0m: [1af4:1042] type 00 class 0x010000\r\n\x1b[32m[    0.626627] \x1b[0m\x1b[33mpci 0000:04:00.0\x1b[0m: reg 0x14: [mem 0xfe200000-0xfe200fff]\r\n\x1b[32m[    0.629985] \x1b[0m\x1b[33mpci 0000:04:00.0\x1b[0m: reg 0x20: [mem 0xfc600000-0xfc603fff 64bit pref]\r\n\x1b[32m[    0.634284] \x1b[0m\x1b[33mpci 0000:00:02.3\x1b[0m: PCI bridge to [bus 04]\r\n\x1b[32m[    0.636185] \x1b[0m\x1b[33mpci 0000:00:02.3\x1b[0m:   bridge window [mem 0xfe200000-0xfe3fffff]\r\n\x1b[32m[    0.636352] \x1b[0m\x1b[33mpci 0000:00:02.3\x1b[0m:   bridge window [mem 0xfc600000-0xfc7fffff 64bit pref]\r\n\x1b[32m[    0.638448] \x1b[0m\x1b[33mpci 0000:05:00.0\x1b[0m: [1af4:1042] type 00 class 0x010000\r\n\x1b[32m[    0.641156] \x1b[0m\x1b[33mpci 0000:05:00.0\x1b[0m: reg 0x14: [mem 0xfe000000-0xfe000fff]\r\n\x1b[32m[    0.646017] \x1b[0m\x1b[33mpci 0000:05:00.0\x1b[0m: reg 0x20: [mem 0xfc400000-0xfc403fff 64bit pref]\r\n\x1b[32m[    0.650333] \x1b[0m\x1b[33mpci 0000:00:02.4\x1b[0m: PCI bridge to [bus 05]\r\n\x1b[32m[    0.652183] \x1b[0m\x1b[33mpci 0000:00:02.4\x1b[0m:   bridge window [mem 0xfe000000-0xfe1fffff]\r\n\x1b[32m[    0.652334] \x1b[0m\x1b[33mpci 0000:00:02.4\x1b[0m:   bridge window [mem 0xfc400000-0xfc5fffff 64bit pref]\r\n\x1b[32m[    0.654393] \x1b[0m\x1b[33mpci 0000:06:00.0\x1b[0m: [1af4:1045] type 00 class 0x00ff00\r\n\x1b[32m[    0.659978] \x1b[0m\x1b[33mpci 0000:06:00.0\x1b[0m: reg 0x20: [mem 0xfc200000-0xfc203fff 64bit pref]\r\n\x1b[32m[    0.663913] \x1b[0m\x1b[33mpci 0000:00:02.5\x1b[0m: PCI bridge to [bus 06]\r\n\x1b[32m[    0.664191] \x1b[0m\x1b[33mpci 0000:00:02.5\x1b[0m:   bridge window [mem 0xfde00000-0xfdffffff]\r\n\x1b[32m[    0.664342] \x1b[0m\x1b[33mpci 0000:00:02.5\x1b[0m:   bridge window [mem 0xfc200000-0xfc3fffff 64bit pref]\r\n\x1b[32m[    0.666078] \x1b[0m\x1b[33mpci 0000:00:02.6\x1b[0m: PCI bridge to [bus 07]\r\n\x1b[32m[    0.668214] \x1b[0m\x1b[33mpci 0000:00:02.6\x1b[0m:   bridge window [mem 0xfdc00000-0xfddfffff]\r\n\x1b[32m[    0.668367] \x1b[0m\x1b[33mpci 0000:00:02.6\x1b[0m:   bridge window [mem 0xfc000000-0xfc1fffff 64bit pref]\r\n\x1b[32m[    0.675046] \x1b[0m\x1b[33mACPI\x1b[0m: PCI Interrupt Link [LNKA] (IRQs 5 *10 11)\r\n\x1b[32m[    0.680257] \x1b[0m\x1b[33mACPI\x1b[0m: PCI Interrupt Link [LNKB] (IRQs 5 *10 11)\r\n\x1b[32m[    0.688137] \x1b[0m\x1b[33mACPI\x1b[0m: PCI Interrupt Link [LNKC] (IRQs 5 10 *11)\r\n\x1b[32m[    0.696396] \x1b[0m\x1b[33mACPI\x1b[0m: PCI Interrupt Link [LNKD] (IRQs 5 10 *11)\r\n\x1b[32m[    0.704258] \x1b[0m\x1b[33mACPI\x1b[0m: PCI Interrupt Link [LNKE] (IRQs 5 *10 11)\r\n\x1b[32m[    0.712265] \x1b[0m\x1b[33mACPI\x1b[0m: PCI Interrupt Link [LNKF] (IRQs 5 *10 11)\r\n\x1b[32m[    0.720289] \x1b[0m\x1b[33mACPI\x1b[0m: PCI Interrupt Link [LNKG] (IRQs 5 10 *11)\r\n\x1b[32m[    0.727883] \x1b[0m\x1b[33mACPI\x1b[0m: PCI Interrupt Link [LNKH] (IRQs 5 10 *11)\r\n\x1b[32m[    0.732225] \x1b[0m\x1b[33mACPI\x1b[0m: PCI Interrupt Link [GSIA] (IRQs *16)\r\n\x1b[32m[    0.739350] \x1b[0m\x1b[33mACPI\x1b[0m: PCI Interrupt Link [GSIB] (IRQs *17)\r\n\x1b[32m[    0.743075] \x1b[0m\x1b[33mACPI\x1b[0m: PCI Interrupt Link [GSIC] (IRQs *18)\r\n\x1b[32m[    0.747529] \x1b[0m\x1b[33mACPI\x1b[0m: PCI Interrupt Link [GSID] (IRQs *19)\r\n\x1b[32m[    0.751378] \x1b[0m\x1b[33mACPI\x1b[0m: PCI Interrupt Link [GSIE] (IRQs *20)\r\n\x1b[32m[    0.754781] \x1b[0m\x1b[33mACPI\x1b[0m: PCI Interrupt Link [GSIF] (IRQs *21)\r\n\x1b[32m[    0.759064] \x1b[0m\x1b[33mACPI\x1b[0m: PCI Interrupt Link [GSIG] (IRQs *22)\r\n\x1b[32m[    0.762593] \x1b[0m\x1b[33mACPI\x1b[0m: PCI Interrupt Link [GSIH] (IRQs *23)\r\n\x1b[32m[    0.766976] \x1b[0m\x1b[33mACPI\x1b[0m\x1b[1m: Enabled 1 GPEs in block 00 to 3F\x1b[0m\r\n\x1b[32m[    0.768344] \x1b[0m\x1b[33mvgaarb\x1b[0m: setting as boot device: PCI:0000:00:01.0\r\n\x1b[32m[    0.772000] \x1b[0m\x1b[33mvgaarb\x1b[0m: device added: PCI:0000:00:01.0,decodes=io+mem,owns=io+mem,locks=none\r\n\x1b[32m[    0.772028] \x1b[0m\x1b[33mvgaarb\x1b[0m: loaded\r\n\x1b[32m[    0.775258] \x1b[0m\x1b[33mvgaarb\x1b[0m: bridge control possible 0000:00:01.0\r\n\x1b[32m[    0.776323] \x1b[0mSCSI subsystem initialized\r\n\x1b[32m[    0.780217] \x1b[0mlibata version 3.00 loaded.\r\n\x1b[32m[    0.780259] \x1b[0m\x1b[33mACPI\x1b[0m: bus type USB registered\r\n\x1b[32m[    0.784057] \x1b[0m\x1b[33musbcore\x1b[0m: registered new interface driver usbfs\r\n\x1b[32m[    0.788058] \x1b[0m\x1b[33musbcore\x1b[0m: registered new interface driver hub\r\n\x1b[32m[    0.792039] \x1b[0m\x1b[33musbcore\x1b[0m: registered new device driver usb\r\n\x1b[32m[    0.796316] \x1b[0m\x1b[33mPCI\x1b[0m: Using ACPI for IRQ routing\r\n\x1b[32m[    1.161546] \x1b[0m\x1b[33mPCI\x1b[0m: pci_cache_line_size set to 64 bytes\r\n\x1b[32m[    1.162997] \x1b[0m\x1b[33me820\x1b[0m: reserve RAM buffer [mem 0x0009fc00-0x0009ffff]\r\n\x1b[32m[    1.163002] \x1b[0m\x1b[33me820\x1b[0m: reserve RAM buffer [mem 0x07fdd000-0x07ffffff]\r\n\x1b[32m[    1.163218] \x1b[0m\x1b[33mNetLabel\x1b[0m: Initializing\r\n\x1b[32m[    1.164014] \x1b[0m\x1b[33mNetLabel\x1b[0m:  domain hash size = 128\r\n\x1b[32m[    1.167864] \x1b[0m\x1b[33mNetLabel\x1b[0m:  protocols = UNLABELED CIPSOv4\r\n\x1b[32m[    1.168076] \x1b[0m\x1b[33mNetLabel\x1b[0m:  unlabeled traffic allowed by default\r\n\x1b[32m[    1.172232] \x1b[0m\x1b[33mclocksource\x1b[0m: Switched to clocksource kvm-clock\r\n\x1b[32m[    1.185536] \x1b[0m\x1b[33mAppArmor\x1b[0m: AppArmor Filesystem Enabled\r\n\x1b[32m[    1.191249] \x1b[0m\x1b[33mpnp\x1b[0m: PnP ACPI init\r\n\x1b[32m[    1.194879] \x1b[0m\x1b[33mpnp 00:00\x1b[0m: Plug and Play ACPI device, IDs PNP0501 (active)\r\n\x1b[32m[    1.194896] \x1b[0m\x1b[33mpnp 00:01\x1b[0m: Plug and Play ACPI device, IDs PNP0303 (active)\r\n\x1b[32m[    1.194911] \x1b[0m\x1b[33mpnp 00:02\x1b[0m: Plug and Play ACPI device, IDs PNP0f13 (active)\r\n\x1b[32m[    1.194924] \x1b[0m\x1b[33mpnp 00:03\x1b[0m: Plug and Play ACPI device, IDs PNP0b00 (active)\r\n\x1b[32m[    1.195497] \x1b[0m\x1b[33mpnp\x1b[0m: PnP ACPI: found 4 devices\r\n\x1b[32m[    1.206960] \x1b[0m\x1b[33mclocksource\x1b[0m: acpi_pm: mask: 0xffffff max_cycles: 0xffffff, max_idle_ns: 2085701024 ns\r\n\x1b[32m[    1.216848] \x1b[0m\x1b[33mpci 0000:00:02.0\x1b[0m: bridge window [io  0x1000-0x0fff] to [bus 01] add_size 1000\r\n\x1b[32m[    1.217989] \x1b[0m\x1b[33mpci 0000:00:02.1\x1b[0m: bridge window [io  0x1000-0x0fff] to [bus 02] add_size 1000\r\n\x1b[32m[    1.219144] \x1b[0m\x1b[33mpci 0000:00:02.2\x1b[0m: bridge window [io  0x1000-0x0fff] to [bus 03] add_size 1000\r\n\x1b[32m[    1.220395] \x1b[0m\x1b[33mpci 0000:00:02.3\x1b[0m: bridge window [io  0x1000-0x0fff] to [bus 04] add_size 1000\r\n\x1b[32m[    1.221660] \x1b[0m\x1b[33mpci 0000:00:02.4\x1b[0m: bridge window [io  0x1000-0x0fff] to [bus 05] add_size 1000\r\n\x1b[32m[    1.222885] \x1b[0m\x1b[33mpci 0000:00:02.5\x1b[0m: bridge window [io  0x1000-0x0fff] to [bus 06] add_size 1000\r\n\x1b[32m[    1.224112] \x1b[0m\x1b[33mpci 0000:00:02.6\x1b[0m: bridge window [io  0x1000-0x0fff] to [bus 07] add_size 1000\r\n\x1b[32m[    1.224121] \x1b[0m\x1b[33mpci 0000:00:02.0\x1b[0m: res[13]=[io  0x1000-0x0fff] res_to_dev_res add_size 1000 min_align 1000\r\n\x1b[32m[    1.224123] \x1b[0m\x1b[33mpci 0000:00:02.0\x1b[0m: res[13]=[io  0x1000-0x1fff] res_to_dev_res add_size 1000 min_align 1000\r\n\x1b[32m[    1.224125] \x1b[0m\x1b[33mpci 0000:00:02.1\x1b[0m: res[13]=[io  0x1000-0x0fff] res_to_dev_res add_size 1000 min_align 1000\r\n\x1b[32m[    1.224127] \x1b[0m\x1b[33mpci 0000:00:02.1\x1b[0m: res[13]=[io  0x1000-0x1fff] res_to_dev_res add_size 1000 min_align 1000\r\n\x1b[32m[    1.224128] \x1b[0m\x1b[33mpci 0000:00:02.2\x1b[0m: res[13]=[io  0x1000-0x0fff] res_to_dev_res add_size 1000 min_align 1000\r\n\x1b[32m[    1.224130] \x1b[0m\x1b[33mpci 0000:00:02.2\x1b[0m: res[13]=[io  0x1000-0x1fff] res_to_dev_res add_size 1000 min_align 1000\r\n\x1b[32m[    1.224132] \x1b[0m\x1b[33mpci 0000:00:02.3\x1b[0m: res[13]=[io  0x1000-0x0fff] res_to_dev_res add_size 1000 min_align 1000\r\n\x1b[32m[    1.224134] \x1b[0m\x1b[33mpci 0000:00:02.3\x1b[0m: res[13]=[io  0x1000-0x1fff] res_to_dev_res add_size 1000 min_align 1000\r\n\x1b[32m[    1.224135] \x1b[0m\x1b[33mpci 0000:00:02.4\x1b[0m: res[13]=[io  0x1000-0x0fff] res_to_dev_res add_size 1000 min_align 1000\r\n\x1b[32m[    1.224137] \x1b[0m\x1b[33mpci 0000:00:02.4\x1b[0m: res[13]=[io  0x1000-0x1fff] res_to_dev_res add_size 1000 min_align 1000\r\n\x1b[32m[    1.224139] \x1b[0m\x1b[33mpci 0000:00:02.5\x1b[0m: res[13]=[io  0x1000-0x0fff] res_to_dev_res add_size 1000 min_align 1000\r\n\x1b[32m[    1.224140] \x1b[0m\x1b[33mpci 0000:00:02.5\x1b[0m: res[13]=[io  0x1000-0x1fff] res_to_dev_res add_size 1000 min_align 1000\r\n\x1b[32m[    1.224142] \x1b[0m\x1b[33mpci 0000:00:02.6\x1b[0m: res[13]=[io  0x1000-0x0fff] res_to_dev_res add_size 1000 min_align 1000\r\n\x1b[32m[    1.224144] \x1b[0m\x1b[33mpci 0000:00:02.6\x1b[0m: res[13]=[io  0x1000-0x1fff] res_to_dev_res add_size 1000 min_align 1000\r\n\x1b[32m[    1.224149] \x1b[0m\x1b[33mpci 0000:00:02.0\x1b[0m: BAR 13: assigned [io  0x1000-0x1fff]\r\n\x1b[32m[    1.231067] \x1b[0m\x1b[33mpci 0000:00:02.1\x1b[0m: BAR 13: assigned [io  0x2000-0x2fff]\r\n\x1b[32m[    1.236798] \x1b[0m\x1b[33mpci 0000:00:02.2\x1b[0m: BAR 13: assigned [io  0x3000-0x3fff]\r\n\x1b[32m[    1.242535] \x1b[0m\x1b[33mpci 0000:00:02.3\x1b[0m: BAR 13: assigned [io  0x4000-0x4fff]\r\n\x1b[32m[    1.248452] \x1b[0m\x1b[33mpci 0000:00:02.4\x1b[0m: BAR 13: assigned [io  0x5000-0x5fff]\r\n\x1b[32m[    1.253951] \x1b[0m\x1b[33mpci 0000:00:02.5\x1b[0m: BAR 13: assigned [io  0x6000-0x6fff]\r\n\x1b[32m[    1.259899] \x1b[0m\x1b[33mpci 0000:00:02.6\x1b[0m: BAR 13: assigned [io  0x7000-0x7fff]\r\n\x1b[32m[    1.265713] \x1b[0m\x1b[33mpci 0000:00:02.0\x1b[0m: PCI bridge to [bus 01]\r\n\x1b[32m[    1.270680] \x1b[0m\x1b[33mpci 0000:00:02.0\x1b[0m:   bridge window [io  0x1000-0x1fff]\r\n\x1b[32m[    1.277713] \x1b[0m\x1b[33mpci 0000:00:02.0\x1b[0m:   bridge window [mem 0xfe800000-0xfe9fffff]\r\n\x1b[32m[    1.285160] \x1b[0m\x1b[33mpci 0000:00:02.0\x1b[0m:   bridge window [mem 0xfcc00000-0xfcdfffff 64bit pref]\r\n\x1b[32m[    1.293488] \x1b[0m\x1b[33mpci 0000:00:02.1\x1b[0m: PCI bridge to [bus 02]\r\n\x1b[32m[    1.298254] \x1b[0m\x1b[33mpci 0000:00:02.1\x1b[0m:   bridge window [io  0x2000-0x2fff]\r\n\x1b[32m[    1.304593] \x1b[0m\x1b[33mpci 0000:00:02.1\x1b[0m:   bridge window [mem 0xfe600000-0xfe7fffff]\r\n\x1b[32m[    1.310810] \x1b[0m\x1b[33mpci 0000:00:02.1\x1b[0m:   bridge window [mem 0xfca00000-0xfcbfffff 64bit pref]\r\n\x1b[32m[    1.319339] \x1b[0m\x1b[33mpci 0000:00:02.2\x1b[0m: PCI bridge to [bus 03]\r\n\x1b[32m[    1.324083] \x1b[0m\x1b[33mpci 0000:00:02.2\x1b[0m:   bridge window [io  0x3000-0x3fff]\r\n\x1b[32m[    1.331072] \x1b[0m\x1b[33mpci 0000:00:02.2\x1b[0m:   bridge window [mem 0xfe400000-0xfe5fffff]\r\n\x1b[32m[    1.337388] \x1b[0m\x1b[33mpci 0000:00:02.2\x1b[0m:   bridge window [mem 0xfc800000-0xfc9fffff 64bit pref]\r\n\x1b[32m[    1.345488] \x1b[0m\x1b[33mpci 0000:00:02.3\x1b[0m: PCI bridge to [bus 04]\r\n\x1b[32m[    1.350176] \x1b[0m\x1b[33mpci 0000:00:02.3\x1b[0m:   bridge window [io  0x4000-0x4fff]\r\n\x1b[32m[    1.357011] \x1b[0m\x1b[33mpci 0000:00:02.3\x1b[0m:   bridge window [mem 0xfe200000-0xfe3fffff]\r\n\x1b[32m[    1.363342] \x1b[0m\x1b[33mpci 0000:00:02.3\x1b[0m:   bridge window [mem 0xfc600000-0xfc7fffff 64bit pref]\r\n\x1b[32m[    1.371873] \x1b[0m\x1b[33mpci 0000:00:02.4\x1b[0m: PCI bridge to [bus 05]\r\n\x1b[32m[    1.376843] \x1b[0m\x1b[33mpci 0000:00:02.4\x1b[0m:   bridge window [io  0x5000-0x5fff]\r\n\x1b[32m[    1.383527] \x1b[0m\x1b[33mpci 0000:00:02.4\x1b[0m:   bridge window [mem 0xfe000000-0xfe1fffff]\r\n\x1b[32m[    1.389918] \x1b[0m\x1b[33mpci 0000:00:02.4\x1b[0m:   bridge window [mem 0xfc400000-0xfc5fffff 64bit pref]\r\n\x1b[32m[    1.398349] \x1b[0m\x1b[33mpci 0000:00:02.5\x1b[0m: PCI bridge to [bus 06]\r\n\x1b[32m[    1.403412] \x1b[0m\x1b[33mpci 0000:00:02.5\x1b[0m:   bridge window [io  0x6000-0x6fff]\r\n\x1b[32m[    1.410341] \x1b[0m\x1b[33mpci 0000:00:02.5\x1b[0m:   bridge window [mem 0xfde00000-0xfdffffff]\r\n\x1b[32m[    1.417519] \x1b[0m\x1b[33mpci 0000:00:02.5\x1b[0m:   bridge window [mem 0xfc200000-0xfc3fffff 64bit pref]\r\n\x1b[32m[    1.426497] \x1b[0m\x1b[33mpci 0000:00:02.6\x1b[0m: PCI bridge to [bus 07]\r\n\x1b[32m[    1.431684] \x1b[0m\x1b[33mpci 0000:00:02.6\x1b[0m:   bridge window [io  0x7000-0x7fff]\r\n\x1b[32m[    1.439530] \x1b[0m\x1b[33mpci 0000:00:02.6\x1b[0m:   bridge window [mem 0xfdc00000-0xfddfffff]\r\n\x1b[32m[    1.446625] \x1b[0m\x1b[33mpci 0000:00:02.6\x1b[0m:   bridge window [mem 0xfc000000-0xfc1fffff 64bit pref]\r\n\x1b[32m[    1.455781] \x1b[0m\x1b[33mpci_bus 0000:00\x1b[0m: resource 4 [io  0x0000-0x0cf7 window]\r\n\x1b[32m[    1.455783] \x1b[0m\x1b[33mpci_bus 0000:00\x1b[0m: resource 5 [io  0x0d00-0xffff window]\r\n\x1b[32m[    1.455785] \x1b[0m\x1b[33mpci_bus 0000:00\x1b[0m: resource 6 [mem 0x000a0000-0x000bffff window]\r\n\x1b[32m[    1.455786] \x1b[0m\x1b[33mpci_bus 0000:00\x1b[0m: resource 7 [mem 0x08000000-0xafffffff window]\r\n\x1b[32m[    1.455788] \x1b[0m\x1b[33mpci_bus 0000:00\x1b[0m: resource 8 [mem 0xc0000000-0xfebfffff window]\r\n\x1b[32m[    1.455790] \x1b[0m\x1b[33mpci_bus 0000:00\x1b[0m: resource 9 [mem 0x100000000-0x8ffffffff window]\r\n\x1b[32m[    1.455791] \x1b[0m\x1b[33mpci_bus 0000:01\x1b[0m: resource 0 [io  0x1000-0x1fff]\r\n\x1b[32m[    1.455793] \x1b[0m\x1b[33mpci_bus 0000:01\x1b[0m: resource 1 [mem 0xfe800000-0xfe9fffff]\r\n\x1b[32m[    1.455794] \x1b[0m\x1b[33mpci_bus 0000:01\x1b[0m: resource 2 [mem 0xfcc00000-0xfcdfffff 64bit pref]\r\n\x1b[32m[    1.455796] \x1b[0m\x1b[33mpci_bus 0000:02\x1b[0m: resource 0 [io  0x2000-0x2fff]\r\n\x1b[32m[    1.455798] \x1b[0m\x1b[33mpci_bus 0000:02\x1b[0m: resource 1 [mem 0xfe600000-0xfe7fffff]\r\n\x1b[32m[    1.455799] \x1b[0m\x1b[33mpci_bus 0000:02\x1b[0m: resource 2 [mem 0xfca00000-0xfcbfffff 64bit pref]\r\n\x1b[32m[    1.455800] \x1b[0m\x1b[33mpci_bus 0000:03\x1b[0m: resource 0 [io  0x3000-0x3fff]\r\n\x1b[32m[    1.455802] \x1b[0m\x1b[33mpci_bus 0000:03\x1b[0m: resource 1 [mem 0xfe400000-0xfe5fffff]\r\n\x1b[32m[    1.455803] \x1b[0m\x1b[33mpci_bus 0000:03\x1b[0m: resource 2 [mem 0xfc800000-0xfc9fffff 64bit pref]\r\n\x1b[32m[    1.455805] \x1b[0m\x1b[33mpci_bus 0000:04\x1b[0m: resource 0 [io  0x4000-0x4fff]\r\n\x1b[32m[    1.455806] \x1b[0m\x1b[33mpci_bus 0000:04\x1b[0m: resource 1 [mem 0xfe200000-0xfe3fffff]\r\n\x1b[32m[    1.455808] \x1b[0m\x1b[33mpci_bus 0000:04\x1b[0m: resource 2 [mem 0xfc600000-0xfc7fffff 64bit pref]\r\n\x1b[32m[    1.455809] \x1b[0m\x1b[33mpci_bus 0000:05\x1b[0m: resource 0 [io  0x5000-0x5fff]\r\n\x1b[32m[    1.455811] \x1b[0m\x1b[33mpci_bus 0000:05\x1b[0m: resource 1 [mem 0xfe000000-0xfe1fffff]\r\n\x1b[32m[    1.455812] \x1b[0m\x1b[33mpci_bus 0000:05\x1b[0m: resource 2 [mem 0xfc400000-0xfc5fffff 64bit pref]\r\n\x1b[32m[    1.455814] \x1b[0m\x1b[33mpci_bus 0000:06\x1b[0m: resource 0 [io  0x6000-0x6fff]\r\n\x1b[32m[    1.455815] \x1b[0m\x1b[33mpci_bus 0000:06\x1b[0m: resource 1 [mem 0xfde00000-0xfdffffff]\r\n\x1b[32m[    1.455816] \x1b[0m\x1b[33mpci_bus 0000:06\x1b[0m: resource 2 [mem 0xfc200000-0xfc3fffff 64bit pref]\r\n\x1b[32m[    1.455845] \x1b[0m\x1b[33mpci_bus 0000:07\x1b[0m: resource 0 [io  0x7000-0x7fff]\r\n\x1b[32m[    1.455846] \x1b[0m\x1b[33mpci_bus 0000:07\x1b[0m: resource 1 [mem 0xfdc00000-0xfddfffff]\r\n\x1b[32m[    1.455847] \x1b[0m\x1b[33mpci_bus 0000:07\x1b[0m: resource 2 [mem 0xfc000000-0xfc1fffff 64bit pref]\r\n\x1b[32m[    1.455904] \x1b[0m\x1b[33mNET\x1b[0m: Registered protocol family 2\r\n\x1b[32m[    1.460901] \x1b[0m\x1b[33mTCP established hash table entries\x1b[0m: 1024 (order: 1, 8192 bytes)\r\n\x1b[32m[    1.468762] \x1b[0m\x1b[33mTCP bind hash table entries\x1b[0m: 1024 (order: 2, 16384 bytes)\r\n\x1b[32m[    1.475168] \x1b[0m\x1b[33mTCP\x1b[0m: Hash tables configured (established 1024 bind 1024)\r\n\x1b[32m[    1.481032] \x1b[0m\x1b[33mUDP hash table entries\x1b[0m: 256 (order: 1, 8192 bytes)\r\n\x1b[32m[    1.486135] \x1b[0m\x1b[33mUDP-Lite hash table entries\x1b[0m: 256 (order: 1, 8192 bytes)\r\n\x1b[32m[    1.491747] \x1b[0m\x1b[33mNET\x1b[0m: Registered protocol family 1\r\n\x1b[32m[    1.496196] \x1b[0m\x1b[33mpci 0000:00:01.0\x1b[0m: Video device with shadowed ROM\r\n\x1b[32m[    1.496927] \x1b[0m\x1b[33mPCI\x1b[0m: CLS 0 bytes, default 64\r\n\x1b[32m[    1.497004] \x1b[0mTrying to unpack rootfs image as initramfs...\r\n\x1b[32m[    1.579551] \x1b[0m\x1b[33mFreeing initrd memory\x1b[0m: 4824K (ffff880007b17000 - ffff880007fcd000)\r\n\x1b[32m[    1.588302] \x1b[0mScanning for low memory corruption every 60 seconds\r\n\x1b[32m[    1.595517] \x1b[0m\x1b[33mfutex hash table entries\x1b[0m: 256 (order: 2, 16384 bytes)\r\n\x1b[32m[    1.601868] \x1b[0m\x1b[33maudit\x1b[0m: initializing netlink subsys (disabled)\r\n\x1b[32m[    1.607524] \x1b[0m\x1b[33maudit\x1b[0m: type=2000 audit(1643899520.086:1): initialized\r\n\x1b[32m[    1.614266] \x1b[0mInitialise system trusted keyring\r\n\x1b[32m[    1.619082] \x1b[0mHugeTLB registered 1 GB page size, pre-allocated 0 pages\r\n\x1b[32m[    1.624647] \x1b[0mHugeTLB registered 2 MB page size, pre-allocated 0 pages\r\n\x1b[32m[    1.632359] \x1b[0m\x1b[33mzbud\x1b[0m: loaded\r\n\x1b[32m[    1.635611] \x1b[0m\x1b[33mVFS\x1b[0m: Disk quotas dquot_6.6.0\r\n\x1b[32m[    1.640108] \x1b[0m\x1b[33mVFS\x1b[0m: Dquot-cache hash table entries: 512 (order 0, 4096 bytes)\r\n\x1b[32m[    1.647592] \x1b[0mfuse init (API version 7.23)\r\n\x1b[32m[    1.652173] \x1b[0mKey type big_key registered\r\n\x1b[32m[    1.656465] \x1b[0mAllocating IMA MOK and blacklist keyrings.\r\n\x1b[32m[    1.662334] \x1b[0mKey type asymmetric registered\r\n\x1b[32m[    1.666673] \x1b[0mAsymmetric key parser &#39;x509&#39; registered\r\n\x1b[32m[    1.671576] \x1b[0mBlock layer SCSI generic (bsg) driver version 0.4 loaded (major 249)\r\n\x1b[32m[    1.679360] \x1b[0mio scheduler noop registered\r\n\x1b[32m[    1.683614] \x1b[0mio scheduler deadline registered (default)\r\n\x1b[32m[    1.688586] \x1b[0mio scheduler cfq registered\r\n\x1b[32m[    1.693296] \x1b[0m\x1b[33mACPI\x1b[0m\x1b[1m: PCI Interrupt Link [GSIG] enabled at IRQ 22\x1b[0m\r\n\x1b[32m[    1.728617] \x1b[0m\x1b[33maer 0000:00:02.0:pcie02\x1b[0m: service driver aer loaded\r\n\x1b[32m[    1.729472] \x1b[0m\x1b[33maer 0000:00:02.1:pcie02\x1b[0m: service driver aer loaded\r\n\x1b[32m[    1.730399] \x1b[0m\x1b[33maer 0000:00:02.2:pcie02\x1b[0m: service driver aer loaded\r\n\x1b[32m[    1.732392] \x1b[0m\x1b[33maer 0000:00:02.3:pcie02\x1b[0m: service driver aer loaded\r\n\x1b[32m[    1.733363] \x1b[0m\x1b[33maer 0000:00:02.4:pcie02\x1b[0m: service driver aer loaded\r\n\x1b[32m[    1.734287] \x1b[0m\x1b[33maer 0000:00:02.5:pcie02\x1b[0m: service driver aer loaded\r\n\x1b[32m[    1.735178] \x1b[0m\x1b[33maer 0000:00:02.6:pcie02\x1b[0m: service driver aer loaded\r\n\x1b[32m[    1.735422] \x1b[0m\x1b[33mpcieport 0000:00:02.0\x1b[0m: Signaling PME through PCIe PME interrupt\r\n\x1b[32m[    1.742787] \x1b[0m\x1b[33mpci 0000:01:00.0\x1b[0m: Signaling PME through PCIe PME interrupt\r\n\x1b[32m[    1.749193] \x1b[0m\x1b[33mpcie_pme 0000:00:02.0:pcie01\x1b[0m: service driver pcie_pme loaded\r\n\x1b[32m[    1.749400] \x1b[0m\x1b[33mpcieport 0000:00:02.1\x1b[0m: Signaling PME through PCIe PME interrupt\r\n\x1b[32m[    1.756671] \x1b[0m\x1b[33mpci 0000:02:00.0\x1b[0m: Signaling PME through PCIe PME interrupt\r\n\x1b[32m[    1.763728] \x1b[0m\x1b[33mpcie_pme 0000:00:02.1:pcie01\x1b[0m: service driver pcie_pme loaded\r\n\x1b[32m[    1.763995] \x1b[0m\x1b[33mpcieport 0000:00:02.2\x1b[0m: Signaling PME through PCIe PME interrupt\r\n\x1b[32m[    1.771322] \x1b[0m\x1b[33mpci 0000:03:00.0\x1b[0m: Signaling PME through PCIe PME interrupt\r\n\x1b[32m[    1.778329] \x1b[0m\x1b[33mpcie_pme 0000:00:02.2:pcie01\x1b[0m: service driver pcie_pme loaded\r\n\x1b[32m[    1.778539] \x1b[0m\x1b[33mpcieport 0000:00:02.3\x1b[0m: Signaling PME through PCIe PME interrupt\r\n\x1b[32m[    1.786168] \x1b[0m\x1b[33mpci 0000:04:00.0\x1b[0m: Signaling PME through PCIe PME interrupt\r\n\x1b[32m[    1.793131] \x1b[0m\x1b[33mpcie_pme 0000:00:02.3:pcie01\x1b[0m: service driver pcie_pme loaded\r\n\x1b[32m[    1.793375] \x1b[0m\x1b[33mpcieport 0000:00:02.4\x1b[0m: Signaling PME through PCIe PME interrupt\r\n\x1b[32m[    1.801031] \x1b[0m\x1b[33mpci 0000:05:00.0\x1b[0m: Signaling PME through PCIe PME interrupt\r\n\x1b[32m[    1.808191] \x1b[0m\x1b[33mpcie_pme 0000:00:02.4:pcie01\x1b[0m: service driver pcie_pme loaded\r\n\x1b[32m[    1.808432] \x1b[0m\x1b[33mpcieport 0000:00:02.5\x1b[0m: Signaling PME through PCIe PME interrupt\r\n\x1b[32m[    1.815664] \x1b[0m\x1b[33mpci 0000:06:00.0\x1b[0m: Signaling PME through PCIe PME interrupt\r\n\x1b[32m[    1.823382] \x1b[0m\x1b[33mpcie_pme 0000:00:02.5:pcie01\x1b[0m: service driver pcie_pme loaded\r\n\x1b[32m[    1.823636] \x1b[0m\x1b[33mpcieport 0000:00:02.6\x1b[0m: Signaling PME through PCIe PME interrupt\r\n\x1b[32m[    1.831214] \x1b[0m\x1b[33mpcie_pme 0000:00:02.6:pcie01\x1b[0m: service driver pcie_pme loaded\r\n\x1b[32m[    1.831256] \x1b[0m\x1b[33mpci_hotplug\x1b[0m: PCI Hot Plug PCI Core version: 0.5\r\n\x1b[32m[    1.837902] \x1b[0m\x1b[33mpciehp 0000:00:02.0:pcie04\x1b[0m: Slot #0 AttnBtn+ PwrCtrl+ MRL- AttnInd+ PwrInd+ HotPlug+ Surprise+ Interlock+ NoCompl- LLActRep+\r\n\x1b[32m[    1.850965] \x1b[0m\x1b[33mpciehp 0000:00:02.0:pcie04\x1b[0m: service driver pciehp loaded\r\n\x1b[32m[    1.851165] \x1b[0m\x1b[33mpciehp 0000:00:02.1:pcie04\x1b[0m: Slot #0 AttnBtn+ PwrCtrl+ MRL- AttnInd+ PwrInd+ HotPlug+ Surprise+ Interlock+ NoCompl- LLActRep+\r\n\x1b[32m[    1.864641] \x1b[0m\x1b[33mpciehp 0000:00:02.1:pcie04\x1b[0m: service driver pciehp loaded\r\n\x1b[32m[    1.865298] \x1b[0m\x1b[33mpciehp 0000:00:02.2:pcie04\x1b[0m: Slot #0 AttnBtn+ PwrCtrl+ MRL- AttnInd+ PwrInd+ HotPlug+ Surprise+ Interlock+ NoCompl- LLActRep+\r\n\x1b[32m[    1.878641] \x1b[0m\x1b[33mpciehp 0000:00:02.2:pcie04\x1b[0m: service driver pciehp loaded\r\n\x1b[32m[    1.878791] \x1b[0m\x1b[33mpciehp 0000:00:02.3:pcie04\x1b[0m: Slot #0 AttnBtn+ PwrCtrl+ MRL- AttnInd+ PwrInd+ HotPlug+ Surprise+ Interlock+ NoCompl- LLActRep+\r\n\x1b[32m[    1.892356] \x1b[0m\x1b[33mpciehp 0000:00:02.3:pcie04\x1b[0m: service driver pciehp loaded\r\n\x1b[32m[    1.892540] \x1b[0m\x1b[33mpciehp 0000:00:02.4:pcie04\x1b[0m: Slot #0 AttnBtn+ PwrCtrl+ MRL- AttnInd+ PwrInd+ HotPlug+ Surprise+ Interlock+ NoCompl- LLActRep+\r\n\x1b[32m[    1.906129] \x1b[0m\x1b[33mpciehp 0000:00:02.4:pcie04\x1b[0m: service driver pciehp loaded\r\n\x1b[32m[    1.906303] \x1b[0m\x1b[33mpciehp 0000:00:02.5:pcie04\x1b[0m: Slot #0 AttnBtn+ PwrCtrl+ MRL- AttnInd+ PwrInd+ HotPlug+ Surprise+ Interlock+ NoCompl- LLActRep+\r\n\x1b[32m[    1.919079] \x1b[0m\x1b[33mpciehp 0000:00:02.5:pcie04\x1b[0m: service driver pciehp loaded\r\n\x1b[32m[    1.919259] \x1b[0m\x1b[33mpciehp 0000:00:02.6:pcie04\x1b[0m: Slot #0 AttnBtn+ PwrCtrl+ MRL- AttnInd+ PwrInd+ HotPlug+ Surprise+ Interlock+ NoCompl- LLActRep+\r\n\x1b[32m[    1.932716] \x1b[0m\x1b[33mpciehp 0000:00:02.6:pcie04\x1b[0m: service driver pciehp loaded\r\n\x1b[32m[    1.932730] \x1b[0m\x1b[33mpciehp\x1b[0m: PCI Express Hot Plug Controller Driver version: 0.4\r\n\x1b[32m[    1.940185] \x1b[0m\x1b[33minput\x1b[0m: Power Button as /devices/LNXSYSTM:00/LNXPWRBN:00/input/input0\r\n\x1b[32m[    1.949199] \x1b[0m\x1b[33mACPI\x1b[0m: Power Button [PWRF]\r\n\x1b[32m[    1.954195] \x1b[0m\x1b[33mGHES\x1b[0m: HEST is not enabled!\r\n\x1b[32m[    1.994509] \x1b[0m\x1b[33mSerial\x1b[0m: 8250/16550 driver, 32 ports, IRQ sharing enabled\r\n\x1b[32m[    2.036228] \x1b[0m\x1b[33m00:00\x1b[0m: ttyS0 at I/O 0x3f8 (irq = 4, base_baud = 115200) is a 16550A\r\n\x1b[32m[    2.100081] \x1b[0mLinux agpgart interface v0.103\r\n\x1b[32m[    2.108666] \x1b[0m\x1b[33mbrd\x1b[0m: module loaded\r\n\x1b[32m[    2.115568] \x1b[0m\x1b[33mloop\x1b[0m: module loaded\r\n\x1b[32m[    2.176355] \x1b[0m\x1b[33m vda\x1b[0m: vda1 vda15\r\n\x1b[32m[    2.186436] \x1b[0m\x1b[33mlibphy\x1b[0m: Fixed MDIO Bus: probed\r\n\x1b[32m[    2.191194] \x1b[0m\x1b[33mtun\x1b[0m: Universal TUN/TAP device driver, 1.6\r\n\x1b[32m[    2.196435] \x1b[0m\x1b[33mtun\x1b[0m: (C) 1999-2004 Max Krasnyansky &lt;maxk@qualcomm.com&gt;\r\n\x1b[32m[    2.207193] \x1b[0mPPP generic driver version 2.4.2\r\n\x1b[32m[    2.212209] \x1b[0m\x1b[33mehci_hcd\x1b[0m: USB 2.0 &#39;Enhanced&#39; Host Controller (EHCI) Driver\r\n\x1b[32m[    2.218351] \x1b[0m\x1b[33mehci-pci\x1b[0m: EHCI PCI platform driver\r\n\x1b[32m[    2.223042] \x1b[0m\x1b[33mehci-platform\x1b[0m: EHCI generic platform driver\r\n\x1b[32m[    2.228299] \x1b[0m\x1b[33mohci_hcd\x1b[0m: USB 1.1 &#39;Open&#39; Host Controller (OHCI) Driver\r\n\x1b[32m[    2.234191] \x1b[0m\x1b[33mohci-pci\x1b[0m: OHCI PCI platform driver\r\n\x1b[32m[    2.238759] \x1b[0m\x1b[33mohci-platform\x1b[0m: OHCI generic platform driver\r\n\x1b[32m[    2.243963] \x1b[0m\x1b[33muhci_hcd\x1b[0m: USB Universal Host Controller Interface driver\r\n\x1b[32m[    2.250209] \x1b[0m\x1b[33mi8042\x1b[0m: PNP: PS/2 Controller [PNP0303:KBD,PNP0f13:MOU] at 0x60,0x64 irq 1,12\r\n\x1b[32m[    2.328295] \x1b[0m\x1b[33mserio\x1b[0m: i8042 KBD port at 0x60,0x64 irq 1\r\n\x1b[32m[    2.333404] \x1b[0m\x1b[33mserio\x1b[0m: i8042 AUX port at 0x60,0x64 irq 12\r\n\x1b[32m[    2.338606] \x1b[0m\x1b[33mmousedev\x1b[0m: PS/2 mouse device common for all mice\r\n\x1b[32m[    2.345260] \x1b[0m\x1b[33minput\x1b[0m: AT Translated Set 2 keyboard as /devices/platform/i8042/serio0/input/input1\r\n\x1b[32m[    2.353849] \x1b[0m\x1b[33mrtc_cmos 00:03\x1b[0m: RTC can wake from S4\r\n\x1b[32m[    2.359639] \x1b[0m\x1b[33mrtc_cmos 00:03\x1b[0m: rtc core: registered rtc_cmos as rtc0\r\n\x1b[32m[    2.366495] \x1b[0m\x1b[33mrtc_cmos 00:03\x1b[0m: alarms up to one day, y3k, 242 bytes nvram\r\n\x1b[32m[    2.372667] \x1b[0mi2c /dev entries driver\r\n\x1b[32m[    2.376642] \x1b[0m\x1b[33mdevice-mapper\x1b[0m: uevent: version 1.0.3\r\n\x1b[32m[    2.381743] \x1b[0m\x1b[33mdevice-mapper\x1b[0m: ioctl: 4.34.0-ioctl (2015-10-28) initialised: dm-devel@redhat.com\r\n\x1b[32m[    2.390290] \x1b[0m\x1b[33mledtrig-cpu\x1b[0m: registered to indicate activity on CPUs\r\n\x1b[32m[    2.396793] \x1b[0m\x1b[33mNET\x1b[0m: Registered protocol family 10\r\n\x1b[32m[    2.401971] \x1b[0m\x1b[33mNET\x1b[0m: Registered protocol family 17\r\n\x1b[32m[    2.406660] \x1b[0mKey type dns_resolver registered\r\n\x1b[32m[    2.411615] \x1b[0m\x1b[33mmicrocode\x1b[0m: CPU0: patch_level=0x01000065\r\n\x1b[32m[    2.416561] \x1b[0m\x1b[33mmicrocode\x1b[0m: Microcode Update Driver: v2.01 &lt;tigran@aivazian.fsnet.co.uk&gt;, Peter Oruba\r\n\x1b[32m[    2.425439] \x1b[0mregistered taskstats version 1\r\n\x1b[32m[    2.430095] \x1b[0mLoading compiled-in X.509 certificates\r\n\x1b[32m[    2.435878] \x1b[0m\x1b[33mLoaded X.509 cert &#39;Build time autogenerated kernel key\x1b[0m: 6ea974e07bd0b30541f4d838a3b7a8a80d5ca9af&#39;\r\n\x1b[32m[    2.445876] \x1b[0m\x1b[33mzswap\x1b[0m: loaded using pool lzo/zbud\r\n\x1b[32m[    2.451885] \x1b[0mKey type trusted registered\r\n\x1b[32m[    2.457564] \x1b[0mKey type encrypted registered\r\n\x1b[32m[    2.462656] \x1b[0m\x1b[33mAppArmor\x1b[0m: AppArmor sha1 policy hashing enabled\r\n\x1b[32m[    2.468268] \x1b[0m\x1b[33mima\x1b[0m: No TPM chip found, activating TPM-bypass!\r\n\x1b[32m[    2.474460] \x1b[0m\x1b[33mevm\x1b[0m: HMAC attrs: 0x1\r\n\x1b[32m[    2.481292] \x1b[0m\x1b[33m  Magic number\x1b[0m: 10:918:787\r\n\x1b[32m[    2.485955] \x1b[0m\x1b[33mrtc_cmos 00:03\x1b[0m: setting system clock to 2022-02-03 14:45:21 UTC (1643899521)\r\n\x1b[32m[    2.494507] \x1b[0mBIOS EDD facility v0.16 2004-Jun-25, 0 devices found\r\n\x1b[32m[    2.500377] \x1b[0mEDD information not available.\r\n\x1b[32m[    2.504950] \x1b[0m\x1b[33mPM\x1b[0m: Hibernation image not present or could not be loaded.\r\n\x1b[32m[    2.507371] \x1b[0m\x1b[33mFreeing unused kernel memory\x1b[0m: 1480K (ffffffff81f42000 - ffffffff820b4000)\r\n\x1b[32m[    2.514635] \x1b[0m\x1b[33mWrite protecting the kernel read-only data\x1b[0m: 14336k\r\n\x1b[32m[    2.520519] \x1b[0m\x1b[33mFreeing unused kernel memory\x1b[0m: 1860K (ffff88000182f000 - ffff880001a00000)\r\n\x1b[32m[    2.528866] \x1b[0m\x1b[33mFreeing unused kernel memory\x1b[0m: 168K (ffff880001dd6000 - ffff880001e00000)\r\n\x1b[32m[    2.551220] \x1b[0m\x1b[33mscsi host0\x1b[0m: Virtio SCSI HBA\r\n\x1b[32m[    2.587746] \x1b[0m\x1b[33me1000\x1b[0m: Intel(R) PRO/1000 Network Driver - version 7.3.21-k8-NAPI\r\n\x1b[32m[    2.587749] \x1b[0m\x1b[33me1000\x1b[0m: Copyright (c) 1999-2006 Intel Corporation.\r\n\x1b[32m[    2.590546] \x1b[0mne2k-pci.c:v1.03 9/22/2003 D. Becker/P. Gortmaker\r\n\x1b[32m[    2.596308] \x1b[0m\x1b[33mpcnet32\x1b[0m: pcnet32.c:v1.35 21.Apr.2008 tsbogend@alpha.franken.de\r\n\x1b[32m[    2.600396] \x1b[0m\x1b[33mip_tables\x1b[0m: (C) 2000-2006 Netfilter Core Team\r\n\x1b[32m[    2.647553] \x1b[0m\x1b[33mEXT4-fs (vda1)\x1b[0m: mounting ext3 file system using the ext4 subsystem\r\n\x1b[32m[    2.651287] \x1b[0m\x1b[33mEXT4-fs (vda1)\x1b[0m: mounted filesystem with ordered data mode. Opts: (null)\r\n\x1b[32m[    2.659135] \x1b[0m\x1b[33mEXT4-fs (vda1)\x1b[0m: mounting ext3 file system using the ext4 subsystem\r\n\x1b[32m[    2.737413] \x1b[0m\x1b[33mEXT4-fs (vda1)\x1b[0m: mounted filesystem with ordered data mode. Opts: (null)\r\n\x1b[32m[    3.006499] \x1b[0m\x1b[33mEXT4-fs (vda1)\x1b[0m: re-mounted. Opts: data=ordered\r\n\x1b[32m[    3.031331] \x1b[0m\x1b[33mEXT4-fs (vda1)\x1b[0m: re-mounted. Opts: data=ordered\r\n\x1b[32m[    3.080668] \x1b[0m\x1b[33mrandom\x1b[0m: dd urandom read with 25 bits of entropy available\r\n\x1b[32m[    3.133802] \x1b[0m\x1b[33mISO 9660 Extensions\x1b[0m: Microsoft Joliet Level 3\r\n\x1b[32m[    3.135084] \x1b[0m\x1b[33mISO 9660 Extensions\x1b[0m: RRIP_1991A\r\n\x1b[32m[    4.112889] \x1b[0m\x1b[33mEXT4-fs (vda1)\x1b[0m: resizing filesystem from 32768 to 35820 blocks\r\n\x1b[32m[    4.114373] \x1b[0m\x1b[33mEXT4-fs (vda1)\x1b[0m: resized filesystem to 35820\r\n\x1b[32m[  263.228419] \x1b[0m\x1b[33mrandom\x1b[0m: nonblocking pool is initialized\r\n&#34; &#34;$ &#34;] Buffer: dmesg&#xD;&#xA;�[32m[    0.000000] �[0mInitializing cgroup subsys cpuset&#xD;&#xA;�[32m[    0.000000] �[0mInitializing cgroup subsys cpu&#xD;&#xA;�[32m[    0.000000] �[0mInitializing cgroup subsys cpuacct&#xD;&#xA;�[32m[    0.000000] �[0mLinux version 4.4.0-28-generic (buildd@lcy01-13) (gcc version 5.3.1 20160413 (Ubuntu 5.3.1-14ubuntu2.1) ) #47-Ubuntu SMP Fri Jun 24 10:09:13 UTC 2016 (Ubuntu 4.4.0-28.47-generic 4.4.13)&#xD;&#xA;�[32m[    0.000000] �[0m�[33mCommand line�[0m: LABEL=cirros-rootfs ro console=tty1 console=ttyS0&#xD;&#xA;�[32m[    0.000000] �[0mKERNEL supported cpus:&#xD;&#xA;�[32m[    0.000000] �[0m  Intel GenuineIntel&#xD;&#xA;�[32m[    0.000000] �[0m  AMD AuthenticAMD&#xD;&#xA;�[32m[    0.000000] �[0m  Centaur CentaurHauls&#xD;&#xA;�[32m[    0.000000] �[0m�[33mtseg�[0m: 0000000000&#xD;&#xA;�[32m[    0.000000] �[0m�[33mx86/fpu�[0m: xstate_offset[2]:  576, xstate_sizes[2]:  256&#xD;&#xA;�[32m[    0.000000] �[0m�[33mx86/fpu�[0m: Supporting XSAVE feature 0x01: &#39;x87 floating point registers&#39;&#xD;&#xA;�[32m[    0.000000] �[0m�[33mx86/fpu�[0m: Supporting XSAVE feature 0x02: &#39;SSE registers&#39;&#xD;&#xA;�[32m[    0.000000] �[0m�[33mx86/fpu�[0m: Supporting XSAVE feature 0x04: &#39;AVX registers&#39;&#xD;&#xA;�[32m[    0.000000] �[0m�[33mx86/fpu�[0m: Enabled xstate features 0x7, context size is 832 bytes, using &#39;standard&#39; format.&#xD;&#xA;�[32m[    0.000000] �[0m�[33mx86/fpu�[0m: Using &#39;eager&#39; FPU context switches.&#xD;&#xA;�[32m[    0.000000] �[0m�[33me820�[0m: BIOS-provided physical RAM map:&#xD;&#xA;�[32m[    0.000000] �[0m�[33mBIOS-e820�[0m: [mem 0x0000000000000000-0x000000000009fbff] usable&#xD;&#xA;�[32m[    0.000000] �[0m�[33mBIOS-e820�[0m: [mem 0x000000000009fc00-0x000000000009ffff] reserved&#xD;&#xA;�[32m[    0.000000] �[0m�[33mBIOS-e820�[0m: [mem 0x00000000000f0000-0x00000000000fffff] reserved&#xD;&#xA;�[32m[    0.000000] �[0m�[33mBIOS-e820�[0m: [mem 0x0000000000100000-0x0000000007fdcfff] usable&#xD;&#xA;�[32m[    0.000000] �[0m�[33mBIOS-e820�[0m: [mem 0x0000000007fdd000-0x0000000007ffffff] reserved&#xD;&#xA;�[32m[    0.000000] �[0m�[33mBIOS-e820�[0m: [mem 0x00000000b0000000-0x00000000bfffffff] reserved&#xD;&#xA;�[32m[    0.000000] �[0m�[33mBIOS-e820�[0m: [mem 0x00000000fed1c000-0x00000000fed1ffff] reserved&#xD;&#xA;�[32m[    0.000000] �[0m�[33mBIOS-e820�[0m: [mem 0x00000000feffc000-0x00000000feffffff] reserved&#xD;&#xA;�[32m[    0.000000] �[0m�[33mBIOS-e820�[0m: [mem 0x00000000fffc0000-0x00000000ffffffff] reserved&#xD;&#xA;�[32m[    0.000000] �[0m�[33mNX (Execute Disable) protection�[0m: active&#xD;&#xA;�[32m[    0.000000] �[0mSMBIOS 2.8 present.&#xD;&#xA;�[32m[    0.000000] �[0m�[33mDMI�[0m: Red Hat Container-native virtualization/RHEL-AV, BIOS 1.14.0-1.module+el8.4.0+8855+a9e237a9 04/01/2014&#xD;&#xA;�[32m[    0.000000] �[0m�[33mHypervisor detected�[0m: KVM&#xD;&#xA;�[32m[    0.000000] �[0m�[33me820�[0m: update [mem 0x00000000-0x00000fff] usable ==&gt; reserved&#xD;&#xA;�[32m[    0.000000] �[0m�[33me820�[0m: remove [mem 0x000a0000-0x000fffff] usable&#xD;&#xA;�[32m[    0.000000] �[0m�[33me820�[0m: last_pfn = 0x7fdd max_arch_pfn = 0x400000000&#xD;&#xA;�[32m[    0.000000] �[0m�[33mMTRR default type�[0m: write-back&#xD;&#xA;�[32m[    0.000000] �[0mMTRR fixed ranges enabled:&#xD;&#xA;�[32m[    0.000000] �[0m  00000-9FFFF write-back&#xD;&#xA;�[32m[    0.000000] �[0m  A0000-BFFFF uncachable&#xD;&#xA;�[32m[    0.000000] �[0m  C0000-FFFFF write-protect&#xD;&#xA;�[32m[    0.000000] �[0mMTRR variable ranges enabled:&#xD;&#xA;�[32m[    0.000000] �[0m  0 base 0000C0000000 mask FFFFC0000000 uncachable&#xD;&#xA;�[32m[    0.000000] �[0m  1 disabled&#xD;&#xA;�[32m[    0.000000] �[0m  2 disabled&#xD;&#xA;�[32m[    0.000000] �[0m  3 disabled&#xD;&#xA;�[32m[    0.000000] �[0m  4 disabled&#xD;&#xA;�[32m[    0.000000] �[0m  5 disabled&#xD;&#xA;�[32m[    0.000000] �[0m  6 disabled&#xD;&#xA;�[32m[    0.000000] �[0m  7 disabled&#xD;&#xA;�[32m[    0.000000] �[0m�[33mx86/PAT�[0m: Configuration [0-7]: WB  WC  UC- UC  WB  WC  UC- WT  &#xD;&#xA;�[32m[    0.000000] �[0mfound SMP MP-table at [mem 0x000f5c20-0x000f5c2f] mapped at [ffff8800000f5c20]&#xD;&#xA;�[32m[    0.000000] �[0mScanning 1 areas for low memory corruption&#xD;&#xA;�[32m[    0.000000] �[0mBase memory trampoline at [ffff880000099000] 99000 size 24576&#xD;&#xA;�[32m[    0.000000] �[0mUsing GB pages for direct mapping&#xD;&#xA;�[32m[    0.000000] �[0mBRK [0x02200000, 0x02200fff] PGTABLE&#xD;&#xA;�[32m[    0.000000] �[0mBRK [0x02201000, 0x02201fff] PGTABLE&#xD;&#xA;�[32m[    0.000000] �[0mBRK [0x02202000, 0x02202fff] PGTABLE&#xD;&#xA;�[32m[    0.000000] �[0mBRK [0x02203000, 0x02203fff] PGTABLE&#xD;&#xA;�[32m[    0.000000] �[0m�[33mRAMDISK�[0m: [mem 0x07b17000-0x07fccfff]&#xD;&#xA;�[32m[    0.000000] �[0m�[33mACPI�[0m: Early table checksum verification disabled&#xD;&#xA;�[32m[    0.000000] �[0m�[33mACPI�[0m�[1m: RSDP 0x00000000000F59D0 000014 (v00 BOCHS )�[0m&#xD;&#xA;�[32m[    0.000000] �[0m�[33mACPI�[0m�[1m: RSDT 0x0000000007FE2048 000034 (v01 BOCHS  BXPCRSDT 00000001 BXPC 00000001)�[0m&#xD;&#xA;�[32m[    0.000000] �[0m�[33mACPI�[0m�[1m: FACP 0x0000000007FE1E78 0000F4 (v03 BOCHS  BXPCFACP 00000001 BXPC 00000001)�[0m&#xD;&#xA;�[32m[    0.000000] �[0m�[33mACPI�[0m�[1m: DSDT 0x0000000007FE0040 001E38 (v01 BOCHS  BXPCDSDT 00000001 BXPC 00000001)�[0m&#xD;&#xA;�[32m[    0.000000] �[0m�[33mACPI�[0m�[1m: FACS 0x0000000007FE0000 000040�[0m&#xD;&#xA;�[32m[    0.000000] �[0m�[33mACPI�[0m�[1m: APIC 0x0000000007FE1F6C 000078 (v01 BOCHS  BXPCAPIC 00000001 BXPC 00000001)�[0m&#xD;&#xA;�[32m[    0.000000] �[0m�[33mACPI�[0m�[1m: MCFG 0x0000000007FE1FE4 00003C (v01 BOCHS  BXPCMCFG 00000001 BXPC 00000001)�[0m&#xD;&#xA;�[32m[    0.000000] �[0m�[33mACPI�[0m�[1m: WAET 0x0000000007FE2020 000028 (v01 BOCHS  BXPCWAET 00000001 BXPC 00000001)�[0m&#xD;&#xA;�[32m[    0.000000] �[0m�[33mACPI�[0m: Local APIC address 0xfee00000&#xD;&#xA;�[32m[    0.000000] �[0mNo NUMA configuration found&#xD;&#xA;�[32m[    0.000000] �[0mFaking a node at [mem 0x0000000000000000-0x0000000007fdcfff]&#xD;&#xA;�[32m[    0.000000] �[0mNODE_DATA(0) allocated [mem 0x07fd8000-0x07fdcfff]&#xD;&#xA;�[32m[    0.000000] �[0m�[33mkvm-clock�[0m: Using msrs 4b564d01 and 4b564d00&#xD;&#xA;�[32m[    0.000000] �[0m�[33mkvm-clock�[0m: cpu 0, msr 0:7fd4001, primary cpu clock&#xD;&#xA;�[32m[    0.000000] �[0m�[33mclocksource�[0m: kvm-clock: mask: 0xffffffffffffffff max_cycles: 0x1cd42e4dffb, max_idle_ns: 881590591483 ns&#xD;&#xA;�[32m[    0.000000] �[0mZone ranges:&#xD;&#xA;�[32m[    0.000000] �[0m  DMA      [mem 0x0000000000001000-0x0000000000ffffff]&#xD;&#xA;�[32m[    0.000000] �[0m  DMA32    [mem 0x0000000001000000-0x0000000007fdcfff]&#xD;&#xA;�[32m[    0.000000] �[0m  Normal   empty&#xD;&#xA;�[32m[    0.000000] �[0m  Device   empty&#xD;&#xA;�[32m[    0.000000] �[0mMovable zone start for each node&#xD;&#xA;�[32m[    0.000000] �[0mEarly memory node ranges&#xD;&#xA;�[32m[    0.000000] �[0m�[33m  node   0�[0m: [mem 0x0000000000001000-0x000000000009efff]&#xD;&#xA;�[32m[    0.000000] �[0m�[33m  node   0�[0m: [mem 0x0000000000100000-0x0000000007fdcfff]&#xD;&#xA;�[32m[    0.000000] �[0mInitmem setup node 0 [mem 0x0000000000001000-0x0000000007fdcfff]&#xD;&#xA;�[32m[    0.000000] �[0m�[33mOn node 0 totalpages�[0m: 32635&#xD;&#xA;�[32m[    0.000000] �[0m�[33m  DMA zone�[0m: 64 pages used for memmap&#xD;&#xA;�[32m[    0.000000] �[0m�[33m  DMA zone�[0m: 21 pages reserved&#xD;&#xA;�[32m[    0.000000] �[0m�[33m  DMA zone�[0m: 3998 pages, LIFO batch:0&#xD;&#xA;�[32m[    0.000000] �[0m�[33m  DMA32 zone�[0m: 448 pages used for memmap&#xD;&#xA;�[32m[    0.000000] �[0m�[33m  DMA32 zone�[0m: 28637 pages, LIFO batch:7&#xD;&#xA;�[32m[    0.000000] �[0m�[33mACPI�[0m: PM-Timer IO Port: 0x608&#xD;&#xA;�[32m[    0.000000] �[0m�[33mACPI�[0m: Local APIC address 0xfee00000&#xD;&#xA;�[32m[    0.000000] �[0m�[33mACPI�[0m: LAPIC_NMI (acpi_id[0xff] dfl dfl lint[0x1])&#xD;&#xA;�[32m[    0.000000] �[0m�[33mIOAPIC[0]�[0m: apic_id 0, version 17, address 0xfec00000, GSI 0-23&#xD;&#xA;�[32m[    0.000000] �[0m�[33mACPI�[0m: INT_SRC_OVR (bus 0 bus_irq 0 global_irq 2 dfl dfl)&#xD;&#xA;�[32m[    0.000000] �[0m�[33mACPI�[0m: INT_SRC_OVR (bus 0 bus_irq 5 global_irq 5 high level)&#xD;&#xA;�[32m[    0.000000] �[0m�[33mACPI�[0m: INT_SRC_OVR (bus 0 bus_irq 9 global_irq 9 high level)&#xD;&#xA;�[32m[    0.000000] �[0m�[33mACPI�[0m: INT_SRC_OVR (bus 0 bus_irq 10 global_irq 10 high level)&#xD;&#xA;�[32m[    0.000000] �[0m�[33mACPI�[0m: INT_SRC_OVR (bus 0 bus_irq 11 global_irq 11 high level)&#xD;&#xA;�[32m[    0.000000] �[0m�[33mACPI�[0m: IRQ0 used by override.&#xD;&#xA;�[32m[    0.000000] �[0m�[33mACPI�[0m: IRQ5 used by override.&#xD;&#xA;�[32m[    0.000000] �[0m�[33mACPI�[0m: IRQ9 used by override.&#xD;&#xA;�[32m[    0.000000] �[0m�[33mACPI�[0m: IRQ10 used by override.&#xD;&#xA;�[32m[    0.000000] �[0m�[33mACPI�[0m: IRQ11 used by override.&#xD;&#xA;�[32m[    0.000000] �[0mUsing ACPI (MADT) for SMP configuration information&#xD;&#xA;�[32m[    0.000000] �[0m�[33msmpboot�[0m: Allowing 1 CPUs, 0 hotplug CPUs&#xD;&#xA;�[32m[    0.000000] �[0m�[33mPM�[0m: Registered nosave memory: [mem 0x00000000-0x00000fff]&#xD;&#xA;�[32m[    0.000000] �[0m�[33mPM�[0m: Registered nosave memory: [mem 0x0009f000-0x0009ffff]&#xD;&#xA;�[32m[    0.000000] �[0m�[33mPM�[0m: Registered nosave memory: [mem 0x000a0000-0x000effff]&#xD;&#xA;�[32m[    0.000000] �[0m�[33mPM�[0m: Registered nosave memory: [mem 0x000f0000-0x000fffff]&#xD;&#xA;�[32m[    0.000000] �[0m�[33me820�[0m: [mem 0x08000000-0xafffffff] available for PCI devices&#xD;&#xA;�[32m[    0.000000] �[0mBooting paravirtualized kernel on KVM&#xD;&#xA;�[32m[    0.000000] �[0m�[33mclocksource�[0m: refined-jiffies: mask: 0xffffffff max_cycles: 0xffffffff, max_idle_ns: 7645519600211568 ns&#xD;&#xA;�[32m[    0.000000] �[0m�[33msetup_percpu�[0m: NR_CPUS:256 nr_cpumask_bits:256 nr_cpu_ids:1 nr_node_ids:1&#xD;&#xA;�[32m[    0.000000] �[0m�[33mPERCPU�[0m: Embedded 33 pages/cpu @ffff880007800000 s98008 r8192 d28968 u2097152&#xD;&#xA;�[32m[    0.000000] �[0m�[33mpcpu-alloc�[0m: s98008 r8192 d28968 u2097152 alloc=1*2097152&#xD;&#xA;�[32m[    0.000000] �[0m�[33mpcpu-alloc�[0m: [0] 0 &#xD;&#xA;�[32m[    0.000000] �[0mKVM setup async PF for cpu 0&#xD;&#xA;�[32m[    0.000000] �[0m�[33mkvm-stealtime�[0m: cpu 0, msr 780d940&#xD;&#xA;�[32m[    0.000000] �[0m�[33mPV qspinlock hash table entries�[0m: 256 (order: 0, 4096 bytes)&#xD;&#xA;�[32m[    0.000000] �[0m�[33mBuilt 1 zonelists in Node order, mobility grouping on.  Total pages�[0m: 32102&#xD;&#xA;�[32m[    0.000000] �[0m�[33mPolicy zone�[0m: DMA32&#xD;&#xA;�[32m[    0.000000] �[0m�[33mKernel command line�[0m: LABEL=cirros-rootfs ro console=tty1 console=ttyS0&#xD;&#xA;�[32m[    0.000000] �[0m�[33mPID hash table entries�[0m: 512 (order: 0, 4096 bytes)&#xD;&#xA;�[32m[    0.000000] �[0m�[33mCalgary�[0m: detecting Calgary via BIOS EBDA area&#xD;&#xA;�[32m[    0.000000] �[0m�[33mCalgary�[0m: Unable to locate Rio Grande table in EBDA - bailing!&#xD;&#xA;�[32m[    0.000000] �[0m�[33mMemory�[0m: 104740K/130540K available (8368K kernel code, 1280K rwdata, 3928K rodata, 1480K init, 1292K bss, 25800K reserved, 0K cma-reserved)&#xD;&#xA;�[32m[    0.000000] �[0m�[33mSLUB�[0m: HWalign=64, Order=0-3, MinObjects=0, CPUs=1, Nodes=1&#xD;&#xA;�[32m[    0.000000] �[0mHierarchical RCU implementation.&#xD;&#xA;�[32m[    0.000000] �[0m&#x9;Build-time adjustment of leaf fanout to 64.&#xD;&#xA;�[32m[    0.000000] �[0m&#x9;RCU restricting CPUs from NR_CPUS=256 to nr_cpu_ids=1.&#xD;&#xA;�[32m[    0.000000] �[0m�[33mRCU�[0m: Adjusting geometry for rcu_fanout_leaf=64, nr_cpu_ids=1&#xD;&#xA;�[32m[    0.000000] �[0mNR_IRQS:16640 nr_irqs:256 16&#xD;&#xA;�[32m[    0.000000] �[0m�[33mConsole�[0m: colour VGA+ 80x25&#xD;&#xA;�[32m[    0.000000] �[0mconsole [tty1] enabled&#xD;&#xA;�[32m[    0.000000] �[0mconsole [ttyS0] enabled&#xD;&#xA;�[32m[    0.000000] �[0m�[33mtsc�[0m: Detected 2595.122 MHz processor&#xD;&#xA;�[32m[    0.008000] �[0mCalibrating delay loop (skipped) preset value.. 5190.24 BogoMIPS (lpj=10380488)&#xD;&#xA;�[32m[    0.012009] �[0m�[33mpid_max�[0m: default: 32768 minimum: 301&#xD;&#xA;�[32m[    0.016014] �[0m�[33mACPI�[0m: Core revision 20150930&#xD;&#xA;�[32m[    0.020580] �[0m�[33mACPI�[0m�[1m: 1 ACPI AML tables successfully acquired and loaded�[0m&#xD;&#xA;�[32m[    0.029299] �[0mSecurity Framework initialized&#xD;&#xA;�[32m[    0.032009] �[0m�[33mYama�[0m: becoming mindful.&#xD;&#xA;�[32m[    0.036023] �[0m�[33mAppArmor�[0m: AppArmor initialized&#xD;&#xA;�[32m[    0.040049] �[0m�[33mDentry cache hash table entries�[0m: 16384 (order: 5, 131072 bytes)&#xD;&#xA;�[32m[    0.044035] �[0m�[33mInode-cache hash table entries�[0m: 8192 (order: 4, 65536 bytes)&#xD;&#xA;�[32m[    0.052021] �[0m�[33mMount-cache hash table entries�[0m: 512 (order: 0, 4096 bytes)&#xD;&#xA;�[32m[    0.056010] �[0m�[33mMountpoint-cache hash table entries�[0m: 512 (order: 0, 4096 bytes)&#xD;&#xA;�[32m[    0.060174] �[0mInitializing cgroup subsys io&#xD;&#xA;�[32m[    0.064014] �[0mInitializing cgroup subsys memory&#xD;&#xA;�[32m[    0.068014] �[0mInitializing cgroup subsys devices&#xD;&#xA;�[32m[    0.072012] �[0mInitializing cgroup subsys freezer&#xD;&#xA;�[32m[    0.076011] �[0mInitializing cgroup subsys net_cls&#xD;&#xA;�[32m[    0.080012] �[0mInitializing cgroup subsys perf_event&#xD;&#xA;�[32m[    0.084014] �[0mInitializing cgroup subsys net_prio&#xD;&#xA;�[32m[    0.088011] �[0mInitializing cgroup subsys hugetlb&#xD;&#xA;�[32m[    0.092023] �[0mInitializing cgroup subsys pids&#xD;&#xA;�[32m[    0.107638] �[0m�[33mmce�[0m: CPU supports 10 MCE banks&#xD;&#xA;�[32m[    0.108358] �[0m�[33mLast level iTLB entries�[0m: 4KB 512, 2MB 255, 4MB 127&#xD;&#xA;�[32m[    0.112016] �[0m�[33mLast level dTLB entries�[0m: 4KB 512, 2MB 255, 4MB 127, 1GB 0&#xD;&#xA;�[32m[    0.180866] �[0m�[33mFreeing SMP alternatives memory�[0m: 28K (ffffffff820b4000 - ffffffff820bb000)&#xD;&#xA;�[32m[    0.241932] �[0m�[33mftrace�[0m: allocating 31920 entries in 125 pages&#xD;&#xA;�[32m[    0.256102] �[0m�[33msmpboot�[0m: Max logical packages: 1&#xD;&#xA;�[32m[    0.260017] �[0m�[33msmpboot�[0m: APIC(0) Converting physical 0 to logical package 0&#xD;&#xA;�[32m[    0.268318] �[0mx2apic enabled&#xD;&#xA;�[32m[    0.272012] �[0mSwitched APIC routing to physical x2apic.&#xD;&#xA;�[32m[    0.281862] �[0m�[33m..TIMER�[0m: vector=0x30 apic1=0 pin1=2 apic2=-1 pin2=-1&#xD;&#xA;�[32m[    0.284000] �[0mTSC deadline timer enabled&#xD;&#xA;�[32m[    0.284000] �[0m�[33msmpboot�[0m: CPU0: AMD EPYC-Rome Processor (family: 0x17, model: 0x31, stepping: 0x0)&#xD;&#xA;�[32m[    0.288027] �[0m�[33mPerformance Events�[0m: &#xD;&#xA;�[32m[    0.290389] �[0m�[31mcore perfctr but no constraints; unknown hardware!�[0m&#xD;&#xA;�[32m[    0.292016] �[0m�[1mno PMU driver, software events only.�[0m&#xD;&#xA;�[32m[    0.296096] �[0mKVM setup paravirtual spinlock&#xD;&#xA;�[32m[    0.301051] �[0m�[33mx86�[0m: Booted up 1 node, 1 CPUs&#xD;&#xA;�[32m[    0.304028] �[0m�[33msmpboot�[0m: Total of 1 processors activated (5190.24 BogoMIPS)&#xD;&#xA;�[32m[    0.308921] �[0m�[33mdevtmpfs�[0m: initialized&#xD;&#xA;�[32m[    0.314367] �[0m�[33mevm�[0m: security.selinux&#xD;&#xA;�[32m[    0.316020] �[0m�[33mevm�[0m: security.SMACK64&#xD;&#xA;�[32m[    0.319586] �[0m�[33mevm�[0m: security.SMACK64EXEC&#xD;&#xA;�[32m[    0.320030] �[0m�[33mevm�[0m: security.SMACK64TRANSMUTE&#xD;&#xA;�[32m[    0.323874] �[0m�[33mevm�[0m: security.SMACK64MMAP&#xD;&#xA;�[32m[    0.324016] �[0m�[33mevm�[0m: security.ima&#xD;&#xA;�[32m[    0.327182] �[0m�[33mevm�[0m: security.capability&#xD;&#xA;�[32m[    0.328213] �[0m�[33mclocksource�[0m: jiffies: mask: 0xffffffff max_cycles: 0xffffffff, max_idle_ns: 7645041785100000 ns&#xD;&#xA;�[32m[    0.332146] �[0m�[33mpinctrl core�[0m: initialized pinctrl subsystem&#xD;&#xA;�[32m[    0.336455] �[0m�[33mRTC time�[0m: 14:45:18, date: 02/03/22&#xD;&#xA;�[32m[    0.340331] �[0m�[33mNET�[0m: Registered protocol family 16&#xD;&#xA;�[32m[    0.344214] �[0m�[33mcpuidle�[0m: using governor ladder&#xD;&#xA;�[32m[    0.348023] �[0m�[33mcpuidle�[0m: using governor menu&#xD;&#xA;�[32m[    0.351980] �[0m�[1mPCCT header not found.�[0m&#xD;&#xA;�[32m[    0.355207] �[0m�[33mACPI�[0m: bus type PCI registered&#xD;&#xA;�[32m[    0.356013] �[0m�[33macpiphp�[0m: ACPI Hot Plug PCI Controller Driver version: 0.5&#xD;&#xA;�[32m[    0.360424] �[0m�[33mPCI�[0m: MMCONFIG for domain 0000 [bus 00-ff] at [mem 0xb0000000-0xbfffffff] (base 0xb0000000)&#xD;&#xA;�[32m[    0.364016] �[0m�[33mPCI�[0m: MMCONFIG at [mem 0xb0000000-0xbfffffff] reserved in E820&#xD;&#xA;�[32m[    0.368044] �[0m�[33mPCI�[0m: Using configuration type 1 for base access&#xD;&#xA;�[32m[    0.373086] �[0m�[33mACPI�[0m: Added _OSI(Module Device)&#xD;&#xA;�[32m[    0.376013] �[0m�[33mACPI�[0m: Added _OSI(Processor Device)&#xD;&#xA;�[32m[    0.380011] �[0m�[33mACPI�[0m: Added _OSI(3.0 _SCP Extensions)&#xD;&#xA;�[32m[    0.384012] �[0m�[33mACPI�[0m: Added _OSI(Processor Aggregator Device)&#xD;&#xA;�[32m[    0.391014] �[0m�[33mACPI�[0m: Interpreter enabled&#xD;&#xA;�[32m[    0.392017] �[0m�[33mACPI Exception�[0m�[1m: AE_NOT_FOUND, While evaluating Sleep State [\_S1_] (20150930/hwxface-580)�[0m&#xD;&#xA;�[32m[    0.398718] �[0m�[33mACPI Exception�[0m�[1m: AE_NOT_FOUND, While evaluating Sleep State [\_S2_] (20150930/hwxface-580)�[0m&#xD;&#xA;�[32m[    0.404014] �[0m�[33mACPI Exception�[0m�[1m: AE_NOT_FOUND, While evaluating Sleep State [\_S3_] (20150930/hwxface-580)�[0m&#xD;&#xA;�[32m[    0.410604] �[0m�[33mACPI Exception�[0m�[1m: AE_NOT_FOUND, While evaluating Sleep State [\_S4_] (20150930/hwxface-580)�[0m&#xD;&#xA;�[32m[    0.416031] �[0m�[33mACPI�[0m: (supports S0 S5)&#xD;&#xA;�[32m[    0.419708] �[0m�[33mACPI�[0m: Using IOAPIC for interrupt routing&#xD;&#xA;�[32m[    0.420087] �[0m�[33mPCI�[0m: Using host bridge windows from ACPI; if necessary, use &#34;pci=nocrs&#34; and report a bug&#xD;&#xA;�[32m[    0.426901] �[0m�[33mACPI�[0m: PCI Root Bridge [PCI0] (domain 0000 [bus 00-ff])&#xD;&#xA;�[32m[    0.428038] �[0m�[33macpi PNP0A08:00�[0m: _OSC: OS supports [ExtendedConfig ASPM ClockPM Segments MSI]&#xD;&#xA;�[32m[    0.432154] �[0m�[33macpi PNP0A08:00�[0m: _OSC: OS now controls [PCIeHotplug PME AER PCIeCapability]&#xD;&#xA;�[32m[    0.436434] �[0mPCI host bridge to bus 0000:00&#xD;&#xA;�[32m[    0.440021] �[0m�[33mpci_bus 0000:00�[0m: root bus resource [io  0x0000-0x0cf7 window]&#xD;&#xA;�[32m[    0.444026] �[0m�[33mpci_bus 0000:00�[0m: root bus resource [io  0x0d00-0xffff window]&#xD;&#xA;�[32m[    0.448031] �[0m�[33mpci_bus 0000:00�[0m: root bus resource [mem 0x000a0000-0x000bffff window]&#xD;&#xA;�[32m[    0.452033] �[0m�[33mpci_bus 0000:00�[0m: root bus resource [mem 0x08000000-0xafffffff window]&#xD;&#xA;�[32m[    0.456014] �[0m�[33mpci_bus 0000:00�[0m: root bus resource [mem 0xc0000000-0xfebfffff window]&#xD;&#xA;�[32m[    0.460021] �[0m�[33mpci_bus 0000:00�[0m: root bus resource [mem 0x100000000-0x8ffffffff window]&#xD;&#xA;�[32m[    0.464016] �[0m�[33mpci_bus 0000:00�[0m: root bus resource [bus 00-ff]&#xD;&#xA;�[32m[    0.468179] �[0m�[33mpci 0000:00:00.0�[0m: [8086:29c0] type 00 class 0x060000&#xD;&#xA;�[32m[    0.469990] �[0m�[33mpci 0000:00:01.0�[0m: [1234:1111] type 00 class 0x030000&#xD;&#xA;�[32m[    0.472039] �[0m�[33mpci 0000:00:01.0�[0m: reg 0x10: [mem 0xfb000000-0xfbffffff pref]&#xD;&#xA;�[32m[    0.475471] �[0m�[33mpci 0000:00:01.0�[0m: reg 0x18: [mem 0xfea10000-0xfea10fff]&#xD;&#xA;�[32m[    0.482645] �[0m�[33mpci 0000:00:01.0�[0m: reg 0x30: [mem 0xfea00000-0xfea0ffff pref]&#xD;&#xA;�[32m[    0.483343] �[0m�[33mpci 0000:00:02.0�[0m: [1b36:000c] type 01 class 0x060400&#xD;&#xA;�[32m[    0.485080] �[0m�[33mpci 0000:00:02.0�[0m: reg 0x10: [mem 0xfea11000-0xfea11fff]&#xD;&#xA;�[32m[    0.490146] �[0m�[33mpci 0000:00:02.1�[0m: [1b36:000c] type 01 class 0x060400&#xD;&#xA;�[32m[    0.494075] �[0m�[33mpci 0000:00:02.1�[0m: reg 0x10: [mem 0xfea12000-0xfea12fff]&#xD;&#xA;�[32m[    0.499619] �[0m�[33mpci 0000:00:02.2�[0m: [1b36:000c] type 01 class 0x060400&#xD;&#xA;�[32m[    0.503689] �[0m�[33mpci 0000:00:02.2�[0m: reg 0x10: [mem 0xfea13000-0xfea13fff]&#xD;&#xA;�[32m[    0.508286] �[0m�[33mpci 0000:00:02.3�[0m: [1b36:000c] type 01 class 0x060400&#xD;&#xA;�[32m[    0.510092] �[0m�[33mpci 0000:00:02.3�[0m: reg 0x10: [mem 0xfea14000-0xfea14fff]&#xD;&#xA;�[32m[    0.515412] �[0m�[33mpci 0000:00:02.4�[0m: [1b36:000c] type 01 class 0x060400&#xD;&#xA;�[32m[    0.517111] �[0m�[33mpci 0000:00:02.4�[0m: reg 0x10: [mem 0xfea15000-0xfea15fff]&#xD;&#xA;�[32m[    0.521130] �[0m�[33mpci 0000:00:02.5�[0m: [1b36:000c] type 01 class 0x060400&#xD;&#xA;�[32m[    0.522823] �[0m�[33mpci 0000:00:02.5�[0m: reg 0x10: [mem 0xfea16000-0xfea16fff]&#xD;&#xA;�[32m[    0.527689] �[0m�[33mpci 0000:00:02.6�[0m: [1b36:000c] type 01 class 0x060400&#xD;&#xA;�[32m[    0.529455] �[0m�[33mpci 0000:00:02.6�[0m: reg 0x10: [mem 0xfea17000-0xfea17fff]&#xD;&#xA;�[32m[    0.536688] �[0m�[33mpci 0000:00:1f.0�[0m: [8086:2918] type 00 class 0x060100&#xD;&#xA;�[32m[    0.538879] �[0m�[33mpci 0000:00:1f.0�[0m: quirk: [io  0x0600-0x067f] claimed by ICH6 ACPI/GPIO/TCO&#xD;&#xA;�[32m[    0.540871] �[0m�[33mpci 0000:00:1f.2�[0m: [8086:2922] type 00 class 0x010601&#xD;&#xA;�[32m[    0.548029] �[0m�[33mpci 0000:00:1f.2�[0m: reg 0x20: [io  0xc040-0xc05f]&#xD;&#xA;�[32m[    0.551727] �[0m�[33mpci 0000:00:1f.2�[0m: reg 0x24: [mem 0xfea18000-0xfea18fff]&#xD;&#xA;�[32m[    0.554317] �[0m�[33mpci 0000:00:1f.3�[0m: [8086:2930] type 00 class 0x0c0500&#xD;&#xA;�[32m[    0.559333] �[0m�[33mpci 0000:00:1f.3�[0m: reg 0x20: [io  0x0700-0x073f]&#xD;&#xA;�[32m[    0.565398] �[0m�[33mpci 0000:01:00.0�[0m: [1af4:1041] type 00 class 0x020000&#xD;&#xA;�[32m[    0.568831] �[0m�[33mpci 0000:01:00.0�[0m: reg 0x14: [mem 0xfe800000-0xfe800fff]&#xD;&#xA;�[32m[    0.574492] �[0m�[33mpci 0000:01:00.0�[0m: reg 0x20: [mem 0xfcc00000-0xfcc03fff 64bit pref]&#xD;&#xA;�[32m[    0.580069] �[0m�[33mpci 0000:00:02.0�[0m: PCI bridge to [bus 01]&#xD;&#xA;�[32m[    0.584228] �[0m�[33mpci 0000:00:02.0�[0m:   bridge window [mem 0xfe800000-0xfe9fffff]&#xD;&#xA;�[32m[    0.584427] �[0m�[33mpci 0000:00:02.0�[0m:   bridge window [mem 0xfcc00000-0xfcdfffff 64bit pref]&#xD;&#xA;�[32m[    0.587127] �[0m�[33mpci 0000:02:00.0�[0m: [1af4:1048] type 00 class 0x010000&#xD;&#xA;�[32m[    0.591382] �[0m�[33mpci 0000:02:00.0�[0m: reg 0x14: [mem 0xfe600000-0xfe600fff]&#xD;&#xA;�[32m[    0.595896] �[0m�[33mpci 0000:02:00.0�[0m: reg 0x20: [mem 0xfca00000-0xfca03fff 64bit pref]&#xD;&#xA;�[32m[    0.601488] �[0m�[33mpci 0000:00:02.1�[0m: PCI bridge to [bus 02]&#xD;&#xA;�[32m[    0.604178] �[0m�[33mpci 0000:00:02.1�[0m:   bridge window [mem 0xfe600000-0xfe7fffff]&#xD;&#xA;�[32m[    0.604333] �[0m�[33mpci 0000:00:02.1�[0m:   bridge window [mem 0xfca00000-0xfcbfffff 64bit pref]&#xD;&#xA;�[32m[    0.606462] �[0m�[33mpci 0000:03:00.0�[0m: [1af4:1043] type 00 class 0x078000&#xD;&#xA;�[32m[    0.610244] �[0m�[33mpci 0000:03:00.0�[0m: reg 0x14: [mem 0xfe400000-0xfe400fff]&#xD;&#xA;�[32m[    0.613989] �[0m�[33mpci 0000:03:00.0�[0m: reg 0x20: [mem 0xfc800000-0xfc803fff 64bit pref]&#xD;&#xA;�[32m[    0.618331] �[0m�[33mpci 0000:00:02.2�[0m: PCI bridge to [bus 03]&#xD;&#xA;�[32m[    0.620190] �[0m�[33mpci 0000:00:02.2�[0m:   bridge window [mem 0xfe400000-0xfe5fffff]&#xD;&#xA;�[32m[    0.620356] �[0m�[33mpci 0000:00:02.2�[0m:   bridge window [mem 0xfc800000-0xfc9fffff 64bit pref]&#xD;&#xA;�[32m[    0.622924] �[0m�[33mpci 0000:04:00.0�[0m: [1af4:1042] type 00 class 0x010000&#xD;&#xA;�[32m[    0.626627] �[0m�[33mpci 0000:04:00.0�[0m: reg 0x14: [mem 0xfe200000-0xfe200fff]&#xD;&#xA;�[32m[    0.629985] �[0m�[33mpci 0000:04:00.0�[0m: reg 0x20: [mem 0xfc600000-0xfc603fff 64bit pref]&#xD;&#xA;�[32m[    0.634284] �[0m�[33mpci 0000:00:02.3�[0m: PCI bridge to [bus 04]&#xD;&#xA;�[32m[    0.636185] �[0m�[33mpci 0000:00:02.3�[0m:   bridge window [mem 0xfe200000-0xfe3fffff]&#xD;&#xA;�[32m[    0.636352] �[0m�[33mpci 0000:00:02.3�[0m:   bridge window [mem 0xfc600000-0xfc7fffff 64bit pref]&#xD;&#xA;�[32m[    0.638448] �[0m�[33mpci 0000:05:00.0�[0m: [1af4:1042] type 00 class 0x010000&#xD;&#xA;�[32m[    0.641156] �[0m�[33mpci 0000:05:00.0�[0m: reg 0x14: [mem 0xfe000000-0xfe000fff]&#xD;&#xA;�[32m[    0.646017] �[0m�[33mpci 0000:05:00.0�[0m: reg 0x20: [mem 0xfc400000-0xfc403fff 64bit pref]&#xD;&#xA;�[32m[    0.650333] �[0m�[33mpci 0000:00:02.4�[0m: PCI bridge to [bus 05]&#xD;&#xA;�[32m[    0.652183] �[0m�[33mpci 0000:00:02.4�[0m:   bridge window [mem 0xfe000000-0xfe1fffff]&#xD;&#xA;�[32m[    0.652334] �[0m�[33mpci 0000:00:02.4�[0m:   bridge window [mem 0xfc400000-0xfc5fffff 64bit pref]&#xD;&#xA;�[32m[    0.654393] �[0m�[33mpci 0000:06:00.0�[0m: [1af4:1045] type 00 class 0x00ff00&#xD;&#xA;�[32m[    0.659978] �[0m�[33mpci 0000:06:00.0�[0m: reg 0x20: [mem 0xfc200000-0xfc203fff 64bit pref]&#xD;&#xA;�[32m[    0.663913] �[0m�[33mpci 0000:00:02.5�[0m: PCI bridge to [bus 06]&#xD;&#xA;�[32m[    0.664191] �[0m�[33mpci 0000:00:02.5�[0m:   bridge window [mem 0xfde00000-0xfdffffff]&#xD;&#xA;�[32m[    0.664342] �[0m�[33mpci 0000:00:02.5�[0m:   bridge window [mem 0xfc200000-0xfc3fffff 64bit pref]&#xD;&#xA;�[32m[    0.666078] �[0m�[33mpci 0000:00:02.6�[0m: PCI bridge to [bus 07]&#xD;&#xA;�[32m[    0.668214] �[0m�[33mpci 0000:00:02.6�[0m:   bridge window [mem 0xfdc00000-0xfddfffff]&#xD;&#xA;�[32m[    0.668367] �[0m�[33mpci 0000:00:02.6�[0m:   bridge window [mem 0xfc000000-0xfc1fffff 64bit pref]&#xD;&#xA;�[32m[    0.675046] �[0m�[33mACPI�[0m: PCI Interrupt Link [LNKA] (IRQs 5 *10 11)&#xD;&#xA;�[32m[    0.680257] �[0m�[33mACPI�[0m: PCI Interrupt Link [LNKB] (IRQs 5 *10 11)&#xD;&#xA;�[32m[    0.688137] �[0m�[33mACPI�[0m: PCI Interrupt Link [LNKC] (IRQs 5 10 *11)&#xD;&#xA;�[32m[    0.696396] �[0m�[33mACPI�[0m: PCI Interrupt Link [LNKD] (IRQs 5 10 *11)&#xD;&#xA;�[32m[    0.704258] �[0m�[33mACPI�[0m: PCI Interrupt Link [LNKE] (IRQs 5 *10 11)&#xD;&#xA;�[32m[    0.712265] �[0m�[33mACPI�[0m: PCI Interrupt Link [LNKF] (IRQs 5 *10 11)&#xD;&#xA;�[32m[    0.720289] �[0m�[33mACPI�[0m: PCI Interrupt Link [LNKG] (IRQs 5 10 *11)&#xD;&#xA;�[32m[    0.727883] �[0m�[33mACPI�[0m: PCI Interrupt Link [LNKH] (IRQs 5 10 *11)&#xD;&#xA;�[32m[    0.732225] �[0m�[33mACPI�[0m: PCI Interrupt Link [GSIA] (IRQs *16)&#xD;&#xA;�[32m[    0.739350] �[0m�[33mACPI�[0m: PCI Interrupt Link [GSIB] (IRQs *17)&#xD;&#xA;�[32m[    0.743075] �[0m�[33mACPI�[0m: PCI Interrupt Link [GSIC] (IRQs *18)&#xD;&#xA;�[32m[    0.747529] �[0m�[33mACPI�[0m: PCI Interrupt Link [GSID] (IRQs *19)&#xD;&#xA;�[32m[    0.751378] �[0m�[33mACPI�[0m: PCI Interrupt Link [GSIE] (IRQs *20)&#xD;&#xA;�[32m[    0.754781] �[0m�[33mACPI�[0m: PCI Interrupt Link [GSIF] (IRQs *21)&#xD;&#xA;�[32m[    0.759064] �[0m�[33mACPI�[0m: PCI Interrupt Link [GSIG] (IRQs *22)&#xD;&#xA;�[32m[    0.762593] �[0m�[33mACPI�[0m: PCI Interrupt Link [GSIH] (IRQs *23)&#xD;&#xA;�[32m[    0.766976] �[0m�[33mACPI�[0m�[1m: Enabled 1 GPEs in block 00 to 3F�[0m&#xD;&#xA;�[32m[    0.768344] �[0m�[33mvgaarb�[0m: setting as boot device: PCI:0000:00:01.0&#xD;&#xA;�[32m[    0.772000] �[0m�[33mvgaarb�[0m: device added: PCI:0000:00:01.0,decodes=io+mem,owns=io+mem,locks=none&#xD;&#xA;�[32m[    0.772028] �[0m�[33mvgaarb�[0m: loaded&#xD;&#xA;�[32m[    0.775258] �[0m�[33mvgaarb�[0m: bridge control possible 0000:00:01.0&#xD;&#xA;�[32m[    0.776323] �[0mSCSI subsystem initialized&#xD;&#xA;�[32m[    0.780217] �[0mlibata version 3.00 loaded.&#xD;&#xA;�[32m[    0.780259] �[0m�[33mACPI�[0m: bus type USB registered&#xD;&#xA;�[32m[    0.784057] �[0m�[33musbcore�[0m: registered new interface driver usbfs&#xD;&#xA;�[32m[    0.788058] �[0m�[33musbcore�[0m: registered new interface driver hub&#xD;&#xA;�[32m[    0.792039] �[0m�[33musbcore�[0m: registered new device driver usb&#xD;&#xA;�[32m[    0.796316] �[0m�[33mPCI�[0m: Using ACPI for IRQ routing&#xD;&#xA;�[32m[    1.161546] �[0m�[33mPCI�[0m: pci_cache_line_size set to 64 bytes&#xD;&#xA;�[32m[    1.162997] �[0m�[33me820�[0m: reserve RAM buffer [mem 0x0009fc00-0x0009ffff]&#xD;&#xA;�[32m[    1.163002] �[0m�[33me820�[0m: reserve RAM buffer [mem 0x07fdd000-0x07ffffff]&#xD;&#xA;�[32m[    1.163218] �[0m�[33mNetLabel�[0m: Initializing&#xD;&#xA;�[32m[    1.164014] �[0m�[33mNetLabel�[0m:  domain hash size = 128&#xD;&#xA;�[32m[    1.167864] �[0m�[33mNetLabel�[0m:  protocols = UNLABELED CIPSOv4&#xD;&#xA;�[32m[    1.168076] �[0m�[33mNetLabel�[0m:  unlabeled traffic allowed by default&#xD;&#xA;�[32m[    1.172232] �[0m�[33mclocksource�[0m: Switched to clocksource kvm-clock&#xD;&#xA;�[32m[    1.185536] �[0m�[33mAppArmor�[0m: AppArmor Filesystem Enabled&#xD;&#xA;�[32m[    1.191249] �[0m�[33mpnp�[0m: PnP ACPI init&#xD;&#xA;�[32m[    1.194879] �[0m�[33mpnp 00:00�[0m: Plug and Play ACPI device, IDs PNP0501 (active)&#xD;&#xA;�[32m[    1.194896] �[0m�[33mpnp 00:01�[0m: Plug and Play ACPI device, IDs PNP0303 (active)&#xD;&#xA;�[32m[    1.194911] �[0m�[33mpnp 00:02�[0m: Plug and Play ACPI device, IDs PNP0f13 (active)&#xD;&#xA;�[32m[    1.194924] �[0m�[33mpnp 00:03�[0m: Plug and Play ACPI device, IDs PNP0b00 (active)&#xD;&#xA;�[32m[    1.195497] �[0m�[33mpnp�[0m: PnP ACPI: found 4 devices&#xD;&#xA;�[32m[    1.206960] �[0m�[33mclocksource�[0m: acpi_pm: mask: 0xffffff max_cycles: 0xffffff, max_idle_ns: 2085701024 ns&#xD;&#xA;�[32m[    1.216848] �[0m�[33mpci 0000:00:02.0�[0m: bridge window [io  0x1000-0x0fff] to [bus 01] add_size 1000&#xD;&#xA;�[32m[    1.217989] �[0m�[33mpci 0000:00:02.1�[0m: bridge window [io  0x1000-0x0fff] to [bus 02] add_size 1000&#xD;&#xA;�[32m[    1.219144] �[0m�[33mpci 0000:00:02.2�[0m: bridge window [io  0x1000-0x0fff] to [bus 03] add_size 1000&#xD;&#xA;�[32m[    1.220395] �[0m�[33mpci 0000:00:02.3�[0m: bridge window [io  0x1000-0x0fff] to [bus 04] add_size 1000&#xD;&#xA;�[32m[    1.221660] �[0m�[33mpci 0000:00:02.4�[0m: bridge window [io  0x1000-0x0fff] to [bus 05] add_size 1000&#xD;&#xA;�[32m[    1.222885] �[0m�[33mpci 0000:00:02.5�[0m: bridge window [io  0x1000-0x0fff] to [bus 06] add_size 1000&#xD;&#xA;�[32m[    1.224112] �[0m�[33mpci 0000:00:02.6�[0m: bridge window [io  0x1000-0x0fff] to [bus 07] add_size 1000&#xD;&#xA;�[32m[    1.224121] �[0m�[33mpci 0000:00:02.0�[0m: res[13]=[io  0x1000-0x0fff] res_to_dev_res add_size 1000 min_align 1000&#xD;&#xA;�[32m[    1.224123] �[0m�[33mpci 0000:00:02.0�[0m: res[13]=[io  0x1000-0x1fff] res_to_dev_res add_size 1000 min_align 1000&#xD;&#xA;�[32m[    1.224125] �[0m�[33mpci 0000:00:02.1�[0m: res[13]=[io  0x1000-0x0fff] res_to_dev_res add_size 1000 min_align 1000&#xD;&#xA;�[32m[    1.224127] �[0m�[33mpci 0000:00:02.1�[0m: res[13]=[io  0x1000-0x1fff] res_to_dev_res add_size 1000 min_align 1000&#xD;&#xA;�[32m[    1.224128] �[0m�[33mpci 0000:00:02.2�[0m: res[13]=[io  0x1000-0x0fff] res_to_dev_res add_size 1000 min_align 1000&#xD;&#xA;�[32m[    1.224130] �[0m�[33mpci 0000:00:02.2�[0m: res[13]=[io  0x1000-0x1fff] res_to_dev_res add_size 1000 min_align 1000&#xD;&#xA;�[32m[    1.224132] �[0m�[33mpci 0000:00:02.3�[0m: res[13]=[io  0x1000-0x0fff] res_to_dev_res add_size 1000 min_align 1000&#xD;&#xA;�[32m[    1.224134] �[0m�[33mpci 0000:00:02.3�[0m: res[13]=[io  0x1000-0x1fff] res_to_dev_res add_size 1000 min_align 1000&#xD;&#xA;�[32m[    1.224135] �[0m�[33mpci 0000:00:02.4�[0m: res[13]=[io  0x1000-0x0fff] res_to_dev_res add_size 1000 min_align 1000&#xD;&#xA;�[32m[    1.224137] �[0m�[33mpci 0000:00:02.4�[0m: res[13]=[io  0x1000-0x1fff] res_to_dev_res add_size 1000 min_align 1000&#xD;&#xA;�[32m[    1.224139] �[0m�[33mpci 0000:00:02.5�[0m: res[13]=[io  0x1000-0x0fff] res_to_dev_res add_size 1000 min_align 1000&#xD;&#xA;�[32m[    1.224140] �[0m�[33mpci 0000:00:02.5�[0m: res[13]=[io  0x1000-0x1fff] res_to_dev_res add_size 1000 min_align 1000&#xD;&#xA;�[32m[    1.224142] �[0m�[33mpci 0000:00:02.6�[0m: res[13]=[io  0x1000-0x0fff] res_to_dev_res add_size 1000 min_align 1000&#xD;&#xA;�[32m[    1.224144] �[0m�[33mpci 0000:00:02.6�[0m: res[13]=[io  0x1000-0x1fff] res_to_dev_res add_size 1000 min_align 1000&#xD;&#xA;�[32m[    1.224149] �[0m�[33mpci 0000:00:02.0�[0m: BAR 13: assigned [io  0x1000-0x1fff]&#xD;&#xA;�[32m[    1.231067] �[0m�[33mpci 0000:00:02.1�[0m: BAR 13: assigned [io  0x2000-0x2fff]&#xD;&#xA;�[32m[    1.236798] �[0m�[33mpci 0000:00:02.2�[0m: BAR 13: assigned [io  0x3000-0x3fff]&#xD;&#xA;�[32m[    1.242535] �[0m�[33mpci 0000:00:02.3�[0m: BAR 13: assigned [io  0x4000-0x4fff]&#xD;&#xA;�[32m[    1.248452] �[0m�[33mpci 0000:00:02.4�[0m: BAR 13: assigned [io  0x5000-0x5fff]&#xD;&#xA;�[32m[    1.253951] �[0m�[33mpci 0000:00:02.5�[0m: BAR 13: assigned [io  0x6000-0x6fff]&#xD;&#xA;�[32m[    1.259899] �[0m�[33mpci 0000:00:02.6�[0m: BAR 13: assigned [io  0x7000-0x7fff]&#xD;&#xA;�[32m[    1.265713] �[0m�[33mpci 0000:00:02.0�[0m: PCI bridge to [bus 01]&#xD;&#xA;�[32m[    1.270680] �[0m�[33mpci 0000:00:02.0�[0m:   bridge window [io  0x1000-0x1fff]&#xD;&#xA;�[32m[    1.277713] �[0m�[33mpci 0000:00:02.0�[0m:   bridge window [mem 0xfe800000-0xfe9fffff]&#xD;&#xA;�[32m[    1.285160] �[0m�[33mpci 0000:00:02.0�[0m:   bridge window [mem 0xfcc00000-0xfcdfffff 64bit pref]&#xD;&#xA;�[32m[    1.293488] �[0m�[33mpci 0000:00:02.1�[0m: PCI bridge to [bus 02]&#xD;&#xA;�[32m[    1.298254] �[0m�[33mpci 0000:00:02.1�[0m:   bridge window [io  0x2000-0x2fff]&#xD;&#xA;�[32m[    1.304593] �[0m�[33mpci 0000:00:02.1�[0m:   bridge window [mem 0xfe600000-0xfe7fffff]&#xD;&#xA;�[32m[    1.310810] �[0m�[33mpci 0000:00:02.1�[0m:   bridge window [mem 0xfca00000-0xfcbfffff 64bit pref]&#xD;&#xA;�[32m[    1.319339] �[0m�[33mpci 0000:00:02.2�[0m: PCI bridge to [bus 03]&#xD;&#xA;�[32m[    1.324083] �[0m�[33mpci 0000:00:02.2�[0m:   bridge window [io  0x3000-0x3fff]&#xD;&#xA;�[32m[    1.331072] �[0m�[33mpci 0000:00:02.2�[0m:   bridge window [mem 0xfe400000-0xfe5fffff]&#xD;&#xA;�[32m[    1.337388] �[0m�[33mpci 0000:00:02.2�[0m:   bridge window [mem 0xfc800000-0xfc9fffff 64bit pref]&#xD;&#xA;�[32m[    1.345488] �[0m�[33mpci 0000:00:02.3�[0m: PCI bridge to [bus 04]&#xD;&#xA;�[32m[    1.350176] �[0m�[33mpci 0000:00:02.3�[0m:   bridge window [io  0x4000-0x4fff]&#xD;&#xA;�[32m[    1.357011] �[0m�[33mpci 0000:00:02.3�[0m:   bridge window [mem 0xfe200000-0xfe3fffff]&#xD;&#xA;�[32m[    1.363342] �[0m�[33mpci 0000:00:02.3�[0m:   bridge window [mem 0xfc600000-0xfc7fffff 64bit pref]&#xD;&#xA;�[32m[    1.371873] �[0m�[33mpci 0000:00:02.4�[0m: PCI bridge to [bus 05]&#xD;&#xA;�[32m[    1.376843] �[0m�[33mpci 0000:00:02.4�[0m:   bridge window [io  0x5000-0x5fff]&#xD;&#xA;�[32m[    1.383527] �[0m�[33mpci 0000:00:02.4�[0m:   bridge window [mem 0xfe000000-0xfe1fffff]&#xD;&#xA;�[32m[    1.389918] �[0m�[33mpci 0000:00:02.4�[0m:   bridge window [mem 0xfc400000-0xfc5fffff 64bit pref]&#xD;&#xA;�[32m[    1.398349] �[0m�[33mpci 0000:00:02.5�[0m: PCI bridge to [bus 06]&#xD;&#xA;�[32m[    1.403412] �[0m�[33mpci 0000:00:02.5�[0m:   bridge window [io  0x6000-0x6fff]&#xD;&#xA;�[32m[    1.410341] �[0m�[33mpci 0000:00:02.5�[0m:   bridge window [mem 0xfde00000-0xfdffffff]&#xD;&#xA;�[32m[    1.417519] �[0m�[33mpci 0000:00:02.5�[0m:   bridge window [mem 0xfc200000-0xfc3fffff 64bit pref]&#xD;&#xA;�[32m[    1.426497] �[0m�[33mpci 0000:00:02.6�[0m: PCI bridge to [bus 07]&#xD;&#xA;�[32m[    1.431684] �[0m�[33mpci 0000:00:02.6�[0m:   bridge window [io  0x7000-0x7fff]&#xD;&#xA;�[32m[    1.439530] �[0m�[33mpci 0000:00:02.6�[0m:   bridge window [mem 0xfdc00000-0xfddfffff]&#xD;&#xA;�[32m[    1.446625] �[0m�[33mpci 0000:00:02.6�[0m:   bridge window [mem 0xfc000000-0xfc1fffff 64bit pref]&#xD;&#xA;�[32m[    1.455781] �[0m�[33mpci_bus 0000:00�[0m: resource 4 [io  0x0000-0x0cf7 window]&#xD;&#xA;�[32m[    1.455783] �[0m�[33mpci_bus 0000:00�[0m: resource 5 [io  0x0d00-0xffff window]&#xD;&#xA;�[32m[    1.455785] �[0m�[33mpci_bus 0000:00�[0m: resource 6 [mem 0x000a0000-0x000bffff window]&#xD;&#xA;�[32m[    1.455786] �[0m�[33mpci_bus 0000:00�[0m: resource 7 [mem 0x08000000-0xafffffff window]&#xD;&#xA;�[32m[    1.455788] �[0m�[33mpci_bus 0000:00�[0m: resource 8 [mem 0xc0000000-0xfebfffff window]&#xD;&#xA;�[32m[    1.455790] �[0m�[33mpci_bus 0000:00�[0m: resource 9 [mem 0x100000000-0x8ffffffff window]&#xD;&#xA;�[32m[    1.455791] �[0m�[33mpci_bus 0000:01�[0m: resource 0 [io  0x1000-0x1fff]&#xD;&#xA;�[32m[    1.455793] �[0m�[33mpci_bus 0000:01�[0m: resource 1 [mem 0xfe800000-0xfe9fffff]&#xD;&#xA;�[32m[    1.455794] �[0m�[33mpci_bus 0000:01�[0m: resource 2 [mem 0xfcc00000-0xfcdfffff 64bit pref]&#xD;&#xA;�[32m[    1.455796] �[0m�[33mpci_bus 0000:02�[0m: resource 0 [io  0x2000-0x2fff]&#xD;&#xA;�[32m[    1.455798] �[0m�[33mpci_bus 0000:02�[0m: resource 1 [mem 0xfe600000-0xfe7fffff]&#xD;&#xA;�[32m[    1.455799] �[0m�[33mpci_bus 0000:02�[0m: resource 2 [mem 0xfca00000-0xfcbfffff 64bit pref]&#xD;&#xA;�[32m[    1.455800] �[0m�[33mpci_bus 0000:03�[0m: resource 0 [io  0x3000-0x3fff]&#xD;&#xA;�[32m[    1.455802] �[0m�[33mpci_bus 0000:03�[0m: resource 1 [mem 0xfe400000-0xfe5fffff]&#xD;&#xA;�[32m[    1.455803] �[0m�[33mpci_bus 0000:03�[0m: resource 2 [mem 0xfc800000-0xfc9fffff 64bit pref]&#xD;&#xA;�[32m[    1.455805] �[0m�[33mpci_bus 0000:04�[0m: resource 0 [io  0x4000-0x4fff]&#xD;&#xA;�[32m[    1.455806] �[0m�[33mpci_bus 0000:04�[0m: resource 1 [mem 0xfe200000-0xfe3fffff]&#xD;&#xA;�[32m[    1.455808] �[0m�[33mpci_bus 0000:04�[0m: resource 2 [mem 0xfc600000-0xfc7fffff 64bit pref]&#xD;&#xA;�[32m[    1.455809] �[0m�[33mpci_bus 0000:05�[0m: resource 0 [io  0x5000-0x5fff]&#xD;&#xA;�[32m[    1.455811] �[0m�[33mpci_bus 0000:05�[0m: resource 1 [mem 0xfe000000-0xfe1fffff]&#xD;&#xA;�[32m[    1.455812] �[0m�[33mpci_bus 0000:05�[0m: resource 2 [mem 0xfc400000-0xfc5fffff 64bit pref]&#xD;&#xA;�[32m[    1.455814] �[0m�[33mpci_bus 0000:06�[0m: resource 0 [io  0x6000-0x6fff]&#xD;&#xA;�[32m[    1.455815] �[0m�[33mpci_bus 0000:06�[0m: resource 1 [mem 0xfde00000-0xfdffffff]&#xD;&#xA;�[32m[    1.455816] �[0m�[33mpci_bus 0000:06�[0m: resource 2 [mem 0xfc200000-0xfc3fffff 64bit pref]&#xD;&#xA;�[32m[    1.455845] �[0m�[33mpci_bus 0000:07�[0m: resource 0 [io  0x7000-0x7fff]&#xD;&#xA;�[32m[    1.455846] �[0m�[33mpci_bus 0000:07�[0m: resource 1 [mem 0xfdc00000-0xfddfffff]&#xD;&#xA;�[32m[    1.455847] �[0m�[33mpci_bus 0000:07�[0m: resource 2 [mem 0xfc000000-0xfc1fffff 64bit pref]&#xD;&#xA;�[32m[    1.455904] �[0m�[33mNET�[0m: Registered protocol family 2&#xD;&#xA;�[32m[    1.460901] �[0m�[33mTCP established hash table entries�[0m: 1024 (order: 1, 8192 bytes)&#xD;&#xA;�[32m[    1.468762] �[0m�[33mTCP bind hash table entries�[0m: 1024 (order: 2, 16384 bytes)&#xD;&#xA;�[32m[    1.475168] �[0m�[33mTCP�[0m: Hash tables configured (established 1024 bind 1024)&#xD;&#xA;�[32m[    1.481032] �[0m�[33mUDP hash table entries�[0m: 256 (order: 1, 8192 bytes)&#xD;&#xA;�[32m[    1.486135] �[0m�[33mUDP-Lite hash table entries�[0m: 256 (order: 1, 8192 bytes)&#xD;&#xA;�[32m[    1.491747] �[0m�[33mNET�[0m: Registered protocol family 1&#xD;&#xA;�[32m[    1.496196] �[0m�[33mpci 0000:00:01.0�[0m: Video device with shadowed ROM&#xD;&#xA;�[32m[    1.496927] �[0m�[33mPCI�[0m: CLS 0 bytes, default 64&#xD;&#xA;�[32m[    1.497004] �[0mTrying to unpack rootfs image as initramfs...&#xD;&#xA;�[32m[    1.579551] �[0m�[33mFreeing initrd memory�[0m: 4824K (ffff880007b17000 - ffff880007fcd000)&#xD;&#xA;�[32m[    1.588302] �[0mScanning for low memory corruption every 60 seconds&#xD;&#xA;�[32m[    1.595517] �[0m�[33mfutex hash table entries�[0m: 256 (order: 2, 16384 bytes)&#xD;&#xA;�[32m[    1.601868] �[0m�[33maudit�[0m: initializing netlink subsys (disabled)&#xD;&#xA;�[32m[    1.607524] �[0m�[33maudit�[0m: type=2000 audit(1643899520.086:1): initialized&#xD;&#xA;�[32m[    1.614266] �[0mInitialise system trusted keyring&#xD;&#xA;�[32m[    1.619082] �[0mHugeTLB registered 1 GB page size, pre-allocated 0 pages&#xD;&#xA;�[32m[    1.624647] �[0mHugeTLB registered 2 MB page size, pre-allocated 0 pages&#xD;&#xA;�[32m[    1.632359] �[0m�[33mzbud�[0m: loaded&#xD;&#xA;�[32m[    1.635611] �[0m�[33mVFS�[0m: Disk quotas dquot_6.6.0&#xD;&#xA;�[32m[    1.640108] �[0m�[33mVFS�[0m: Dquot-cache hash table entries: 512 (order 0, 4096 bytes)&#xD;&#xA;�[32m[    1.647592] �[0mfuse init (API version 7.23)&#xD;&#xA;�[32m[    1.652173] �[0mKey type big_key registered&#xD;&#xA;�[32m[    1.656465] �[0mAllocating IMA MOK and blacklist keyrings.&#xD;&#xA;�[32m[    1.662334] �[0mKey type asymmetric registered&#xD;&#xA;�[32m[    1.666673] �[0mAsymmetric key parser &#39;x509&#39; registered&#xD;&#xA;�[32m[    1.671576] �[0mBlock layer SCSI generic (bsg) driver version 0.4 loaded (major 249)&#xD;&#xA;�[32m[    1.679360] �[0mio scheduler noop registered&#xD;&#xA;�[32m[    1.683614] �[0mio scheduler deadline registered (default)&#xD;&#xA;�[32m[    1.688586] �[0mio scheduler cfq registered&#xD;&#xA;�[32m[    1.693296] �[0m�[33mACPI�[0m�[1m: PCI Interrupt Link [GSIG] enabled at IRQ 22�[0m&#xD;&#xA;�[32m[    1.728617] �[0m�[33maer 0000:00:02.0:pcie02�[0m: service driver aer loaded&#xD;&#xA;�[32m[    1.729472] �[0m�[33maer 0000:00:02.1:pcie02�[0m: service driver aer loaded&#xD;&#xA;�[32m[    1.730399] �[0m�[33maer 0000:00:02.2:pcie02�[0m: service driver aer loaded&#xD;&#xA;�[32m[    1.732392] �[0m�[33maer 0000:00:02.3:pcie02�[0m: service driver aer loaded&#xD;&#xA;�[32m[    1.733363] �[0m�[33maer 0000:00:02.4:pcie02�[0m: service driver aer loaded&#xD;&#xA;�[32m[    1.734287] �[0m�[33maer 0000:00:02.5:pcie02�[0m: service driver aer loaded&#xD;&#xA;�[32m[    1.735178] �[0m�[33maer 0000:00:02.6:pcie02�[0m: service driver aer loaded&#xD;&#xA;�[32m[    1.735422] �[0m�[33mpcieport 0000:00:02.0�[0m: Signaling PME through PCIe PME interrupt&#xD;&#xA;�[32m[    1.742787] �[0m�[33mpci 0000:01:00.0�[0m: Signaling PME through PCIe PME interrupt&#xD;&#xA;�[32m[    1.749193] �[0m�[33mpcie_pme 0000:00:02.0:pcie01�[0m: service driver pcie_pme loaded&#xD;&#xA;�[32m[    1.749400] �[0m�[33mpcieport 0000:00:02.1�[0m: Signaling PME through PCIe PME interrupt&#xD;&#xA;�[32m[    1.756671] �[0m�[33mpci 0000:02:00.0�[0m: Signaling PME through PCIe PME interrupt&#xD;&#xA;�[32m[    1.763728] �[0m�[33mpcie_pme 0000:00:02.1:pcie01�[0m: service driver pcie_pme loaded&#xD;&#xA;�[32m[    1.763995] �[0m�[33mpcieport 0000:00:02.2�[0m: Signaling PME through PCIe PME interrupt&#xD;&#xA;�[32m[    1.771322] �[0m�[33mpci 0000:03:00.0�[0m: Signaling PME through PCIe PME interrupt&#xD;&#xA;�[32m[    1.778329] �[0m�[33mpcie_pme 0000:00:02.2:pcie01�[0m: service driver pcie_pme loaded&#xD;&#xA;�[32m[    1.778539] �[0m�[33mpcieport 0000:00:02.3�[0m: Signaling PME through PCIe PME interrupt&#xD;&#xA;�[32m[    1.786168] �[0m�[33mpci 0000:04:00.0�[0m: Signaling PME through PCIe PME interrupt&#xD;&#xA;�[32m[    1.793131] �[0m�[33mpcie_pme 0000:00:02.3:pcie01�[0m: service driver pcie_pme loaded&#xD;&#xA;�[32m[    1.793375] �[0m�[33mpcieport 0000:00:02.4�[0m: Signaling PME through PCIe PME interrupt&#xD;&#xA;�[32m[    1.801031] �[0m�[33mpci 0000:05:00.0�[0m: Signaling PME through PCIe PME interrupt&#xD;&#xA;�[32m[    1.808191] �[0m�[33mpcie_pme 0000:00:02.4:pcie01�[0m: service driver pcie_pme loaded&#xD;&#xA;�[32m[    1.808432] �[0m�[33mpcieport 0000:00:02.5�[0m: Signaling PME through PCIe PME interrupt&#xD;&#xA;�[32m[    1.815664] �[0m�[33mpci 0000:06:00.0�[0m: Signaling PME through PCIe PME interrupt&#xD;&#xA;�[32m[    1.823382] �[0m�[33mpcie_pme 0000:00:02.5:pcie01�[0m: service driver pcie_pme loaded&#xD;&#xA;�[32m[    1.823636] �[0m�[33mpcieport 0000:00:02.6�[0m: Signaling PME through PCIe PME interrupt&#xD;&#xA;�[32m[    1.831214] �[0m�[33mpcie_pme 0000:00:02.6:pcie01�[0m: service driver pcie_pme loaded&#xD;&#xA;�[32m[    1.831256] �[0m�[33mpci_hotplug�[0m: PCI Hot Plug PCI Core version: 0.5&#xD;&#xA;�[32m[    1.837902] �[0m�[33mpciehp 0000:00:02.0:pcie04�[0m: Slot #0 AttnBtn+ PwrCtrl+ MRL- AttnInd+ PwrInd+ HotPlug+ Surprise+ Interlock+ NoCompl- LLActRep+&#xD;&#xA;�[32m[    1.850965] �[0m�[33mpciehp 0000:00:02.0:pcie04�[0m: service driver pciehp loaded&#xD;&#xA;�[32m[    1.851165] �[0m�[33mpciehp 0000:00:02.1:pcie04�[0m: Slot #0 AttnBtn+ PwrCtrl+ MRL- AttnInd+ PwrInd+ HotPlug+ Surprise+ Interlock+ NoCompl- LLActRep+&#xD;&#xA;�[32m[    1.864641] �[0m�[33mpciehp 0000:00:02.1:pcie04�[0m: service driver pciehp loaded&#xD;&#xA;�[32m[    1.865298] �[0m�[33mpciehp 0000:00:02.2:pcie04�[0m: Slot #0 AttnBtn+ PwrCtrl+ MRL- AttnInd+ PwrInd+ HotPlug+ Surprise+ Interlock+ NoCompl- LLActRep+&#xD;&#xA;�[32m[    1.878641] �[0m�[33mpciehp 0000:00:02.2:pcie04�[0m: service driver pciehp loaded&#xD;&#xA;�[32m[    1.878791] �[0m�[33mpciehp 0000:00:02.3:pcie04�[0m: Slot #0 AttnBtn+ PwrCtrl+ MRL- AttnInd+ PwrInd+ HotPlug+ Surprise+ Interlock+ NoCompl- LLActRep+&#xD;&#xA;�[32m[    1.892356] �[0m�[33mpciehp 0000:00:02.3:pcie04�[0m: service driver pciehp loaded&#xD;&#xA;�[32m[    1.892540] �[0m�[33mpciehp 0000:00:02.4:pcie04�[0m: Slot #0 AttnBtn+ PwrCtrl+ MRL- AttnInd+ PwrInd+ HotPlug+ Surprise+ Interlock+ NoCompl- LLActRep+&#xD;&#xA;�[32m[    1.906129] �[0m�[33mpciehp 0000:00:02.4:pcie04�[0m: service driver pciehp loaded&#xD;&#xA;�[32m[    1.906303] �[0m�[33mpciehp 0000:00:02.5:pcie04�[0m: Slot #0 AttnBtn+ PwrCtrl+ MRL- AttnInd+ PwrInd+ HotPlug+ Surprise+ Interlock+ NoCompl- LLActRep+&#xD;&#xA;�[32m[    1.919079] �[0m�[33mpciehp 0000:00:02.5:pcie04�[0m: service driver pciehp loaded&#xD;&#xA;�[32m[    1.919259] �[0m�[33mpciehp 0000:00:02.6:pcie04�[0m: Slot #0 AttnBtn+ PwrCtrl+ MRL- AttnInd+ PwrInd+ HotPlug+ Surprise+ Interlock+ NoCompl- LLActRep+&#xD;&#xA;�[32m[    1.932716] �[0m�[33mpciehp 0000:00:02.6:pcie04�[0m: service driver pciehp loaded&#xD;&#xA;�[32m[    1.932730] �[0m�[33mpciehp�[0m: PCI Express Hot Plug Controller Driver version: 0.4&#xD;&#xA;�[32m[    1.940185] �[0m�[33minput�[0m: Power Button as /devices/LNXSYSTM:00/LNXPWRBN:00/input/input0&#xD;&#xA;�[32m[    1.949199] �[0m�[33mACPI�[0m: Power Button [PWRF]&#xD;&#xA;�[32m[    1.954195] �[0m�[33mGHES�[0m: HEST is not enabled!&#xD;&#xA;�[32m[    1.994509] �[0m�[33mSerial�[0m: 8250/16550 driver, 32 ports, IRQ sharing enabled&#xD;&#xA;�[32m[    2.036228] �[0m�[33m00:00�[0m: ttyS0 at I/O 0x3f8 (irq = 4, base_baud = 115200) is a 16550A&#xD;&#xA;�[32m[    2.100081] �[0mLinux agpgart interface v0.103&#xD;&#xA;�[32m[    2.108666] �[0m�[33mbrd�[0m: module loaded&#xD;&#xA;�[32m[    2.115568] �[0m�[33mloop�[0m: module loaded&#xD;&#xA;�[32m[    2.176355] �[0m�[33m vda�[0m: vda1 vda15&#xD;&#xA;�[32m[    2.186436] �[0m�[33mlibphy�[0m: Fixed MDIO Bus: probed&#xD;&#xA;�[32m[    2.191194] �[0m�[33mtun�[0m: Universal TUN/TAP device driver, 1.6&#xD;&#xA;�[32m[    2.196435] �[0m�[33mtun�[0m: (C) 1999-2004 Max Krasnyansky &lt;maxk@qualcomm.com&gt;&#xD;&#xA;�[32m[    2.207193] �[0mPPP generic driver version 2.4.2&#xD;&#xA;�[32m[    2.212209] �[0m�[33mehci_hcd�[0m: USB 2.0 &#39;Enhanced&#39; Host Controller (EHCI) Driver&#xD;&#xA;�[32m[    2.218351] �[0m�[33mehci-pci�[0m: EHCI PCI platform driver&#xD;&#xA;�[32m[    2.223042] �[0m�[33mehci-platform�[0m: EHCI generic platform driver&#xD;&#xA;�[32m[    2.228299] �[0m�[33mohci_hcd�[0m: USB 1.1 &#39;Open&#39; Host Controller (OHCI) Driver&#xD;&#xA;�[32m[    2.234191] �[0m�[33mohci-pci�[0m: OHCI PCI platform driver&#xD;&#xA;�[32m[    2.238759] �[0m�[33mohci-platform�[0m: OHCI generic platform driver&#xD;&#xA;�[32m[    2.243963] �[0m�[33muhci_hcd�[0m: USB Universal Host Controller Interface driver&#xD;&#xA;�[32m[    2.250209] �[0m�[33mi8042�[0m: PNP: PS/2 Controller [PNP0303:KBD,PNP0f13:MOU] at 0x60,0x64 irq 1,12&#xD;&#xA;�[32m[    2.328295] �[0m�[33mserio�[0m: i8042 KBD port at 0x60,0x64 irq 1&#xD;&#xA;�[32m[    2.333404] �[0m�[33mserio�[0m: i8042 AUX port at 0x60,0x64 irq 12&#xD;&#xA;�[32m[    2.338606] �[0m�[33mmousedev�[0m: PS/2 mouse device common for all mice&#xD;&#xA;�[32m[    2.345260] �[0m�[33minput�[0m: AT Translated Set 2 keyboard as /devices/platform/i8042/serio0/input/input1&#xD;&#xA;�[32m[    2.353849] �[0m�[33mrtc_cmos 00:03�[0m: RTC can wake from S4&#xD;&#xA;�[32m[    2.359639] �[0m�[33mrtc_cmos 00:03�[0m: rtc core: registered rtc_cmos as rtc0&#xD;&#xA;�[32m[    2.366495] �[0m�[33mrtc_cmos 00:03�[0m: alarms up to one day, y3k, 242 bytes nvram&#xD;&#xA;�[32m[    2.372667] �[0mi2c /dev entries driver&#xD;&#xA;�[32m[    2.376642] �[0m�[33mdevice-mapper�[0m: uevent: version 1.0.3&#xD;&#xA;�[32m[    2.381743] �[0m�[33mdevice-mapper�[0m: ioctl: 4.34.0-ioctl (2015-10-28) initialised: dm-devel@redhat.com&#xD;&#xA;�[32m[    2.390290] �[0m�[33mledtrig-cpu�[0m: registered to indicate activity on CPUs&#xD;&#xA;�[32m[    2.396793] �[0m�[33mNET�[0m: Registered protocol family 10&#xD;&#xA;�[32m[    2.401971] �[0m�[33mNET�[0m: Registered protocol family 17&#xD;&#xA;�[32m[    2.406660] �[0mKey type dns_resolver registered&#xD;&#xA;�[32m[    2.411615] �[0m�[33mmicrocode�[0m: CPU0: patch_level=0x01000065&#xD;&#xA;�[32m[    2.416561] �[0m�[33mmicrocode�[0m: Microcode Update Driver: v2.01 &lt;tigran@aivazian.fsnet.co.uk&gt;, Peter Oruba&#xD;&#xA;�[32m[    2.425439] �[0mregistered taskstats version 1&#xD;&#xA;�[32m[    2.430095] �[0mLoading compiled-in X.509 certificates&#xD;&#xA;�[32m[    2.435878] �[0m�[33mLoaded X.509 cert &#39;Build time autogenerated kernel key�[0m: 6ea974e07bd0b30541f4d838a3b7a8a80d5ca9af&#39;&#xD;&#xA;�[32m[    2.445876] �[0m�[33mzswap�[0m: loaded using pool lzo/zbud&#xD;&#xA;�[32m[    2.451885] �[0mKey type trusted registered&#xD;&#xA;�[32m[    2.457564] �[0mKey type encrypted registered&#xD;&#xA;�[32m[    2.462656] �[0m�[33mAppArmor�[0m: AppArmor sha1 policy hashing enabled&#xD;&#xA;�[32m[    2.468268] �[0m�[33mima�[0m: No TPM chip found, activating TPM-bypass!&#xD;&#xA;�[32m[    2.474460] �[0m�[33mevm�[0m: HMAC attrs: 0x1&#xD;&#xA;�[32m[    2.481292] �[0m�[33m  Magic number�[0m: 10:918:787&#xD;&#xA;�[32m[    2.485955] �[0m�[33mrtc_cmos 00:03�[0m: setting system clock to 2022-02-03 14:45:21 UTC (1643899521)&#xD;&#xA;�[32m[    2.494507] �[0mBIOS EDD facility v0.16 2004-Jun-25, 0 devices found&#xD;&#xA;�[32m[    2.500377] �[0mEDD information not available.&#xD;&#xA;�[32m[    2.504950] �[0m�[33mPM�[0m: Hibernation image not present or could not be loaded.&#xD;&#xA;�[32m[    2.507371] �[0m�[33mFreeing unused kernel memory�[0m: 1480K (ffffffff81f42000 - ffffffff820b4000)&#xD;&#xA;�[32m[    2.514635] �[0m�[33mWrite protecting the kernel read-only data�[0m: 14336k&#xD;&#xA;�[32m[    2.520519] �[0m�[33mFreeing unused kernel memory�[0m: 1860K (ffff88000182f000 - ffff880001a00000)&#xD;&#xA;�[32m[    2.528866] �[0m�[33mFreeing unused kernel memory�[0m: 168K (ffff880001dd6000 - ffff880001e00000)&#xD;&#xA;�[32m[    2.551220] �[0m�[33mscsi host0�[0m: Virtio SCSI HBA&#xD;&#xA;�[32m[    2.587746] �[0m�[33me1000�[0m: Intel(R) PRO/1000 Network Driver - version 7.3.21-k8-NAPI&#xD;&#xA;�[32m[    2.587749] �[0m�[33me1000�[0m: Copyright (c) 1999-2006 Intel Corporation.&#xD;&#xA;�[32m[    2.590546] �[0mne2k-pci.c:v1.03 9/22/2003 D. Becker/P. Gortmaker&#xD;&#xA;�[32m[    2.596308] �[0m�[33mpcnet32�[0m: pcnet32.c:v1.35 21.Apr.2008 tsbogend@alpha.franken.de&#xD;&#xA;�[32m[    2.600396] �[0m�[33mip_tables�[0m: (C) 2000-2006 Netfilter Core Team&#xD;&#xA;�[32m[    2.647553] �[0m�[33mEXT4-fs (vda1)�[0m: mounting ext3 file system using the ext4 subsystem&#xD;&#xA;�[32m[    2.651287] �[0m�[33mEXT4-fs (vda1)�[0m: mounted filesystem with ordered data mode. Opts: (null)&#xD;&#xA;�[32m[    2.659135] �[0m�[33mEXT4-fs (vda1)�[0m: mounting ext3 file system using the ext4 subsystem&#xD;&#xA;�[32m[    2.737413] �[0m�[33mEXT4-fs (vda1)�[0m: mounted filesystem with ordered data mode. Opts: (null)&#xD;&#xA;�[32m[    3.006499] �[0m�[33mEXT4-fs (vda1)�[0m: re-mounted. Opts: data=ordered&#xD;&#xA;�[32m[    3.031331] �[0m�[33mEXT4-fs (vda1)�[0m: re-mounted. Opts: data=ordered&#xD;&#xA;�[32m[    3.080668] �[0m�[33mrandom�[0m: dd urandom read with 25 bits of entropy available&#xD;&#xA;�[32m[    3.133802] �[0m�[33mISO 9660 Extensions�[0m: Microsoft Joliet Level 3&#xD;&#xA;�[32m[    3.135084] �[0m�[33mISO 9660 Extensions�[0m: RRIP_1991A&#xD;&#xA;�[32m[    4.112889] �[0m�[33mEXT4-fs (vda1)�[0m: resizing filesystem from 32768 to 35820 blocks&#xD;&#xA;�[32m[    4.114373] �[0m�[33mEXT4-fs (vda1)�[0m: resized filesystem to 35820&#xD;&#xA;�[32m[  263.228419] �[0m�[33mrandom�[0m: nonblocking pool is initialized&#xD;&#xA;$ &#xA;�[34mSent:�[39m &#34;echo $?\n&#34;&#xA;�[32mMatch for RE:�[39m &#34;echo \\$\\?((?s).*)\n0\r\n.*(\\$ |\\# )&#34; found: [&#34;echo $?\r\n0\r\n$ &#34; &#34;\r&#34; &#34;$ &#34;] Buffer: echo $?&#xD;&#xA;0&#xD;&#xA;$ &#xA;�[34mSent:�[39m &#34;lspci\n&#34;&#xA;�[32mMatch for RE:�[39m &#34;lspci((?s).*)(\\$ |\\# )&#34; found: [&#34;lspci\r\n00:00.0 Class 0600: 8086:29c0\r\n00:01.0 Class 0300: 1234:1111\r\n00:02.0 Class 0604: 1b36:000c\r\n00:02.1 Class 0604: 1b36:000c\r\n00:02.2 Class 0604: 1b36:000c\r\n00:02.3 Class 0604: 1b36:000c\r\n00:02.4 Class 0604: 1b36:000c\r\n00:02.5 Class 0604: 1b36:000c\r\n00:02.6 Class 0604: 1b36:000c\r\n00:1f.0 Class 0601: 8086:2918\r\n00:1f.2 Class 0106: 8086:2922\r\n00:1f.3 Class 0c05: 8086:2930\r\n01:00.0 Class 0200: 1af4:1041\r\n02:00.0 Class 0100: 1af4:1048\r\n03:00.0 Class 0780: 1af4:1043\r\n04:00.0 Class 0100: 1af4:1042\r\n05:00.0 Class 0100: 1af4:1042\r\n06:00.0 Class 00ff: 1af4:1045\r\n$ &#34; &#34;\r\n00:00.0 Class 0600: 8086:29c0\r\n00:01.0 Class 0300: 1234:1111\r\n00:02.0 Class 0604: 1b36:000c\r\n00:02.1 Class 0604: 1b36:000c\r\n00:02.2 Class 0604: 1b36:000c\r\n00:02.3 Class 0604: 1b36:000c\r\n00:02.4 Class 0604: 1b36:000c\r\n00:02.5 Class 0604: 1b36:000c\r\n00:02.6 Class 0604: 1b36:000c\r\n00:1f.0 Class 0601: 8086:2918\r\n00:1f.2 Class 0106: 8086:2922\r\n00:1f.3 Class 0c05: 8086:2930\r\n01:00.0 Class 0200: 1af4:1041\r\n02:00.0 Class 0100: 1af4:1048\r\n03:00.0 Class 0780: 1af4:1043\r\n04:00.0 Class 0100: 1af4:1042\r\n05:00.0 Class 0100: 1af4:1042\r\n06:00.0 Class 00ff: 1af4:1045\r\n&#34; &#34;$ &#34;] Buffer: lspci&#xD;&#xA;00:00.0 Class 0600: 8086:29c0&#xD;&#xA;00:01.0 Class 0300: 1234:1111&#xD;&#xA;00:02.0 Class 0604: 1b36:000c&#xD;&#xA;00:02.1 Class 0604: 1b36:000c&#xD;&#xA;00:02.2 Class 0604: 1b36:000c&#xD;&#xA;00:02.3 Class 0604: 1b36:000c&#xD;&#xA;00:02.4 Class 0604: 1b36:000c&#xD;&#xA;00:02.5 Class 0604: 1b36:000c&#xD;&#xA;00:02.6 Class 0604: 1b36:000c&#xD;&#xA;00:1f.0 Class 0601: 8086:2918&#xD;&#xA;00:1f.2 Class 0106: 8086:2922&#xD;&#xA;00:1f.3 Class 0c05: 8086:2930&#xD;&#xA;01:00.0 Class 0200: 1af4:1041&#xD;&#xA;02:00.0 Class 0100: 1af4:1048&#xD;&#xA;03:00.0 Class 0780: 1af4:1043&#xD;&#xA;04:00.0 Class 0100: 1af4:1042&#xD;&#xA;05:00.0 Class 0100: 1af4:1042&#xD;&#xA;06:00.0 Class 00ff: 1af4:1045&#xD;&#xA;$ &#xA;�[34mSent:�[39m &#34;echo $?\n&#34;&#xA;�[32mMatch for RE:�[39m &#34;echo \\$\\?((?s).*)\n0\r\n.*(\\$ |\\# )&#34; found: [&#34;echo $?\r\n0\r\n$ &#34; &#34;\r&#34; &#34;$ &#34;] Buffer: echo $?&#xD;&#xA;0&#xD;&#xA;$ &#xA;�[34mSent:�[39m &#34;arp\n&#34;&#xA;�[32mMatch for RE:�[39m &#34;arp((?s).*)(\\$ |\\# )&#34; found: [&#34;arp\r\n? (10.0.2.1) at 02:00:00:00:00:00 [ether]  on eth0\r\n$ &#34; &#34;\r\n? (10.0.2.1) at 02:00:00:00:00:00 [ether]  on eth0\r\n&#34; &#34;$ &#34;] Buffer: arp&#xD;&#xA;? (10.0.2.1) at 02:00:00:00:00:00 [ether]  on eth0&#xD;&#xA;$ &#xA;�[34mSent:�[39m &#34;echo $?\n&#34;&#xA;�[32mMatch for RE:�[39m &#34;echo \\$\\?((?s).*)\n0\r\n.*(\\$ |\\# )&#34; found: [&#34;echo $?\r\n0\r\n$ &#34; &#34;\r&#34; &#34;$ &#34;] Buffer: echo $?&#xD;&#xA;0&#xD;&#xA;$ &#xA;�[34mSent:�[39m &#34;\n&#34;&#xA;�[32mMatch for RE:�[39m &#34;\\$&#34; found: [&#34;$&#34;] Buffer: &#xD;&#xA;$&#xA;&#xA;{&#xA;    &#34;metadata&#34;: {},&#xA;    &#34;items&#34;: [&#xA;        {&#xA;            &#34;metadata&#34;: {&#xA;                &#34;name&#34;: &#34;test-migration-jg98l.16d04def1257cbad&#34;,&#xA;                &#34;namespace&#34;: &#34;kubevirt-test-default1&#34;,&#xA;                &#34;uid&#34;: &#34;ac95eb3f-cb8e-4e43-9146-4b48018758f3&#34;,&#xA;                &#34;resourceVersion&#34;: &#34;208641&#34;,&#xA;                &#34;creationTimestamp&#34;: &#34;2022-02-03T14:45:53Z&#34;,&#xA;                &#34;managedFields&#34;: [&#xA;                    {&#xA;                        &#34;manager&#34;: &#34;virt-controller&#34;,&#xA;                        &#34;operation&#34;: &#34;Update&#34;,&#xA;                        &#34;apiVersion&#34;: &#34;v1&#34;,&#xA;                        &#34;time&#34;: &#34;2022-02-03T14:45:53Z&#34;,&#xA;                        &#34;fieldsType&#34;: &#34;FieldsV1&#34;,&#xA;                        &#34;fieldsV1&#34;: {&#xA;                            &#34;f:count&#34;: {},&#xA;                            &#34;f:firstTimestamp&#34;: {},&#xA;                            &#34;f:involvedObject&#34;: {},&#xA;                            &#34;f:lastTimestamp&#34;: {},&#xA;                            &#34;f:message&#34;: {},&#xA;                            &#34;f:reason&#34;: {},&#xA;                            &#34;f:source&#34;: {&#xA;                                &#34;f:component&#34;: {}&#xA;                            },&#xA;                            &#34;f:type&#34;: {}&#xA;                        }&#xA;                    }&#xA;                ]&#xA;            },&#xA;            &#34;involvedObject&#34;: {&#xA;                &#34;kind&#34;: &#34;VirtualMachineInstanceMigration&#34;,&#xA;                &#34;namespace&#34;: &#34;kubevirt-test-default1&#34;,&#xA;                &#34;name&#34;: &#34;test-migration-jg98l&#34;,&#xA;                &#34;uid&#34;: &#34;b14a92b9-d44c-4305-9044-571be937af5c&#34;,&#xA;                &#34;apiVersion&#34;: &#34;kubevirt.io/v1&#34;,&#xA;                &#34;resourceVersion&#34;: &#34;208638&#34;&#xA;            },&#xA;            &#34;reason&#34;: &#34;FailedMigration&#34;,&#xA;            &#34;message&#34;: &#34;VMI&#39;s migration state was taken over by another migration job during active migration.&#34;,&#xA;            &#34;source&#34;: {&#xA;                &#34;component&#34;: &#34;virtualmachine-controller&#34;&#xA;            },&#xA;            &#34;firstTimestamp&#34;: &#34;2022-02-03T14:45:53Z&#34;,&#xA;            &#34;lastTimestamp&#34;: &#34;2022-02-03T14:45:53Z&#34;,&#xA;            &#34;count&#34;: 1,&#xA;            &#34;type&#34;: &#34;Warning&#34;,&#xA;            &#34;eventTime&#34;: null,&#xA;            &#34;reportingComponent&#34;: &#34;&#34;,&#xA;            &#34;reportingInstance&#34;: &#34;&#34;&#xA;        }&#xA;    ]&#xA;}</system-out>
      </testcase>
      <testcase name="[Serial][rfe_id:393][crit:high][vendor:cnv-qe@redhat.com][level:system][sig-compute] VM Live Migration Starting a VirtualMachineInstance  with a Cirros disk [test_id:6969]should be successfully migrate with a tablet device" classname="Tests Suite" time="38.346104527"></testcase>
      <testcase name="[Serial][rfe_id:393][crit:high][vendor:cnv-qe@redhat.com][level:system][sig-compute] VM Live Migration Starting a VirtualMachineInstance  with a Cirros disk [test_id:6970]should migrate vmi with cdroms on various bus types" classname="Tests Suite" time="39.363294399"></testcase>
      <testcase name="[Serial][rfe_id:393][crit:high][vendor:cnv-qe@redhat.com][level:system][sig-compute] VM Live Migration Starting a VirtualMachineInstance  with a Cirros disk should migrate vmi and use Live Migration method with read-only disks" classname="Tests Suite" time="60.15506403"></testcase>
      <testcase name="[Serial][rfe_id:393][crit:high][vendor:cnv-qe@redhat.com][level:system][sig-compute] VM Live Migration Starting a VirtualMachineInstance  with a Cirros disk [test_id:6971]should migrate with a downwardMetrics disk" classname="Tests Suite" time="73.146566102"></testcase>
      <testcase name="[Serial][rfe_id:393][crit:high][vendor:cnv-qe@redhat.com][level:system][sig-compute] VM Live Migration Starting a VirtualMachineInstance  with a Cirros disk [test_id:6842]should migrate with TSC frequency set" classname="Tests Suite" time="0">
          <skipped></skipped>
      </testcase>
      <testcase name="[Serial][rfe_id:393][crit:high][vendor:cnv-qe@redhat.com][level:system][sig-compute] VM Live Migration Starting a VirtualMachineInstance  with a Cirros disk [test_id:4113]should be successfully migrate with cloud-init disk with devices on the root bus" classname="Tests Suite" time="36.776446858"></testcase>
      <testcase name="[Serial][rfe_id:393][crit:high][vendor:cnv-qe@redhat.com][level:system][sig-compute] VM Live Migration Starting a VirtualMachineInstance  with a Cirros disk [test_id:1783]should be successfully migrated multiple times with cloud-init disk" classname="Tests Suite" time="82.881691634"></testcase>
      <testcase name="[Serial][rfe_id:393][crit:high][vendor:cnv-qe@redhat.com][level:system][sig-compute] VM Live Migration Starting a VirtualMachineInstance  with a Cirros disk [test_id:4746]should migrate even if libvirt has restarted at some point." classname="Tests Suite" time="67.022585162"></testcase>
      <testcase name="[Serial][rfe_id:393][crit:high][vendor:cnv-qe@redhat.com][level:system][sig-compute] VM Live Migration Starting a VirtualMachineInstance  with a Cirros disk [test_id:6972]should migrate to a persistent (non-transient) libvirt domain." classname="Tests Suite" time="39.272592705"></testcase>
      <testcase name="[Serial][rfe_id:393][crit:high][vendor:cnv-qe@redhat.com][level:system][sig-compute] VM Live Migration Starting a VirtualMachineInstance  with a Cirros disk [test_id:6973]should be able to successfully migrate with a paused vmi" classname="Tests Suite" time="38.019018759"></testcase>
      <testcase name="[Serial][rfe_id:393][crit:high][vendor:cnv-qe@redhat.com][level:system][sig-compute] VM Live Migration Starting a VirtualMachineInstance  with an pending target pod should automatically cancel unschedulable migration after a timeout period" classname="Tests Suite" time="159.686459185"></testcase>
      <testcase name="[Serial][rfe_id:393][crit:high][vendor:cnv-qe@redhat.com][level:system][sig-compute] VM Live Migration Starting a VirtualMachineInstance  with an pending target pod should automatically cancel pending target pod after a catch all timeout period" classname="Tests Suite" time="162.62361708"></testcase>
      <testcase name="[Serial][rfe_id:393][crit:high][vendor:cnv-qe@redhat.com][level:system][sig-compute] VM Live Migration Starting a VirtualMachineInstance  with auto converge enabled [test_id:3237]should complete a migration" classname="Tests Suite" time="94.437817523"></testcase>
      <testcase name="[Serial][rfe_id:393][crit:high][vendor:cnv-qe@redhat.com][level:system][sig-compute] VM Live Migration Starting a VirtualMachineInstance  with setting guest time [test_id:4114]should set an updated time after a migration" classname="Tests Suite" time="65.337240788"></testcase>
      <testcase name="[Serial][rfe_id:393][crit:high][vendor:cnv-qe@redhat.com][level:system][sig-compute] VM Live Migration Starting a VirtualMachineInstance  with an Alpine DataVolume [test_id:3239]should reject a migration of a vmi with a non-shared data volume" classname="Tests Suite" time="59.729983898"></testcase>
      <testcase name="[Serial][rfe_id:393][crit:high][vendor:cnv-qe@redhat.com][level:system][sig-compute] VM Live Migration Starting a VirtualMachineInstance  with an Alpine DataVolume [test_id:1479][storage-req] should migrate a vmi with a shared block disk" classname="Tests Suite" time="72.659227192"></testcase>
      <testcase name="[Serial][rfe_id:393][crit:high][vendor:cnv-qe@redhat.com][level:system][sig-compute] VM Live Migration Starting a VirtualMachineInstance  with an Alpine DataVolume [test_id:6974]should reject additional migrations on the same VMI if the first one is not finished" classname="Tests Suite" time="93.372179968"></testcase>
      <testcase name="[Serial][rfe_id:393][crit:high][vendor:cnv-qe@redhat.com][level:system][sig-compute] VM Live Migration Starting a VirtualMachineInstance  [storage-req]with an Alpine shared block volume PVC [test_id:1854]should migrate a VMI with shared and non-shared disks" classname="Tests Suite" time="62.151665858"></testcase>
      <testcase name="[Serial][rfe_id:393][crit:high][vendor:cnv-qe@redhat.com][level:system][sig-compute] VM Live Migration Starting a VirtualMachineInstance  [storage-req]with an Alpine shared block volume PVC [release-blocker][test_id:1377]should be successfully migrated multiple times" classname="Tests Suite" time="68.828246186"></testcase>
      <testcase name="[Serial][rfe_id:393][crit:high][vendor:cnv-qe@redhat.com][level:system][sig-compute] VM Live Migration Starting a VirtualMachineInstance  [storage-req]with an Cirros shared block volume PVC [test_id:3240]should be successfully with a cloud init" classname="Tests Suite" time="53.195598215"></testcase>
      <testcase name="[Serial][rfe_id:393][crit:high][vendor:cnv-qe@redhat.com][level:system][sig-compute] VM Live Migration Starting a VirtualMachineInstance  with a Fedora shared NFS PVC (using nfs ipv4 address), cloud init and service account [test_id:2653] should be migrated successfully, using guest agent on VM with default migration configuration" classname="Tests Suite" time="242.801238548"></testcase>
      <testcase name="[Serial][rfe_id:393][crit:high][vendor:cnv-qe@redhat.com][level:system][sig-compute] VM Live Migration Starting a VirtualMachineInstance  with a Fedora shared NFS PVC (using nfs ipv4 address), cloud init and service account [test_id:6975] should have guest agent functional after migration" classname="Tests Suite" time="506.671100508"></testcase>
      <testcase name="[Serial][rfe_id:393][crit:high][vendor:cnv-qe@redhat.com][level:system][sig-compute] VM Live Migration Starting a VirtualMachineInstance  migration security with TLS disabled [test_id:6976] should be successfully migrated" classname="Tests Suite" time="44.646468229"></testcase>
      <testcase name="[Serial][rfe_id:393][crit:high][vendor:cnv-qe@redhat.com][level:system][sig-compute] VM Live Migration Starting a VirtualMachineInstance  migration security with TLS disabled [test_id:6977]should not secure migrations with TLS" classname="Tests Suite" time="77.204413865"></testcase>
      <testcase name="[Serial][rfe_id:393][crit:high][vendor:cnv-qe@redhat.com][level:system][sig-compute] VM Live Migration Starting a VirtualMachineInstance  migration security with TLS enabled [test_id:2303][posneg:negative] should secure migrations with TLS" classname="Tests Suite" time="79.858602889"></testcase>
      <testcase name="[Serial][rfe_id:393][crit:high][vendor:cnv-qe@redhat.com][level:system][sig-compute] VM Live Migration Starting a VirtualMachineInstance  migration postcopy [test_id:5004] should be migrated successfully, using guest agent on VM with postcopy" classname="Tests Suite" time="267.956873595"></testcase>
      <testcase name="[Serial][rfe_id:393][crit:high][vendor:cnv-qe@redhat.com][level:system][sig-compute] VM Live Migration Starting a VirtualMachineInstance  migration postcopy [QUARANTINE][test_id:4747] should migrate using cluster level config for postcopy" classname="Tests Suite" time="0">
          <skipped></skipped>
      </testcase>
      <testcase name="[Serial][rfe_id:393][crit:high][vendor:cnv-qe@redhat.com][level:system][sig-compute] VM Live Migration Starting a VirtualMachineInstance  migration monitor [test_id:2227] should abort a vmi migration without progress" classname="Tests Suite" time="0">
          <skipped></skipped>
      </testcase>
      <testcase name="[Serial][rfe_id:393][crit:high][vendor:cnv-qe@redhat.com][level:system][sig-compute] VM Live Migration Starting a VirtualMachineInstance  migration monitor [test_id:6978][QUARANTINE] Should detect a failed migration" classname="Tests Suite" time="0">
          <skipped></skipped>
      </testcase>
      <testcase name="[Serial][rfe_id:393][crit:high][vendor:cnv-qe@redhat.com][level:system][sig-compute] VM Live Migration Starting a VirtualMachineInstance  migration monitor old finalized migrations should get garbage collected" classname="Tests Suite" time="142.793870384"></testcase>
      <testcase name="[Serial][rfe_id:393][crit:high][vendor:cnv-qe@redhat.com][level:system][sig-compute] VM Live Migration Starting a VirtualMachineInstance  migration monitor [test_id:6979]Target pod should exit after failed migration" classname="Tests Suite" time="35.931015778"></testcase>
      <testcase name="[Serial][rfe_id:393][crit:high][vendor:cnv-qe@redhat.com][level:system][sig-compute] VM Live Migration Starting a VirtualMachineInstance  migration monitor [test_id:6980]Migration should fail if target pod fails during target preparation" classname="Tests Suite" time="34.837691454"></testcase>
      <testcase name="[Serial][rfe_id:393][crit:high][vendor:cnv-qe@redhat.com][level:system][sig-compute] VM Live Migration Starting a VirtualMachineInstance  migration monitor Migration should generate empty isos of the right size on the target" classname="Tests Suite" time="34.006020039"></testcase>
      <testcase name="[Serial][rfe_id:393][crit:high][vendor:cnv-qe@redhat.com][level:system][sig-compute] VM Live Migration Starting a VirtualMachineInstance  [storage-req]with an Cirros non-shared block volume PVC [test_id:1862][posneg:negative]should reject migrations for a non-migratable vmi" classname="Tests Suite" time="42.759991299"></testcase>
      <testcase name="[Serial][rfe_id:393][crit:high][vendor:cnv-qe@redhat.com][level:system][sig-compute] VM Live Migration Starting a VirtualMachineInstance  live migration cancelation should be able to cancel a migration [sig-storage][test_id:2226] with ContainerDisk" classname="Tests Suite" time="82.916022183"></testcase>
      <testcase name="[Serial][rfe_id:393][crit:high][vendor:cnv-qe@redhat.com][level:system][sig-compute] VM Live Migration Starting a VirtualMachineInstance  live migration cancelation should be able to cancel a migration [sig-storage][storage-req][test_id:2731] with RWX block disk from block volume PVC" classname="Tests Suite" time="161.997636305"></testcase>
      <testcase name="[Serial][rfe_id:393][crit:high][vendor:cnv-qe@redhat.com][level:system][sig-compute] VM Live Migration Starting a VirtualMachineInstance  live migration cancelation [sig-compute][test_id:3241]should be able to cancel a migration right after posting it" classname="Tests Suite" time="67.161148606"></testcase>
      <testcase name="[Serial][rfe_id:393][crit:high][vendor:cnv-qe@redhat.com][level:system][sig-compute] VM Live Migration Starting a VirtualMachineInstance  with a host-model cpu [test_id:6981]should migrate only to nodes supporting right cpu model" classname="Tests Suite" time="24.061445916"></testcase>
      <testcase name="[Serial][rfe_id:393][crit:high][vendor:cnv-qe@redhat.com][level:system][sig-compute] VM Live Migration Starting a VirtualMachineInstance  with a host-model cpu [Serial]Should trigger event [test_id:7505]when no node is suited for host model" classname="Tests Suite" time="17.035317391"></testcase>
      <testcase name="[Serial][rfe_id:393][crit:high][vendor:cnv-qe@redhat.com][level:system][sig-compute] VM Live Migration Starting a VirtualMachineInstance  with migration policies migration policy should override cluster-wide policy if defined" classname="Tests Suite" time="24.72499075"></testcase>
      <testcase name="[Serial][rfe_id:393][crit:high][vendor:cnv-qe@redhat.com][level:system][sig-compute] VM Live Migration Starting a VirtualMachineInstance  with migration policies migration policy should not affect cluster-wide policy if not defined" classname="Tests Suite" time="27.094328757"></testcase>
      <testcase name="[Serial][rfe_id:393][crit:high][vendor:cnv-qe@redhat.com][level:system][sig-compute] VM Live Migration with sata disks [test_id:1853]VM with containerDisk + CloudInit + ServiceAccount + ConfigMap + Secret + DownwardAPI + External Kernel Boot" classname="Tests Suite" time="36.660862635"></testcase>
      <testcase name="[Serial][rfe_id:393][crit:high][vendor:cnv-qe@redhat.com][level:system][sig-compute] VM Live Migration with a live-migrate eviction strategy set [ref_id:2293] with a VMI running with an eviction strategy set [test_id:3242]should block the eviction api and migrate" classname="Tests Suite" time="26.182086701"></testcase>
      <testcase name="[Serial][rfe_id:393][crit:high][vendor:cnv-qe@redhat.com][level:system][sig-compute] VM Live Migration with a live-migrate eviction strategy set [ref_id:2293] with a VMI running with an eviction strategy set [sig-compute][test_id:3243]should recreate the PDB if VMIs with similar names are recreated" classname="Tests Suite" time="53.436248303"></testcase>
      <testcase name="[Serial][rfe_id:393][crit:high][vendor:cnv-qe@redhat.com][level:system][sig-compute] VM Live Migration with a live-migrate eviction strategy set [ref_id:2293] with a VMI running with an eviction strategy set [sig-compute][test_id:7680]should delete PDBs created by an old virt-controller" classname="Tests Suite" time="15.603731343"></testcase>
      <testcase name="[Serial][rfe_id:393][crit:high][vendor:cnv-qe@redhat.com][level:system][sig-compute] VM Live Migration with a live-migrate eviction strategy set [ref_id:2293] with a VMI running with an eviction strategy set [test_id:3244]should block the eviction api while a slow migration is in progress" classname="Tests Suite" time="79.140916866"></testcase>
      <testcase name="[Serial][rfe_id:393][crit:high][vendor:cnv-qe@redhat.com][level:system][sig-compute] VM Live Migration with a live-migrate eviction strategy set [ref_id:2293] with a VMI running with an eviction strategy set with node tainted during node drain [test_id:6982]should migrate a VMI only one time" classname="Tests Suite" time="92.62098112"></testcase>
      <testcase name="[Serial][rfe_id:393][crit:high][vendor:cnv-qe@redhat.com][level:system][sig-compute] VM Live Migration with a live-migrate eviction strategy set [ref_id:2293] with a VMI running with an eviction strategy set with node tainted during node drain [test_id:2221] should migrate a VMI under load to another node" classname="Tests Suite" time="84.952302284"></testcase>
      <testcase name="[Serial][rfe_id:393][crit:high][vendor:cnv-qe@redhat.com][level:system][sig-compute] VM Live Migration with a live-migrate eviction strategy set [ref_id:2293] with a VMI running with an eviction strategy set with node tainted during node drain [test_id:2222] should migrate a VMI when custom taint key is configured" classname="Tests Suite" time="36.379258878"></testcase>
      <testcase name="[Serial][rfe_id:393][crit:high][vendor:cnv-qe@redhat.com][level:system][sig-compute] VM Live Migration with a live-migrate eviction strategy set [ref_id:2293] with a VMI running with an eviction strategy set with node tainted during node drain [test_id:2224] should handle mixture of VMs with different eviction strategies." classname="Tests Suite" time="58.832089952"></testcase>
      <testcase name="[Serial][rfe_id:393][crit:high][vendor:cnv-qe@redhat.com][level:system][sig-compute] VM Live Migration with a live-migrate eviction strategy set with multiple VMIs with eviction policies set [release-blocker][test_id:3245]should not migrate more than two VMIs at the same time from a node" classname="Tests Suite" time="49.126603225"></testcase>
      <testcase name="[Serial][rfe_id:393][crit:high][vendor:cnv-qe@redhat.com][level:system][sig-compute] VM Live Migration With Huge Pages should consume hugepages  [test_id:6983]hugepages-2Mi" classname="Tests Suite" time="33.828803125"></testcase>
      <testcase name="[Serial][rfe_id:393][crit:high][vendor:cnv-qe@redhat.com][level:system][sig-compute] VM Live Migration With Huge Pages should consume hugepages  [test_id:6984]hugepages-1Gi" classname="Tests Suite" time="4.623131569">
          <skipped></skipped>
      </testcase>
      <testcase name="[Serial][rfe_id:393][crit:high][vendor:cnv-qe@redhat.com][level:system][sig-compute] VM Live Migration with CPU pinning and huge pages should not make migrations fail" classname="Tests Suite" time="0">
          <skipped></skipped>
      </testcase>
      <testcase name="[Serial][rfe_id:393][crit:high][vendor:cnv-qe@redhat.com][level:system][sig-compute] VM Live Migration with CPU pinning and huge pages and NUMA passthrough should not make migrations fail" classname="Tests Suite" time="0">
          <skipped></skipped>
      </testcase>
      <testcase name="[Serial][rfe_id:393][crit:high][vendor:cnv-qe@redhat.com][level:system][sig-compute] VM Live Migration should replace containerdisk and kernel boot images with their reproducible digest during migration" classname="Tests Suite" time="0">
          <skipped></skipped>
      </testcase>
      <testcase name="[Serial][rfe_id:393][crit:high][vendor:cnv-qe@redhat.com][level:system][sig-compute] VM Live Migration with dedicated CPUs should successfully update a VMI&#39;s CPU set on migration" classname="Tests Suite" time="44.665392632"></testcase>
      <testcase name="[sig-compute]oc/kubectl integration [test_id:3812]explain vm/vmi [test_id:3810]explain vm" classname="Tests Suite" time="0">
          <skipped></skipped>
      </testcase>
      <testcase name="[sig-compute]oc/kubectl integration [test_id:3812]explain vm/vmi [test_id:3811]explain vmi" classname="Tests Suite" time="0">
          <skipped></skipped>
      </testcase>
      <testcase name="[sig-compute]oc/kubectl integration [test_id:3812]explain vm/vmi [test_id:5178]explain vmim" classname="Tests Suite" time="0">
          <skipped></skipped>
      </testcase>
      <testcase name="[sig-compute]oc/kubectl integration [test_id:3812]explain vm/vmi [test_id:5179]explain kv" classname="Tests Suite" time="0">
          <skipped></skipped>
      </testcase>
      <testcase name="[sig-compute]oc/kubectl integration [test_id:3812]explain vm/vmi [test_id:5180]explain vmsnapshot" classname="Tests Suite" time="0">
          <skipped></skipped>
      </testcase>
      <testcase name="[sig-compute]oc/kubectl integration [test_id:3812]explain vm/vmi [test_id:5181]explain vmsnapshotcontent" classname="Tests Suite" time="0">
          <skipped></skipped>
      </testcase>
      <testcase name="[sig-compute]oc/kubectl integration [test_id:5182]vmipreset have validation" classname="Tests Suite" time="0">
          <skipped></skipped>
      </testcase>
      <testcase name="[sig-compute]oc/kubectl integration [test_id:5183]vmirs have validation" classname="Tests Suite" time="0">
          <skipped></skipped>
      </testcase>
      <testcase name="[sig-compute]oc/kubectl integration [rfe_id:3423][vendor:cnv-qe@redhat.com][level:component]oc/kubectl get vm/vmi tests should verify set of columns for [test_id:3464]virtualmachine" classname="Tests Suite" time="0">
          <skipped></skipped>
      </testcase>
      <testcase name="[sig-compute]oc/kubectl integration [rfe_id:3423][vendor:cnv-qe@redhat.com][level:component]oc/kubectl get vm/vmi tests should verify set of columns for [test_id:3465]virtualmachineinstance" classname="Tests Suite" time="0">
          <skipped></skipped>
      </testcase>
      <testcase name="[sig-compute]oc/kubectl integration [rfe_id:3423][vendor:cnv-qe@redhat.com][level:component]oc/kubectl get vm/vmi tests should verify set of wide columns for [test_id:3468]virtualmachine" classname="Tests Suite" time="0">
          <skipped></skipped>
      </testcase>
      <testcase name="[sig-compute]oc/kubectl integration [rfe_id:3423][vendor:cnv-qe@redhat.com][level:component]oc/kubectl get vm/vmi tests should verify set of wide columns for [test_id:3466]virtualmachineinstance" classname="Tests Suite" time="0">
          <skipped></skipped>
      </testcase>
      <testcase name="[sig-compute]oc/kubectl integration VM instance migration &#39;kubectl get vmim&#39; print the expected columns and their corresponding values" classname="Tests Suite" time="0">
          <skipped></skipped>
      </testcase>
      <testcase name="[sig-compute]Controller devices with ephemeral disk a scsi controller should appear if enabled" classname="Tests Suite" time="0">
          <skipped></skipped>
      </testcase>
      <testcase name="[sig-compute]Controller devices with ephemeral disk a scsi controller should NOT appear if disabled" classname="Tests Suite" time="0">
          <skipped></skipped>
      </testcase>
      <testcase name="[Serial]SRIOV VirtualMachineInstance with sriov plugin interface Connected to single SRIOV network should block migration for SR-IOV VMI&#39;s when LiveMigration feature-gate is on but SRIOVLiveMigration is off" classname="Tests Suite" time="0">
          <skipped></skipped>
      </testcase>
      <testcase name="[Serial]SRIOV VirtualMachineInstance with sriov plugin interface Connected to single SRIOV network should have cloud-init meta_data with tagged sriov nics" classname="Tests Suite" time="0">
          <skipped></skipped>
      </testcase>
      <testcase name="[Serial]SRIOV VirtualMachineInstance with sriov plugin interface Connected to single SRIOV network [test_id:1754]should create a virtual machine with sriov interface" classname="Tests Suite" time="0">
          <skipped></skipped>
      </testcase>
      <testcase name="[Serial]SRIOV VirtualMachineInstance with sriov plugin interface Connected to single SRIOV network [test_id:1754]should create a virtual machine with sriov interface with all pci devices on the root bus" classname="Tests Suite" time="0">
          <skipped></skipped>
      </testcase>
      <testcase name="[Serial]SRIOV VirtualMachineInstance with sriov plugin interface Connected to single SRIOV network [test_id:3959]should create a virtual machine with sriov interface and dedicatedCPUs" classname="Tests Suite" time="0">
          <skipped></skipped>
      </testcase>
      <testcase name="[Serial]SRIOV VirtualMachineInstance with sriov plugin interface Connected to single SRIOV network [test_id:3985]should create a virtual machine with sriov interface with custom MAC address" classname="Tests Suite" time="0">
          <skipped></skipped>
      </testcase>
      <testcase name="[Serial]SRIOV VirtualMachineInstance with sriov plugin interface Connected to single SRIOV network migration should be successful with a running VMI on the target" classname="Tests Suite" time="0">
          <skipped></skipped>
      </testcase>
      <testcase name="[Serial]SRIOV VirtualMachineInstance with sriov plugin interface Connected to two SRIOV networks [test_id:1755]should create a virtual machine with two sriov interfaces referring the same resource" classname="Tests Suite" time="0">
          <skipped></skipped>
      </testcase>
      <testcase name="[Serial]SRIOV VirtualMachineInstance with sriov plugin interface Connected to link-enabled SRIOV network [test_id:3956]should connect to another machine with sriov interface over IPv4" classname="Tests Suite" time="0">
          <skipped></skipped>
      </testcase>
      <testcase name="[Serial]SRIOV VirtualMachineInstance with sriov plugin interface Connected to link-enabled SRIOV network [test_id:3957]should connect to another machine with sriov interface over IPv6" classname="Tests Suite" time="0">
          <skipped></skipped>
      </testcase>
      <testcase name="[Serial]SRIOV VirtualMachineInstance with sriov plugin interface Connected to link-enabled SRIOV network With VLAN should be able to ping between two VMIs with the same VLAN over SRIOV network" classname="Tests Suite" time="0">
          <skipped></skipped>
      </testcase>
      <testcase name="[Serial]SRIOV VirtualMachineInstance with sriov plugin interface Connected to link-enabled SRIOV network With VLAN should NOT be able to ping between Vlaned VMI and a non Vlaned VMI" classname="Tests Suite" time="0">
          <skipped></skipped>
      </testcase>
      <testcase name="[sig-storage] [Serial]VirtualMachineSnapshot Tests With simple VM [test_id:4609]should successfully create a snapshot" classname="Tests Suite" time="0">
          <skipped></skipped>
      </testcase>
      <testcase name="[sig-storage] [Serial]VirtualMachineSnapshot Tests With simple VM [test_id:4610]create a snapshot when VM is running should succeed" classname="Tests Suite" time="0">
          <skipped></skipped>
      </testcase>
      <testcase name="[sig-storage] [Serial]VirtualMachineSnapshot Tests With simple VM VM should contain snapshot status for all volumes" classname="Tests Suite" time="0">
          <skipped></skipped>
      </testcase>
      <testcase name="[sig-storage] [Serial]VirtualMachineSnapshot Tests [storage-req] With online vm snapshot [test_id:6767]with volumes and guest agent available" classname="Tests Suite" time="0">
          <skipped></skipped>
      </testcase>
      <testcase name="[sig-storage] [Serial]VirtualMachineSnapshot Tests [storage-req] With online vm snapshot [test_id:6768]with volumes and no guest agent available" classname="Tests Suite" time="0">
          <skipped></skipped>
      </testcase>
      <testcase name="[sig-storage] [Serial]VirtualMachineSnapshot Tests [storage-req] With online vm snapshot [test_id:6769]without volumes with guest agent available" classname="Tests Suite" time="0">
          <skipped></skipped>
      </testcase>
      <testcase name="[sig-storage] [Serial]VirtualMachineSnapshot Tests [storage-req] With online vm snapshot [test_id:6837]delete snapshot after freeze, expect vm unfreeze" classname="Tests Suite" time="0">
          <skipped></skipped>
      </testcase>
      <testcase name="[sig-storage] [Serial]VirtualMachineSnapshot Tests [storage-req] With online vm snapshot [test_id:6949]should unfreeze vm if snapshot fails when deadline exceeded" classname="Tests Suite" time="0">
          <skipped></skipped>
      </testcase>
      <testcase name="[sig-storage] [Serial]VirtualMachineSnapshot Tests [storage-req] With online vm snapshot [test_id:7472]should succeed online snapshot with hot plug disk" classname="Tests Suite" time="0">
          <skipped></skipped>
      </testcase>
      <testcase name="[sig-storage] [Serial]VirtualMachineSnapshot Tests [storage-req] With online vm snapshot Calling Velero hooks should freeze/unfreeze VM" classname="Tests Suite" time="0">
          <skipped></skipped>
      </testcase>
      <testcase name="[sig-storage] [Serial]VirtualMachineSnapshot Tests [storage-req] With more complicated VM [test_id:4611]should successfully create a snapshot" classname="Tests Suite" time="0">
          <skipped></skipped>
      </testcase>
      <testcase name="[sig-storage] [Serial]VirtualMachineSnapshot Tests [storage-req] With more complicated VM should successfully recreate status" classname="Tests Suite" time="0">
          <skipped></skipped>
      </testcase>
      <testcase name="[sig-storage] [Serial]VirtualMachineSnapshot Tests [storage-req] With more complicated VM VM should contain snapshot status for all volumes" classname="Tests Suite" time="0">
          <skipped></skipped>
      </testcase>
      <testcase name="[sig-storage] [Serial]VirtualMachineSnapshot Tests [storage-req] With more complicated VM should error if VolumeSnapshot deleted" classname="Tests Suite" time="0">
          <skipped></skipped>
      </testcase>
      <testcase name="[sig-storage] [Serial]VirtualMachineSnapshot Tests [storage-req] With more complicated VM should not error if VolumeSnapshot has error" classname="Tests Suite" time="0">
          <skipped></skipped>
      </testcase>
      <testcase name="[sig-storage] [Serial]VirtualMachineSnapshot Tests [storage-req] With more complicated VM [test_id:6952]snapshot change phase to in progress and succeeded and then should not fail" classname="Tests Suite" time="0">
          <skipped></skipped>
      </testcase>
      <testcase name="[sig-storage] [Serial]VirtualMachineSnapshot Tests [storage-req] With more complicated VM [test_id:6838]snapshot should fail when deadline exceeded due to volume snapshots failure" classname="Tests Suite" time="0">
          <skipped></skipped>
      </testcase>
      <testcase name="[sig-compute]MultiQueue MultiQueue Behavior [test_id:4599]should be able to successfully boot fedora to the login prompt with networking mutiqueues enabled without being blocked by selinux" classname="Tests Suite" time="0">
          <skipped></skipped>
      </testcase>
      <testcase name="[sig-compute]MultiQueue MultiQueue Behavior [test_id:959][rfe_id:2065] Should honor multiQueue requests" classname="Tests Suite" time="0">
          <skipped></skipped>
      </testcase>
      <testcase name="[sig-compute]MultiQueue MultiQueue Behavior should be able to create a multi-queue VMI when requesting a single vCPU" classname="Tests Suite" time="0">
          <skipped></skipped>
      </testcase>
      <testcase name="[sig-compute]NonRoot feature should cause fail in creating of vmi with [test_id:7126]SRIOV" classname="Tests Suite" time="0">
          <skipped></skipped>
      </testcase>
      <testcase name="[sig-compute]NonRoot feature should cause fail in creating of vmi with [test_id:7127]VirtioFS" classname="Tests Suite" time="0">
          <skipped></skipped>
      </testcase>
      <testcase name="[sig-compute]NonRoot feature [verify-nonroot] NonRoot feature Fails if can&#39;t be tested" classname="Tests Suite" time="0">
          <skipped></skipped>
      </testcase>
      <testcase name="[rfe_id:3064][crit:medium][vendor:cnv-qe@redhat.com][level:component][sig-compute]Pausing A valid VMI when paused via API [test_id:4597]should signal paused state with condition" classname="Tests Suite" time="0">
          <skipped></skipped>
      </testcase>
      <testcase name="[rfe_id:3064][crit:medium][vendor:cnv-qe@redhat.com][level:component][sig-compute]Pausing A valid VMI when paused via virtctl [test_id:3079]should signal paused state with condition" classname="Tests Suite" time="0">
          <skipped></skipped>
      </testcase>
      <testcase name="[rfe_id:3064][crit:medium][vendor:cnv-qe@redhat.com][level:component][sig-compute]Pausing A valid VMI when paused via virtctl [test_id:3080]should signal unpaused state with removed condition" classname="Tests Suite" time="0">
          <skipped></skipped>
      </testcase>
      <testcase name="[rfe_id:3064][crit:medium][vendor:cnv-qe@redhat.com][level:component][sig-compute]Pausing A valid VMI when paused via virtctl multiple times [test_id:3225]should signal unpaused state with removed condition at the end" classname="Tests Suite" time="0">
          <skipped></skipped>
      </testcase>
      <testcase name="[rfe_id:3064][crit:medium][vendor:cnv-qe@redhat.com][level:component][sig-compute]Pausing A valid VMI with a LivenessProbe configured when paused via virtctl [test_id:3224]should not be paused" classname="Tests Suite" time="0">
          <skipped></skipped>
      </testcase>
      <testcase name="[rfe_id:3064][crit:medium][vendor:cnv-qe@redhat.com][level:component][sig-compute]Pausing A valid VMI when paused via virtctl with --dry-run flag [test_id:7671]should not paused" classname="Tests Suite" time="0">
          <skipped></skipped>
      </testcase>
      <testcase name="[rfe_id:3064][crit:medium][vendor:cnv-qe@redhat.com][level:component][sig-compute]Pausing A valid VMI when unpaused via virtctl with --dry-run flag [test_id:7672]should not unpaused" classname="Tests Suite" time="0">
          <skipped></skipped>
      </testcase>
      <testcase name="[rfe_id:3064][crit:medium][vendor:cnv-qe@redhat.com][level:component][sig-compute]Pausing A valid VMI should not appear as ready when paused" classname="Tests Suite" time="0">
          <skipped></skipped>
      </testcase>
      <testcase name="[rfe_id:3064][crit:medium][vendor:cnv-qe@redhat.com][level:component][sig-compute]Pausing A valid VM when paused via API [test_id:4598]should signal paused state with condition" classname="Tests Suite" time="0">
          <skipped></skipped>
      </testcase>
      <testcase name="[rfe_id:3064][crit:medium][vendor:cnv-qe@redhat.com][level:component][sig-compute]Pausing A valid VM when paused via virtctl [test_id:3059]should signal paused state with condition" classname="Tests Suite" time="0">
          <skipped></skipped>
      </testcase>
      <testcase name="[rfe_id:3064][crit:medium][vendor:cnv-qe@redhat.com][level:component][sig-compute]Pausing A valid VM when paused via virtctl [test_id:3081]should gracefully handle pausing the VM again" classname="Tests Suite" time="0">
          <skipped></skipped>
      </testcase>
      <testcase name="[rfe_id:3064][crit:medium][vendor:cnv-qe@redhat.com][level:component][sig-compute]Pausing A valid VM when paused via virtctl [test_id:3088]should gracefully handle pausing the VMI again" classname="Tests Suite" time="0">
          <skipped></skipped>
      </testcase>
      <testcase name="[rfe_id:3064][crit:medium][vendor:cnv-qe@redhat.com][level:component][sig-compute]Pausing A valid VM when paused via virtctl [test_id:3060]should signal unpaused state with removed condition" classname="Tests Suite" time="0">
          <skipped></skipped>
      </testcase>
      <testcase name="[rfe_id:3064][crit:medium][vendor:cnv-qe@redhat.com][level:component][sig-compute]Pausing A valid VM when paused via virtctl [test_id:3082]should gracefully handle unpausing again" classname="Tests Suite" time="0">
          <skipped></skipped>
      </testcase>
      <testcase name="[rfe_id:3064][crit:medium][vendor:cnv-qe@redhat.com][level:component][sig-compute]Pausing A valid VM when paused via virtctl [test_id:3085]should be stopped successfully" classname="Tests Suite" time="0">
          <skipped></skipped>
      </testcase>
      <testcase name="[rfe_id:3064][crit:medium][vendor:cnv-qe@redhat.com][level:component][sig-compute]Pausing A valid VM when paused via virtctl [test_id:3229]should gracefully handle being started again" classname="Tests Suite" time="0">
          <skipped></skipped>
      </testcase>
      <testcase name="[rfe_id:3064][crit:medium][vendor:cnv-qe@redhat.com][level:component][sig-compute]Pausing A valid VM when paused via virtctl [test_id:3226]should be restarted successfully into unpaused state" classname="Tests Suite" time="0">
          <skipped></skipped>
      </testcase>
      <testcase name="[rfe_id:3064][crit:medium][vendor:cnv-qe@redhat.com][level:component][sig-compute]Pausing A valid VM when paused via virtctl [test_id:3086]should not be migrated" classname="Tests Suite" time="0">
          <skipped></skipped>
      </testcase>
      <testcase name="[rfe_id:3064][crit:medium][vendor:cnv-qe@redhat.com][level:component][sig-compute]Pausing A valid VM when paused via virtctl [test_id:3083]should connect to serial console" classname="Tests Suite" time="0">
          <skipped></skipped>
      </testcase>
      <testcase name="[rfe_id:3064][crit:medium][vendor:cnv-qe@redhat.com][level:component][sig-compute]Pausing A valid VM when paused via virtctl [test_id:3084]should connect to vnc console" classname="Tests Suite" time="0">
          <skipped></skipped>
      </testcase>
      <testcase name="[rfe_id:3064][crit:medium][vendor:cnv-qe@redhat.com][level:component][sig-compute]Pausing A valid VM when paused via virtctl with --dry-run flag [test_id:7673]should not paused" classname="Tests Suite" time="0">
          <skipped></skipped>
      </testcase>
      <testcase name="[rfe_id:3064][crit:medium][vendor:cnv-qe@redhat.com][level:component][sig-compute]Pausing A valid VM when unpaused via virtctl with --dry-run flag [test_id:7674]should not unpaused" classname="Tests Suite" time="0">
          <skipped></skipped>
      </testcase>
      <testcase name="[rfe_id:3064][crit:medium][vendor:cnv-qe@redhat.com][level:component][sig-compute]Pausing Guest and Host uptime difference before pause [test_id:3090]should be less than uptime difference after pause" classname="Tests Suite" time="0">
          <skipped></skipped>
      </testcase>
      <testcase name="[Serial][Sysprep][sig-compute]Syspreped VirtualMachineInstance [ref_id:5105]should create the Admin user as specified in the Autounattend.xml [test_id:5843]Should run echo command on machine using the credentials specified in the Autounattend.xml file" classname="Tests Suite" time="6.23252788">
          <skipped></skipped>
      </testcase>
      <testcase name="[sig-compute]Guest Access Credentials with qemu guest agent [test_id:6220]should propagate public ssh keys" classname="Tests Suite" time="0">
          <skipped></skipped>
      </testcase>
      <testcase name="[sig-compute]Guest Access Credentials with qemu guest agent [test_id:6221]should propagate user password" classname="Tests Suite" time="0">
          <skipped></skipped>
      </testcase>
      <testcase name="[sig-compute]Guest Access Credentials with qemu guest agent [test_id:6222]should update guest agent for public ssh keys" classname="Tests Suite" time="0">
          <skipped></skipped>
      </testcase>
      <testcase name="[sig-compute]Guest Access Credentials with qemu guest agent [test_id:6223]should update guest agent for user password" classname="Tests Suite" time="0">
          <skipped></skipped>
      </testcase>
      <testcase name="[sig-compute]Guest Access Credentials with secret and configDrive propagation [test_id:6224]should have ssh-key under authorized keys" classname="Tests Suite" time="0">
          <skipped></skipped>
      </testcase>
      <testcase name="[sig-compute]Version Check that version parameters where loaded by ldflags in build time [test_id:555]Should return a good version information struct" classname="Tests Suite" time="0">
          <skipped></skipped>
      </testcase>
      <testcase name="[sig-network] Primary Pod Network Status VMI connected to the pod network using the default (implicit) binding should report PodIP as its own on interface status" classname="Tests Suite" time="0">
          <skipped></skipped>
      </testcase>
      <testcase name="[sig-network] Primary Pod Network Status VMI connected to the pod network using bridge binding when Guest Agent exists should report PodIP/s IPv4 as its own on interface status" classname="Tests Suite" time="0">
          <skipped></skipped>
      </testcase>
      <testcase name="[sig-network] Primary Pod Network Status VMI connected to the pod network using bridge binding when Guest Agent exists should report VMIs static IPv6 at interface status" classname="Tests Suite" time="0">
          <skipped></skipped>
      </testcase>
      <testcase name="[sig-network] Primary Pod Network Status VMI connected to the pod network using bridge binding when no Guest Agent exists should report PodIP as its own on interface status" classname="Tests Suite" time="0">
          <skipped></skipped>
      </testcase>
      <testcase name="[sig-network] Primary Pod Network Status VMI connected to the pod network using masquerade binding when Guest Agent exists [test_id:4153]should report PodIP/s as its own on interface status" classname="Tests Suite" time="0">
          <skipped></skipped>
      </testcase>
      <testcase name="[sig-network] Primary Pod Network Status VMI connected to the pod network using masquerade binding when no Guest Agent exists [Conformance] should report PodIP as its own on interface status" classname="Tests Suite" time="0">
          <skipped></skipped>
      </testcase>
      <testcase name="[rfe_id:609][sig-compute]VMIheadless [rfe_id:609]Creating a VirtualMachineInstance with headless [test_id:707]should create headless vmi without any issue" classname="Tests Suite" time="0">
          <skipped></skipped>
      </testcase>
      <testcase name="[rfe_id:609][sig-compute]VMIheadless [rfe_id:609]Creating a VirtualMachineInstance with headless [test_id:714][posneg:positive]should not have vnc graphic device in xml" classname="Tests Suite" time="0">
          <skipped></skipped>
      </testcase>
      <testcase name="[rfe_id:609][sig-compute]VMIheadless [rfe_id:609]Creating a VirtualMachineInstance with headless [test_id:737][posneg:positive]should match memory with overcommit enabled" classname="Tests Suite" time="0">
          <skipped></skipped>
      </testcase>
      <testcase name="[rfe_id:609][sig-compute]VMIheadless [rfe_id:609]Creating a VirtualMachineInstance with headless [test_id:2444][posneg:negative]should not match memory with overcommit disabled" classname="Tests Suite" time="0">
          <skipped></skipped>
      </testcase>
      <testcase name="[rfe_id:609][sig-compute]VMIheadless [rfe_id:609]Creating a VirtualMachineInstance with headless [test_id:713]should have more memory on pod when headless" classname="Tests Suite" time="0">
          <skipped></skipped>
      </testcase>
      <testcase name="[rfe_id:609][sig-compute]VMIheadless [rfe_id:609]Creating a VirtualMachineInstance with headless [test_id:738][posneg:negative]should not connect to VNC" classname="Tests Suite" time="0">
          <skipped></skipped>
      </testcase>
      <testcase name="[rfe_id:609][sig-compute]VMIheadless [rfe_id:609]Creating a VirtualMachineInstance with headless [test_id:709][posneg:positive]should connect to console" classname="Tests Suite" time="0">
          <skipped></skipped>
      </testcase>
      <testcase name="[rfe_id:609][sig-compute]VMIheadless [rfe_id:609]Creating a VirtualMachineInstance without headless [test_id:714][posneg:negative]should have one vnc graphic device in xml" classname="Tests Suite" time="0">
          <skipped></skipped>
      </testcase>
      <testcase name="[sig-network] [crit:high][arm64][vendor:cnv-qe@redhat.com][level:component] [crit:high][vendor:cnv-qe@redhat.com][level:component]Creating a VirtualMachineInstance when virt-handler is responsive [Serial]VMIs with Bridge Networking shouldn&#39;t fail after the kubelet restarts" classname="Tests Suite" time="0">
          <skipped></skipped>
      </testcase>
      <testcase name="[sig-network] [crit:high][arm64][vendor:cnv-qe@redhat.com][level:component] [crit:high][vendor:cnv-qe@redhat.com][level:component]Creating a VirtualMachineInstance when virt-handler is responsive VMIs with Bridge Networking should work with Duplicate Address Detection (DAD)" classname="Tests Suite" time="0">
          <skipped></skipped>
      </testcase>
      <testcase name="[sig-storage] DataVolume Integration [storage-req]PVC expansion PVC expansion is detected by VM and can be fully used with Block PVC" classname="Tests Suite" time="0">
          <skipped></skipped>
      </testcase>
      <testcase name="[sig-storage] DataVolume Integration [storage-req]PVC expansion PVC expansion is detected by VM and can be fully used with Filesystem PVC" classname="Tests Suite" time="0">
          <skipped></skipped>
      </testcase>
      <testcase name="[sig-storage] DataVolume Integration [rfe_id:3188][crit:high][vendor:cnv-qe@redhat.com][level:system] Starting a VirtualMachineInstance with a DataVolume as a volume source [Serial]without fsgroup support should succesfully start" classname="Tests Suite" time="0">
          <skipped></skipped>
      </testcase>
      <testcase name="[sig-storage] DataVolume Integration [rfe_id:3188][crit:high][vendor:cnv-qe@redhat.com][level:system] Starting a VirtualMachineInstance with a DataVolume as a volume source Alpine import [test_id:3189]should be successfully started and stopped multiple times" classname="Tests Suite" time="0">
          <skipped></skipped>
      </testcase>
      <testcase name="[sig-storage] DataVolume Integration [rfe_id:3188][crit:high][vendor:cnv-qe@redhat.com][level:system] Starting a VirtualMachineInstance with a DataVolume as a volume source Alpine import [test_id:6686]should successfully start multiple concurrent VMIs" classname="Tests Suite" time="0">
          <skipped></skipped>
      </testcase>
      <testcase name="[sig-storage] DataVolume Integration [rfe_id:3188][crit:high][vendor:cnv-qe@redhat.com][level:system] Starting a VirtualMachineInstance with a DataVolume as a volume source Alpine import [test_id:5252]should be successfully started when using a PVC volume owned by a DataVolume" classname="Tests Suite" time="0">
          <skipped></skipped>
      </testcase>
      <testcase name="[sig-storage] DataVolume Integration [rfe_id:3188][crit:high][vendor:cnv-qe@redhat.com][level:system] Starting a VirtualMachineInstance with a DataVolume as a volume source with a PVC from a Datavolume [test_id:4643]should NOT be rejected when VM template lists a DataVolume, but VM lists PVC VolumeSource" classname="Tests Suite" time="0">
          <skipped></skipped>
      </testcase>
      <testcase name="[sig-storage] DataVolume Integration [rfe_id:3188][crit:high][vendor:cnv-qe@redhat.com][level:system] Starting a VirtualMachineInstance with a DataVolume as a volume source with a PVC from a Datavolume [Serial][test_id:4644]should fail to start when a volume is backed by PVC created by DataVolume instead of the DataVolume itself" classname="Tests Suite" time="0">
          <skipped></skipped>
      </testcase>
      <testcase name="[sig-storage] DataVolume Integration [rfe_id:3188][crit:high][vendor:cnv-qe@redhat.com][level:system] Starting a VirtualMachine with an invalid DataVolume using DataVolume with invalid URL shold be possible to stop VM if datavolume is crashing" classname="Tests Suite" time="0">
          <skipped></skipped>
      </testcase>
      <testcase name="[sig-storage] DataVolume Integration [rfe_id:3188][crit:high][vendor:cnv-qe@redhat.com][level:system] Starting a VirtualMachine with an invalid DataVolume using DataVolume with invalid URL [test_id:3190]should correctly handle invalid DataVolumes" classname="Tests Suite" time="0">
          <skipped></skipped>
      </testcase>
      <testcase name="[sig-storage] DataVolume Integration [rfe_id:3188][crit:high][vendor:cnv-qe@redhat.com][level:system] Starting a VirtualMachine with an invalid DataVolume using DataVolume with invalid URL [test_id:3190]should correctly handle eventually consistent DataVolumes" classname="Tests Suite" time="0">
          <skipped></skipped>
      </testcase>
      <testcase name="[sig-storage] DataVolume Integration [rfe_id:896][crit:high][vendor:cnv-qe@redhat.com][level:system] with oc/kubectl [test_id:836] Creating a VM with DataVolumeTemplates should succeed." classname="Tests Suite" time="0">
          <skipped></skipped>
      </testcase>
      <testcase name="[sig-storage] DataVolume Integration [rfe_id:896][crit:high][vendor:cnv-qe@redhat.com][level:system] with oc/kubectl [test_id:837]deleting VM with cascade=true should automatically delete DataVolumes and VMI owned by VM." classname="Tests Suite" time="0">
          <skipped></skipped>
      </testcase>
      <testcase name="[sig-storage] DataVolume Integration [rfe_id:896][crit:high][vendor:cnv-qe@redhat.com][level:system] with oc/kubectl [test_id:838]deleting VM with cascade=false should orphan DataVolumes and VMI owned by VM." classname="Tests Suite" time="0">
          <skipped></skipped>
      </testcase>
      <testcase name="[sig-storage] DataVolume Integration [rfe_id:3188][crit:high][vendor:cnv-qe@redhat.com][level:system] Starting a VirtualMachine with a DataVolume using Alpine http import a DataVolume with preallocation shouldn&#39;t have discard=unmap" classname="Tests Suite" time="0">
          <skipped></skipped>
      </testcase>
      <testcase name="[sig-storage] DataVolume Integration [rfe_id:3188][crit:high][vendor:cnv-qe@redhat.com][level:system] Starting a VirtualMachine with a DataVolume using Alpine http import [test_id:3191]should be successfully started and stopped multiple times with http import" classname="Tests Suite" time="0">
          <skipped></skipped>
      </testcase>
      <testcase name="[sig-storage] DataVolume Integration [rfe_id:3188][crit:high][vendor:cnv-qe@redhat.com][level:system] Starting a VirtualMachine with a DataVolume using Alpine http import [test_id:3191]should be successfully started and stopped multiple times with registry import" classname="Tests Suite" time="0">
          <skipped></skipped>
      </testcase>
      <testcase name="[sig-storage] DataVolume Integration [rfe_id:3188][crit:high][vendor:cnv-qe@redhat.com][level:system] Starting a VirtualMachine with a DataVolume using Alpine http import [test_id:3192]should remove owner references on DataVolume if VM is orphan deleted." classname="Tests Suite" time="0">
          <skipped></skipped>
      </testcase>
      <testcase name="[sig-storage] DataVolume Integration [rfe_id:3188][crit:high][vendor:cnv-qe@redhat.com][level:system] DataVolume clone permission checking using Alpine import/clone should resolve DataVolume sourceRef" classname="Tests Suite" time="0">
          <skipped></skipped>
      </testcase>
      <testcase name="[sig-storage] DataVolume Integration [rfe_id:3188][crit:high][vendor:cnv-qe@redhat.com][level:system] DataVolume clone permission checking using Alpine import/clone [storage-req] deny then allow clone request [test_id:3193]with explicit role" classname="Tests Suite" time="0">
          <skipped></skipped>
      </testcase>
      <testcase name="[sig-storage] DataVolume Integration [rfe_id:3188][crit:high][vendor:cnv-qe@redhat.com][level:system] DataVolume clone permission checking using Alpine import/clone [storage-req] deny then allow clone request [test_id:3194]with implicit role" classname="Tests Suite" time="0">
          <skipped></skipped>
      </testcase>
      <testcase name="[sig-storage] DataVolume Integration [rfe_id:3188][crit:high][vendor:cnv-qe@redhat.com][level:system] DataVolume clone permission checking using Alpine import/clone [storage-req] deny then allow clone request [test_id:5253]with explicit role (all namespaces)" classname="Tests Suite" time="0">
          <skipped></skipped>
      </testcase>
      <testcase name="[sig-storage] DataVolume Integration [rfe_id:3188][crit:high][vendor:cnv-qe@redhat.com][level:system] DataVolume clone permission checking using Alpine import/clone [storage-req] deny then allow clone request [test_id:5254]with explicit role (one namespace)" classname="Tests Suite" time="0">
          <skipped></skipped>
      </testcase>
      <testcase name="[sig-storage] DataVolume Integration Fedora VMI tests [QUARANTINE][rfe_id:5070][crit:medium][vendor:cnv-qe@redhat.com][level:component]fstrim from the VM influences disk.img [test_id:5894]by default, fstrim will make the image smaller" classname="Tests Suite" time="0">
          <skipped></skipped>
      </testcase>
      <testcase name="[sig-storage] DataVolume Integration Fedora VMI tests [QUARANTINE][rfe_id:5070][crit:medium][vendor:cnv-qe@redhat.com][level:component]fstrim from the VM influences disk.img [test_id:5898]with preallocation true, fstrim has no effect" classname="Tests Suite" time="0">
          <skipped></skipped>
      </testcase>
      <testcase name="[sig-storage] DataVolume Integration Fedora VMI tests [QUARANTINE][rfe_id:5070][crit:medium][vendor:cnv-qe@redhat.com][level:component]fstrim from the VM influences disk.img [test_id:5897]with preallocation false, fstrim will make the image smaller" classname="Tests Suite" time="0">
          <skipped></skipped>
      </testcase>
      <testcase name="[sig-storage] DataVolume Integration Fedora VMI tests [QUARANTINE][rfe_id:5070][crit:medium][vendor:cnv-qe@redhat.com][level:component]fstrim from the VM influences disk.img [test_id:5899]with thick provision true, fstrim has no effect" classname="Tests Suite" time="0">
          <skipped></skipped>
      </testcase>
      <testcase name="[sig-storage] DataVolume Integration Fedora VMI tests [QUARANTINE][rfe_id:5070][crit:medium][vendor:cnv-qe@redhat.com][level:component]fstrim from the VM influences disk.img [test_id:5896]with thick provision false, fstrim will make the image smaller" classname="Tests Suite" time="0">
          <skipped></skipped>
      </testcase>
      <testcase name="[sig-compute-realtime][Serial]Realtime should start the realtime VM when no mask is specified" classname="Tests Suite" time="0">
          <skipped></skipped>
      </testcase>
      <testcase name="[sig-compute-realtime][Serial]Realtime should start the realtime VM when realtime mask is specified" classname="Tests Suite" time="0">
          <skipped></skipped>
      </testcase>
      <testcase name="[sig-compute]Dry-Run requests VirtualMachineInstances [test_id:7627]create a VirtualMachineInstance" classname="Tests Suite" time="0">
          <skipped></skipped>
      </testcase>
      <testcase name="[sig-compute]Dry-Run requests VirtualMachineInstances [test_id:7628]delete a VirtualMachineInstance" classname="Tests Suite" time="0">
          <skipped></skipped>
      </testcase>
      <testcase name="[sig-compute]Dry-Run requests VirtualMachineInstances [test_id:7629]update a VirtualMachineInstance" classname="Tests Suite" time="0">
          <skipped></skipped>
      </testcase>
      <testcase name="[sig-compute]Dry-Run requests VirtualMachineInstances [test_id:7630]patch a VirtualMachineInstance" classname="Tests Suite" time="0">
          <skipped></skipped>
      </testcase>
      <testcase name="[sig-compute]Dry-Run requests VirtualMachines [test_id:7631]create a VirtualMachine" classname="Tests Suite" time="0">
          <skipped></skipped>
      </testcase>
      <testcase name="[sig-compute]Dry-Run requests VirtualMachines [test_id:7632]delete a VirtualMachine" classname="Tests Suite" time="0">
          <skipped></skipped>
      </testcase>
      <testcase name="[sig-compute]Dry-Run requests VirtualMachines [test_id:7633]update a VirtualMachine" classname="Tests Suite" time="0">
          <skipped></skipped>
      </testcase>
      <testcase name="[sig-compute]Dry-Run requests VirtualMachines [test_id:7634]patch a VirtualMachine" classname="Tests Suite" time="0">
          <skipped></skipped>
      </testcase>
      <testcase name="[sig-compute]Dry-Run requests Migrations [test_id:7635]create a migration" classname="Tests Suite" time="0">
          <skipped></skipped>
      </testcase>
      <testcase name="[sig-compute]Dry-Run requests Migrations [test_id:7636]delete a migration" classname="Tests Suite" time="0">
          <skipped></skipped>
      </testcase>
      <testcase name="[sig-compute]Dry-Run requests Migrations [test_id:7637]update a migration" classname="Tests Suite" time="0">
          <skipped></skipped>
      </testcase>
      <testcase name="[sig-compute]Dry-Run requests Migrations [test_id:7638]patch a migration" classname="Tests Suite" time="0">
          <skipped></skipped>
      </testcase>
      <testcase name="[sig-compute]Dry-Run requests VMI Presets [test_id:7639]create a VMI preset" classname="Tests Suite" time="0">
          <skipped></skipped>
      </testcase>
      <testcase name="[sig-compute]Dry-Run requests VMI Presets [test_id:7640]delete a VMI preset" classname="Tests Suite" time="0">
          <skipped></skipped>
      </testcase>
      <testcase name="[sig-compute]Dry-Run requests VMI Presets [test_id:7641]update a VMI preset" classname="Tests Suite" time="0">
          <skipped></skipped>
      </testcase>
      <testcase name="[sig-compute]Dry-Run requests VMI Presets [test_id:7642]patch a VMI preset" classname="Tests Suite" time="0">
          <skipped></skipped>
      </testcase>
      <testcase name="[sig-compute]Dry-Run requests VMI ReplicaSets [test_id:7643]create a VMI replicaset" classname="Tests Suite" time="0">
          <skipped></skipped>
      </testcase>
      <testcase name="[sig-compute]Dry-Run requests VMI ReplicaSets [test_id:7644]delete a VMI replicaset" classname="Tests Suite" time="0">
          <skipped></skipped>
      </testcase>
      <testcase name="[sig-compute]Dry-Run requests VMI ReplicaSets [test_id:7645]update a VMI replicaset" classname="Tests Suite" time="0">
          <skipped></skipped>
      </testcase>
      <testcase name="[sig-compute]Dry-Run requests VMI ReplicaSets [test_id:7646]patch a VMI replicaset" classname="Tests Suite" time="0">
          <skipped></skipped>
      </testcase>
      <testcase name="[sig-compute]Dry-Run requests KubeVirt CR [test_id:7647]create a KubeVirt CR" classname="Tests Suite" time="0">
          <skipped></skipped>
      </testcase>
      <testcase name="[sig-compute]Dry-Run requests KubeVirt CR [test_id:7648]delete a KubeVirt CR" classname="Tests Suite" time="0">
          <skipped></skipped>
      </testcase>
      <testcase name="[sig-compute]Dry-Run requests KubeVirt CR [test_id:7649]update a KubeVirt CR" classname="Tests Suite" time="0">
          <skipped></skipped>
      </testcase>
      <testcase name="[sig-compute]Dry-Run requests KubeVirt CR [test_id:7650]patch a KubeVirt CR" classname="Tests Suite" time="0">
          <skipped></skipped>
      </testcase>
      <testcase name="[sig-compute]Dry-Run requests VM Snapshots [test_id:7651]create a VM Snapshot" classname="Tests Suite" time="0">
          <skipped></skipped>
      </testcase>
      <testcase name="[sig-compute]Dry-Run requests VM Snapshots [test_id:7652]delete a VM Snapshot" classname="Tests Suite" time="0">
          <skipped></skipped>
      </testcase>
      <testcase name="[sig-compute]Dry-Run requests VM Snapshots [test_id:7653]update a VM Snapshot" classname="Tests Suite" time="0">
          <skipped></skipped>
      </testcase>
      <testcase name="[sig-compute]Dry-Run requests VM Snapshots [test_id:7654]patch a VM Snapshot" classname="Tests Suite" time="0">
          <skipped></skipped>
      </testcase>
      <testcase name="[sig-compute]Dry-Run requests VM Restores [test_id:7655]create a VM Restore" classname="Tests Suite" time="0">
          <skipped></skipped>
      </testcase>
      <testcase name="[sig-compute]Dry-Run requests VM Restores [test_id:7656]delete a VM Restore" classname="Tests Suite" time="0">
          <skipped></skipped>
      </testcase>
      <testcase name="[sig-compute]Dry-Run requests VM Restores [test_id:7657]update a VM Restore" classname="Tests Suite" time="0">
          <skipped></skipped>
      </testcase>
      <testcase name="[sig-compute]Dry-Run requests VM Restores [test_id:7658]patch a VM Restore" classname="Tests Suite" time="0">
          <skipped></skipped>
      </testcase>
      <testcase name="[Serial][ref_id:2717][sig-compute]KubeVirt control plane resilience pod eviction when evicting pods of control plane [test_id:2830]last eviction should fail for virt-controller pods" classname="Tests Suite" time="30.637983992"></testcase>
      <testcase name="[Serial][ref_id:2717][sig-compute]KubeVirt control plane resilience pod eviction when evicting pods of control plane [test_id:2799]last eviction should fail for virt-api pods" classname="Tests Suite" time="28.57245772"></testcase>
      <testcase name="[Serial][ref_id:2717][sig-compute]KubeVirt control plane resilience control plane components check when control plane pods are running [test_id:2806]virt-controller and virt-api pods have a pod disruption budget" classname="Tests Suite" time="0.077624929"></testcase>
      <testcase name="[Serial][ref_id:2717][sig-compute]KubeVirt control plane resilience control plane components check when Control plane pods temporarily lose connection to Kubernetes API should fail health checks when connectivity is lost, and recover when connectivity is regained" classname="Tests Suite" time="115.114334715"></testcase>
      <testcase name="[Serial][sig-operator]Operator [test_id:1746]should have created and available condition" classname="Tests Suite" time="0">
          <skipped></skipped>
      </testcase>
      <testcase name="[Serial][sig-operator]Operator should reconcile components checking updating resource is reverted to original state for  [test_id:6254] deployments" classname="Tests Suite" time="0">
          <skipped></skipped>
      </testcase>
      <testcase name="[Serial][sig-operator]Operator should reconcile components checking updating resource is reverted to original state for  [test_id:6255] customresourcedefinitions" classname="Tests Suite" time="0">
          <skipped></skipped>
      </testcase>
      <testcase name="[Serial][sig-operator]Operator should reconcile components checking updating resource is reverted to original state for  [test_id:6256] poddisruptionbudgets" classname="Tests Suite" time="0">
          <skipped></skipped>
      </testcase>
      <testcase name="[Serial][sig-operator]Operator should reconcile components checking updating resource is reverted to original state for  [test_id:6308] daemonsets" classname="Tests Suite" time="0">
          <skipped></skipped>
      </testcase>
      <testcase name="[Serial][sig-operator]Operator should reconcile components [test_id:6309] checking updating service is reverted to original state" classname="Tests Suite" time="0">
          <skipped></skipped>
      </testcase>
      <testcase name="[Serial][sig-operator]Operator [rfe_id:2291][crit:high][vendor:cnv-qe@redhat.com][level:component]should start a VM [test_id:3144]using virt-launcher with a shasum" classname="Tests Suite" time="0">
          <skipped></skipped>
      </testcase>
      <testcase name="[Serial][sig-operator]Operator [test_id:6987]should apply component configuration test VirtualMachineInstancesPerNode" classname="Tests Suite" time="0">
          <skipped></skipped>
      </testcase>
      <testcase name="[Serial][sig-operator]Operator [test_id:4744]should apply component customization [QUARANTINE]test applying and removing a patch" classname="Tests Suite" time="0">
          <skipped></skipped>
      </testcase>
      <testcase name="[Serial][sig-operator]Operator [rfe_id:2291][crit:high][vendor:cnv-qe@redhat.com][level:component]should update kubevirt [release-blocker][test_id:3145]from previous release to target tested release by patching KubeVirt CR" classname="Tests Suite" time="0">
          <skipped></skipped>
      </testcase>
      <testcase name="[Serial][sig-operator]Operator [rfe_id:2291][crit:high][vendor:cnv-qe@redhat.com][level:component]should update kubevirt [release-blocker][test_id:3145]from previous release to target tested release by updating virt-operator" classname="Tests Suite" time="0">
          <skipped></skipped>
      </testcase>
      <testcase name="[Serial][sig-operator]Operator [rfe_id:2291][crit:high][vendor:cnv-qe@redhat.com][level:component]infrastructure management [test_id:3146]should be able to delete and re-create kubevirt install" classname="Tests Suite" time="0">
          <skipped></skipped>
      </testcase>
      <testcase name="[Serial][sig-operator]Operator [rfe_id:2291][crit:high][vendor:cnv-qe@redhat.com][level:component]infrastructure management [rfe_id:3578][crit:high][vendor:cnv-qe@redhat.com][level:component] deleting with BlockUninstallIfWorkloadsExist [test_id:3683]should be blocked if a workload exists" classname="Tests Suite" time="0">
          <skipped></skipped>
      </testcase>
      <testcase name="[Serial][sig-operator]Operator [rfe_id:2291][crit:high][vendor:cnv-qe@redhat.com][level:component]infrastructure management [test_id:3148]should be able to create kubevirt install with custom image tag" classname="Tests Suite" time="0">
          <skipped></skipped>
      </testcase>
      <testcase name="[Serial][sig-operator]Operator [rfe_id:2291][crit:high][vendor:cnv-qe@redhat.com][level:component]infrastructure management [test_id:3149]should be able to create kubevirt install with image prefix" classname="Tests Suite" time="0">
          <skipped></skipped>
      </testcase>
      <testcase name="[Serial][sig-operator]Operator [rfe_id:2291][crit:high][vendor:cnv-qe@redhat.com][level:component]infrastructure management [test_id:3150]should be able to update kubevirt install with custom image tag" classname="Tests Suite" time="0">
          <skipped></skipped>
      </testcase>
      <testcase name="[Serial][sig-operator]Operator [rfe_id:2291][crit:high][vendor:cnv-qe@redhat.com][level:component]infrastructure management [test_id:3151]should be able to update kubevirt install when operator updates if no custom image tag is set" classname="Tests Suite" time="0">
          <skipped></skipped>
      </testcase>
      <testcase name="[Serial][sig-operator]Operator [rfe_id:2291][crit:high][vendor:cnv-qe@redhat.com][level:component]infrastructure management [test_id:3152]should fail if KV object already exists" classname="Tests Suite" time="0">
          <skipped></skipped>
      </testcase>
      <testcase name="[Serial][sig-operator]Operator [rfe_id:2291][crit:high][vendor:cnv-qe@redhat.com][level:component]infrastructure management [test_id:4612]should create non-namespaces resources without owner references" classname="Tests Suite" time="0">
          <skipped></skipped>
      </testcase>
      <testcase name="[Serial][sig-operator]Operator [rfe_id:2291][crit:high][vendor:cnv-qe@redhat.com][level:component]infrastructure management [test_id:4613]should remove owner references on non-namespaces resources when updating a resource" classname="Tests Suite" time="0">
          <skipped></skipped>
      </testcase>
      <testcase name="[Serial][sig-operator]Operator [rfe_id:2291][crit:high][vendor:cnv-qe@redhat.com][level:component]infrastructure management [test_id:5010]should be able to update product related labels of kubevirt install" classname="Tests Suite" time="0">
          <skipped></skipped>
      </testcase>
      <testcase name="[Serial][sig-operator]Operator [rfe_id:2291][crit:high][vendor:cnv-qe@redhat.com][level:component]infrastructure management [rfe_id:2897][crit:medium][vendor:cnv-qe@redhat.com][level:component]With OpenShift cluster [test_id:2910]Should have kubevirt SCCs created" classname="Tests Suite" time="0">
          <skipped></skipped>
      </testcase>
      <testcase name="[Serial][sig-operator]Operator [rfe_id:2897][crit:medium][vendor:cnv-qe@redhat.com][level:component]Dynamic feature detection [test_id:3153]Ensure infra can handle dynamically detecting DataVolume Support" classname="Tests Suite" time="0">
          <skipped></skipped>
      </testcase>
      <testcase name="[Serial][sig-operator]Operator [rfe_id:2897][crit:medium][vendor:cnv-qe@redhat.com][level:component]With ServiceMonitor Disabled [test_id:3154]Should not create RBAC Role or RoleBinding for ServiceMonitor" classname="Tests Suite" time="0">
          <skipped></skipped>
      </testcase>
      <testcase name="[Serial][sig-operator]Operator With PrometheusRule Enabled [test_id:4614]Checks if the kubevirt PrometheusRule cr exists and verify it&#39;s spec" classname="Tests Suite" time="0">
          <skipped></skipped>
      </testcase>
      <testcase name="[Serial][sig-operator]Operator With PrometheusRule Disabled [test_id:4615]Checks that we do not deploy a PrometheusRule cr when not needed" classname="Tests Suite" time="0">
          <skipped></skipped>
      </testcase>
      <testcase name="[Serial][sig-operator]Operator [rfe_id:2937][crit:medium][vendor:cnv-qe@redhat.com][level:component]With ServiceMonitor Enabled [test_id:2936]Should allow Prometheus to scrape KubeVirt endpoints" classname="Tests Suite" time="0">
          <skipped></skipped>
      </testcase>
      <testcase name="[Serial][sig-operator]Operator [rfe_id:2937][crit:medium][vendor:cnv-qe@redhat.com][level:component]With ServiceMonitor Enabled [test_id:4616]Should patch our namespace labels with openshift.io/cluster-monitoring=true" classname="Tests Suite" time="0">
          <skipped></skipped>
      </testcase>
      <testcase name="[Serial][sig-operator]Operator [test_id:4617]should adopt previously unmanaged entities by updating its metadata" classname="Tests Suite" time="0">
          <skipped></skipped>
      </testcase>
      <testcase name="[Serial][sig-operator]Operator [rfe_id:4356]Node Placement [test_id:4927]should dynamically update infra config" classname="Tests Suite" time="0">
          <skipped></skipped>
      </testcase>
      <testcase name="[Serial][sig-operator]Operator [rfe_id:4356]Node Placement [test_id:4928]should dynamically update workloads config" classname="Tests Suite" time="0">
          <skipped></skipped>
      </testcase>
      <testcase name="[Serial][sig-operator]Operator [rfe_id:4356]Node Placement should reject infra placement configuration with incorrect toleration operator" classname="Tests Suite" time="0">
          <skipped></skipped>
      </testcase>
      <testcase name="[Serial][sig-operator]Operator [rfe_id:4356]Node Placement should reject workload placement configuration with incorrect toleraion operator" classname="Tests Suite" time="0">
          <skipped></skipped>
      </testcase>
      <testcase name="[Serial][sig-operator]Operator Replicas should fail to set replicas to 0" classname="Tests Suite" time="0">
          <skipped></skipped>
      </testcase>
      <testcase name="[Serial][sig-operator]Operator Replicas should dynamically adjust virt- pod count and PDBs" classname="Tests Suite" time="0">
          <skipped></skipped>
      </testcase>
      <testcase name="[Serial][sig-operator]Operator Replicas should update new single-replica CRs with a finalizer and be stable" classname="Tests Suite" time="0">
          <skipped></skipped>
      </testcase>
      <testcase name="[Serial][sig-operator]Operator Certificate Rotation [test_id:6257]should accept valid cert rotation parameters" classname="Tests Suite" time="0">
          <skipped></skipped>
      </testcase>
      <testcase name="[Serial][sig-operator]Operator Certificate Rotation [test_id:6258]should reject combining deprecated and new cert rotation parameters" classname="Tests Suite" time="0">
          <skipped></skipped>
      </testcase>
      <testcase name="[Serial][sig-operator]Operator Certificate Rotation [test_id:6259]should reject CA expires before rotation" classname="Tests Suite" time="0">
          <skipped></skipped>
      </testcase>
      <testcase name="[Serial][sig-operator]Operator Certificate Rotation [test_id:6260]should reject Cert expires before rotation" classname="Tests Suite" time="0">
          <skipped></skipped>
      </testcase>
      <testcase name="[Serial][sig-operator]Operator Certificate Rotation [test_id:6261]should reject Cert rotates after CA expires" classname="Tests Suite" time="0">
          <skipped></skipped>
      </testcase>
      <testcase name="[Serial][sig-compute]VMIDefaults Disk defaults [test_id:4115]Should be applied to VMIs" classname="Tests Suite" time="5.556012834"></testcase>
      <testcase name="[Serial][sig-compute]VMIDefaults MemBalloon defaults [test_id:4556]Should be present in domain" classname="Tests Suite" time="11.624956473"></testcase>
      <testcase name="[Serial][sig-compute]VMIDefaults MemBalloon defaults Should override period in domain if present in virt-config  [test_id:4557]with period 12" classname="Tests Suite" time="15.367978497"></testcase>
      <testcase name="[Serial][sig-compute]VMIDefaults MemBalloon defaults Should override period in domain if present in virt-config  [test_id:4558]with period 0" classname="Tests Suite" time="13.220223036"></testcase>
      <testcase name="[Serial][sig-compute]VMIDefaults MemBalloon defaults [test_id:4559]Should not be present in domain " classname="Tests Suite" time="12.205289405"></testcase>
      <testcase name="[rfe_id:273][crit:high][arm64][vendor:cnv-qe@redhat.com][level:component][sig-compute]VMIlifecycle when virt-handler is deleted [Serial][test_id:4716]should label the node with kubevirt.io/schedulable=false" classname="Tests Suite" time="56.891431269"></testcase>
      <testcase name="[rfe_id:273][crit:high][arm64][vendor:cnv-qe@redhat.com][level:component][sig-compute]VMIlifecycle [rfe_id:273][crit:high][vendor:cnv-qe@redhat.com][level:component]Creating a VirtualMachineInstance [test_id:1619]should success" classname="Tests Suite" time="0">
          <skipped></skipped>
      </testcase>
      <testcase name="[rfe_id:273][crit:high][arm64][vendor:cnv-qe@redhat.com][level:component][sig-compute]VMIlifecycle [rfe_id:273][crit:high][vendor:cnv-qe@redhat.com][level:component]Creating a VirtualMachineInstance [test_id:1620]should start it" classname="Tests Suite" time="0">
          <skipped></skipped>
      </testcase>
      <testcase name="[rfe_id:273][crit:high][arm64][vendor:cnv-qe@redhat.com][level:component][sig-compute]VMIlifecycle [rfe_id:273][crit:high][vendor:cnv-qe@redhat.com][level:component]Creating a VirtualMachineInstance [test_id:6095]should start in paused state if start strategy set to paused" classname="Tests Suite" time="0">
          <skipped></skipped>
      </testcase>
      <testcase name="[rfe_id:273][crit:high][arm64][vendor:cnv-qe@redhat.com][level:component][sig-compute]VMIlifecycle [rfe_id:273][crit:high][vendor:cnv-qe@redhat.com][level:component]Creating a VirtualMachineInstance [test_id:1621]should attach virt-launcher to it" classname="Tests Suite" time="0">
          <skipped></skipped>
      </testcase>
      <testcase name="[rfe_id:273][crit:high][arm64][vendor:cnv-qe@redhat.com][level:component][sig-compute]VMIlifecycle [rfe_id:273][crit:high][vendor:cnv-qe@redhat.com][level:component]Creating a VirtualMachineInstance [test_id:3195]should carry annotations to pod" classname="Tests Suite" time="0">
          <skipped></skipped>
      </testcase>
      <testcase name="[rfe_id:273][crit:high][arm64][vendor:cnv-qe@redhat.com][level:component][sig-compute]VMIlifecycle [rfe_id:273][crit:high][vendor:cnv-qe@redhat.com][level:component]Creating a VirtualMachineInstance [test_id:3196]should carry kubernetes and kubevirt annotations to pod" classname="Tests Suite" time="0">
          <skipped></skipped>
      </testcase>
      <testcase name="[rfe_id:273][crit:high][arm64][vendor:cnv-qe@redhat.com][level:component][sig-compute]VMIlifecycle [rfe_id:273][crit:high][vendor:cnv-qe@redhat.com][level:component]Creating a VirtualMachineInstance [test_id:1622]should log libvirtd logs" classname="Tests Suite" time="0">
          <skipped></skipped>
      </testcase>
      <testcase name="[rfe_id:273][crit:high][arm64][vendor:cnv-qe@redhat.com][level:component][sig-compute]VMIlifecycle [rfe_id:273][crit:high][vendor:cnv-qe@redhat.com][level:component]Creating a VirtualMachineInstance [test_id:3197]should log libvirtd debug logs when enabled" classname="Tests Suite" time="0">
          <skipped></skipped>
      </testcase>
      <testcase name="[rfe_id:273][crit:high][arm64][vendor:cnv-qe@redhat.com][level:component][sig-compute]VMIlifecycle [rfe_id:273][crit:high][vendor:cnv-qe@redhat.com][level:component]Creating a VirtualMachineInstance [test_id:1623]should reject POST if validation webhook deems the spec invalid" classname="Tests Suite" time="0">
          <skipped></skipped>
      </testcase>
      <testcase name="[rfe_id:273][crit:high][arm64][vendor:cnv-qe@redhat.com][level:component][sig-compute]VMIlifecycle [rfe_id:273][crit:high][vendor:cnv-qe@redhat.com][level:component]Creating a VirtualMachineInstance [test_id:1624]should reject PATCH if schema is invalid" classname="Tests Suite" time="0">
          <skipped></skipped>
      </testcase>
      <testcase name="[rfe_id:273][crit:high][arm64][vendor:cnv-qe@redhat.com][level:component][sig-compute]VMIlifecycle [rfe_id:273][crit:high][vendor:cnv-qe@redhat.com][level:component]Creating a VirtualMachineInstance when name is longer than 63 characters [test_id:1625]should start it" classname="Tests Suite" time="0">
          <skipped></skipped>
      </testcase>
      <testcase name="[rfe_id:273][crit:high][arm64][vendor:cnv-qe@redhat.com][level:component][sig-compute]VMIlifecycle [rfe_id:273][crit:high][vendor:cnv-qe@redhat.com][level:component]Creating a VirtualMachineInstance when it already exist [test_id:1626]should be rejected" classname="Tests Suite" time="0">
          <skipped></skipped>
      </testcase>
      <testcase name="[rfe_id:273][crit:high][arm64][vendor:cnv-qe@redhat.com][level:component][sig-compute]VMIlifecycle [rfe_id:273][crit:high][vendor:cnv-qe@redhat.com][level:component]Creating a VirtualMachineInstance with boot order [rfe_id:273][crit:high][vendor:cnv-qe@redhat.com][level:component]should be able to boot from selected disk [test_id:1627]Alpine as first boot" classname="Tests Suite" time="0">
          <skipped></skipped>
      </testcase>
      <testcase name="[rfe_id:273][crit:high][arm64][vendor:cnv-qe@redhat.com][level:component][sig-compute]VMIlifecycle [rfe_id:273][crit:high][vendor:cnv-qe@redhat.com][level:component]Creating a VirtualMachineInstance with boot order [rfe_id:273][crit:high][vendor:cnv-qe@redhat.com][level:component]should be able to boot from selected disk [test_id:1628]Cirros as first boot" classname="Tests Suite" time="0">
          <skipped></skipped>
      </testcase>
      <testcase name="[rfe_id:273][crit:high][arm64][vendor:cnv-qe@redhat.com][level:component][sig-compute]VMIlifecycle [rfe_id:273][crit:high][vendor:cnv-qe@redhat.com][level:component]Creating a VirtualMachineInstance with user-data without k8s secret [test_id:1629][posneg:negative]should not be able to start virt-launcher pod" classname="Tests Suite" time="0">
          <skipped></skipped>
      </testcase>
      <testcase name="[rfe_id:273][crit:high][arm64][vendor:cnv-qe@redhat.com][level:component][sig-compute]VMIlifecycle [rfe_id:273][crit:high][vendor:cnv-qe@redhat.com][level:component]Creating a VirtualMachineInstance with user-data without k8s secret [test_id:1630]should log warning and proceed once the secret is there" classname="Tests Suite" time="0">
          <skipped></skipped>
      </testcase>
      <testcase name="[rfe_id:273][crit:high][arm64][vendor:cnv-qe@redhat.com][level:component][sig-compute]VMIlifecycle [rfe_id:273][crit:high][vendor:cnv-qe@redhat.com][level:component]Creating a VirtualMachineInstance when virt-launcher crashes [Serial][test_id:1631]should be stopped and have Failed phase" classname="Tests Suite" time="52.639659280000004"></testcase>
      <testcase name="[rfe_id:273][crit:high][arm64][vendor:cnv-qe@redhat.com][level:component][sig-compute]VMIlifecycle [rfe_id:273][crit:high][vendor:cnv-qe@redhat.com][level:component]Creating a VirtualMachineInstance [Serial]when virt-handler crashes [test_id:1632]should recover and continue management" classname="Tests Suite" time="80.510973168"></testcase>
      <testcase name="[rfe_id:273][crit:high][arm64][vendor:cnv-qe@redhat.com][level:component][sig-compute]VMIlifecycle [rfe_id:273][crit:high][vendor:cnv-qe@redhat.com][level:component]Creating a VirtualMachineInstance [Serial]when virt-handler is responsive [test_id:1633]should indicate that a node is ready for vmis" classname="Tests Suite" time="52.57183999"></testcase>
      <testcase name="[rfe_id:273][crit:high][arm64][vendor:cnv-qe@redhat.com][level:component][sig-compute]VMIlifecycle [rfe_id:273][crit:high][vendor:cnv-qe@redhat.com][level:component]Creating a VirtualMachineInstance [Serial]when virt-handler is responsive [test_id:3198]device plugins should re-register if the kubelet restarts" classname="Tests Suite" time="37.223790318"></testcase>
      <testcase name="[rfe_id:273][crit:high][arm64][vendor:cnv-qe@redhat.com][level:component][sig-compute]VMIlifecycle [rfe_id:273][crit:high][vendor:cnv-qe@redhat.com][level:component]Creating a VirtualMachineInstance [Serial]when virt-handler is not responsive [test_id:1634]the node controller should mark the node as unschedulable when the virt-handler heartbeat has timedout" classname="Tests Suite" time="94.272394412"></testcase>
      <testcase name="[rfe_id:273][crit:high][arm64][vendor:cnv-qe@redhat.com][level:component][sig-compute]VMIlifecycle [rfe_id:273][crit:high][vendor:cnv-qe@redhat.com][level:component]Creating a VirtualMachineInstance [Serial]with node tainted [test_id:1635]the vmi with tolerations should be scheduled" classname="Tests Suite" time="16.064467517"></testcase>
      <testcase name="[rfe_id:273][crit:high][arm64][vendor:cnv-qe@redhat.com][level:component][sig-compute]VMIlifecycle [rfe_id:273][crit:high][vendor:cnv-qe@redhat.com][level:component]Creating a VirtualMachineInstance [Serial]with node tainted [test_id:1636]the vmi without tolerations should not be scheduled" classname="Tests Suite" time="6.971744997"></testcase>
      <testcase name="[rfe_id:273][crit:high][arm64][vendor:cnv-qe@redhat.com][level:component][sig-compute]VMIlifecycle [rfe_id:273][crit:high][vendor:cnv-qe@redhat.com][level:component]Creating a VirtualMachineInstance with affinity [test_id:1637]the vmi with node affinity and no conflicts should be scheduled" classname="Tests Suite" time="0">
          <skipped></skipped>
      </testcase>
      <testcase name="[rfe_id:273][crit:high][arm64][vendor:cnv-qe@redhat.com][level:component][sig-compute]VMIlifecycle [rfe_id:273][crit:high][vendor:cnv-qe@redhat.com][level:component]Creating a VirtualMachineInstance with affinity [test_id:1638]the vmi with node affinity and anti-pod affinity should not be scheduled" classname="Tests Suite" time="0">
          <skipped></skipped>
      </testcase>
      <testcase name="[rfe_id:273][crit:high][arm64][vendor:cnv-qe@redhat.com][level:component][sig-compute]VMIlifecycle [rfe_id:273][crit:high][vendor:cnv-qe@redhat.com][level:component]Creating a VirtualMachineInstance [Serial]with default cpu model [test_id:3199]should set default cpu model when vmi doesn&#39;t have it set" classname="Tests Suite" time="18.557215537"></testcase>
      <testcase name="[rfe_id:273][crit:high][arm64][vendor:cnv-qe@redhat.com][level:component][sig-compute]VMIlifecycle [rfe_id:273][crit:high][vendor:cnv-qe@redhat.com][level:component]Creating a VirtualMachineInstance [Serial]with default cpu model [test_id:3200]should not set default cpu model when vmi has it set" classname="Tests Suite" time="18.351197872"></testcase>
      <testcase name="[rfe_id:273][crit:high][arm64][vendor:cnv-qe@redhat.com][level:component][sig-compute]VMIlifecycle [rfe_id:273][crit:high][vendor:cnv-qe@redhat.com][level:component]Creating a VirtualMachineInstance [Serial]with default cpu model [sig-compute][test_id:3201]should set cpu model to default when vmi does not have it set and default cpu model is not set" classname="Tests Suite" time="15.946302777"></testcase>
      <testcase name="[rfe_id:273][crit:high][arm64][vendor:cnv-qe@redhat.com][level:component][sig-compute]VMIlifecycle [rfe_id:273][crit:high][vendor:cnv-qe@redhat.com][level:component]Creating a VirtualMachineInstance [Serial]with node feature discovery [test_id:1639]the vmi with cpu.model matching a nfd label on a node should be scheduled" classname="Tests Suite" time="16.77788331"></testcase>
      <testcase name="[rfe_id:273][crit:high][arm64][vendor:cnv-qe@redhat.com][level:component][sig-compute]VMIlifecycle [rfe_id:273][crit:high][vendor:cnv-qe@redhat.com][level:component]Creating a VirtualMachineInstance [Serial]with node feature discovery the vmi with HyperV feature matching a nfd label on a node should be scheduled" classname="Tests Suite" time="196.340552771"></testcase>
      <testcase name="[rfe_id:273][crit:high][arm64][vendor:cnv-qe@redhat.com][level:component][sig-compute]VMIlifecycle [rfe_id:273][crit:high][vendor:cnv-qe@redhat.com][level:component]Creating a VirtualMachineInstance [Serial]with node feature discovery the vmi with EVMCS HyperV feature should have correct hyperv and cpu features auto filled" classname="Tests Suite" time="12.75407883"></testcase>
      <testcase name="[rfe_id:273][crit:high][arm64][vendor:cnv-qe@redhat.com][level:component][sig-compute]VMIlifecycle [rfe_id:273][crit:high][vendor:cnv-qe@redhat.com][level:component]Creating a VirtualMachineInstance [Serial]with node feature discovery [test_id:1640]the vmi with cpu.model that cannot match an nfd label on node should not be scheduled" classname="Tests Suite" time="7.905349044"></testcase>
      <testcase name="[rfe_id:273][crit:high][arm64][vendor:cnv-qe@redhat.com][level:component][sig-compute]VMIlifecycle [rfe_id:273][crit:high][vendor:cnv-qe@redhat.com][level:component]Creating a VirtualMachineInstance [Serial]with node feature discovery [test_id:3202]the vmi with cpu.features matching nfd labels on a node should be scheduled" classname="Tests Suite" time="17.086851825"></testcase>
      <testcase name="[rfe_id:273][crit:high][arm64][vendor:cnv-qe@redhat.com][level:component][sig-compute]VMIlifecycle [rfe_id:273][crit:high][vendor:cnv-qe@redhat.com][level:component]Creating a VirtualMachineInstance [Serial]with node feature discovery [test_id:3203]the vmi with cpu.features that cannot match nfd labels on a node should not be scheduled" classname="Tests Suite" time="6.968011186"></testcase>
      <testcase name="[rfe_id:273][crit:high][arm64][vendor:cnv-qe@redhat.com][level:component][sig-compute]VMIlifecycle [rfe_id:273][crit:high][vendor:cnv-qe@redhat.com][level:component]Creating a VirtualMachineInstance [Serial]with node feature discovery [test_id:3204]the vmi with cpu.feature policy &#39;forbid&#39; should not be scheduled on a node with that cpu feature label" classname="Tests Suite" time="7.546790301"></testcase>
      <testcase name="[rfe_id:273][crit:high][arm64][vendor:cnv-qe@redhat.com][level:component][sig-compute]VMIlifecycle [rfe_id:273][crit:high][vendor:cnv-qe@redhat.com][level:component]Creating a VirtualMachineInstance with non default namespace [rfe_id:273][crit:high][vendor:cnv-qe@redhat.com][level:component]should log libvirt start and stop lifecycle events of the domain [test_id:1641]kubevirt-test-default" classname="Tests Suite" time="0">
          <skipped></skipped>
      </testcase>
      <testcase name="[rfe_id:273][crit:high][arm64][vendor:cnv-qe@redhat.com][level:component][sig-compute]VMIlifecycle [rfe_id:273][crit:high][vendor:cnv-qe@redhat.com][level:component]Creating a VirtualMachineInstance with non default namespace [rfe_id:273][crit:high][vendor:cnv-qe@redhat.com][level:component]should log libvirt start and stop lifecycle events of the domain [test_id:1642]kubevirt-test-alternative" classname="Tests Suite" time="0">
          <skipped></skipped>
      </testcase>
      <testcase name="[rfe_id:273][crit:high][arm64][vendor:cnv-qe@redhat.com][level:component][sig-compute]VMIlifecycle [rfe_id:273][crit:high][vendor:cnv-qe@redhat.com][level:component]Creating a VirtualMachineInstance VirtualMachineInstance Emulation Mode [test_id:1643]should enable emulation in virt-launcher" classname="Tests Suite" time="0">
          <skipped></skipped>
      </testcase>
      <testcase name="[rfe_id:273][crit:high][arm64][vendor:cnv-qe@redhat.com][level:component][sig-compute]VMIlifecycle [rfe_id:273][crit:high][vendor:cnv-qe@redhat.com][level:component]Creating a VirtualMachineInstance VirtualMachineInstance Emulation Mode [test_id:1644]should be reflected in domain XML" classname="Tests Suite" time="0">
          <skipped></skipped>
      </testcase>
      <testcase name="[rfe_id:273][crit:high][arm64][vendor:cnv-qe@redhat.com][level:component][sig-compute]VMIlifecycle [rfe_id:273][crit:high][vendor:cnv-qe@redhat.com][level:component]Creating a VirtualMachineInstance VirtualMachineInstance Emulation Mode [test_id:1645]should request a TUN device but not KVM" classname="Tests Suite" time="0">
          <skipped></skipped>
      </testcase>
      <testcase name="[rfe_id:273][crit:high][arm64][vendor:cnv-qe@redhat.com][level:component][sig-compute]VMIlifecycle [rfe_id:273][crit:high][vendor:cnv-qe@redhat.com][level:component]Creating a VirtualMachineInstance VM Accelerated Mode [test_id:1646]should request a KVM and TUN device" classname="Tests Suite" time="0">
          <skipped></skipped>
      </testcase>
      <testcase name="[rfe_id:273][crit:high][arm64][vendor:cnv-qe@redhat.com][level:component][sig-compute]VMIlifecycle [rfe_id:273][crit:high][vendor:cnv-qe@redhat.com][level:component]Creating a VirtualMachineInstance VM Accelerated Mode [test_id:1647]should not enable emulation in virt-launcher" classname="Tests Suite" time="0">
          <skipped></skipped>
      </testcase>
      <testcase name="[rfe_id:273][crit:high][arm64][vendor:cnv-qe@redhat.com][level:component][sig-compute]VMIlifecycle [rfe_id:273][crit:high][vendor:cnv-qe@redhat.com][level:component]Creating a VirtualMachineInstance VM Accelerated Mode [test_id:1648]Should provide KVM via plugin framework" classname="Tests Suite" time="0">
          <skipped></skipped>
      </testcase>
      <testcase name="[rfe_id:273][crit:high][arm64][vendor:cnv-qe@redhat.com][level:component][sig-compute]VMIlifecycle [rfe_id:273][crit:high][vendor:cnv-qe@redhat.com][level:component]Get a VirtualMachineInstance when that not exist [test_id:1649]should return 404" classname="Tests Suite" time="0">
          <skipped></skipped>
      </testcase>
      <testcase name="[rfe_id:273][crit:high][arm64][vendor:cnv-qe@redhat.com][level:component][sig-compute]VMIlifecycle [rfe_id:273][crit:high][vendor:cnv-qe@redhat.com][level:component]Delete a VirtualMachineInstance&#39;s Pod [test_id:1650]should result in the VirtualMachineInstance moving to a finalized state" classname="Tests Suite" time="0">
          <skipped></skipped>
      </testcase>
      <testcase name="[rfe_id:273][crit:high][arm64][vendor:cnv-qe@redhat.com][level:component][sig-compute]VMIlifecycle [rfe_id:273][crit:high][vendor:cnv-qe@redhat.com][level:component]Delete a VirtualMachineInstance with an active pod. [test_id:1651]should result in pod being terminated" classname="Tests Suite" time="0">
          <skipped></skipped>
      </testcase>
      <testcase name="[rfe_id:273][crit:high][arm64][vendor:cnv-qe@redhat.com][level:component][sig-compute]VMIlifecycle [rfe_id:273][crit:high][vendor:cnv-qe@redhat.com][level:component]Delete a VirtualMachineInstance with ACPI and some grace period seconds [rfe_id:273][crit:medium][vendor:cnv-qe@redhat.com][level:component]should result in vmi status succeeded [test_id:1653]with set grace period seconds" classname="Tests Suite" time="0">
          <skipped></skipped>
      </testcase>
      <testcase name="[rfe_id:273][crit:high][arm64][vendor:cnv-qe@redhat.com][level:component][sig-compute]VMIlifecycle [rfe_id:273][crit:high][vendor:cnv-qe@redhat.com][level:component]Delete a VirtualMachineInstance with ACPI and some grace period seconds [rfe_id:273][crit:medium][vendor:cnv-qe@redhat.com][level:component]should result in vmi status succeeded [test_id:1654]with default grace period seconds" classname="Tests Suite" time="0">
          <skipped></skipped>
      </testcase>
      <testcase name="[rfe_id:273][crit:high][arm64][vendor:cnv-qe@redhat.com][level:component][sig-compute]VMIlifecycle [rfe_id:273][crit:high][vendor:cnv-qe@redhat.com][level:component]Delete a VirtualMachineInstance with grace period greater than 0 [test_id:1655]should run graceful shutdown" classname="Tests Suite" time="0">
          <skipped></skipped>
      </testcase>
      <testcase name="[rfe_id:273][crit:high][arm64][vendor:cnv-qe@redhat.com][level:component][sig-compute]VMIlifecycle [Serial][rfe_id:273][crit:high][vendor:cnv-qe@redhat.com][level:component]Killed VirtualMachineInstance [test_id:1656]should be in Failed phase" classname="Tests Suite" time="27.824801692"></testcase>
      <testcase name="[rfe_id:273][crit:high][arm64][vendor:cnv-qe@redhat.com][level:component][sig-compute]VMIlifecycle [Serial][rfe_id:273][crit:high][vendor:cnv-qe@redhat.com][level:component]Killed VirtualMachineInstance [test_id:1657]should be left alone by virt-handler" classname="Tests Suite" time="28.849478315"></testcase>
      <testcase name="[sig-compute]IOThreads IOThreads Policies [test_id:4122]Should honor shared ioThreadsPolicy for single disk" classname="Tests Suite" time="0">
          <skipped></skipped>
      </testcase>
      <testcase name="[sig-compute]IOThreads IOThreads Policies [test_id:864][ref_id:2065] Should honor a mix of shared and dedicated ioThreadsPolicy" classname="Tests Suite" time="0">
          <skipped></skipped>
      </testcase>
      <testcase name="[sig-compute]IOThreads IOThreads Policies [ref_id:2065] should honor auto ioThreadPolicy [test_id:3097]for one CPU" classname="Tests Suite" time="0">
          <skipped></skipped>
      </testcase>
      <testcase name="[sig-compute]IOThreads IOThreads Policies [ref_id:2065] should honor auto ioThreadPolicy [test_id:856] for two CPUs" classname="Tests Suite" time="0">
          <skipped></skipped>
      </testcase>
      <testcase name="[sig-compute]IOThreads IOThreads Policies [ref_id:2065] should honor auto ioThreadPolicy [test_id:3095] for three CPUs" classname="Tests Suite" time="0">
          <skipped></skipped>
      </testcase>
      <testcase name="[sig-compute]IOThreads IOThreads Policies [ref_id:2065] should honor auto ioThreadPolicy [test_id:3096]for four CPUs" classname="Tests Suite" time="0">
          <skipped></skipped>
      </testcase>
      <testcase name="[sig-compute]IOThreads IOThreads Policies [test_id:4025]Should place io and emulator threads on the same pcpu with auto ioThreadsPolicy" classname="Tests Suite" time="0">
          <skipped></skipped>
      </testcase>
      <testcase name="[crit:medium][vendor:cnv-qe@redhat.com][level:component][sig-compute]Flavor Flavor validation [test_id:TODO] should allow valid flavor" classname="Tests Suite" time="0">
          <skipped></skipped>
      </testcase>
      <testcase name="[crit:medium][vendor:cnv-qe@redhat.com][level:component][sig-compute]Flavor Flavor validation [test_id:TODO] should fail flavor with no profiles" classname="Tests Suite" time="0">
          <skipped></skipped>
      </testcase>
      <testcase name="[crit:medium][vendor:cnv-qe@redhat.com][level:component][sig-compute]Flavor Flavor validation [test_id:TODO] should fail flavor with multiple default profiles" classname="Tests Suite" time="0">
          <skipped></skipped>
      </testcase>
      <testcase name="[crit:medium][vendor:cnv-qe@redhat.com][level:component][sig-compute]Flavor VM with invalid FlavorMatcher [test_id:TODO] should fail to create VM with non-existing cluster flavor" classname="Tests Suite" time="0">
          <skipped></skipped>
      </testcase>
      <testcase name="[crit:medium][vendor:cnv-qe@redhat.com][level:component][sig-compute]Flavor VM with invalid FlavorMatcher [test_id:TODO] should fail to create VM with non-existing namespaced flavor" classname="Tests Suite" time="0">
          <skipped></skipped>
      </testcase>
      <testcase name="[crit:medium][vendor:cnv-qe@redhat.com][level:component][sig-compute]Flavor VM with invalid FlavorMatcher [test_id:TODO] should fail to create VM with non-existing default flavor profile" classname="Tests Suite" time="0">
          <skipped></skipped>
      </testcase>
      <testcase name="[crit:medium][vendor:cnv-qe@redhat.com][level:component][sig-compute]Flavor VM with invalid FlavorMatcher [test_id:TODO] should fail to create VM with non-existing custom flavor profile" classname="Tests Suite" time="0">
          <skipped></skipped>
      </testcase>
      <testcase name="[crit:medium][vendor:cnv-qe@redhat.com][level:component][sig-compute]Flavor Flavor application CPU [test_id:TODO] should apply flavor to CPU" classname="Tests Suite" time="0">
          <skipped></skipped>
      </testcase>
      <testcase name="[crit:medium][vendor:cnv-qe@redhat.com][level:component][sig-compute]Flavor Flavor application CPU [test_id:TODO] should fail if flavor and VMI define CPU" classname="Tests Suite" time="0">
          <skipped></skipped>
      </testcase>
      <testcase name="[sig-storage] [rfe_id:6364][[Serial]Guestfs Run libguestfs on PVCs Should successfully run libguestfs-test-tool" classname="Tests Suite" time="0">
          <skipped></skipped>
      </testcase>
      <testcase name="[sig-storage] [rfe_id:6364][[Serial]Guestfs Run libguestfs on PVCs [posneg:positive][test_id:6480]Should successfully run guestfs command on a filesystem-based PVC" classname="Tests Suite" time="0">
          <skipped></skipped>
      </testcase>
      <testcase name="[sig-storage] [rfe_id:6364][[Serial]Guestfs Run libguestfs on PVCs [posneg:negative][test_id:6480]Should fail to run the guestfs command on a PVC in use" classname="Tests Suite" time="0">
          <skipped></skipped>
      </testcase>
      <testcase name="[sig-storage] [rfe_id:6364][[Serial]Guestfs Run libguestfs on PVCs [posneg:positive][test_id:6479]Should successfully run guestfs command on a block-based PVC" classname="Tests Suite" time="0">
          <skipped></skipped>
      </testcase>
      <testcase name="[Serial][rfe_id:899][crit:medium][vendor:cnv-qe@redhat.com][level:component][sig-compute]Config With a ConfigMap defined With a single volume [test_id:782]Should be the fs layout the same for a pod and vmi" classname="Tests Suite" time="22.48285784"></testcase>
      <testcase name="[Serial][rfe_id:899][crit:medium][vendor:cnv-qe@redhat.com][level:component][sig-compute]Config With a ConfigMap defined With multiple volumes [test_id:783]Should start VMI with multiple ConfigMaps" classname="Tests Suite" time="15.113484688"></testcase>
      <testcase name="[Serial][rfe_id:899][crit:medium][vendor:cnv-qe@redhat.com][level:component][sig-compute]Config With a Secret defined With a single volume [test_id:779]Should be the fs layout the same for a pod and vmi" classname="Tests Suite" time="35.875318374"></testcase>
      <testcase name="[Serial][rfe_id:899][crit:medium][vendor:cnv-qe@redhat.com][level:component][sig-compute]Config With a Secret defined With multiple volumes [test_id:780]Should start VMI with multiple Secrets" classname="Tests Suite" time="0">
          <skipped></skipped>
      </testcase>
      <testcase name="[Serial][rfe_id:899][crit:medium][vendor:cnv-qe@redhat.com][level:component][sig-compute]Config With a ServiceAccount defined [test_id:998]Should be the namespace and token the same for a pod and vmi" classname="Tests Suite" time="30.992480621"></testcase>
      <testcase name="[Serial][rfe_id:899][crit:medium][vendor:cnv-qe@redhat.com][level:component][sig-compute]Config With a Secret and a ConfigMap defined With a single volume [test_id:786]Should be that cfgMap and secret fs layout same for the pod and vmi" classname="Tests Suite" time="44.157746132"></testcase>
      <testcase name="[Serial][rfe_id:899][crit:medium][vendor:cnv-qe@redhat.com][level:component][sig-compute]Config With SSH Keys as a Secret defined With a single volume [test_id:778]Should be the fs layout the same for a pod and vmi" classname="Tests Suite" time="39.613652154"></testcase>
      <testcase name="[Serial][rfe_id:899][crit:medium][vendor:cnv-qe@redhat.com][level:component][sig-compute]Config With a DownwardAPI defined [test_id:790]Should be the namespace and token the same for a pod and vmi" classname="Tests Suite" time="17.771978344"></testcase>
      <testcase name="[sig-network] [Serial] Istio Virtual Machine with masquerade interface Live Migration All containers should complete in source virt-launcher pod after migration" classname="Tests Suite" time="0">
          <skipped></skipped>
      </testcase>
      <testcase name="[sig-network] [Serial] Istio Virtual Machine with masquerade interface SSH traffic With VMI having explicit ports specified should ssh to VMI with Istio proxy" classname="Tests Suite" time="0">
          <skipped></skipped>
      </testcase>
      <testcase name="[sig-network] [Serial] Istio Virtual Machine with masquerade interface SSH traffic With VMI having no explicit ports specified should ssh to VMI with Istio proxy" classname="Tests Suite" time="0">
          <skipped></skipped>
      </testcase>
      <testcase name="[sig-network] [Serial] Istio Virtual Machine with masquerade interface Inbound traffic With VMI having explicit ports specified request to VMI should reach HTTP server on service declared port on VMI with explicit ports" classname="Tests Suite" time="0">
          <skipped></skipped>
      </testcase>
      <testcase name="[sig-network] [Serial] Istio Virtual Machine with masquerade interface Inbound traffic With VMI having explicit ports specified request to VMI should reach HTTP server on service undeclared port on VMI with explicit ports" classname="Tests Suite" time="0">
          <skipped></skipped>
      </testcase>
      <testcase name="[sig-network] [Serial] Istio Virtual Machine with masquerade interface Inbound traffic With VMI having no explicit ports specified request to VMI should reach HTTP server on service declared port on VMI with no explicit ports" classname="Tests Suite" time="0">
          <skipped></skipped>
      </testcase>
      <testcase name="[sig-network] [Serial] Istio Virtual Machine with masquerade interface Inbound traffic With VMI having no explicit ports specified request to VMI should reach HTTP server on service undeclared port on VMI with no explicit ports" classname="Tests Suite" time="0">
          <skipped></skipped>
      </testcase>
      <testcase name="[sig-network] [Serial] Istio Virtual Machine with masquerade interface Inbound traffic With VMI having no explicit ports specified Should not be able to reach service running on Istio restricted port" classname="Tests Suite" time="0">
          <skipped></skipped>
      </testcase>
      <testcase name="[sig-network] [Serial] Istio Virtual Machine with masquerade interface Inbound traffic With PeerAuthentication enforcing mTLS With VMI having explicit ports specified client outside mesh should NOT reach VMI HTTP server on service declared port on VMI with explicit ports" classname="Tests Suite" time="0">
          <skipped></skipped>
      </testcase>
      <testcase name="[sig-network] [Serial] Istio Virtual Machine with masquerade interface Inbound traffic With PeerAuthentication enforcing mTLS With VMI having explicit ports specified client outside mesh should NOT reach VMI HTTP server on service undeclared port on VMI with explicit ports" classname="Tests Suite" time="0">
          <skipped></skipped>
      </testcase>
      <testcase name="[sig-network] [Serial] Istio Virtual Machine with masquerade interface Inbound traffic With PeerAuthentication enforcing mTLS With VMI having no explicit ports specified client outside mesh should NOT reach VMI HTTP server on service declared port on VMI with no explicit ports" classname="Tests Suite" time="0">
          <skipped></skipped>
      </testcase>
      <testcase name="[sig-network] [Serial] Istio Virtual Machine with masquerade interface Inbound traffic With PeerAuthentication enforcing mTLS With VMI having no explicit ports specified client outside mesh should NOT reach VMI HTTP server on service undeclared port on VMI with no explicit ports" classname="Tests Suite" time="0">
          <skipped></skipped>
      </testcase>
      <testcase name="[sig-network] [Serial] Istio Virtual Machine with masquerade interface Outbound traffic VMI with explicit ports Should be able to reach http server outside of mesh" classname="Tests Suite" time="0">
          <skipped></skipped>
      </testcase>
      <testcase name="[sig-network] [Serial] Istio Virtual Machine with masquerade interface Outbound traffic VMI with no explicit ports Should be able to reach http server outside of mesh" classname="Tests Suite" time="0">
          <skipped></skipped>
      </testcase>
      <testcase name="[sig-network] [Serial] Istio Virtual Machine with masquerade interface Outbound traffic With Sidecar allowing only registered external services VMI with explicit ports Should not be able to reach http service outside of mesh" classname="Tests Suite" time="0">
          <skipped></skipped>
      </testcase>
      <testcase name="[sig-network] [Serial] Istio Virtual Machine with masquerade interface Outbound traffic With Sidecar allowing only registered external services VMI with no explicit ports Should not be able to reach http service outside of mesh" classname="Tests Suite" time="0">
          <skipped></skipped>
      </testcase>
      <testcase name="Ensure stable functionality by repeately starting vmis many times without issues" classname="Tests Suite" time="0">
          <skipped></skipped>
      </testcase>
      <testcase name="[sig-compute]Health Monitoring A VirtualMachineInstance with a watchdog device [test_id:4641]should be shut down when the watchdog expires" classname="Tests Suite" time="0">
          <skipped></skipped>
      </testcase>
      <testcase name="[crit:medium][vendor:cnv-qe@redhat.com][level:component][sig-compute]Soft reboot Soft reboot VMI when soft reboot vmi with agent connected via API should succeed" classname="Tests Suite" time="0">
          <skipped></skipped>
      </testcase>
      <testcase name="[crit:medium][vendor:cnv-qe@redhat.com][level:component][sig-compute]Soft reboot Soft reboot VMI when soft reboot vmi with ACPI feature enabled via API should succeed" classname="Tests Suite" time="0">
          <skipped></skipped>
      </testcase>
      <testcase name="[crit:medium][vendor:cnv-qe@redhat.com][level:component][sig-compute]Soft reboot Soft reboot VMI when soft reboot vmi with agent connected via virtctl should succeed" classname="Tests Suite" time="0">
          <skipped></skipped>
      </testcase>
      <testcase name="[crit:medium][vendor:cnv-qe@redhat.com][level:component][sig-compute]Soft reboot Soft reboot VMI when soft reboot vmi with ACPI feature enabled via virtctl should succeed" classname="Tests Suite" time="0">
          <skipped></skipped>
      </testcase>
      <testcase name="[crit:medium][vendor:cnv-qe@redhat.com][level:component][sig-compute]Soft reboot Soft reboot VMI when soft reboot vmi neither have the agent connected nor the ACPI feature enabled via virtctl should failed" classname="Tests Suite" time="0">
          <skipped></skipped>
      </testcase>
      <testcase name="[crit:medium][vendor:cnv-qe@redhat.com][level:component][sig-compute]Soft reboot Soft reboot VMI when soft reboot vmi after paused and unpaused via virtctl should failed to soft reboot a paused vmi" classname="Tests Suite" time="0">
          <skipped></skipped>
      </testcase>
  </testsuite>